name;position;rotation;scale
UIElements;(606.5, 278.0, 0.0);(0.0, 0.0, 0.0);(1.0, 1.0, 1.0)
CanvasVR;(-10.0, -0.7, 5.0);(0.0, 0.0, 0.0);(1.0, 1.0, 1.0)
PPTtoUnity;(0.0, 0.0, 0.0);(0.0, 0.0, 0.0);(1.0, 1.0, 1.0)
Bein3;(-5.0, -0.3, -0.5);(0.0, 0.0, 0.0);(0.1, 0.8, 0.1)
Directional Light;(0.0, 3.0, 0.0);(50.0, 330.0, 0.0);(1.0, 1.0, 1.0)
Text;(606.5, 251.5, 0.0);(0.0, 0.0, 0.0);(1.0, 1.0, 1.0)
Tischplatte;(-5.8, 0.1, -0.7);(0.0, 0.0, 0.0);(1.6, 0.0, 0.5)
wall_N;(-5.1, 0.7, 5.1);(90.0, 0.0, 0.0);(8.0, 0.1, 2.8)
InputField;(606.5, 252.0, 0.0);(0.0, 0.0, 0.0);(1.0, 1.0, 1.0)
CameraPC;(-5.8, 0.8, -1.5);(37.7, 0.0, 0.0);(1.0, 1.0, 1.0)
outside;(-4.7, 0.1, -0.7);(0.0, 0.0, 0.0);(0.5, 0.0, 2.0)
wall_E;(-1.2, 0.7, -0.8);(0.0, 0.0, 90.0);(2.8, 0.1, 12.0)
Placeholder;(606.5, 251.5, 0.0);(0.0, 0.0, 0.0);(1.0, 1.0, 1.0)
wall_W;(-9.0, 0.7, -0.8);(0.0, 0.0, 90.0);(2.8, 0.1, 12.0)
Bein2;(-6.5, -0.3, -0.9);(0.0, 0.0, 0.0);(0.1, 0.8, 0.1)
Hits;(1056.5, 553.2, 0.0);(0.0, 0.0, 0.0);(1.0, 1.0, 1.0)
Bein4;(-5.0, -0.3, -0.9);(0.0, 0.0, 0.0);(0.1, 0.8, 0.1)
Room;(-5.1, 0.4, -0.8);(0.0, 0.0, 0.0);(1.0, 1.0, 1.0)
Animals;(-5.8, 0.2, -0.7);(0.0, 0.0, 0.0);(1.0, 1.0, 1.0)
Floor;(-5.1, -0.7, -0.8);(0.0, 0.0, 0.0);(8.0, 0.1, 12.0)
outside;(-5.8, 0.1, -1.3);(0.0, 0.0, 0.0);(2.0, 0.0, 0.5)
EventSystem;(0.0, 0.0, 0.0);(0.0, 0.0, 0.0);(1.0, 1.0, 1.0)
Pivot;(-5.8, 0.4, -1.0);(0.0, 90.0, 90.0);(0.1, 0.1, 0.1)
bounds;(-5.8, 0.3, -0.7);(0.0, 0.0, 0.0);(1.6, 0.4, 0.5)
outside;(-6.9, 0.1, -0.7);(0.0, 0.0, 0.0);(0.5, 0.0, 2.0)
Points;(1056.5, 556.0, 0.0);(0.0, 0.0, 0.0);(1.0, 1.0, 1.0)
ViewManager;(0.0, 0.0, 0.0);(0.0, 0.0, 0.0);(1.0, 1.0, 1.0)
Setup;(-6.6, -0.9, 5.2);(0.0, 0.0, 0.0);(1.0, 1.0, 1.0)
outside;(-5.8, 0.1, -0.1);(0.0, 0.0, 0.0);(2.0, 0.0, 0.5)
Area Light;(-5.1, 1.9, -1.0);(56.3, 0.0, 0.0);(1.0, 1.0, 1.0)
Panel;(1056.5, 556.0, 0.0);(0.0, 0.0, 0.0);(1.0, 1.0, 1.0)
Tisch;(-5.8, 0.1, -0.7);(0.0, 0.0, 0.0);(1.0, 1.0, 1.0)
HammerContainerPC;(-6.0, 0.5, -2.3);(0.0, 74.1, 90.0);(1.0, 1.0, 1.0)
InputPanel;(606.5, 252.0, 0.0);(0.0, 0.0, 0.0);(1.0, 1.0, 1.0)
wall_S;(-5.1, 0.7, -6.7);(90.0, 0.0, 0.0);(8.0, 0.1, 2.8)
Collider;(-5.8, 0.1, -0.7);(0.0, 0.0, 0.0);(1.0, 1.0, 1.0)
GameManager;(-5.8, 0.5, -0.8);(0.0, 0.0, 0.0);(1.0, 1.0, 1.0)
Canvas;(606.5, 278.0, 0.0);(0.0, 0.0, 0.0);(1.0, 1.0, 1.0)
Bein1;(-6.5, -0.3, -0.5);(0.0, 0.0, 0.0);(0.1, 0.8, 0.1)
PPTtoDummy;(0.0, 0.0, 0.0);(0.0, 0.0, 0.0);(1.0, 1.0, 1.0)
SensorOffset;(0.0, 0.0, 0.0);(0.0, 0.0, 0.0);(1.0, 1.0, 1.0)
--------------------------------------------------------------------------------
Participant:132
Group:PC
End Time:6/17/2016 12:20:32 PM
--------------------------------------------------------------------------------
Condition:INIT
Start Time:6/17/2016 12:20:32 PM
Trials:2
ResetHitCounter;6/17/2016 12:20:32 PM;100;0
ResetHammer;6/17/2016 12:20:32 PM;(-5.8, 0.5, -1.0)
name;position;rotation;scale
UIElements;(606.5, 278.0, 0.0);(0.0, 0.0, 0.0);(1.0, 1.0, 1.0)
CanvasVR;(-10.0, -0.7, 5.0);(0.0, 0.0, 0.0);(1.0, 1.0, 1.0)
PPTtoUnity;(0.0, 0.0, 0.0);(0.0, 0.0, 0.0);(1.0, 1.0, 1.0)
Bein3;(-5.0, -0.3, -0.5);(0.0, 0.0, 0.0);(0.1, 0.8, 0.1)
Directional Light;(0.0, 3.0, 0.0);(50.0, 330.0, 0.0);(1.0, 1.0, 1.0)
Text;(606.5, 251.5, 0.0);(0.0, 0.0, 0.0);(1.0, 1.0, 1.0)
Tischplatte;(-5.8, 0.1, -0.7);(0.0, 0.0, 0.0);(1.6, 0.0, 0.5)
wall_N;(-5.1, 0.7, 5.1);(90.0, 0.0, 0.0);(8.0, 0.1, 2.8)
InputField;(606.5, 252.0, 0.0);(0.0, 0.0, 0.0);(1.0, 1.0, 1.0)
CameraPC;(-5.8, 0.8, -1.5);(37.7, 0.0, 0.0);(1.0, 1.0, 1.0)
outside;(-4.7, 0.1, -0.7);(0.0, 0.0, 0.0);(0.5, 0.0, 2.0)
wall_E;(-1.2, 0.7, -0.8);(0.0, 0.0, 90.0);(2.8, 0.1, 12.0)
Placeholder;(606.5, 251.5, 0.0);(0.0, 0.0, 0.0);(1.0, 1.0, 1.0)
wall_W;(-9.0, 0.7, -0.8);(0.0, 0.0, 90.0);(2.8, 0.1, 12.0)
Bein2;(-6.5, -0.3, -0.9);(0.0, 0.0, 0.0);(0.1, 0.8, 0.1)
Hits;(1056.5, 553.2, 0.0);(0.0, 0.0, 0.0);(1.0, 1.0, 1.0)
Bein4;(-5.0, -0.3, -0.9);(0.0, 0.0, 0.0);(0.1, 0.8, 0.1)
Room;(-5.1, 0.4, -0.8);(0.0, 0.0, 0.0);(1.0, 1.0, 1.0)
Animals;(-5.8, 0.2, -0.7);(0.0, 0.0, 0.0);(1.0, 1.0, 1.0)
Floor;(-5.1, -0.7, -0.8);(0.0, 0.0, 0.0);(8.0, 0.1, 12.0)
outside;(-5.8, 0.1, -1.3);(0.0, 0.0, 0.0);(2.0, 0.0, 0.5)
EventSystem;(0.0, 0.0, 0.0);(0.0, 0.0, 0.0);(1.0, 1.0, 1.0)
Pivot;(-5.8, 0.4, -1.0);(0.0, 90.0, 90.0);(0.1, 0.1, 0.1)
bounds;(-5.8, 0.3, -0.7);(0.0, 0.0, 0.0);(1.6, 0.4, 0.5)
outside;(-6.9, 0.1, -0.7);(0.0, 0.0, 0.0);(0.5, 0.0, 2.0)
Points;(1056.5, 556.0, 0.0);(0.0, 0.0, 0.0);(1.0, 1.0, 1.0)
ViewManager;(0.0, 0.0, 0.0);(0.0, 0.0, 0.0);(1.0, 1.0, 1.0)
Setup;(-6.6, -0.9, 5.2);(0.0, 0.0, 0.0);(1.0, 1.0, 1.0)
outside;(-5.8, 0.1, -0.1);(0.0, 0.0, 0.0);(2.0, 0.0, 0.5)
Area Light;(-5.1, 1.9, -1.0);(56.3, 0.0, 0.0);(1.0, 1.0, 1.0)
Panel;(1056.5, 556.0, 0.0);(0.0, 0.0, 0.0);(1.0, 1.0, 1.0)
Tisch;(-5.8, 0.1, -0.7);(0.0, 0.0, 0.0);(1.0, 1.0, 1.0)
HammerContainerPC;(-6.0, 0.5, -2.3);(0.0, 73.7, 90.0);(1.0, 1.0, 1.0)
InputPanel;(606.5, 252.0, 0.0);(0.0, 0.0, 0.0);(1.0, 1.0, 1.0)
wall_S;(-5.1, 0.7, -6.7);(90.0, 0.0, 0.0);(8.0, 0.1, 2.8)
Collider;(-5.8, 0.1, -0.7);(0.0, 0.0, 0.0);(1.0, 1.0, 1.0)
GameManager;(-5.8, 0.5, -0.8);(0.0, 0.0, 0.0);(1.0, 1.0, 1.0)
Canvas;(606.5, 278.0, 0.0);(0.0, 0.0, 0.0);(1.0, 1.0, 1.0)
Bein1;(-6.5, -0.3, -0.5);(0.0, 0.0, 0.0);(0.1, 0.8, 0.1)
PPTtoDummy;(0.0, 0.0, 0.0);(0.0, 0.0, 0.0);(1.0, 1.0, 1.0)
SensorOffset;(0.0, 0.0, 0.0);(0.0, 0.0, 0.0);(1.0, 1.0, 1.0)
--------------------------------------------------------------------------------
Participant:132
Group:PC
End Time:6/17/2016 12:20:54 PM
--------------------------------------------------------------------------------
Condition:INIT
Start Time:6/17/2016 12:20:54 PM
Trials:2
ResetHitCounter;6/17/2016 12:20:54 PM;100;0
ResetHammer;6/17/2016 12:20:54 PM;(-5.8, 0.5, -1.0)
name;position;rotation;scale
PPTtoUnity;(0.0, 0.0, 0.0);(0.0, 0.0, 0.0);(1.0, 1.0, 1.0)
Bein3;(-5.0, -0.3, -0.5);(0.0, 0.0, 0.0);(0.1, 0.8, 0.1)
VRPN;(0.2, -0.1, 0.2);(0.0, 0.0, 0.0);(1.0, 1.0, 1.0)
Directional Light;(0.0, 3.0, 0.0);(50.0, 330.0, 0.0);(1.0, 1.0, 1.0)
HammerContainerVR;(-5.6, 0.4, -0.8);(0.0, 0.0, 0.0);(1.0, 1.0, 1.0)
Text;(606.5, 328.5, 0.0);(0.0, 0.0, 0.0);(1.0, 1.0, 1.0)
Tischplatte;(-5.8, 0.1, -0.7);(0.0, 0.0, 0.0);(1.6, 0.0, 0.5)
wall_N;(-5.1, 0.7, 3.1);(90.0, 0.0, 0.0);(8.0, 0.1, 2.8)
InputField;(606.5, 329.0, 0.0);(0.0, 0.0, 0.0);(1.0, 1.0, 1.0)
UIElements;(-5.2, 1.0, 3.0);(0.0, 0.0, 0.0);(1.0, 1.0, 1.0)
outside;(-4.7, 0.1, -0.7);(0.0, 0.0, 0.0);(0.5, 0.0, 2.0)
wall_E;(-1.2, 0.7, -0.8);(0.0, 0.0, 90.0);(2.8, 0.1, 12.0)
Placeholder;(606.5, 328.5, 0.0);(0.0, 0.0, 0.0);(1.0, 1.0, 1.0)
wall_W;(-9.0, 0.7, -0.8);(0.0, 0.0, 90.0);(2.8, 0.1, 12.0)
Bein2;(-6.5, -0.3, -0.9);(0.0, 0.0, 0.0);(0.1, 0.8, 0.1)
Hits;(-5.2, 2.6, 3.0);(0.0, 0.0, 0.0);(1.0, 1.0, 1.0)
Bein4;(-5.0, -0.3, -0.9);(0.0, 0.0, 0.0);(0.1, 0.8, 0.1)
Room;(-5.1, 0.4, -0.8);(0.0, 0.0, 0.0);(1.0, 1.0, 1.0)
Animals;(-5.8, 0.2, -0.7);(0.0, 0.0, 0.0);(1.0, 1.0, 1.0)
Floor;(-5.1, -0.7, -0.8);(0.0, 0.0, 0.0);(8.0, 0.1, 12.0)
outside;(-5.8, 0.1, -1.3);(0.0, 0.0, 0.0);(2.0, 0.0, 0.5)
EventSystem;(0.0, 0.0, 0.0);(0.0, 0.0, 0.0);(1.0, 1.0, 1.0)
Pivot;(-5.8, 0.4, -1.0);(0.0, 90.0, 90.0);(0.1, 0.1, 0.1)
bounds;(-5.8, 0.3, -0.7);(0.0, 0.0, 0.0);(1.6, 0.4, 0.5)
outside;(-6.9, 0.1, -0.7);(0.0, 0.0, 0.0);(0.5, 0.0, 2.0)
Points;(-5.2, 2.0, 3.0);(0.0, 0.0, 0.0);(1.0, 1.0, 1.0)
ViewManager;(0.0, 0.0, 0.0);(0.0, 0.0, 0.0);(1.0, 1.0, 1.0)
Setup;(-6.6, -0.9, 5.2);(0.0, 0.0, 0.0);(1.0, 1.0, 1.0)
outside;(-5.8, 0.1, -0.1);(0.0, 0.0, 0.0);(2.0, 0.0, 0.5)
CanvasVR;(-8.3, -0.7, 3.0);(0.0, 0.0, 0.0);(0.0, 0.0, 0.0)
Area Light;(-5.1, 1.9, -1.0);(56.3, 0.0, 0.0);(1.0, 1.0, 1.0)
Panel;(-5.2, 2.6, 3.0);(0.0, 0.0, 0.0);(1.0, 1.0, 1.0)
Tisch;(-5.8, 0.1, -0.7);(0.0, 0.0, 0.0);(1.0, 1.0, 1.0)
InputPanel;(606.5, 329.0, 0.0);(0.0, 0.0, 0.0);(1.0, 1.0, 1.0)
CameraVR;(-5.9, 0.0, -0.3);(356.1, 349.7, 358.6);(1.0, 1.0, 1.0)
wall_S;(-5.1, 0.7, -6.7);(90.0, 0.0, 0.0);(8.0, 0.1, 2.8)
Collider;(-5.8, 0.1, -0.7);(0.0, 0.0, 0.0);(1.0, 1.0, 1.0)
GameManager;(-5.8, 0.5, -0.8);(0.0, 0.0, 0.0);(1.0, 1.0, 1.0)
Canvas;(606.5, 329.0, 0.0);(0.0, 0.0, 0.0);(1.0, 1.0, 1.0)
Bein1;(-6.5, -0.3, -0.5);(0.0, 0.0, 0.0);(0.1, 0.8, 0.1)
PPTtoDummy;(-5.6, 0.4, -0.8);(351.5, 85.0, 350.8);(1.0, 1.0, 1.0)
SensorOffset;(0.0, 0.0, 0.0);(0.0, 0.0, 0.0);(1.0, 1.0, 1.0)
--------------------------------------------------------------------------------
Participant:132
Group:VR
End Time:6/17/2016 6:00:51 PM
--------------------------------------------------------------------------------
Condition:INIT
Start Time:6/17/2016 6:00:51 PM
Trials:1
ResetHitCounter;6/17/2016 6:00:51 PM;100;0
ResetHammer;6/17/2016 6:00:51 PM;(0.0, 0.0, 0.0)
