name;position;rotation;scale
CanvasVRCamera;(-6.5, -0.1, 0.2);(1.1, 341.8, 15.4);(0.0, 0.0, 0.0)
PPTtoUnity;(0.0, 0.0, 0.0);(0.0, 0.0, 0.0);(1.0, 1.0, 1.0)
Bein3;(-5.0, -0.3, -0.5);(0.0, 0.0, 0.0);(0.1, 0.8, 0.1)
VRPN;(-0.4, 0.0, 0.0);(0.0, 0.0, 0.0);(1.0, 1.0, 1.0)
Directional Light;(0.0, 3.0, 0.0);(50.0, 330.0, 0.0);(1.0, 1.0, 1.0)
HammerContainerVR;(-6.2, 0.5, -0.9);(0.0, 0.0, 0.0);(1.0, 1.0, 1.0)
Text;(606.5, 236.5, 0.0);(0.0, 0.0, 0.0);(1.0, 1.0, 1.0)
Tischplatte;(-5.8, 0.1, -0.7);(0.0, 0.0, 0.0);(1.6, 0.0, 0.5)
wall_N;(-5.1, 0.7, 5.1);(90.0, 0.0, 0.0);(8.0, 0.1, 2.8)
InputField;(606.5, 237.0, 0.0);(0.0, 0.0, 0.0);(1.0, 1.0, 1.0)
UIElements;(-5.2, 0.5, 5.0);(0.0, 0.0, 0.0);(1.0, 1.0, 1.0)
outside;(-4.7, 0.1, -0.7);(0.0, 0.0, 0.0);(0.5, 0.0, 2.0)
wall_E;(-1.2, 0.7, -0.8);(0.0, 0.0, 90.0);(2.8, 0.1, 12.0)
Placeholder;(606.5, 236.5, 0.0);(0.0, 0.0, 0.0);(1.0, 1.0, 1.0)
wall_W;(-9.0, 0.7, -0.8);(0.0, 0.0, 90.0);(2.8, 0.1, 12.0)
Bein2;(-6.5, -0.3, -0.9);(0.0, 0.0, 0.0);(0.1, 0.8, 0.1)
Hits;(-2.8, 1.7, 5.0);(0.0, 0.0, 0.0);(1.0, 1.0, 1.0)
Bein4;(-5.0, -0.3, -0.9);(0.0, 0.0, 0.0);(0.1, 0.8, 0.1)
Room;(-5.1, 0.4, -0.8);(0.0, 0.0, 0.0);(1.0, 1.0, 1.0)
Animals;(-5.8, 0.2, -0.7);(0.0, 0.0, 0.0);(1.0, 1.0, 1.0)
Floor;(-5.1, -0.7, -0.8);(0.0, 0.0, 0.0);(8.0, 0.1, 12.0)
outside;(-5.8, 0.1, -1.3);(0.0, 0.0, 0.0);(2.0, 0.0, 0.5)
EventSystem;(0.0, 0.0, 0.0);(0.0, 0.0, 0.0);(1.0, 1.0, 1.0)
Pivot;(-5.8, 0.4, -1.0);(0.0, 90.0, 90.0);(0.1, 0.1, 0.1)
bounds;(-5.8, 0.3, -0.7);(0.0, 0.0, 0.0);(1.6, 0.4, 0.5)
outside;(-6.9, 0.1, -0.7);(0.0, 0.0, 0.0);(0.5, 0.0, 2.0)
Points;(-2.8, 1.4, 5.0);(0.0, 0.0, 0.0);(1.0, 1.0, 1.0)
ViewManager;(0.0, 0.0, 0.0);(0.0, 0.0, 0.0);(1.0, 1.0, 1.0)
Setup;(-6.6, -0.9, 5.2);(0.0, 0.0, 0.0);(1.0, 1.0, 1.0)
outside;(-5.8, 0.1, -0.1);(0.0, 0.0, 0.0);(2.0, 0.0, 0.5)
CanvasVR;(-8.3, -0.7, 5.0);(0.0, 0.0, 0.0);(0.0, 0.0, 0.0)
Area Light;(-5.1, 1.9, -1.0);(56.3, 0.0, 0.0);(1.0, 1.0, 1.0)
Panel;(-2.2, 1.7, 5.0);(0.0, 0.0, 0.0);(1.0, 1.0, 1.0)
Tisch;(-5.8, 0.1, -0.7);(0.0, 0.0, 0.0);(1.0, 1.0, 1.0)
InputPanel;(606.5, 237.0, 0.0);(0.0, 0.0, 0.0);(1.0, 1.0, 1.0)
CameraVR;(-6.2, -0.1, -0.7);(1.1, 341.8, 15.4);(1.0, 1.0, 1.0)
wall_S;(-5.1, 0.7, -6.7);(90.0, 0.0, 0.0);(8.0, 0.1, 2.8)
Collider;(-5.8, 0.1, -0.7);(0.0, 0.0, 0.0);(1.0, 1.0, 1.0)
GameManager;(-5.8, 0.5, -0.8);(0.0, 0.0, 0.0);(1.0, 1.0, 1.0)
Canvas;(606.5, 237.0, 0.0);(0.0, 0.0, 0.0);(1.0, 1.0, 1.0)
Bein1;(-6.5, -0.3, -0.5);(0.0, 0.0, 0.0);(0.1, 0.8, 0.1)
PPTtoDummy;(-6.2, 0.5, -0.9);(294.8, 20.2, 311.5);(1.0, 1.0, 1.0)
SensorOffset;(0.0, 0.0, 0.0);(0.0, 0.0, 0.0);(1.0, 1.0, 1.0)
--------------------------------------------------------------------------------
Participant:56456
Group:VR
End Time:6/17/2016 4:45:07 PM
--------------------------------------------------------------------------------
Condition:INIT
Start Time:6/17/2016 4:45:07 PM
Trials:2
ResetHitCounter;6/17/2016 4:45:07 PM;100;0
ResetHammer;6/17/2016 4:45:07 PM;(0.0, 0.0, 0.0)
UserEntry;6/17/2016 4:45:16 PM;Space
Hit;6/17/2016 4:45:17 PM;1;(-6.2, 0.1, -0.8);(0.0, 0.0, 0.0);6.272811
HitPoints;6/17/2016 4:45:17 PM;-10;90
UserEntry;6/17/2016 4:45:18 PM;Space
End Time:6/17/2016 4:45:18 PM
--------------------------------------------------------------------------------
Condition:TRAINING
Start Time:6/17/2016 4:45:18 PM
Trials:2
ResetHitCounter;6/17/2016 4:45:18 PM;100;0
ResetHammer;6/17/2016 4:45:18 PM;(0.0, 0.0, 0.0)
BoxActivate;6/17/2016 4:45:18 PM;1
UserEntry;6/17/2016 4:45:18 PM;Space
Hit;6/17/2016 4:45:19 PM;1;(-6.2, 0.1, -0.8);(-5.8, 0.2, -0.7);0.4732077
HitPoints;6/17/2016 4:45:19 PM;-10;90
Hit;6/17/2016 4:45:21 PM;2;(-6.2, 0.1, -0.8);(-5.6, 0.2, -0.7);0.6433229
HitPoints;6/17/2016 4:45:21 PM;-10;80
Hit;6/17/2016 4:45:23 PM;3;(-6.2, 0.1, -0.8);(-5.4, 0.2, -0.6);0.8629596
HitPoints;6/17/2016 4:45:23 PM;-10;70
