name;position;rotation;scale
PPTtoUnity;(0.0, 0.0, 0.0);(0.0, 0.0, 0.0);(1.0, 1.0, 1.0)
Bein3;(-5.0, -0.3, -0.5);(0.0, 0.0, 0.0);(0.1, 0.8, 0.1)
Directional Light;(0.0, 3.0, 0.0);(50.0, 330.0, 0.0);(1.0, 1.0, 1.0)
Text;(385.0, 266.0, 0.0);(0.0, 0.0, 0.0);(1.0, 1.0, 1.0)
Tischplatte;(-5.8, 0.1, -0.7);(0.0, 0.0, 0.0);(1.6, 0.0, 0.5)
wall_N;(-5.1, 0.7, 3.1);(90.0, 0.0, 0.0);(8.0, 0.1, 2.8)
InputField;(385.0, 266.5, 0.0);(0.0, 0.0, 0.0);(1.0, 1.0, 1.0)
CameraPC;(-5.8, 0.8, -1.5);(37.7, 0.0, 0.0);(1.0, 1.0, 1.0)
UIElements;(385.0, 266.5, 0.0);(0.0, 0.0, 0.0);(1.0, 1.0, 1.0)
outside;(-4.7, 0.1, -0.7);(0.0, 0.0, 0.0);(0.5, 0.0, 2.0)
wall_E;(-1.2, 0.7, -0.8);(0.0, 0.0, 90.0);(2.8, 0.1, 12.0)
Placeholder;(385.0, 266.0, 0.0);(0.0, 0.0, 0.0);(1.0, 1.0, 1.0)
wall_W;(-9.0, 0.7, -0.8);(0.0, 0.0, 90.0);(2.8, 0.1, 12.0)
Bein2;(-6.5, -0.3, -0.9);(0.0, 0.0, 0.0);(0.1, 0.8, 0.1)
Hits;(385.0, 533.0, 0.0);(0.0, 0.0, 0.0);(1.0, 1.0, 1.0)
Bein4;(-5.0, -0.3, -0.9);(0.0, 0.0, 0.0);(0.1, 0.8, 0.1)
Room;(-5.1, 0.4, -0.8);(0.0, 0.0, 0.0);(1.0, 1.0, 1.0)
Animals;(-5.8, 0.2, -0.7);(0.0, 0.0, 0.0);(1.0, 1.0, 1.0)
Floor;(-5.1, -0.7, -0.8);(0.0, 0.0, 0.0);(8.0, 0.1, 12.0)
top;(-5.1, 2.2, -0.8);(0.0, 0.0, 0.0);(8.0, 0.1, 12.0)
outside;(-5.8, 0.1, -1.3);(0.0, 0.0, 0.0);(2.0, 0.0, 0.5)
EventSystem;(0.0, 0.0, 0.0);(0.0, 0.0, 0.0);(1.0, 1.0, 1.0)
Pivot;(-5.8, 0.4, -1.0);(0.0, 90.0, 90.0);(0.1, 0.1, 0.1)
bounds;(-5.8, 0.3, -0.7);(0.0, 0.0, 0.0);(1.6, 0.4, 0.5)
outside;(-6.9, 0.1, -0.7);(0.0, 0.0, 0.0);(0.5, 0.0, 2.0)
Points;(385.0, 413.0, 0.0);(0.0, 0.0, 0.0);(1.0, 1.0, 1.0)
ViewManager;(0.0, 0.0, 0.0);(0.0, 0.0, 0.0);(1.0, 1.0, 1.0)
Cube;(-6.0, 0.2, -0.7);(0.0, 0.0, 0.0);(0.1, 0.1, 0.1)
Setup;(-6.6, -0.9, 5.2);(0.0, 0.0, 0.0);(1.0, 1.0, 1.0)
outside;(-5.8, 0.1, -0.1);(0.0, 0.0, 0.0);(2.0, 0.0, 0.5)
CanvasVR;(-8.3, -0.7, 3.0);(0.0, 0.0, 0.0);(1.0, 1.0, 1.0)
Area Light;(-5.1, 1.9, -1.0);(56.3, 0.0, 0.0);(1.0, 1.0, 1.0)
Panel;(385.0, 533.0, 0.0);(0.0, 0.0, 0.0);(1.0, 1.0, 1.0)
Tisch;(-5.8, 0.1, -0.7);(0.0, 0.0, 0.0);(1.0, 1.0, 1.0)
HammerContainerPC;(-6.5, 0.3, -1.4);(0.0, 59.2, 90.0);(1.0, 1.0, 1.0)
InputPanel;(385.0, 266.5, 0.0);(0.0, 0.0, 0.0);(1.0, 1.0, 1.0)
wall_S;(-5.1, 0.7, -6.7);(90.0, 0.0, 0.0);(8.0, 0.1, 2.8)
Collider;(-5.8, 0.1, -0.7);(0.0, 0.0, 0.0);(1.0, 1.0, 1.0)
GameManager;(-5.8, 0.5, -0.8);(0.0, 0.0, 0.0);(1.0, 1.0, 1.0)
Canvas;(385.0, 266.5, 0.0);(0.0, 0.0, 0.0);(1.0, 1.0, 1.0)
Bein1;(-6.5, -0.3, -0.5);(0.0, 0.0, 0.0);(0.1, 0.8, 0.1)
PPTtoDummy;(0.0, 0.0, 0.0);(0.0, 0.0, 0.0);(1.0, 1.0, 1.0)
SensorOffset;(0.0, 0.0, 0.0);(0.0, 0.0, 0.0);(1.0, 1.0, 1.0)
--------------------------------------------------------------------------------
Participant:999999
Group:PC
End Time:06/27/2016 13:36:05
--------------------------------------------------------------------------------
Condition:INIT
Start Time:06/27/2016 13:36:05
Trials:2
ResetHammer;06/27/2016 13:36:05;(-5.8, 0.3, -1.0)
UserEntry;06/27/2016 13:36:11;Space
ResetHitCounter;06/27/2016 13:36:11;100;0
ResetHammer;06/27/2016 13:36:11;(-5.8, 0.3, -1.0)
Hit;06/27/2016 13:36:13;1;(-5.6, 0.1, -0.8);(0.0, 0.0, 0.0);5.682217
HitPoints;06/27/2016 13:36:13;-10;90
UserEntry;06/27/2016 13:36:13;Space
End Time:06/27/2016 13:36:13
--------------------------------------------------------------------------------
Condition:TRAINING
Start Time:06/27/2016 13:36:13
Trials:2
ResetHitCounter;06/27/2016 13:36:13;100;0
ResetHammer;06/27/2016 13:36:13;(-5.8, 0.3, -1.0)
BoxActivate;06/27/2016 13:36:13;0
UserEntry;06/27/2016 13:36:14;Space
ResetHitCounter;06/27/2016 13:36:14;100;0
ResetHammer;06/27/2016 13:36:14;(-5.8, 0.3, -1.0)
UserEntry;06/27/2016 13:36:14;Space
End Time:06/27/2016 13:36:14
--------------------------------------------------------------------------------
Condition:CONDITION_INSECT
Start Time:06/27/2016 13:36:14
Trials:2
ResetHitCounter;06/27/2016 13:36:14;100;0
ResetHammer;06/27/2016 13:36:14;(-5.8, 0.3, -1.0)
BoxActivate;06/27/2016 13:36:14;0
UserEntry;06/27/2016 13:36:14;Space
UserEntry;06/27/2016 13:36:14;Space
UserEntry;06/27/2016 13:36:15;Space
