name;position;rotation;scale
PPTtoUnity;(0.0, 0.0, 0.0);(0.0, 0.0, 0.0);(1.0, 1.0, 1.0)
Bein3;(-5.0, -0.3, -0.5);(0.0, 0.0, 0.0);(0.1, 0.8, 0.1)
VRPN;(-0.5, 0.0, 0.1);(0.0, 0.0, 0.0);(1.0, 1.0, 1.0)
Directional Light;(0.0, 3.0, 0.0);(50.0, 330.0, 0.0);(1.0, 1.0, 1.0)
HammerContainerVR;(-6.3, 0.5, -0.9);(0.0, 0.0, 0.0);(1.0, 1.0, 1.0)
Text;(606.5, 236.5, 0.0);(0.0, 0.0, 0.0);(1.0, 1.0, 1.0)
Tischplatte;(-5.8, 0.1, -0.7);(0.0, 0.0, 0.0);(1.6, 0.0, 0.5)
wall_N;(-5.1, 0.7, 5.1);(90.0, 0.0, 0.0);(8.0, 0.1, 2.8)
InputField;(606.5, 237.0, 0.0);(0.0, 0.0, 0.0);(1.0, 1.0, 1.0)
UIElements;(-5.2, 0.5, 5.0);(0.0, 0.0, 0.0);(1.0, 1.0, 1.0)
outside;(-4.7, 0.1, -0.7);(0.0, 0.0, 0.0);(0.5, 0.0, 2.0)
wall_E;(-1.2, 0.7, -0.8);(0.0, 0.0, 90.0);(2.8, 0.1, 12.0)
Placeholder;(606.5, 236.5, 0.0);(0.0, 0.0, 0.0);(1.0, 1.0, 1.0)
wall_W;(-9.0, 0.7, -0.8);(0.0, 0.0, 90.0);(2.8, 0.1, 12.0)
Bein2;(-6.5, -0.3, -0.9);(0.0, 0.0, 0.0);(0.1, 0.8, 0.1)
Hits;(-2.8, 1.7, 5.0);(0.0, 0.0, 0.0);(1.0, 1.0, 1.0)
Bein4;(-5.0, -0.3, -0.9);(0.0, 0.0, 0.0);(0.1, 0.8, 0.1)
Room;(-5.1, 0.4, -0.8);(0.0, 0.0, 0.0);(1.0, 1.0, 1.0)
Animals;(-5.8, 0.2, -0.7);(0.0, 0.0, 0.0);(1.0, 1.0, 1.0)
Floor;(-5.1, -0.7, -0.8);(0.0, 0.0, 0.0);(8.0, 0.1, 12.0)
outside;(-5.8, 0.1, -1.3);(0.0, 0.0, 0.0);(2.0, 0.0, 0.5)
EventSystem;(0.0, 0.0, 0.0);(0.0, 0.0, 0.0);(1.0, 1.0, 1.0)
Pivot;(-5.8, 0.4, -1.0);(0.0, 90.0, 90.0);(0.1, 0.1, 0.1)
bounds;(-5.8, 0.3, -0.7);(0.0, 0.0, 0.0);(1.6, 0.4, 0.5)
outside;(-6.9, 0.1, -0.7);(0.0, 0.0, 0.0);(0.5, 0.0, 2.0)
Points;(-2.8, 1.4, 5.0);(0.0, 0.0, 0.0);(1.0, 1.0, 1.0)
ViewManager;(0.0, 0.0, 0.0);(0.0, 0.0, 0.0);(1.0, 1.0, 1.0)
Setup;(-6.6, -0.9, 5.2);(0.0, 0.0, 0.0);(1.0, 1.0, 1.0)
outside;(-5.8, 0.1, -0.1);(0.0, 0.0, 0.0);(2.0, 0.0, 0.5)
CanvasVR;(-8.3, -0.7, 5.0);(0.0, 0.0, 0.0);(0.0, 0.0, 0.0)
Area Light;(-5.1, 1.9, -1.0);(56.3, 0.0, 0.0);(1.0, 1.0, 1.0)
Panel;(-2.2, 1.7, 5.0);(0.0, 0.0, 0.0);(1.0, 1.0, 1.0)
Tisch;(-5.8, 0.1, -0.7);(0.0, 0.0, 0.0);(1.0, 1.0, 1.0)
InputPanel;(606.5, 237.0, 0.0);(0.0, 0.0, 0.0);(1.0, 1.0, 1.0)
CameraVR;(-5.9, 0.1, -0.3);(358.4, 351.1, 358.7);(1.0, 1.0, 1.0)
wall_S;(-5.1, 0.7, -6.7);(90.0, 0.0, 0.0);(8.0, 0.1, 2.8)
Collider;(-5.8, 0.1, -0.7);(0.0, 0.0, 0.0);(1.0, 1.0, 1.0)
GameManager;(-5.8, 0.5, -0.8);(0.0, 0.0, 0.0);(1.0, 1.0, 1.0)
Canvas;(606.5, 237.0, 0.0);(0.0, 0.0, 0.0);(1.0, 1.0, 1.0)
Bein1;(-6.5, -0.3, -0.5);(0.0, 0.0, 0.0);(0.1, 0.8, 0.1)
PPTtoDummy;(-6.3, 0.5, -0.9);(286.6, 89.3, 220.1);(1.0, 1.0, 1.0)
SensorOffset;(0.0, 0.0, 0.0);(0.0, 0.0, 0.0);(1.0, 1.0, 1.0)
--------------------------------------------------------------------------------
Participant:34234
Group:VR
End Time:6/17/2016 5:13:27 PM
--------------------------------------------------------------------------------
Condition:INIT
Start Time:6/17/2016 5:13:27 PM
Trials:2
ResetHitCounter;6/17/2016 5:13:27 PM;100;0
ResetHammer;6/17/2016 5:13:27 PM;(0.0, 0.0, 0.0)
UserEntry;6/17/2016 5:14:20 PM;Space
Hit;6/17/2016 5:14:21 PM;1;(-5.6, 0.1, -0.7);(0.0, 0.0, 0.0);5.671764
HitPoints;6/17/2016 5:14:21 PM;-10;90
Hit;6/17/2016 5:14:23 PM;2;(-5.7, 0.1, -0.7);(0.0, 0.0, 0.0);5.791374
HitPoints;6/17/2016 5:14:23 PM;-10;80
Hit;6/17/2016 5:14:24 PM;3;(-5.6, 0.1, -0.7);(0.0, 0.0, 0.0);5.600395
HitPoints;6/17/2016 5:14:24 PM;-10;70
UserEntry;6/17/2016 5:14:25 PM;Space
End Time:6/17/2016 5:14:25 PM
--------------------------------------------------------------------------------
Condition:TRAINING
Start Time:6/17/2016 5:14:25 PM
Trials:2
ResetHitCounter;6/17/2016 5:14:25 PM;100;0
ResetHammer;6/17/2016 5:14:25 PM;(0.0, 0.0, 0.0)
BoxActivate;6/17/2016 5:14:25 PM;0
UserEntry;6/17/2016 5:14:36 PM;Space
Hit;6/17/2016 5:14:37 PM;1;(-6.0, 0.1, -0.7);(-5.8, 0.2, -0.7);0.1958923
HitPoints;6/17/2016 5:14:37 PM;-10;90
Hit;6/17/2016 5:14:40 PM;2;(-5.7, 0.1, -0.8);(-5.6, 0.2, -0.7);0.1554671
HitPoints;6/17/2016 5:14:40 PM;-10;80
Hit;6/17/2016 5:14:42 PM;3;(-5.5, 0.1, -0.7);(-5.4, 0.2, -0.7);0.1493096
HitPoints;6/17/2016 5:14:42 PM;-10;70
Hit;6/17/2016 5:14:44 PM;4;(-5.5, 0.1, -0.8);(-5.4, 0.2, -0.8);0.09537769
HitPoints;6/17/2016 5:14:44 PM;-10;60
Hit;6/17/2016 5:14:46 PM;5;(-5.4, 0.1, -0.9);(-5.5, 0.2, -0.9);0.02822542
HitPoints;6/17/2016 5:14:46 PM;-10;50
EnteredGoal;6/17/2016 5:14:47 PM
EnteredGoal;6/17/2016 5:14:48 PM
BoxActivate;6/17/2016 5:14:49 PM;1
ResetHitCounter;6/17/2016 5:14:49 PM;100;0
BoxActivate;6/17/2016 5:14:50 PM;1
ResetHitCounter;6/17/2016 5:14:50 PM;100;0
UserEntry;6/17/2016 5:14:55 PM;Space
Hit;6/17/2016 5:14:57 PM;1;(-5.5, 0.1, -0.7);(-5.8, 0.2, -0.7);0.2196399
HitPoints;6/17/2016 5:14:57 PM;-10;90
Hit;6/17/2016 5:14:58 PM;2;(-5.7, 0.1, -0.7);(-6.0, 0.2, -0.7);0.2356528
HitPoints;6/17/2016 5:14:58 PM;-10;80
Hit;6/17/2016 5:15:00 PM;3;(-5.9, 0.1, -0.8);(-6.2, 0.2, -0.7);0.2491381
HitPoints;6/17/2016 5:15:00 PM;-10;70
Hit;6/17/2016 5:15:02 PM;4;(-6.1, 0.1, -0.9);(-6.4, 0.2, -0.7);0.3081768
HitPoints;6/17/2016 5:15:02 PM;-10;60
GoalPoints;6/17/2016 5:15:03 PM;30;90
EnteredGoal;6/17/2016 5:15:03 PM
UserEntry;6/17/2016 5:15:09 PM;Space
End Time:6/17/2016 5:15:09 PM
--------------------------------------------------------------------------------
Condition:CONDITION_INSECT
Start Time:6/17/2016 5:15:09 PM
Trials:2
ResetHitCounter;6/17/2016 5:15:09 PM;100;0
ResetHammer;6/17/2016 5:15:09 PM;(0.0, 0.0, 0.0)
BoxActivate;6/17/2016 5:15:09 PM;1
UserEntry;6/17/2016 5:15:12 PM;Space
Hit;6/17/2016 5:15:13 PM;1;(-5.6, 0.1, -0.7);(-5.8, 0.1, -0.7);0.1249209
HitPoints;6/17/2016 5:15:13 PM;-10;90
Hit;6/17/2016 5:15:15 PM;2;(-5.8, 0.1, -0.7);(-5.9, 0.1, -0.7);0.08445301
HitPoints;6/17/2016 5:15:15 PM;-10;80
Hit;6/17/2016 5:15:16 PM;3;(-5.9, 0.1, -0.7);(-6.0, 0.1, -0.7);0.06657928
HitPoints;6/17/2016 5:15:16 PM;-10;70
DestroyAnimal;6/17/2016 5:15:18 PM;spider(Clone)
HitPoints;6/17/2016 5:15:18 PM;-30;40
EnteredGoal;6/17/2016 5:15:18 PM
