Participant:steffen
Mode:PC
----------------------------------------
Trial:1
Start Time:06/07/2016 12:36:55
End Time:06/07/2016 12:36:57
--------------------------------------------------------------------------------
Condition:INIT
Start Time:06/07/2016 12:36:57
Trials:1
ResetHitCounter;06/07/2016 12:36:57;100;0
ResetHammer;06/07/2016 12:36:57;(-5.8, 0.5, -1.0)
UserEntry;06/07/2016 12:36:58;Space
Hit;06/07/2016 12:37:00;1;(-5.8, 0.3, -0.8)
HitPoints;06/07/2016 12:37:00;-10;90
Hit;06/07/2016 12:37:01;2;(-6.1, 0.3, -0.8)
HitPoints;06/07/2016 12:37:01;-10;80
Hit;06/07/2016 12:37:04;3;(-5.9, 0.3, -0.7)
HitPoints;06/07/2016 12:37:04;-10;70
UserEntry;06/07/2016 12:37:05;Space
End Time:06/07/2016 12:37:05
--------------------------------------------------------------------------------
Condition:TRAINING
Start Time:06/07/2016 12:37:05
Trials:1
ResetHitCounter;06/07/2016 12:37:05;100;0
ResetHammer;06/07/2016 12:37:05;(-5.8, 0.5, -1.0)
BoxActivate;06/07/2016 12:37:05;1
UserEntry;06/07/2016 12:37:05;Space
Hit;06/07/2016 12:37:07;1;(-5.6, 0.3, -0.8);(-5.8, 0.3, -0.7);0.1439269
HitPoints;06/07/2016 12:37:07;-10;90
Hit;06/07/2016 12:37:09;2;(-5.9, 0.3, -0.9);(-5.8, 0.3, -0.5);0.3253877
HitPoints;06/07/2016 12:37:09;-10;80
BoxActivate;06/07/2016 12:37:12;1
ResetHitCounter;06/07/2016 12:37:12;100;0
BoxActivate;06/07/2016 12:37:12;1
ResetHitCounter;06/07/2016 12:37:12;100;0
BoxActivate;06/07/2016 12:37:12;0
ResetHitCounter;06/07/2016 12:37:12;100;0
BoxActivate;06/07/2016 12:37:12;1
ResetHitCounter;06/07/2016 12:37:12;100;0
UserEntry;06/07/2016 12:37:17;Space
Hit;06/07/2016 12:37:18;1;(-5.7, 0.3, -0.8);(-5.8, 0.3, -0.7);0.1378952
HitPoints;06/07/2016 12:37:18;-10;90
Hit;06/07/2016 12:37:20;2;(-5.8, 0.3, -0.7);(-5.8, 0.3, -0.5);0.1832245
HitPoints;06/07/2016 12:37:20;-10;80
UserEntry;06/07/2016 12:37:23;Space
BoxActivate;06/07/2016 12:37:23;0
ResetHitCounter;06/07/2016 12:37:23;100;0
BoxActivate;06/07/2016 12:37:23;0
ResetHitCounter;06/07/2016 12:37:23;100;0
BoxActivate;06/07/2016 12:37:23;1
ResetHitCounter;06/07/2016 12:37:23;100;0
BoxActivate;06/07/2016 12:37:23;0
ResetHitCounter;06/07/2016 12:37:23;100;0
Hit;06/07/2016 12:37:24;1;(-5.8, 0.3, -0.7);(-5.8, 0.3, -0.7);0.0219346
HitPoints;06/07/2016 12:37:24;-10;90
Hit;06/07/2016 12:37:26;2;(-5.7, 0.3, -0.7);(-5.7, 0.3, -0.5);0.2233912
HitPoints;06/07/2016 12:37:26;-10;80
UserEntry;06/07/2016 12:37:28;Space
BoxActivate;06/07/2016 12:37:29;0
ResetHitCounter;06/07/2016 12:37:29;100;0
BoxActivate;06/07/2016 12:37:29;0
ResetHitCounter;06/07/2016 12:37:29;100;0
BoxActivate;06/07/2016 12:37:29;1
ResetHitCounter;06/07/2016 12:37:29;100;0
UserEntry;06/07/2016 12:37:31;Space
Hit;06/07/2016 12:37:33;1;(-5.6, 0.3, -0.7);(-5.8, 0.3, -0.7);0.1393493
HitPoints;06/07/2016 12:37:33;-10;90
Hit;06/07/2016 12:37:35;2;(-5.6, 0.3, -0.7);(-6.0, 0.3, -0.7);0.3366729
HitPoints;06/07/2016 12:37:35;-10;80
Hit;06/07/2016 12:37:37;3;(-6.0, 0.3, -0.8);(-6.2, 0.3, -0.8);0.2106476
HitPoints;06/07/2016 12:37:37;-10;70
Hit;06/07/2016 12:37:40;4;(-6.0, 0.3, -0.8);(-6.3, 0.3, -0.6);0.3841111
HitPoints;06/07/2016 12:37:40;-10;60
EnteredGoal;06/07/2016 12:37:41
GoalPoints;06/07/2016 12:37:41;30;90
UserEntry;06/07/2016 12:37:42;Space
End Time:06/07/2016 12:37:42
--------------------------------------------------------------------------------
Condition:CONDITION_INSECT
Start Time:06/07/2016 12:37:42
Trials:1
ResetHitCounter;06/07/2016 12:37:42;100;0
ResetHammer;06/07/2016 12:37:42;(-5.8, 0.5, -1.0)
BoxActivate;06/07/2016 12:37:42;0
UserEntry;06/07/2016 12:37:44;Space
Hit;06/07/2016 12:37:46;1;(-5.8, 0.3, -0.9);(-5.8, 0.3, -0.7);0.1758687
HitPoints;06/07/2016 12:37:46;-10;90
Hit;06/07/2016 12:37:50;2;(-5.7, 0.3, -0.8);(-5.8, 0.3, -0.6);0.1891187
HitPoints;06/07/2016 12:37:50;-10;80
Hit;06/07/2016 12:37:52;3;(-5.7, 0.3, -0.8);(-5.8, 0.3, -0.5);0.2936457
HitPoints;06/07/2016 12:37:52;-10;70
Hit;06/07/2016 12:37:55;4;(-5.7, 0.3, -0.8);(-5.9, 0.3, -0.5);0.3879485
HitPoints;06/07/2016 12:37:55;-10;60
UserEntry;06/07/2016 12:37:59;Space
End Time:06/07/2016 12:37:59
--------------------------------------------------------------------------------
Condition:CONDITION_INSECT_DEATH
Start Time:06/07/2016 12:37:59
Trials:1
ResetHitCounter;06/07/2016 12:37:59;100;0
ResetHammer;06/07/2016 12:37:59;(-5.8, 0.5, -1.0)
BoxActivate;06/07/2016 12:37:59;1
UserEntry;06/07/2016 12:38:00;Space
Hit;06/07/2016 12:38:01;1;(-5.7, 0.3, -0.8);(-5.8, 0.3, -0.7);0.1106977
HitPoints;06/07/2016 12:38:01;-10;90
Hit;06/07/2016 12:38:03;2;(-5.7, 0.3, -0.7);(-5.9, 0.3, -0.7);0.1959883
HitPoints;06/07/2016 12:38:03;-10;80
Hit;06/07/2016 12:38:05;3;(-5.8, 0.3, -0.7);(-5.9, 0.3, -0.7);0.1742105
HitPoints;06/07/2016 12:38:05;-10;70
Hit;06/07/2016 12:38:07;4;(-5.8, 0.3, -0.7);(-6.0, 0.3, -0.7);0.2113772
HitPoints;06/07/2016 12:38:07;-10;60
Hit;06/07/2016 12:38:09;5;(-6.0, 0.3, -0.7);(-6.1, 0.3, -0.7);0.1161893
HitPoints;06/07/2016 12:38:09;-10;50
Hit;06/07/2016 12:38:10;6;(-6.0, 0.3, -0.7);(-6.2, 0.3, -0.6);0.2095619
HitPoints;06/07/2016 12:38:10;-10;40
Hit;06/07/2016 12:38:12;7;(-6.1, 0.3, -0.6);(-6.3, 0.3, -0.6);0.1396783
HitPoints;06/07/2016 12:38:12;-10;30
Hit;06/07/2016 12:38:14;8;(-6.1, 0.3, -0.6);(-6.4, 0.3, -0.6);0.2281547
HitPoints;06/07/2016 12:38:14;-10;20
EnteredGoal;06/07/2016 12:38:15
GoalPoints;06/07/2016 12:38:15;30;50
UserEntry;06/07/2016 12:38:20;Space
End Time:06/07/2016 12:38:20
--------------------------------------------------------------------------------
Condition:CONDITION_INSECT_KILL
Start Time:06/07/2016 12:38:20
Trials:1
ResetHitCounter;06/07/2016 12:38:20;100;0
ResetHammer;06/07/2016 12:38:20;(-5.8, 0.5, -1.0)
UserEntry;06/07/2016 12:38:20;Space
Hit;06/07/2016 12:38:22;1;(-5.6, 0.3, -0.8);(-5.8, 0.3, -0.7);0.1664012
HitPoints;06/07/2016 12:38:22;-10;90
KillAnimal;06/07/2016 12:38:24;spider(Clone)
EnteredGoal;06/07/2016 12:38:24
GoalPoints;06/07/2016 12:38:24;50;140
Hit;06/07/2016 12:38:24;2;(-5.8, 0.3, -0.8);(-5.8, 0.3, -0.8);0.05223586
HitPoints;06/07/2016 12:38:24;-10;130
UserEntry;06/07/2016 12:38:32;Space
End Time:06/07/2016 12:38:32
--------------------------------------------------------------------------------
Condition:CONDITION_REPTILE
Start Time:06/07/2016 12:38:32
Trials:1
ResetHitCounter;06/07/2016 12:38:32;100;0
ResetHammer;06/07/2016 12:38:32;(-5.8, 0.5, -1.0)
BoxActivate;06/07/2016 12:38:32;1
UserEntry;06/07/2016 12:38:34;Space
Hit;06/07/2016 12:38:35;1;(-5.7, 0.3, -0.8);(-5.8, 0.3, -0.7);0.1160082
HitPoints;06/07/2016 12:38:35;-10;90
UserEntry;06/07/2016 12:38:39;Space
End Time:06/07/2016 12:38:39
--------------------------------------------------------------------------------
Condition:CONDITION_REPTILE_DEATH
Start Time:06/07/2016 12:38:39
Trials:1
ResetHitCounter;06/07/2016 12:38:39;100;0
ResetHammer;06/07/2016 12:38:39;(-5.8, 0.5, -1.0)
BoxActivate;06/07/2016 12:38:39;1
UserEntry;06/07/2016 12:38:39;Space
Hit;06/07/2016 12:38:41;1;(-5.6, 0.3, -0.8);(-5.8, 0.3, -0.7);0.192492
HitPoints;06/07/2016 12:38:41;-10;90
UserEntry;06/07/2016 12:38:43;Space
End Time:06/07/2016 12:38:43
--------------------------------------------------------------------------------
Condition:CONDITION_REPTILE_KILL
Start Time:06/07/2016 12:38:43
Trials:1
ResetHitCounter;06/07/2016 12:38:43;100;0
ResetHammer;06/07/2016 12:38:43;(-5.8, 0.5, -1.0)
UserEntry;06/07/2016 12:38:43;Space
KillAnimal;06/07/2016 12:38:44;GeckoModel(Clone)
EnteredGoal;06/07/2016 12:38:44
GoalPoints;06/07/2016 12:38:44;50;150
Hit;06/07/2016 12:38:44;1;(-5.7, 0.3, -0.8);(-5.8, 0.3, -0.7);0.1471079
HitPoints;06/07/2016 12:38:44;-10;140
UserEntry;06/07/2016 12:38:46;Space
End Time:06/07/2016 12:38:46
--------------------------------------------------------------------------------
Condition:CONDITION_MAMMAL
Start Time:06/07/2016 12:38:46
Trials:1
ResetHitCounter;06/07/2016 12:38:46;100;0
ResetHammer;06/07/2016 12:38:46;(-5.8, 0.5, -1.0)
BoxActivate;06/07/2016 12:38:46;0
UserEntry;06/07/2016 12:38:47;Space
Hit;06/07/2016 12:38:49;1;(-5.9, 0.3, -0.8);(-5.8, 0.3, -0.7);0.1811149
HitPoints;06/07/2016 12:38:49;-10;90
Hit;06/07/2016 12:38:51;2;(-5.9, 0.3, -0.8);(-5.6, 0.3, -0.8);0.2240728
HitPoints;06/07/2016 12:38:51;-10;80
Hit;06/07/2016 12:38:53;3;(-5.7, 0.3, -0.7);(-5.5, 0.3, -0.8);0.2303341
HitPoints;06/07/2016 12:38:53;-10;70
Hit;06/07/2016 12:38:55;4;(-5.7, 0.3, -0.9);(-5.4, 0.3, -0.8);0.3008336
HitPoints;06/07/2016 12:38:55;-10;60
Hit;06/07/2016 12:38:56;5;(-5.5, 0.3, -0.9);(-5.2, 0.3, -0.7);0.3376922
HitPoints;06/07/2016 12:38:56;-10;50
EnteredGoal;06/07/2016 12:38:57
GoalPoints;06/07/2016 12:38:57;30;80
UserEntry;06/07/2016 12:38:58;Space
End Time:06/07/2016 12:38:58
--------------------------------------------------------------------------------
Condition:CONDITION_MAMMAL_DEATH
Start Time:06/07/2016 12:38:58
Trials:1
ResetHitCounter;06/07/2016 12:38:58;100;0
ResetHammer;06/07/2016 12:38:58;(-5.8, 0.5, -1.0)
BoxActivate;06/07/2016 12:38:58;1
UserEntry;06/07/2016 12:38:58;Space
KillAnimal;06/07/2016 12:39:00;KittenNPC(Clone)
HitPoints;06/07/2016 12:39:00;-30;70
Hit;06/07/2016 12:39:00;1;(-5.8, 0.3, -0.8);(-5.8, 0.2, -0.7);0.05590902
UserEntry;06/07/2016 12:39:04;Space
End Time:06/07/2016 12:39:04
--------------------------------------------------------------------------------
Condition:CONDITION_MAMMAL_KILL
Start Time:06/07/2016 12:39:04
Trials:1
ResetHitCounter;06/07/2016 12:39:04;100;0
ResetHammer;06/07/2016 12:39:04;(-5.8, 0.5, -1.0)
UserEntry;06/07/2016 12:39:05;Space
Hit;06/07/2016 12:39:06;1;(-5.6, 0.3, -0.8);(-5.8, 0.3, -0.7);0.1403967
HitPoints;06/07/2016 12:39:06;-10;90
KillAnimal;06/07/2016 12:39:08;KittenNPC(Clone)
EnteredGoal;06/07/2016 12:39:08
GoalPoints;06/07/2016 12:39:08;50;140
Hit;06/07/2016 12:39:08;2;(-5.9, 0.3, -0.7);(-5.9, 0.2, -0.7);0.02468475
