name;position;rotation;scale
PPTtoUnity;(0.0, 0.0, 0.0);(0.0, 0.0, 0.0);(1.0, 1.0, 1.0)
Bein3;(-5.0, -0.3, -0.5);(0.0, 0.0, 0.0);(0.1, 0.8, 0.1)
VRPN;(0.0, 0.1, 0.2);(0.0, 0.0, 0.0);(1.0, 1.0, 1.0)
Directional Light;(0.0, 3.0, 0.0);(50.0, 330.0, 0.0);(1.0, 1.0, 1.0)
HammerContainerVR;(-5.7, 0.6, -0.7);(0.0, 0.0, 0.0);(1.0, 1.0, 1.0)
Text;(606.5, 210.5, 0.0);(0.0, 0.0, 0.0);(1.0, 1.0, 1.0)
Tischplatte;(-5.8, 0.1, -0.7);(0.0, 0.0, 0.0);(1.6, 0.0, 0.5)
wall_N;(-5.1, 0.7, 3.1);(90.0, 0.0, 0.0);(8.0, 0.1, 2.8)
InputField;(606.5, 211.0, 0.0);(0.0, 0.0, 0.0);(1.0, 1.0, 1.0)
UIElements;(-5.9, 0.2, 3.0);(0.0, 0.0, 0.0);(1.0, 1.0, 1.0)
outside;(-4.7, 0.1, -0.7);(0.0, 0.0, 0.0);(0.5, 0.0, 2.0)
wall_E;(-1.2, 0.7, -0.8);(0.0, 0.0, 90.0);(2.8, 0.1, 12.0)
Placeholder;(606.5, 210.5, 0.0);(0.0, 0.0, 0.0);(1.0, 1.0, 1.0)
wall_W;(-9.0, 0.7, -0.8);(0.0, 0.0, 90.0);(2.8, 0.1, 12.0)
Bein2;(-6.5, -0.3, -0.9);(0.0, 0.0, 0.0);(0.1, 0.8, 0.1)
Hits;(-5.9, 1.0, 3.0);(0.0, 0.0, 0.0);(1.0, 1.0, 1.0)
Bein4;(-5.0, -0.3, -0.9);(0.0, 0.0, 0.0);(0.1, 0.8, 0.1)
Room;(-5.1, 0.4, -0.8);(0.0, 0.0, 0.0);(1.0, 1.0, 1.0)
Animals;(-5.8, 0.2, -0.7);(0.0, 0.0, 0.0);(1.0, 1.0, 1.0)
Floor;(-5.1, -0.7, -0.8);(0.0, 0.0, 0.0);(8.0, 0.1, 12.0)
top;(-5.1, 2.2, -0.8);(0.0, 0.0, 0.0);(8.0, 0.1, 12.0)
outside;(-5.8, 0.1, -1.3);(0.0, 0.0, 0.0);(2.0, 0.0, 0.5)
EventSystem;(0.0, 0.0, 0.0);(0.0, 0.0, 0.0);(1.0, 1.0, 1.0)
Pivot;(-5.8, 0.4, -1.0);(0.0, 90.0, 90.0);(0.1, 0.1, 0.1)
bounds;(-5.8, 0.3, -0.7);(0.0, 0.0, 0.0);(1.6, 0.4, 0.5)
outside;(-6.9, 0.1, -0.7);(0.0, 0.0, 0.0);(0.5, 0.0, 2.0)
Points;(-5.9, 0.5, 3.0);(0.0, 0.0, 0.0);(1.0, 1.0, 1.0)
ViewManager;(0.0, 0.0, 0.0);(0.0, 0.0, 0.0);(1.0, 1.0, 1.0)
Setup;(-6.6, -0.9, 5.2);(0.0, 0.0, 0.0);(1.0, 1.0, 1.0)
outside;(-5.8, 0.1, -0.1);(0.0, 0.0, 0.0);(2.0, 0.0, 0.5)
CanvasVR;(-8.3, -0.7, 3.0);(0.0, 0.0, 0.0);(0.0, 0.0, 0.0)
Area Light;(-5.1, 1.9, -1.0);(56.3, 0.0, 0.0);(1.0, 1.0, 1.0)
Panel;(-5.9, 1.0, 3.0);(0.0, 0.0, 0.0);(1.0, 1.0, 1.0)
Tisch;(-5.8, 0.1, -0.7);(0.0, 0.0, 0.0);(1.0, 1.0, 1.0)
InputPanel;(606.5, 211.0, 0.0);(0.0, 0.0, 0.0);(1.0, 1.0, 1.0)
CameraVR;(-6.2, -0.1, -0.6);(3.1, 3.2, 359.1);(1.0, 1.0, 1.0)
wall_S;(-5.1, 0.7, -6.7);(90.0, 0.0, 0.0);(8.0, 0.1, 2.8)
Collider;(-5.8, 0.1, -0.7);(0.0, 0.0, 0.0);(1.0, 1.0, 1.0)
GameManager;(-5.8, 0.5, -0.8);(0.0, 0.0, 0.0);(1.0, 1.0, 1.0)
Canvas;(606.5, 211.0, 0.0);(0.0, 0.0, 0.0);(1.0, 1.0, 1.0)
Bein1;(-6.5, -0.3, -0.5);(0.0, 0.0, 0.0);(0.1, 0.8, 0.1)
PPTtoDummy;(-5.7, 0.6, -0.7);(0.0, 0.0, 0.0);(1.0, 1.0, 1.0)
SensorOffset;(0.0, 0.0, 0.0);(0.0, 0.0, 0.0);(1.0, 1.0, 1.0)
--------------------------------------------------------------------------------
Participant:3
Group:VR
End Time:6/20/2016 4:02:09 PM
--------------------------------------------------------------------------------
Condition:INIT
Start Time:6/20/2016 4:02:09 PM
Trials:1
ResetHammer;6/20/2016 4:02:09 PM;(0.0, 0.0, 0.0)
UserEntry;6/20/2016 4:03:24 PM;Space
ResetHitCounter;6/20/2016 4:03:24 PM;100;0
ResetHammer;6/20/2016 4:03:24 PM;(0.0, 0.0, 0.0)
Hit;6/20/2016 4:03:24 PM;1;(-5.5, 0.1, -0.7);(0.0, 0.0, 0.0);5.493681
HitPoints;6/20/2016 4:03:24 PM;-10;90
Hit;6/20/2016 4:03:35 PM;2;(-5.5, 0.1, -0.7);(0.0, 0.0, 0.0);5.541834
HitPoints;6/20/2016 4:03:35 PM;-10;80
Hit;6/20/2016 4:03:38 PM;3;(-5.5, 0.1, -0.7);(0.0, 0.0, 0.0);5.534253
HitPoints;6/20/2016 4:03:38 PM;-10;70
Hit;6/20/2016 4:03:39 PM;4;(-5.5, 0.1, -0.7);(0.0, 0.0, 0.0);5.526737
HitPoints;6/20/2016 4:03:39 PM;-10;60
Hit;6/20/2016 4:03:46 PM;5;(-5.5, 0.1, -0.7);(0.0, 0.0, 0.0);5.565652
HitPoints;6/20/2016 4:03:46 PM;-10;50
Hit;6/20/2016 4:03:48 PM;6;(-5.5, 0.1, -0.7);(0.0, 0.0, 0.0);5.559075
HitPoints;6/20/2016 4:03:48 PM;-10;40
Hit;6/20/2016 4:03:51 PM;7;(-5.5, 0.1, -0.7);(0.0, 0.0, 0.0);5.518067
HitPoints;6/20/2016 4:03:51 PM;-10;30
Hit;6/20/2016 4:03:52 PM;8;(-5.5, 0.1, -0.7);(0.0, 0.0, 0.0);5.517779
HitPoints;6/20/2016 4:03:52 PM;-10;20
Hit;6/20/2016 4:03:53 PM;9;(-5.2, 0.1, -0.7);(0.0, 0.0, 0.0);5.282419
HitPoints;6/20/2016 4:03:53 PM;-10;10
Hit;6/20/2016 4:03:54 PM;10;(-5.7, 0.1, -0.7);(0.0, 0.0, 0.0);5.703369
HitPoints;6/20/2016 4:03:54 PM;-10;0
Hit;6/20/2016 4:03:55 PM;11;(-5.4, 0.1, -0.7);(0.0, 0.0, 0.0);5.488482
HitPoints;6/20/2016 4:03:55 PM;-10;-10
UserEntry;6/20/2016 4:03:58 PM;Space
End Time:6/20/2016 4:03:58 PM
--------------------------------------------------------------------------------
Condition:TRAINING
Start Time:6/20/2016 4:03:58 PM
Trials:1
ResetHitCounter;6/20/2016 4:03:58 PM;100;0
ResetHammer;6/20/2016 4:03:58 PM;(0.0, 0.0, 0.0)
BoxActivate;6/20/2016 4:03:58 PM;1
UserEntry;6/20/2016 4:04:36 PM;Space
ResetHitCounter;6/20/2016 4:04:36 PM;100;0
ResetHammer;6/20/2016 4:04:36 PM;(0.0, 0.0, 0.0)
Hit;6/20/2016 4:04:40 PM;1;(-5.6, 0.1, -0.7);(-5.8, 0.2, -0.7);0.1154476
HitPoints;6/20/2016 4:04:40 PM;-10;90
Hit;6/20/2016 4:04:43 PM;2;(-5.9, 0.1, -0.7);(-6.0, 0.2, -0.7);0.09592053
HitPoints;6/20/2016 4:04:43 PM;-10;80
Hit;6/20/2016 4:04:46 PM;3;(-6.1, 0.1, -0.7);(-6.2, 0.2, -0.7);0.06872731
HitPoints;6/20/2016 4:04:46 PM;-10;70
Hit;6/20/2016 4:04:48 PM;4;(-6.3, 0.1, -0.7);(-6.3, 0.2, -0.7);0.06417554
HitPoints;6/20/2016 4:04:48 PM;-10;60
GoalPoints;6/20/2016 4:04:48 PM;30;90
EnteredGoal;6/20/2016 4:04:48 PM
UserEntry;6/20/2016 4:04:51 PM;Space
End Time:6/20/2016 4:04:51 PM
--------------------------------------------------------------------------------
Condition:CONDITION_INSECT
Start Time:6/20/2016 4:04:51 PM
Trials:1
ResetHitCounter;6/20/2016 4:04:51 PM;100;0
ResetHammer;6/20/2016 4:04:51 PM;(0.0, 0.0, 0.0)
BoxActivate;6/20/2016 4:04:51 PM;0
UserEntry;6/20/2016 4:05:01 PM;Space
Hit;6/20/2016 4:05:07 PM;1;(-5.9, 0.1, -0.7);(-5.8, 0.1, -0.7);0.1112311
HitPoints;6/20/2016 4:05:07 PM;-10;90
Hit;6/20/2016 4:05:09 PM;2;(-5.7, 0.1, -0.7);(-5.7, 0.1, -0.7);0.07425011
HitPoints;6/20/2016 4:05:09 PM;-10;80
Hit;6/20/2016 4:05:10 PM;3;(-5.7, 0.1, -0.7);(-5.6, 0.1, -0.7);0.08874413
HitPoints;6/20/2016 4:05:10 PM;-10;70
Hit;6/20/2016 4:05:12 PM;4;(-5.6, 0.1, -0.7);(-5.5, 0.1, -0.6);0.07724132
HitPoints;6/20/2016 4:05:12 PM;-10;60
Hit;6/20/2016 4:05:13 PM;5;(-5.5, 0.1, -0.6);(-5.4, 0.1, -0.6);0.1029772
HitPoints;6/20/2016 4:05:13 PM;-10;50
Hit;6/20/2016 4:05:15 PM;6;(-5.4, 0.1, -0.6);(-5.3, 0.1, -0.6);0.07895149
HitPoints;6/20/2016 4:05:15 PM;-10;40
Hit;6/20/2016 4:05:18 PM;7;(-5.3, 0.1, -0.7);(-5.2, 0.1, -0.6);0.08012185
HitPoints;6/20/2016 4:05:18 PM;-10;30
Hit;6/20/2016 4:05:22 PM;8;(-5.2, 0.1, -0.7);(-5.1, 0.1, -0.6);0.08534752
HitPoints;6/20/2016 4:05:22 PM;-10;20
GoalPoints;6/20/2016 4:05:23 PM;30;50
EnteredGoal;6/20/2016 4:05:23 PM
UserEntry;6/20/2016 4:05:25 PM;Space
End Time:6/20/2016 4:05:25 PM
--------------------------------------------------------------------------------
Condition:CONDITION_INSECT_DEATH
Start Time:6/20/2016 4:05:25 PM
Trials:1
ResetHitCounter;6/20/2016 4:05:25 PM;100;0
ResetHammer;6/20/2016 4:05:25 PM;(0.0, 0.0, 0.0)
BoxActivate;6/20/2016 4:05:25 PM;1
UserEntry;6/20/2016 4:05:27 PM;Space
Hit;6/20/2016 4:05:30 PM;1;(-5.6, 0.1, -0.7);(-5.8, 0.1, -0.7);0.1404209
HitPoints;6/20/2016 4:05:30 PM;-10;90
Hit;6/20/2016 4:05:32 PM;2;(-5.8, 0.1, -0.7);(-5.9, 0.1, -0.7);0.1014171
HitPoints;6/20/2016 4:05:32 PM;-10;80
Hit;6/20/2016 4:05:33 PM;3;(-5.8, 0.1, -0.7);(-5.9, 0.1, -0.7);0.1244451
HitPoints;6/20/2016 4:05:33 PM;-10;70
Hit;6/20/2016 4:05:35 PM;4;(-5.9, 0.1, -0.7);(-6.0, 0.1, -0.6);0.1079748
HitPoints;6/20/2016 4:05:35 PM;-10;60
Hit;6/20/2016 4:05:36 PM;5;(-6.0, 0.1, -0.6);(-6.1, 0.1, -0.6);0.1200664
HitPoints;6/20/2016 4:05:36 PM;-10;50
Hit;6/20/2016 4:05:38 PM;6;(-6.1, 0.1, -0.6);(-6.2, 0.1, -0.6);0.104702
HitPoints;6/20/2016 4:05:38 PM;-10;40
Hit;6/20/2016 4:05:47 PM;7;(-6.1, 0.1, -0.7);(-6.3, 0.1, -0.6);0.2045496
HitPoints;6/20/2016 4:05:47 PM;-10;30
Hit;6/20/2016 4:05:49 PM;8;(-6.1, 0.1, -0.7);(-6.4, 0.1, -0.6);0.2919726
HitPoints;6/20/2016 4:05:49 PM;-10;20
GoalPoints;6/20/2016 4:05:49 PM;30;50
EnteredGoal;6/20/2016 4:05:49 PM
UserEntry;6/20/2016 4:05:52 PM;Space
End Time:6/20/2016 4:05:52 PM
--------------------------------------------------------------------------------
Condition:CONDITION_INSECT_KILL
Start Time:6/20/2016 4:05:52 PM
Trials:1
ResetHitCounter;6/20/2016 4:05:52 PM;100;0
ResetHammer;6/20/2016 4:05:52 PM;(0.0, 0.0, 0.0)
UserEntry;6/20/2016 4:06:02 PM;Space
KillAnimal;6/20/2016 4:06:29 PM;spider(Clone)
GoalPoints;6/20/2016 4:06:29 PM;50;150
EnteredGoal;6/20/2016 4:06:29 PM
UserEntry;6/20/2016 4:06:37 PM;Space
End Time:6/20/2016 4:06:37 PM
--------------------------------------------------------------------------------
Condition:CONDITION_REPTILE
Start Time:6/20/2016 4:06:37 PM
Trials:1
ResetHitCounter;6/20/2016 4:06:37 PM;100;0
ResetHammer;6/20/2016 4:06:37 PM;(0.0, 0.0, 0.0)
BoxActivate;6/20/2016 4:06:37 PM;0
UserEntry;6/20/2016 4:06:42 PM;Space
Hit;6/20/2016 4:06:45 PM;1;(-5.9, 0.1, -0.8);(-5.8, 0.1, -0.7);0.1513128
HitPoints;6/20/2016 4:06:45 PM;-10;90
Hit;6/20/2016 4:06:48 PM;2;(-5.8, 0.1, -0.7);(-5.6, 0.1, -0.6);0.1609966
HitPoints;6/20/2016 4:06:48 PM;-10;80
Hit;6/20/2016 4:06:50 PM;3;(-5.7, 0.1, -0.7);(-5.5, 0.1, -0.6);0.1666968
HitPoints;6/20/2016 4:06:50 PM;-10;70
Hit;6/20/2016 4:06:52 PM;4;(-5.5, 0.1, -0.6);(-5.4, 0.1, -0.6);0.1580776
HitPoints;6/20/2016 4:06:52 PM;-10;60
Hit;6/20/2016 4:06:54 PM;5;(-5.4, 0.1, -0.6);(-5.2, 0.1, -0.6);0.1526642
HitPoints;6/20/2016 4:06:54 PM;-10;50
GoalPoints;6/20/2016 4:06:55 PM;30;80
EnteredGoal;6/20/2016 4:06:55 PM
UserEntry;6/20/2016 4:06:57 PM;Space
End Time:6/20/2016 4:06:57 PM
--------------------------------------------------------------------------------
Condition:CONDITION_REPTILE_DEATH
Start Time:6/20/2016 4:06:57 PM
Trials:1
ResetHitCounter;6/20/2016 4:06:57 PM;100;0
ResetHammer;6/20/2016 4:06:57 PM;(0.0, 0.0, 0.0)
BoxActivate;6/20/2016 4:06:57 PM;1
UserEntry;6/20/2016 4:07:00 PM;Space
Hit;6/20/2016 4:07:01 PM;1;(-5.6, 0.1, -0.7);(-5.8, 0.1, -0.7);0.1313122
HitPoints;6/20/2016 4:07:01 PM;-10;90
Hit;6/20/2016 4:07:05 PM;2;(-5.7, 0.1, -0.7);(-5.9, 0.1, -0.7);0.1712169
HitPoints;6/20/2016 4:07:05 PM;-10;80
Hit;6/20/2016 4:07:10 PM;3;(-5.8, 0.1, -0.6);(-6.0, 0.1, -0.7);0.2289705
HitPoints;6/20/2016 4:07:10 PM;-10;70
Hit;6/20/2016 4:07:12 PM;4;(-6.0, 0.1, -0.7);(-6.2, 0.1, -0.7);0.1768608
HitPoints;6/20/2016 4:07:12 PM;-10;60
Hit;6/20/2016 4:07:14 PM;5;(-6.1, 0.1, -0.7);(-6.3, 0.1, -0.6);0.2389822
HitPoints;6/20/2016 4:07:14 PM;-10;50
GoalPoints;6/20/2016 4:07:15 PM;30;80
EnteredGoal;6/20/2016 4:07:15 PM
UserEntry;6/20/2016 4:07:17 PM;Space
End Time:6/20/2016 4:07:17 PM
--------------------------------------------------------------------------------
Condition:CONDITION_REPTILE_KILL
Start Time:6/20/2016 4:07:17 PM
Trials:1
ResetHitCounter;6/20/2016 4:07:17 PM;100;0
ResetHammer;6/20/2016 4:07:17 PM;(0.0, 0.0, 0.0)
UserEntry;6/20/2016 4:07:22 PM;Space
Hit;6/20/2016 4:07:52 PM;1;(-5.7, 0.1, -0.9);(-5.8, 0.1, -0.7);0.1996113
HitPoints;6/20/2016 4:07:52 PM;-10;90
Hit;6/20/2016 4:07:54 PM;2;(-5.7, 0.1, -0.7);(-5.8, 0.1, -0.6);0.1799287
HitPoints;6/20/2016 4:07:54 PM;-10;80
OffTable;6/20/2016 4:07:55 PM;(-5.9, 0.1, -0.4)
EnteredGoal;6/20/2016 4:07:55 PM
UserEntry;6/20/2016 4:07:58 PM;Space
End Time:6/20/2016 4:07:58 PM
--------------------------------------------------------------------------------
Condition:CONDITION_MAMMAL
Start Time:6/20/2016 4:07:58 PM
Trials:1
ResetHitCounter;6/20/2016 4:07:58 PM;100;0
ResetHammer;6/20/2016 4:07:58 PM;(0.0, 0.0, 0.0)
BoxActivate;6/20/2016 4:07:58 PM;1
UserEntry;6/20/2016 4:08:05 PM;Space
Hit;6/20/2016 4:08:07 PM;1;(-5.6, 0.1, -0.8);(-5.8, 0.1, -0.7);0.1735576
HitPoints;6/20/2016 4:08:07 PM;-10;90
Hit;6/20/2016 4:08:10 PM;2;(-5.7, 0.1, -0.7);(-5.9, 0.1, -0.7);0.2124548
HitPoints;6/20/2016 4:08:10 PM;-10;80
Hit;6/20/2016 4:08:11 PM;3;(-5.9, 0.1, -0.7);(-6.0, 0.1, -0.7);0.1914486
HitPoints;6/20/2016 4:08:11 PM;-10;70
Hit;6/20/2016 4:08:13 PM;4;(-6.0, 0.1, -0.7);(-6.2, 0.1, -0.6);0.1929439
HitPoints;6/20/2016 4:08:13 PM;-10;60
Hit;6/20/2016 4:08:14 PM;5;(-6.1, 0.1, -0.6);(-6.3, 0.1, -0.6);0.179967
HitPoints;6/20/2016 4:08:14 PM;-10;50
GoalPoints;6/20/2016 4:08:15 PM;30;80
EnteredGoal;6/20/2016 4:08:15 PM
UserEntry;6/20/2016 4:08:17 PM;Space
End Time:6/20/2016 4:08:17 PM
--------------------------------------------------------------------------------
Condition:CONDITION_MAMMAL_DEATH
Start Time:6/20/2016 4:08:17 PM
Trials:1
ResetHitCounter;6/20/2016 4:08:17 PM;100;0
ResetHammer;6/20/2016 4:08:17 PM;(0.0, 0.0, 0.0)
BoxActivate;6/20/2016 4:08:17 PM;0
UserEntry;6/20/2016 4:08:21 PM;Space
Hit;6/20/2016 4:08:23 PM;1;(-5.9, 0.1, -0.8);(-5.8, 0.1, -0.7);0.1716773
HitPoints;6/20/2016 4:08:23 PM;-10;90
Hit;6/20/2016 4:08:25 PM;2;(-5.8, 0.1, -0.6);(-5.6, 0.1, -0.7);0.1968936
HitPoints;6/20/2016 4:08:25 PM;-10;80
Hit;6/20/2016 4:08:26 PM;3;(-5.7, 0.1, -0.7);(-5.5, 0.1, -0.7);0.2071369
HitPoints;6/20/2016 4:08:26 PM;-10;70
Hit;6/20/2016 4:08:27 PM;4;(-5.5, 0.1, -0.7);(-5.3, 0.1, -0.7);0.1848678
HitPoints;6/20/2016 4:08:27 PM;-10;60
Hit;6/20/2016 4:08:29 PM;5;(-5.4, 0.1, -0.7);(-5.2, 0.1, -0.7);0.1886645
HitPoints;6/20/2016 4:08:29 PM;-10;50
GoalPoints;6/20/2016 4:08:29 PM;30;80
EnteredGoal;6/20/2016 4:08:29 PM
UserEntry;6/20/2016 4:08:32 PM;Space
End Time:6/20/2016 4:08:32 PM
--------------------------------------------------------------------------------
Condition:CONDITION_MAMMAL_KILL
Start Time:6/20/2016 4:08:32 PM
Trials:1
ResetHitCounter;6/20/2016 4:08:32 PM;100;0
ResetHammer;6/20/2016 4:08:32 PM;(0.0, 0.0, 0.0)
UserEntry;6/20/2016 4:08:35 PM;Space
Hit;6/20/2016 4:08:40 PM;1;(-5.7, 0.1, -0.9);(-5.8, 0.1, -0.7);0.1841363
HitPoints;6/20/2016 4:08:40 PM;-10;90
Hit;6/20/2016 4:08:41 PM;2;(-5.8, 0.1, -0.7);(-5.8, 0.1, -0.6);0.1479072
HitPoints;6/20/2016 4:08:41 PM;-10;80
OffTable;6/20/2016 4:08:43 PM;(-5.9, 0.1, -0.5)
EnteredGoal;6/20/2016 4:08:43 PM
UserEntry;6/20/2016 4:08:46 PM;Space
UserEntry;6/20/2016 4:08:51 PM;Space
UserEntry;6/20/2016 4:08:54 PM;Space
