name;position;rotation;scale
PPTtoUnity;(0.0, 0.0, 0.0);(0.0, 0.0, 0.0);(1.0, 1.0, 1.0)
Bein3;(-5.0, -0.2, -0.5);(0.0, 0.0, 0.0);(0.1, 0.8, 0.1)
VRPN;(0.0, 0.0, 0.2);(3.0, 0.0, 0.0);(1.0, 1.0, 1.0)
Directional Light;(0.0, 3.0, 0.0);(50.0, 330.0, 0.0);(1.0, 1.0, 1.0)
HammerContainerVR;(-5.8, 0.5, -0.8);(3.0, 0.0, 0.0);(1.0, 1.0, 1.0)
Text;(606.5, 251.5, 0.0);(0.0, 0.0, 0.0);(1.0, 1.0, 1.0)
Tischplatte;(-5.8, 0.2, -0.7);(0.0, 0.0, 0.0);(1.6, 0.0, 0.5)
wall_N;(-5.1, 0.7, 5.1);(90.0, 0.0, 0.0);(8.0, 0.1, 2.8)
InputField;(606.5, 252.0, 0.0);(0.0, 0.0, 0.0);(1.0, 1.0, 1.0)
CameraPC;(-5.8, 1.0, -1.5);(37.7, 0.0, 0.0);(1.0, 1.0, 1.0)
outside;(-4.7, 0.2, -0.7);(0.0, 0.0, 0.0);(0.5, 0.0, 2.0)
wall_E;(-1.2, 0.7, -0.8);(0.0, 0.0, 90.0);(2.8, 0.1, 12.0)
Placeholder;(606.5, 251.5, 0.0);(0.0, 0.0, 0.0);(1.0, 1.0, 1.0)
wall_W;(-9.0, 0.7, -0.8);(0.0, 0.0, 90.0);(2.8, 0.1, 12.0)
Bein2;(-6.5, -0.2, -0.9);(0.0, 0.0, 0.0);(0.1, 0.8, 0.1)
Hits;(1203.0, 516.0, 0.0);(0.0, 0.0, 0.0);(1.0, 1.0, 1.0)
Bein4;(-5.0, -0.2, -0.9);(0.0, 0.0, 0.0);(0.1, 0.8, 0.1)
Room;(-5.1, 0.4, -0.8);(0.0, 0.0, 0.0);(1.0, 1.0, 1.0)
Animals;(-5.8, 0.3, -0.7);(0.0, 0.0, 0.0);(1.0, 1.0, 1.0)
Floor;(-5.1, -0.7, -0.8);(0.0, 0.0, 0.0);(8.0, 0.1, 12.0)
top;(-5.1, 2.2, -0.8);(0.0, 0.0, 0.0);(8.0, 0.1, 12.0)
outside;(-5.8, 0.2, -1.3);(0.0, 0.0, 0.0);(2.0, 0.0, 0.5)
EventSystem;(0.0, 0.0, 0.0);(0.0, 0.0, 0.0);(1.0, 1.0, 1.0)
Pivot;(-5.8, 0.4, -1.0);(0.0, 90.0, 90.0);(0.1, 0.1, 0.1)
bounds;(-5.8, 0.4, -0.7);(0.0, 0.0, 0.0);(1.6, 0.4, 0.5)
outside;(-6.9, 0.2, -0.7);(0.0, 0.0, 0.0);(0.5, 0.0, 2.0)
Points;(1203.0, 536.0, 0.0);(0.0, 0.0, 0.0);(1.0, 1.0, 1.0)
ViewManager;(0.0, 0.0, 0.0);(0.0, 0.0, 0.0);(1.0, 1.0, 1.0)
Setup;(-6.6, -0.8, 5.2);(0.0, 0.0, 0.0);(1.0, 1.0, 1.0)
outside;(-5.8, 0.2, -0.1);(0.0, 0.0, 0.0);(2.0, 0.0, 0.5)
Area Light;(-5.1, 1.9, -1.0);(56.3, 0.0, 0.0);(1.0, 1.0, 1.0)
Panel;(1143.0, 511.0, 0.0);(0.0, 0.0, 0.0);(1.0, 1.0, 1.0)
Tisch;(-5.8, 0.2, -0.7);(0.0, 0.0, 0.0);(1.0, 1.0, 1.0)
InputPanel;(606.5, 252.0, 0.0);(0.0, 0.0, 0.0);(1.0, 1.0, 1.0)
CameraVR;(-5.8, 0.7, -1.0);(0.0, 0.0, 0.0);(1.0, 1.0, 1.0)
wall_S;(-5.1, 0.7, -6.7);(90.0, 0.0, 0.0);(8.0, 0.1, 2.8)
Collider;(-5.8, 0.2, -0.7);(0.0, 0.0, 0.0);(1.0, 1.0, 1.0)
GameManager;(-5.8, 0.5, -0.8);(0.0, 0.0, 0.0);(1.0, 1.0, 1.0)
Canvas;(606.5, 273.0, 0.0);(0.0, 0.0, 0.0);(1.0, 1.0, 1.0)
Bein1;(-6.5, -0.2, -0.5);(0.0, 0.0, 0.0);(0.1, 0.8, 0.1)
PPTtoDummy;(-5.8, 0.5, -0.8);(277.0, 175.5, 296.2);(1.0, 1.0, 1.0)
SensorOffset;(0.0, 0.0, 0.0);(0.0, 0.0, 0.0);(1.0, 1.0, 1.0)
--------------------------------------------------------------------------------
Participant:eike
Group:VR
End Time:6/16/2016 3:47:56 PM
--------------------------------------------------------------------------------
Condition:INIT
Start Time:6/16/2016 3:47:56 PM
Trials:2
ResetHitCounter;6/16/2016 3:47:56 PM;100;0
ResetHammer;6/16/2016 3:47:56 PM;(-5.8, 0.5, -1.0)
UserEntry;6/16/2016 3:48:06 PM;Space
Hit;6/16/2016 3:48:06 PM;1;(-5.8, 0.3, -0.7);(0.0, 0.0, 0.0);5.833753
HitPoints;6/16/2016 3:48:06 PM;-10;90
Hit;6/16/2016 3:48:13 PM;2;(-5.8, 0.3, -0.7);(0.0, 0.0, 0.0);5.848388
HitPoints;6/16/2016 3:48:13 PM;-10;80
Hit;6/16/2016 3:48:14 PM;3;(-5.9, 0.3, -0.7);(0.0, 0.0, 0.0);5.945882
HitPoints;6/16/2016 3:48:14 PM;-10;70
Hit;6/16/2016 3:48:16 PM;4;(-5.6, 0.3, -0.7);(0.0, 0.0, 0.0);5.643667
HitPoints;6/16/2016 3:48:16 PM;-10;60
Hit;6/16/2016 3:48:18 PM;5;(-6.1, 0.3, -0.7);(0.0, 0.0, 0.0);6.138276
HitPoints;6/16/2016 3:48:18 PM;-10;50
Hit;6/16/2016 3:48:29 PM;6;(-5.8, 0.3, -1.0);(0.0, 0.0, 0.0);5.883665
HitPoints;6/16/2016 3:48:29 PM;-10;40
Hit;6/16/2016 3:48:30 PM;7;(-5.8, 0.3, -1.0);(0.0, 0.0, 0.0);5.895183
HitPoints;6/16/2016 3:48:30 PM;-10;30
Hit;6/16/2016 3:48:41 PM;8;(-5.8, 0.3, -0.7);(0.0, 0.0, 0.0);5.838353
HitPoints;6/16/2016 3:48:41 PM;-10;20
UserEntry;6/16/2016 3:48:45 PM;Space
End Time:6/16/2016 3:48:45 PM
--------------------------------------------------------------------------------
Condition:TRAINING
Start Time:6/16/2016 3:48:45 PM
Trials:2
ResetHitCounter;6/16/2016 3:48:45 PM;100;0
ResetHammer;6/16/2016 3:48:45 PM;(-5.8, 0.5, -1.0)
BoxActivate;6/16/2016 3:48:45 PM;0
UserEntry;6/16/2016 3:48:49 PM;Space
Hit;6/16/2016 3:48:49 PM;1;(-5.8, 0.3, -0.7);(-5.8, 0.3, -0.7);0.06184667
HitPoints;6/16/2016 3:48:49 PM;-10;90
Hit;6/16/2016 3:48:51 PM;2;(-5.7, 0.3, -0.9);(-5.7, 0.3, -0.9);0.02209023
HitPoints;6/16/2016 3:48:51 PM;-10;80
Hit;6/16/2016 3:48:52 PM;3;(-6.0, 0.3, -0.7);(-5.9, 0.3, -0.8);0.1148884
HitPoints;6/16/2016 3:48:52 PM;-10;70
Hit;6/16/2016 3:49:01 PM;4;(-5.8, 0.3, -0.9);(-5.7, 0.3, -0.9);0.1001981
HitPoints;6/16/2016 3:49:01 PM;-10;60
Hit;6/16/2016 3:49:04 PM;5;(-5.6, 0.3, -0.9);(-5.5, 0.3, -0.9);0.08242588
HitPoints;6/16/2016 3:49:04 PM;-10;50
Hit;6/16/2016 3:49:06 PM;6;(-5.6, 0.3, -0.8);(-5.4, 0.3, -0.7);0.2117143
HitPoints;6/16/2016 3:49:06 PM;-10;40
Hit;6/16/2016 3:49:07 PM;7;(-5.5, 0.3, -0.8);(-5.4, 0.3, -0.7);0.1023049
HitPoints;6/16/2016 3:49:07 PM;-10;30
Hit;6/16/2016 3:49:09 PM;8;(-5.5, 0.3, -0.8);(-5.4, 0.3, -0.8);0.09607816
HitPoints;6/16/2016 3:49:09 PM;-10;20
Hit;6/16/2016 3:49:10 PM;9;(-5.5, 0.3, -0.8);(-5.2, 0.3, -0.8);0.2227613
HitPoints;6/16/2016 3:49:10 PM;-10;10
GoalPoints;6/16/2016 3:49:11 PM;30;40
EnteredGoal;6/16/2016 3:49:11 PM
UserEntry;6/16/2016 3:49:13 PM;Space
End Time:6/16/2016 3:49:13 PM
--------------------------------------------------------------------------------
Condition:CONDITION_INSECT
Start Time:6/16/2016 3:49:13 PM
Trials:2
ResetHitCounter;6/16/2016 3:49:13 PM;100;0
ResetHammer;6/16/2016 3:49:13 PM;(-5.8, 0.5, -1.0)
BoxActivate;6/16/2016 3:49:13 PM;0
UserEntry;6/16/2016 3:49:14 PM;Space
DestroyAnimal;6/16/2016 3:49:15 PM;spider(Clone)
HitPoints;6/16/2016 3:49:15 PM;-30;70
EnteredGoal;6/16/2016 3:49:15 PM
UserEntry;6/16/2016 3:49:19 PM;Space
----------------------------------------
Trial:2
Start Time:6/16/2016 3:49:19 PM
ResetHitCounter;6/16/2016 3:49:19 PM;100;0
ResetHammer;6/16/2016 3:49:19 PM;(-5.8, 0.5, -1.0)
BoxActivate;6/16/2016 3:49:19 PM;1
UserEntry;6/16/2016 3:49:19 PM;Space
DestroyAnimal;6/16/2016 3:49:20 PM;spider(Clone)
HitPoints;6/16/2016 3:49:20 PM;-30;70
EnteredGoal;6/16/2016 3:49:20 PM
UserEntry;6/16/2016 3:49:22 PM;Space
End Time:6/16/2016 3:49:22 PM
--------------------------------------------------------------------------------
Condition:CONDITION_INSECT_DEATH
Start Time:6/16/2016 3:49:22 PM
Trials:2
ResetHitCounter;6/16/2016 3:49:22 PM;100;0
ResetHammer;6/16/2016 3:49:22 PM;(-5.8, 0.5, -1.0)
BoxActivate;6/16/2016 3:49:22 PM;1
UserEntry;6/16/2016 3:49:23 PM;Space
KillAnimal;6/16/2016 3:49:24 PM;spider(Clone)
HitPoints;6/16/2016 3:49:24 PM;-30;70
EnteredGoal;6/16/2016 3:49:24 PM
UserEntry;6/16/2016 3:49:26 PM;Space
----------------------------------------
Trial:2
Start Time:6/16/2016 3:49:26 PM
ResetHitCounter;6/16/2016 3:49:26 PM;100;0
ResetHammer;6/16/2016 3:49:26 PM;(-5.8, 0.5, -1.0)
BoxActivate;6/16/2016 3:49:26 PM;1
UserEntry;6/16/2016 3:49:26 PM;Space
KillAnimal;6/16/2016 3:49:27 PM;spider(Clone)
HitPoints;6/16/2016 3:49:27 PM;-30;70
EnteredGoal;6/16/2016 3:49:27 PM
UserEntry;6/16/2016 3:49:29 PM;Space
End Time:6/16/2016 3:49:29 PM
--------------------------------------------------------------------------------
Condition:CONDITION_INSECT_KILL
Start Time:6/16/2016 3:49:29 PM
Trials:2
ResetHitCounter;6/16/2016 3:49:29 PM;100;0
ResetHammer;6/16/2016 3:49:29 PM;(-5.8, 0.5, -1.0)
UserEntry;6/16/2016 3:49:29 PM;Space
KillAnimal;6/16/2016 3:49:30 PM;spider(Clone)
GoalPoints;6/16/2016 3:49:30 PM;50;150
EnteredGoal;6/16/2016 3:49:30 PM
UserEntry;6/16/2016 3:49:32 PM;Space
----------------------------------------
Trial:2
Start Time:6/16/2016 3:49:32 PM
ResetHitCounter;6/16/2016 3:49:32 PM;100;0
ResetHammer;6/16/2016 3:49:32 PM;(-5.8, 0.5, -1.0)
UserEntry;6/16/2016 3:49:32 PM;Space
KillAnimal;6/16/2016 3:49:33 PM;spider(Clone)
GoalPoints;6/16/2016 3:49:33 PM;50;150
EnteredGoal;6/16/2016 3:49:33 PM
UserEntry;6/16/2016 3:49:35 PM;Space
End Time:6/16/2016 3:49:35 PM
--------------------------------------------------------------------------------
Condition:CONDITION_REPTILE
Start Time:6/16/2016 3:49:35 PM
Trials:2
ResetHitCounter;6/16/2016 3:49:35 PM;100;0
ResetHammer;6/16/2016 3:49:35 PM;(-5.8, 0.5, -1.0)
BoxActivate;6/16/2016 3:49:35 PM;0
UserEntry;6/16/2016 3:49:36 PM;Space
DestroyAnimal;6/16/2016 3:49:36 PM;GeckoModel(Clone)
HitPoints;6/16/2016 3:49:36 PM;-30;70
EnteredGoal;6/16/2016 3:49:36 PM
UserEntry;6/16/2016 3:49:40 PM;Space
----------------------------------------
Trial:2
Start Time:6/16/2016 3:49:40 PM
ResetHitCounter;6/16/2016 3:49:40 PM;100;0
ResetHammer;6/16/2016 3:49:40 PM;(-5.8, 0.5, -1.0)
BoxActivate;6/16/2016 3:49:40 PM;0
UserEntry;6/16/2016 3:49:40 PM;Space
DestroyAnimal;6/16/2016 3:49:41 PM;GeckoModel(Clone)
HitPoints;6/16/2016 3:49:41 PM;-30;70
EnteredGoal;6/16/2016 3:49:41 PM
UserEntry;6/16/2016 3:49:43 PM;Space
End Time:6/16/2016 3:49:43 PM
--------------------------------------------------------------------------------
Condition:CONDITION_REPTILE_DEATH
Start Time:6/16/2016 3:49:43 PM
Trials:2
ResetHitCounter;6/16/2016 3:49:43 PM;100;0
ResetHammer;6/16/2016 3:49:43 PM;(-5.8, 0.5, -1.0)
BoxActivate;6/16/2016 3:49:43 PM;1
UserEntry;6/16/2016 3:49:44 PM;Space
Hit;6/16/2016 3:49:44 PM;1;(-5.9, 0.3, -0.8);(-5.8, 0.3, -0.7);0.1884305
HitPoints;6/16/2016 3:49:44 PM;-10;90
Hit;6/16/2016 3:49:47 PM;2;(-5.8, 0.3, -0.6);(-5.6, 0.3, -0.7);0.1814738
HitPoints;6/16/2016 3:49:47 PM;-10;80
