name;position;rotation;scale
PPTtoUnity;(0.0, 0.0, 0.0);(0.0, 0.0, 0.0);(1.0, 1.0, 1.0)
Bein3;(-5.0, -0.2, -0.5);(0.0, 0.0, 0.0);(0.1, 0.8, 0.1)
Directional Light;(0.0, 3.0, 0.0);(50.0, 330.0, 0.0);(1.0, 1.0, 1.0)
Text;(519.0, 251.5, 0.0);(0.0, 0.0, 0.0);(1.0, 1.0, 1.0)
Tischplatte;(-5.8, 0.2, -0.7);(0.0, 0.0, 0.0);(1.6, 0.0, 0.5)
wall_N;(-5.1, 0.7, 5.1);(90.0, 0.0, 0.0);(8.0, 0.1, 2.8)
InputField;(519.0, 252.0, 0.0);(0.0, 0.0, 0.0);(1.0, 1.0, 1.0)
CameraPC;(-5.8, 1.0, -1.5);(37.7, 0.0, 0.0);(1.0, 1.0, 1.0)
outside;(-4.7, 0.2, -0.7);(0.0, 0.0, 0.0);(0.5, 0.0, 2.0)
wall_E;(-1.2, 0.7, -0.8);(0.0, 0.0, 90.0);(2.8, 0.1, 12.0)
Placeholder;(519.0, 251.5, 0.0);(0.0, 0.0, 0.0);(1.0, 1.0, 1.0)
wall_W;(-9.0, 0.7, -0.8);(0.0, 0.0, 90.0);(2.8, 0.1, 12.0)
Bein2;(-6.5, -0.2, -0.9);(0.0, 0.0, 0.0);(0.1, 0.8, 0.1)
Hits;(1028.0, 519.0, 0.0);(0.0, 0.0, 0.0);(1.0, 1.0, 1.0)
Bein4;(-5.0, -0.2, -0.9);(0.0, 0.0, 0.0);(0.1, 0.8, 0.1)
Room;(-5.1, 0.4, -0.8);(0.0, 0.0, 0.0);(1.0, 1.0, 1.0)
Animals;(-5.8, 0.3, -0.7);(0.0, 0.0, 0.0);(1.0, 1.0, 1.0)
Floor;(-5.1, -0.7, -0.8);(0.0, 0.0, 0.0);(8.0, 0.1, 12.0)
top;(-5.1, 2.2, -0.8);(0.0, 0.0, 0.0);(8.0, 0.1, 12.0)
outside;(-5.8, 0.2, -1.3);(0.0, 0.0, 0.0);(2.0, 0.0, 0.5)
EventSystem;(0.0, 0.0, 0.0);(0.0, 0.0, 0.0);(1.0, 1.0, 1.0)
Pivot;(-5.8, 0.4, -1.0);(0.0, 90.0, 90.0);(0.1, 0.1, 0.1)
bounds;(-5.8, 0.4, -0.7);(0.0, 0.0, 0.0);(1.6, 0.4, 0.5)
outside;(-6.9, 0.2, -0.7);(0.0, 0.0, 0.0);(0.5, 0.0, 2.0)
Points;(1028.0, 539.0, 0.0);(0.0, 0.0, 0.0);(1.0, 1.0, 1.0)
ViewManager;(0.0, 0.0, 0.0);(0.0, 0.0, 0.0);(1.0, 1.0, 1.0)
Setup;(-6.6, -0.8, 5.2);(0.0, 0.0, 0.0);(1.0, 1.0, 1.0)
outside;(-5.8, 0.2, -0.1);(0.0, 0.0, 0.0);(2.0, 0.0, 0.5)
Area Light;(-5.1, 1.9, -1.0);(56.3, 0.0, 0.0);(1.0, 1.0, 1.0)
Panel;(968.0, 514.0, 0.0);(0.0, 0.0, 0.0);(1.0, 1.0, 1.0)
Tisch;(-5.8, 0.2, -0.7);(0.0, 0.0, 0.0);(1.0, 1.0, 1.0)
HammerContainerPC;(-5.8, 0.5, -1.8);(0.0, 89.1, 90.0);(1.0, 1.0, 1.0)
InputPanel;(519.0, 252.0, 0.0);(0.0, 0.0, 0.0);(1.0, 1.0, 1.0)
wall_S;(-5.1, 0.7, -6.7);(90.0, 0.0, 0.0);(8.0, 0.1, 2.8)
Collider;(-5.8, 0.2, -0.7);(0.0, 0.0, 0.0);(1.0, 1.0, 1.0)
GameManager;(-5.8, 0.5, -0.8);(0.0, 0.0, 0.0);(1.0, 1.0, 1.0)
Canvas;(519.0, 274.5, 0.0);(0.0, 0.0, 0.0);(1.0, 1.0, 1.0)
Bein1;(-6.5, -0.2, -0.5);(0.0, 0.0, 0.0);(0.1, 0.8, 0.1)
SensorOffset;(0.0, 0.0, 0.0);(0.0, 0.0, 0.0);(1.0, 1.0, 1.0)
--------------------------------------------------------------------------------
Participant:123
Group:PC
End Time:06/14/2016 11:20:43
--------------------------------------------------------------------------------
Condition:INIT
Start Time:06/14/2016 11:20:43
Trials:1
ResetHitCounter;06/14/2016 11:20:43;100;0
ResetHammer;06/14/2016 11:20:43;(-5.8, 0.5, -1.0)
UserEntry;06/14/2016 11:20:44;Space
Hit;06/14/2016 11:20:45;1;(-5.4, 0.3, -0.8)
HitPoints;06/14/2016 11:20:45;-10;90
Hit;06/14/2016 11:20:47;2;(-5.9, 0.3, -0.7)
HitPoints;06/14/2016 11:20:47;-10;80
Hit;06/14/2016 11:20:48;3;(-5.9, 0.3, -0.7)
HitPoints;06/14/2016 11:20:48;-10;70
Hit;06/14/2016 11:20:50;4;(-5.9, 0.3, -0.7)
HitPoints;06/14/2016 11:20:50;-10;60
UserEntry;06/14/2016 11:20:50;Space
End Time:06/14/2016 11:20:50
--------------------------------------------------------------------------------
Condition:TRAINING
Start Time:06/14/2016 11:20:50
Trials:1
ResetHitCounter;06/14/2016 11:20:50;100;0
ResetHammer;06/14/2016 11:20:50;(-5.8, 0.5, -1.0)
BoxActivate;06/14/2016 11:20:50;1
UserEntry;06/14/2016 11:20:51;Space
Hit;06/14/2016 11:20:53;1;(-5.5, 0.3, -0.7);(-5.8, 0.3, -0.7);0.2824901
HitPoints;06/14/2016 11:20:53;-10;90
Hit;06/14/2016 11:20:55;2;(-5.8, 0.3, -0.7);(-6.0, 0.3, -0.8);0.1453092
HitPoints;06/14/2016 11:20:55;-10;80
Hit;06/14/2016 11:20:57;3;(-6.0, 0.3, -0.8);(-6.1, 0.3, -0.8);0.125551
HitPoints;06/14/2016 11:20:57;-10;70
Hit;06/14/2016 11:20:59;4;(-6.1, 0.3, -0.9);(-6.3, 0.3, -0.7);0.2620613
HitPoints;06/14/2016 11:20:59;-10;60
GoalPoints;06/14/2016 11:21:00;30;90
EnteredGoal;06/14/2016 11:21:00
UserEntry;06/14/2016 11:21:01;Space
End Time:06/14/2016 11:21:01
--------------------------------------------------------------------------------
Condition:CONDITION_INSECT
Start Time:06/14/2016 11:21:01
Trials:1
ResetHitCounter;06/14/2016 11:21:01;100;0
ResetHammer;06/14/2016 11:21:01;(-5.8, 0.5, -1.0)
BoxActivate;06/14/2016 11:21:01;1
UserEntry;06/14/2016 11:21:01;Space
Hit;06/14/2016 11:21:03;1;(-5.7, 0.3, -0.8);(-5.8, 0.3, -0.7);0.1157899
HitPoints;06/14/2016 11:21:03;-10;90
Hit;06/14/2016 11:21:04;2;(-5.7, 0.3, -0.7);(-5.9, 0.3, -0.7);0.1127593
HitPoints;06/14/2016 11:21:04;-10;80
Hit;06/14/2016 11:21:06;3;(-5.8, 0.3, -0.8);(-5.9, 0.3, -0.7);0.1147804
HitPoints;06/14/2016 11:21:06;-10;70
Hit;06/14/2016 11:21:08;4;(-5.8, 0.3, -0.7);(-6.0, 0.3, -0.7);0.1914607
HitPoints;06/14/2016 11:21:08;-10;60
Hit;06/14/2016 11:21:10;5;(-5.8, 0.3, -0.7);(-6.1, 0.3, -0.7);0.2882394
HitPoints;06/14/2016 11:21:10;-10;50
Hit;06/14/2016 11:21:12;6;(-5.9, 0.3, -0.7);(-6.2, 0.3, -0.7);0.2771012
HitPoints;06/14/2016 11:21:12;-10;40
Hit;06/14/2016 11:21:14;7;(-5.9, 0.3, -0.7);(-6.3, 0.3, -0.7);0.3635458
HitPoints;06/14/2016 11:21:14;-10;30
Hit;06/14/2016 11:21:16;8;(-6.0, 0.3, -0.8);(-6.4, 0.3, -0.7);0.3439759
HitPoints;06/14/2016 11:21:16;-10;20
Hit;06/14/2016 11:21:18;9;(-6.0, 0.3, -0.8);(-6.4, 0.3, -0.6);0.4321869
HitPoints;06/14/2016 11:21:18;-10;10
GoalPoints;06/14/2016 11:21:18;30;40
EnteredGoal;06/14/2016 11:21:18
UserEntry;06/14/2016 11:21:19;Space
End Time:06/14/2016 11:21:19
--------------------------------------------------------------------------------
Condition:CONDITION_INSECT_DEATH
Start Time:06/14/2016 11:21:19
Trials:1
ResetHitCounter;06/14/2016 11:21:19;100;0
ResetHammer;06/14/2016 11:21:19;(-5.8, 0.5, -1.0)
BoxActivate;06/14/2016 11:21:19;0
UserEntry;06/14/2016 11:21:19;Space
Hit;06/14/2016 11:21:21;1;(-5.9, 0.3, -0.7);(-5.8, 0.3, -0.7);0.1704211
HitPoints;06/14/2016 11:21:21;-10;90
Hit;06/14/2016 11:21:23;2;(-5.9, 0.3, -0.8);(-5.7, 0.3, -0.7);0.2152841
HitPoints;06/14/2016 11:21:23;-10;80
Hit;06/14/2016 11:21:25;3;(-5.8, 0.3, -0.7);(-5.6, 0.3, -0.8);0.2001749
HitPoints;06/14/2016 11:21:25;-10;70
Hit;06/14/2016 11:21:27;4;(-5.7, 0.3, -0.8);(-5.5, 0.3, -0.7);0.1813103
HitPoints;06/14/2016 11:21:27;-10;60
Hit;06/14/2016 11:21:28;5;(-5.7, 0.3, -0.8);(-5.4, 0.3, -0.7);0.2596302
HitPoints;06/14/2016 11:21:28;-10;50
Hit;06/14/2016 11:21:30;6;(-5.6, 0.3, -0.7);(-5.4, 0.3, -0.7);0.2222021
HitPoints;06/14/2016 11:21:30;-10;40
Hit;06/14/2016 11:21:32;7;(-5.5, 0.3, -0.8);(-5.3, 0.3, -0.7);0.2762273
HitPoints;06/14/2016 11:21:32;-10;30
Hit;06/14/2016 11:21:34;8;(-5.4, 0.3, -0.7);(-5.2, 0.3, -0.7);0.2572913
HitPoints;06/14/2016 11:21:34;-10;20
GoalPoints;06/14/2016 11:21:34;30;50
EnteredGoal;06/14/2016 11:21:34
UserEntry;06/14/2016 11:21:35;Space
End Time:06/14/2016 11:21:35
--------------------------------------------------------------------------------
Condition:CONDITION_INSECT_KILL
Start Time:06/14/2016 11:21:35
Trials:1
ResetHitCounter;06/14/2016 11:21:35;100;0
ResetHammer;06/14/2016 11:21:35;(-5.8, 0.5, -1.0)
UserEntry;06/14/2016 11:21:35;Space
Hit;06/14/2016 11:21:38;1;(-5.8, 0.3, -0.9);(-5.8, 0.3, -0.7);0.2084534
HitPoints;06/14/2016 11:21:38;-10;90
Hit;06/14/2016 11:21:39;2;(-5.8, 0.3, -0.8);(-5.8, 0.3, -0.6);0.1832021
HitPoints;06/14/2016 11:21:39;-10;80
Hit;06/14/2016 11:21:41;3;(-5.8, 0.3, -0.8);(-5.8, 0.3, -0.5);0.2736572
HitPoints;06/14/2016 11:21:41;-10;70
OffTable;06/14/2016 11:21:42;(-5.8, 0.2, -0.4)
EnteredGoal;06/14/2016 11:21:42
UserEntry;06/14/2016 11:21:43;Space
End Time:06/14/2016 11:21:43
--------------------------------------------------------------------------------
Condition:CONDITION_REPTILE
Start Time:06/14/2016 11:21:43
Trials:1
ResetHitCounter;06/14/2016 11:21:43;100;0
ResetHammer;06/14/2016 11:21:43;(-5.8, 0.5, -1.0)
BoxActivate;06/14/2016 11:21:43;0
UserEntry;06/14/2016 11:21:44;Space
Hit;06/14/2016 11:21:45;1;(-5.8, 0.3, -0.8);(-5.8, 0.3, -0.7);0.09015585
HitPoints;06/14/2016 11:21:45;-10;90
DestroyAnimal;06/14/2016 11:21:45;GeckoModel(Clone)
HitPoints;06/14/2016 11:21:45;-30;60
EnteredGoal;06/14/2016 11:21:45
UserEntry;06/14/2016 11:21:48;Space
End Time:06/14/2016 11:21:48
--------------------------------------------------------------------------------
Condition:CONDITION_REPTILE_DEATH
Start Time:06/14/2016 11:21:48
Trials:1
ResetHitCounter;06/14/2016 11:21:48;100;0
ResetHammer;06/14/2016 11:21:48;(-5.8, 0.5, -1.0)
BoxActivate;06/14/2016 11:21:48;0
UserEntry;06/14/2016 11:21:49;Space
Hit;06/14/2016 11:21:51;1;(-6.1, 0.3, -0.8);(-5.8, 0.3, -0.7);0.3171398
HitPoints;06/14/2016 11:21:51;-10;90
KillAnimal;06/14/2016 11:21:51;GeckoModel(Clone)
HitPoints;06/14/2016 11:21:51;-30;60
EnteredGoal;06/14/2016 11:21:51
UserEntry;06/14/2016 11:21:53;Space
End Time:06/14/2016 11:21:53
--------------------------------------------------------------------------------
Condition:CONDITION_REPTILE_KILL
Start Time:06/14/2016 11:21:53
Trials:1
ResetHitCounter;06/14/2016 11:21:53;100;0
ResetHammer;06/14/2016 11:21:53;(-5.8, 0.5, -1.0)
UserEntry;06/14/2016 11:21:54;Space
Hit;06/14/2016 11:21:56;1;(-5.5, 0.3, -0.7);(-5.8, 0.3, -0.7);0.2254338
HitPoints;06/14/2016 11:21:56;-10;90
KillAnimal;06/14/2016 11:22:01;GeckoModel(Clone)
GoalPoints;06/14/2016 11:22:01;50;140
EnteredGoal;06/14/2016 11:22:01
Hit;06/14/2016 11:22:01;2;(-5.9, 0.3, -0.6);(-5.9, 0.3, -0.7);0.08366724
UserEntry;06/14/2016 11:22:04;Space
End Time:06/14/2016 11:22:04
--------------------------------------------------------------------------------
Condition:CONDITION_MAMMAL
Start Time:06/14/2016 11:22:04
Trials:1
ResetHitCounter;06/14/2016 11:22:04;100;0
ResetHammer;06/14/2016 11:22:04;(-5.8, 0.5, -1.0)
BoxActivate;06/14/2016 11:22:04;1
UserEntry;06/14/2016 11:22:05;Space
Hit;06/14/2016 11:22:06;1;(-5.6, 0.3, -0.8);(-5.8, 0.3, -0.7);0.168767
HitPoints;06/14/2016 11:22:06;-10;90
Hit;06/14/2016 11:22:08;2;(-5.6, 0.3, -0.7);(-5.9, 0.3, -0.7);0.3295804
HitPoints;06/14/2016 11:22:08;-10;80
Hit;06/14/2016 11:22:09;3;(-5.6, 0.3, -0.7);(-6.0, 0.3, -0.7);0.4683794
HitPoints;06/14/2016 11:22:09;-10;70
Hit;06/14/2016 11:22:11;4;(-5.6, 0.3, -0.7);(-6.2, 0.3, -0.7);0.6181284
HitPoints;06/14/2016 11:22:11;-10;60
Hit;06/14/2016 11:22:13;5;(-5.6, 0.3, -0.7);(-6.3, 0.3, -0.6);0.7538426
HitPoints;06/14/2016 11:22:13;-10;50
GoalPoints;06/14/2016 11:22:13;30;80
EnteredGoal;06/14/2016 11:22:13
UserEntry;06/14/2016 11:22:14;Space
End Time:06/14/2016 11:22:14
--------------------------------------------------------------------------------
Condition:CONDITION_MAMMAL_DEATH
Start Time:06/14/2016 11:22:14
Trials:1
ResetHitCounter;06/14/2016 11:22:14;100;0
ResetHammer;06/14/2016 11:22:14;(-5.8, 0.5, -1.0)
BoxActivate;06/14/2016 11:22:14;0
UserEntry;06/14/2016 11:22:15;Space
Hit;06/14/2016 11:22:17;1;(-5.9, 0.3, -0.8);(-5.8, 0.3, -0.7);0.114212
HitPoints;06/14/2016 11:22:17;-10;90
KillAnimal;06/14/2016 11:22:19;KittenNPC(Clone)
HitPoints;06/14/2016 11:22:19;-30;60
EnteredGoal;06/14/2016 11:22:19
Hit;06/14/2016 11:22:19;2;(-5.7, 0.3, -0.7);(-5.6, 0.2, -0.8);0.08137032
UserEntry;06/14/2016 11:22:22;Space
End Time:06/14/2016 11:22:22
--------------------------------------------------------------------------------
Condition:CONDITION_MAMMAL_KILL
Start Time:06/14/2016 11:22:22
Trials:1
ResetHitCounter;06/14/2016 11:22:22;100;0
ResetHammer;06/14/2016 11:22:22;(-5.8, 0.5, -1.0)
UserEntry;06/14/2016 11:22:22;Space
KillAnimal;06/14/2016 11:22:23;KittenNPC(Clone)
GoalPoints;06/14/2016 11:22:23;50;150
EnteredGoal;06/14/2016 11:22:23
Hit;06/14/2016 11:22:24;1;(-5.7, 0.3, -0.8);(-5.8, 0.2, -0.7);0.1198988
UserEntry;06/14/2016 11:22:26;Space
DestroyAnimal;06/14/2016 11:22:26;KittenNPC(Clone)
UserEntry;06/14/2016 11:22:27;Space
