name;position;rotation;scale
PPTtoUnity;(0.0, 0.0, 0.0);(0.0, 0.0, 0.0);(1.0, 1.0, 1.0)
Bein3;(-5.0, -0.3, -0.5);(0.0, 0.0, 0.0);(0.1, 0.8, 0.1)
VRPN;(0.2, 0.0, 0.2);(0.0, 0.0, 0.0);(1.0, 1.0, 1.0)
Directional Light;(0.0, 3.0, 0.0);(50.0, 330.0, 0.0);(1.0, 1.0, 1.0)
HammerContainerVR;(-5.6, 0.5, -0.8);(0.0, 0.0, 0.0);(1.0, 1.0, 1.0)
Text;(606.5, 236.5, 0.0);(0.0, 0.0, 0.0);(1.0, 1.0, 1.0)
Tischplatte;(-5.8, 0.1, -0.7);(0.0, 0.0, 0.0);(1.6, 0.0, 0.5)
wall_N;(-5.1, 0.7, 5.1);(90.0, 0.0, 0.0);(8.0, 0.1, 2.8)
InputField;(606.5, 237.0, 0.0);(0.0, 0.0, 0.0);(1.0, 1.0, 1.0)
UIElements;(-5.2, 0.5, 5.0);(0.0, 0.0, 0.0);(1.0, 1.0, 1.0)
outside;(-4.7, 0.1, -0.7);(0.0, 0.0, 0.0);(0.5, 0.0, 2.0)
wall_E;(-1.2, 0.7, -0.8);(0.0, 0.0, 90.0);(2.8, 0.1, 12.0)
Placeholder;(606.5, 236.5, 0.0);(0.0, 0.0, 0.0);(1.0, 1.0, 1.0)
wall_W;(-9.0, 0.7, -0.8);(0.0, 0.0, 90.0);(2.8, 0.1, 12.0)
Bein2;(-6.5, -0.3, -0.9);(0.0, 0.0, 0.0);(0.1, 0.8, 0.1)
Hits;(-5.2, 1.7, 5.0);(0.0, 0.0, 0.0);(1.0, 1.0, 1.0)
Bein4;(-5.0, -0.3, -0.9);(0.0, 0.0, 0.0);(0.1, 0.8, 0.1)
Room;(-5.1, 0.4, -0.8);(0.0, 0.0, 0.0);(1.0, 1.0, 1.0)
Animals;(-5.8, 0.2, -0.7);(0.0, 0.0, 0.0);(1.0, 1.0, 1.0)
Floor;(-5.1, -0.7, -0.8);(0.0, 0.0, 0.0);(8.0, 0.1, 12.0)
outside;(-5.8, 0.1, -1.3);(0.0, 0.0, 0.0);(2.0, 0.0, 0.5)
EventSystem;(0.0, 0.0, 0.0);(0.0, 0.0, 0.0);(1.0, 1.0, 1.0)
Pivot;(-5.8, 0.4, -1.0);(0.0, 90.0, 90.0);(0.1, 0.1, 0.1)
bounds;(-5.8, 0.3, -0.7);(0.0, 0.0, 0.0);(1.6, 0.4, 0.5)
outside;(-6.9, 0.1, -0.7);(0.0, 0.0, 0.0);(0.5, 0.0, 2.0)
Points;(-5.2, 1.1, 5.0);(0.0, 0.0, 0.0);(1.0, 1.0, 1.0)
ViewManager;(0.0, 0.0, 0.0);(0.0, 0.0, 0.0);(1.0, 1.0, 1.0)
Setup;(-6.6, -0.9, 5.2);(0.0, 0.0, 0.0);(1.0, 1.0, 1.0)
outside;(-5.8, 0.1, -0.1);(0.0, 0.0, 0.0);(2.0, 0.0, 0.5)
CanvasVR;(-8.3, -0.7, 5.0);(0.0, 0.0, 0.0);(0.0, 0.0, 0.0)
Area Light;(-5.1, 1.9, -1.0);(56.3, 0.0, 0.0);(1.0, 1.0, 1.0)
Panel;(-5.2, 1.7, 5.0);(0.0, 0.0, 0.0);(1.0, 1.0, 1.0)
Tisch;(-5.8, 0.1, -0.7);(0.0, 0.0, 0.0);(1.0, 1.0, 1.0)
InputPanel;(606.5, 237.0, 0.0);(0.0, 0.0, 0.0);(1.0, 1.0, 1.0)
CameraVR;(-5.5, 0.1, -0.2);(359.9, 4.1, 358.7);(1.0, 1.0, 1.0)
wall_S;(-5.1, 0.7, -6.7);(90.0, 0.0, 0.0);(8.0, 0.1, 2.8)
Collider;(-5.8, 0.1, -0.7);(0.0, 0.0, 0.0);(1.0, 1.0, 1.0)
GameManager;(-5.8, 0.5, -0.8);(0.0, 0.0, 0.0);(1.0, 1.0, 1.0)
Canvas;(606.5, 237.0, 0.0);(0.0, 0.0, 0.0);(1.0, 1.0, 1.0)
Bein1;(-6.5, -0.3, -0.5);(0.0, 0.0, 0.0);(0.1, 0.8, 0.1)
PPTtoDummy;(-5.6, 0.5, -0.8);(291.7, 211.2, 198.9);(1.0, 1.0, 1.0)
SensorOffset;(0.0, 0.0, 0.0);(0.0, 0.0, 0.0);(1.0, 1.0, 1.0)
--------------------------------------------------------------------------------
Participant:200
Group:VR
End Time:6/17/2016 5:18:30 PM
--------------------------------------------------------------------------------
Condition:INIT
Start Time:6/17/2016 5:18:30 PM
Trials:2
ResetHitCounter;6/17/2016 5:18:30 PM;100;0
ResetHammer;6/17/2016 5:18:30 PM;(0.0, 0.0, 0.0)
name;position;rotation;scale
PPTtoUnity;(0.0, 0.0, 0.0);(0.0, 0.0, 0.0);(1.0, 1.0, 1.0)
Bein3;(-5.0, -0.3, -0.5);(0.0, 0.0, 0.0);(0.1, 0.8, 0.1)
VRPN;(0.2, 0.0, 0.2);(0.0, 0.0, 0.0);(1.0, 1.0, 1.0)
Directional Light;(0.0, 3.0, 0.0);(50.0, 330.0, 0.0);(1.0, 1.0, 1.0)
HammerContainerVR;(-5.6, 0.5, -0.8);(0.0, 0.0, 0.0);(1.0, 1.0, 1.0)
Text;(606.5, 236.5, 0.0);(0.0, 0.0, 0.0);(1.0, 1.0, 1.0)
Tischplatte;(-5.8, 0.1, -0.7);(0.0, 0.0, 0.0);(1.6, 0.0, 0.5)
wall_N;(-5.1, 0.7, 5.1);(90.0, 0.0, 0.0);(8.0, 0.1, 2.8)
InputField;(606.5, 237.0, 0.0);(0.0, 0.0, 0.0);(1.0, 1.0, 1.0)
UIElements;(-5.2, 0.5, 5.0);(0.0, 0.0, 0.0);(1.0, 1.0, 1.0)
outside;(-4.7, 0.1, -0.7);(0.0, 0.0, 0.0);(0.5, 0.0, 2.0)
wall_E;(-1.2, 0.7, -0.8);(0.0, 0.0, 90.0);(2.8, 0.1, 12.0)
Placeholder;(606.5, 236.5, 0.0);(0.0, 0.0, 0.0);(1.0, 1.0, 1.0)
wall_W;(-9.0, 0.7, -0.8);(0.0, 0.0, 90.0);(2.8, 0.1, 12.0)
Bein2;(-6.5, -0.3, -0.9);(0.0, 0.0, 0.0);(0.1, 0.8, 0.1)
Hits;(-5.2, 1.7, 5.0);(0.0, 0.0, 0.0);(1.0, 1.0, 1.0)
Bein4;(-5.0, -0.3, -0.9);(0.0, 0.0, 0.0);(0.1, 0.8, 0.1)
Room;(-5.1, 0.4, -0.8);(0.0, 0.0, 0.0);(1.0, 1.0, 1.0)
Animals;(-5.8, 0.2, -0.7);(0.0, 0.0, 0.0);(1.0, 1.0, 1.0)
Floor;(-5.1, -0.7, -0.8);(0.0, 0.0, 0.0);(8.0, 0.1, 12.0)
outside;(-5.8, 0.1, -1.3);(0.0, 0.0, 0.0);(2.0, 0.0, 0.5)
EventSystem;(0.0, 0.0, 0.0);(0.0, 0.0, 0.0);(1.0, 1.0, 1.0)
Pivot;(-5.8, 0.4, -1.0);(0.0, 90.0, 90.0);(0.1, 0.1, 0.1)
bounds;(-5.8, 0.3, -0.7);(0.0, 0.0, 0.0);(1.6, 0.4, 0.5)
outside;(-6.9, 0.1, -0.7);(0.0, 0.0, 0.0);(0.5, 0.0, 2.0)
Points;(-5.2, 1.1, 5.0);(0.0, 0.0, 0.0);(1.0, 1.0, 1.0)
ViewManager;(0.0, 0.0, 0.0);(0.0, 0.0, 0.0);(1.0, 1.0, 1.0)
Setup;(-6.6, -0.9, 5.2);(0.0, 0.0, 0.0);(1.0, 1.0, 1.0)
outside;(-5.8, 0.1, -0.1);(0.0, 0.0, 0.0);(2.0, 0.0, 0.5)
CanvasVR;(-8.3, -0.7, 5.0);(0.0, 0.0, 0.0);(0.0, 0.0, 0.0)
Area Light;(-5.1, 1.9, -1.0);(56.3, 0.0, 0.0);(1.0, 1.0, 1.0)
Panel;(-5.2, 1.7, 5.0);(0.0, 0.0, 0.0);(1.0, 1.0, 1.0)
Tisch;(-5.8, 0.1, -0.7);(0.0, 0.0, 0.0);(1.0, 1.0, 1.0)
InputPanel;(606.5, 237.0, 0.0);(0.0, 0.0, 0.0);(1.0, 1.0, 1.0)
CameraVR;(-5.5, 0.1, -0.2);(359.9, 4.1, 358.7);(1.0, 1.0, 1.0)
wall_S;(-5.1, 0.7, -6.7);(90.0, 0.0, 0.0);(8.0, 0.1, 2.8)
Collider;(-5.8, 0.1, -0.7);(0.0, 0.0, 0.0);(1.0, 1.0, 1.0)
GameManager;(-5.8, 0.5, -0.8);(0.0, 0.0, 0.0);(1.0, 1.0, 1.0)
Canvas;(606.5, 237.0, 0.0);(0.0, 0.0, 0.0);(1.0, 1.0, 1.0)
Bein1;(-6.5, -0.3, -0.5);(0.0, 0.0, 0.0);(0.1, 0.8, 0.1)
PPTtoDummy;(-5.6, 0.5, -0.8);(291.7, 211.2, 198.9);(1.0, 1.0, 1.0)
SensorOffset;(0.0, 0.0, 0.0);(0.0, 0.0, 0.0);(1.0, 1.0, 1.0)
--------------------------------------------------------------------------------
Participant:200
Group:VR
End Time:6/17/2016 5:19:02 PM
--------------------------------------------------------------------------------
Condition:INIT
Start Time:6/17/2016 5:19:02 PM
Trials:2
ResetHitCounter;6/17/2016 5:19:02 PM;100;0
ResetHammer;6/17/2016 5:19:02 PM;(0.0, 0.0, 0.0)
UserEntry;6/17/2016 5:19:22 PM;Space
Hit;6/17/2016 5:19:26 PM;1;(-5.6, 0.1, -0.7);(0.0, 0.0, 0.0);5.651064
HitPoints;6/17/2016 5:19:26 PM;-10;90
Hit;6/17/2016 5:19:28 PM;2;(-5.6, 0.1, -0.7);(0.0, 0.0, 0.0);5.596745
HitPoints;6/17/2016 5:19:28 PM;-10;80
Hit;6/17/2016 5:19:29 PM;3;(-5.8, 0.1, -0.7);(0.0, 0.0, 0.0);5.800425
HitPoints;6/17/2016 5:19:29 PM;-10;70
Hit;6/17/2016 5:19:31 PM;4;(-5.6, 0.1, -0.7);(0.0, 0.0, 0.0);5.615559
HitPoints;6/17/2016 5:19:31 PM;-10;60
Hit;6/17/2016 5:19:33 PM;5;(-5.7, 0.1, -0.7);(0.0, 0.0, 0.0);5.763716
HitPoints;6/17/2016 5:19:33 PM;-10;50
Hit;6/17/2016 5:19:35 PM;6;(-5.6, 0.1, -0.7);(0.0, 0.0, 0.0);5.628822
HitPoints;6/17/2016 5:19:35 PM;-10;40
Hit;6/17/2016 5:19:36 PM;7;(-5.7, 0.1, -0.7);(0.0, 0.0, 0.0);5.744119
HitPoints;6/17/2016 5:19:36 PM;-10;30
UserEntry;6/17/2016 5:19:38 PM;Space
End Time:6/17/2016 5:19:38 PM
--------------------------------------------------------------------------------
Condition:TRAINING
Start Time:6/17/2016 5:19:38 PM
Trials:2
ResetHitCounter;6/17/2016 5:19:38 PM;100;0
ResetHammer;6/17/2016 5:19:38 PM;(0.0, 0.0, 0.0)
BoxActivate;6/17/2016 5:19:38 PM;1
UserEntry;6/17/2016 5:19:40 PM;Space
Hit;6/17/2016 5:19:41 PM;1;(-5.6, 0.1, -0.7);(-5.8, 0.2, -0.7);0.1423555
HitPoints;6/17/2016 5:19:41 PM;-10;90
Hit;6/17/2016 5:19:43 PM;2;(-5.8, 0.1, -0.8);(-6.0, 0.2, -0.7);0.1698297
HitPoints;6/17/2016 5:19:43 PM;-10;80
Hit;6/17/2016 5:19:44 PM;3;(-5.9, 0.1, -0.7);(-6.2, 0.2, -0.7);0.2818684
HitPoints;6/17/2016 5:19:44 PM;-10;70
Hit;6/17/2016 5:19:46 PM;4;(-5.9, 0.1, -0.7);(-6.4, 0.2, -0.7);0.4342788
HitPoints;6/17/2016 5:19:46 PM;-10;60
GoalPoints;6/17/2016 5:19:47 PM;30;90
EnteredGoal;6/17/2016 5:19:47 PM
UserEntry;6/17/2016 5:19:52 PM;Space
End Time:6/17/2016 5:19:52 PM
--------------------------------------------------------------------------------
Condition:CONDITION_INSECT
Start Time:6/17/2016 5:19:52 PM
Trials:2
ResetHitCounter;6/17/2016 5:19:52 PM;100;0
ResetHammer;6/17/2016 5:19:52 PM;(0.0, 0.0, 0.0)
BoxActivate;6/17/2016 5:19:52 PM;0
UserEntry;6/17/2016 5:19:53 PM;Space
DestroyAnimal;6/17/2016 5:19:55 PM;spider(Clone)
HitPoints;6/17/2016 5:19:55 PM;-30;70
EnteredGoal;6/17/2016 5:19:55 PM
UserEntry;6/17/2016 5:19:56 PM;Space
----------------------------------------
Trial:2
Start Time:6/17/2016 5:19:56 PM
ResetHitCounter;6/17/2016 5:19:56 PM;100;0
ResetHammer;6/17/2016 5:19:56 PM;(0.0, 0.0, 0.0)
BoxActivate;6/17/2016 5:19:56 PM;0
UserEntry;6/17/2016 5:19:58 PM;Space
DestroyAnimal;6/17/2016 5:19:58 PM;spider(Clone)
HitPoints;6/17/2016 5:19:58 PM;-30;70
EnteredGoal;6/17/2016 5:19:58 PM
UserEntry;6/17/2016 5:19:59 PM;Space
End Time:6/17/2016 5:19:59 PM
--------------------------------------------------------------------------------
Condition:CONDITION_INSECT_DEATH
Start Time:6/17/2016 5:19:59 PM
Trials:2
ResetHitCounter;6/17/2016 5:19:59 PM;100;0
ResetHammer;6/17/2016 5:19:59 PM;(0.0, 0.0, 0.0)
BoxActivate;6/17/2016 5:19:59 PM;0
UserEntry;6/17/2016 5:20:00 PM;Space
KillAnimal;6/17/2016 5:20:00 PM;spider(Clone)
HitPoints;6/17/2016 5:20:00 PM;-30;70
EnteredGoal;6/17/2016 5:20:00 PM
UserEntry;6/17/2016 5:20:02 PM;Space
----------------------------------------
Trial:2
Start Time:6/17/2016 5:20:02 PM
ResetHitCounter;6/17/2016 5:20:02 PM;100;0
ResetHammer;6/17/2016 5:20:02 PM;(0.0, 0.0, 0.0)
BoxActivate;6/17/2016 5:20:02 PM;0
UserEntry;6/17/2016 5:20:05 PM;Space
KillAnimal;6/17/2016 5:20:05 PM;spider(Clone)
HitPoints;6/17/2016 5:20:05 PM;-30;70
EnteredGoal;6/17/2016 5:20:05 PM
UserEntry;6/17/2016 5:20:07 PM;Space
End Time:6/17/2016 5:20:07 PM
--------------------------------------------------------------------------------
Condition:CONDITION_INSECT_KILL
Start Time:6/17/2016 5:20:07 PM
Trials:2
ResetHitCounter;6/17/2016 5:20:07 PM;100;0
ResetHammer;6/17/2016 5:20:07 PM;(0.0, 0.0, 0.0)
UserEntry;6/17/2016 5:20:07 PM;Space
KillAnimal;6/17/2016 5:20:08 PM;spider(Clone)
GoalPoints;6/17/2016 5:20:08 PM;50;150
EnteredGoal;6/17/2016 5:20:08 PM
UserEntry;6/17/2016 5:20:09 PM;Space
----------------------------------------
Trial:2
Start Time:6/17/2016 5:20:09 PM
ResetHitCounter;6/17/2016 5:20:09 PM;100;0
ResetHammer;6/17/2016 5:20:09 PM;(0.0, 0.0, 0.0)
UserEntry;6/17/2016 5:20:09 PM;Space
KillAnimal;6/17/2016 5:20:10 PM;spider(Clone)
GoalPoints;6/17/2016 5:20:10 PM;50;150
EnteredGoal;6/17/2016 5:20:10 PM
UserEntry;6/17/2016 5:20:10 PM;Space
End Time:6/17/2016 5:20:10 PM
--------------------------------------------------------------------------------
Condition:CONDITION_REPTILE
Start Time:6/17/2016 5:20:10 PM
Trials:2
ResetHitCounter;6/17/2016 5:20:10 PM;100;0
ResetHammer;6/17/2016 5:20:10 PM;(0.0, 0.0, 0.0)
BoxActivate;6/17/2016 5:20:10 PM;0
UserEntry;6/17/2016 5:20:11 PM;Space
DestroyAnimal;6/17/2016 5:20:15 PM;GeckoModel(Clone)
HitPoints;6/17/2016 5:20:15 PM;-30;70
EnteredGoal;6/17/2016 5:20:15 PM
UserEntry;6/17/2016 5:20:17 PM;Space
----------------------------------------
Trial:2
Start Time:6/17/2016 5:20:17 PM
ResetHitCounter;6/17/2016 5:20:17 PM;100;0
ResetHammer;6/17/2016 5:20:17 PM;(0.0, 0.0, 0.0)
BoxActivate;6/17/2016 5:20:17 PM;1
DestroyAnimal;6/17/2016 5:20:17 PM;GeckoModel(Clone)
HitPoints;6/17/2016 5:20:17 PM;-30;70
EnteredGoal;6/17/2016 5:20:17 PM
UserEntry;6/17/2016 5:20:25 PM;Space
End Time:6/17/2016 5:20:25 PM
--------------------------------------------------------------------------------
Condition:CONDITION_REPTILE_DEATH
Start Time:6/17/2016 5:20:25 PM
Trials:2
ResetHitCounter;6/17/2016 5:20:25 PM;100;0
ResetHammer;6/17/2016 5:20:25 PM;(0.0, 0.0, 0.0)
BoxActivate;6/17/2016 5:20:25 PM;1
UserEntry;6/17/2016 5:20:33 PM;Space
Hit;6/17/2016 5:20:34 PM;1;(-5.7, 0.1, -0.7);(-5.8, 0.1, -0.7);0.1129995
HitPoints;6/17/2016 5:20:34 PM;-10;90
Hit;6/17/2016 5:20:35 PM;2;(-5.8, 0.1, -0.7);(-5.9, 0.1, -0.7);0.1448325
HitPoints;6/17/2016 5:20:35 PM;-10;80
Hit;6/17/2016 5:20:37 PM;3;(-5.9, 0.1, -0.7);(-6.0, 0.1, -0.7);0.1397848
HitPoints;6/17/2016 5:20:37 PM;-10;70
KillAnimal;6/17/2016 5:20:39 PM;GeckoModel(Clone)
HitPoints;6/17/2016 5:20:39 PM;-30;40
EnteredGoal;6/17/2016 5:20:39 PM
UserEntry;6/17/2016 5:20:43 PM;Space
----------------------------------------
Trial:2
Start Time:6/17/2016 5:20:43 PM
ResetHitCounter;6/17/2016 5:20:43 PM;100;0
ResetHammer;6/17/2016 5:20:43 PM;(0.0, 0.0, 0.0)
BoxActivate;6/17/2016 5:20:43 PM;0
UserEntry;6/17/2016 5:20:48 PM;Space
Hit;6/17/2016 5:20:49 PM;1;(-5.9, 0.1, -0.7);(-5.8, 0.1, -0.7);0.1322478
HitPoints;6/17/2016 5:20:49 PM;-10;90
Hit;6/17/2016 5:20:51 PM;2;(-5.8, 0.1, -0.6);(-5.6, 0.1, -0.7);0.1476751
HitPoints;6/17/2016 5:20:51 PM;-10;80
Hit;6/17/2016 5:20:52 PM;3;(-5.6, 0.1, -0.8);(-5.5, 0.1, -0.7);0.1293622
HitPoints;6/17/2016 5:20:52 PM;-10;70
Hit;6/17/2016 5:20:54 PM;4;(-5.5, 0.1, -0.7);(-5.4, 0.1, -0.7);0.1439208
HitPoints;6/17/2016 5:20:54 PM;-10;60
Hit;6/17/2016 5:20:56 PM;5;(-5.4, 0.1, -0.7);(-5.2, 0.1, -0.7);0.1463903
HitPoints;6/17/2016 5:20:56 PM;-10;50
GoalPoints;6/17/2016 5:20:56 PM;30;80
EnteredGoal;6/17/2016 5:20:56 PM
UserEntry;6/17/2016 5:21:01 PM;Space
End Time:6/17/2016 5:21:01 PM
--------------------------------------------------------------------------------
Condition:CONDITION_REPTILE_KILL
Start Time:6/17/2016 5:21:01 PM
Trials:2
ResetHitCounter;6/17/2016 5:21:01 PM;100;0
ResetHammer;6/17/2016 5:21:01 PM;(0.0, 0.0, 0.0)
UserEntry;6/17/2016 5:21:04 PM;Space
Hit;6/17/2016 5:21:05 PM;1;(-5.6, 0.1, -0.7);(-5.8, 0.1, -0.7);0.1563455
HitPoints;6/17/2016 5:21:05 PM;-10;90
KillAnimal;6/17/2016 5:21:07 PM;GeckoModel(Clone)
GoalPoints;6/17/2016 5:21:07 PM;50;140
EnteredGoal;6/17/2016 5:21:07 PM
UserEntry;6/17/2016 5:21:14 PM;Space
----------------------------------------
Trial:2
Start Time:6/17/2016 5:21:14 PM
ResetHitCounter;6/17/2016 5:21:14 PM;100;0
ResetHammer;6/17/2016 5:21:14 PM;(0.0, 0.0, 0.0)
UserEntry;6/17/2016 5:21:16 PM;Space
KillAnimal;6/17/2016 5:21:17 PM;GeckoModel(Clone)
GoalPoints;6/17/2016 5:21:17 PM;50;150
EnteredGoal;6/17/2016 5:21:17 PM
UserEntry;6/17/2016 5:21:22 PM;Space
End Time:6/17/2016 5:21:22 PM
--------------------------------------------------------------------------------
Condition:CONDITION_MAMMAL
Start Time:6/17/2016 5:21:22 PM
Trials:2
ResetHitCounter;6/17/2016 5:21:22 PM;100;0
ResetHammer;6/17/2016 5:21:22 PM;(0.0, 0.0, 0.0)
BoxActivate;6/17/2016 5:21:22 PM;1
UserEntry;6/17/2016 5:21:25 PM;Space
DestroyAnimal;6/17/2016 5:21:26 PM;KittenNPC(Clone)
HitPoints;6/17/2016 5:21:26 PM;-30;70
EnteredGoal;6/17/2016 5:21:26 PM
UserEntry;6/17/2016 5:21:27 PM;Space
----------------------------------------
Trial:2
Start Time:6/17/2016 5:21:27 PM
ResetHitCounter;6/17/2016 5:21:27 PM;100;0
ResetHammer;6/17/2016 5:21:27 PM;(0.0, 0.0, 0.0)
BoxActivate;6/17/2016 5:21:27 PM;0
UserEntry;6/17/2016 5:21:28 PM;Space
UserEntry;6/17/2016 5:21:35 PM;Space
Hit;6/17/2016 5:21:35 PM;1;(-6.0, 0.1, -0.8);(-5.8, 0.1, -0.7);0.2202329
HitPoints;6/17/2016 5:21:35 PM;-10;90
Hit;6/17/2016 5:21:37 PM;2;(-5.9, 0.1, -0.6);(-5.6, 0.1, -0.7);0.2446546
HitPoints;6/17/2016 5:21:37 PM;-10;80
Hit;6/17/2016 5:21:39 PM;3;(-5.7, 0.1, -0.7);(-5.5, 0.1, -0.7);0.2149587
HitPoints;6/17/2016 5:21:39 PM;-10;70
Hit;6/17/2016 5:21:40 PM;4;(-5.6, 0.1, -0.7);(-5.3, 0.1, -0.7);0.2156464
HitPoints;6/17/2016 5:21:40 PM;-10;60
Hit;6/17/2016 5:21:42 PM;5;(-5.4, 0.1, -0.8);(-5.2, 0.1, -0.7);0.2544413
HitPoints;6/17/2016 5:21:42 PM;-10;50
GoalPoints;6/17/2016 5:21:42 PM;30;80
EnteredGoal;6/17/2016 5:21:42 PM
UserEntry;6/17/2016 5:21:44 PM;Space
End Time:6/17/2016 5:21:44 PM
--------------------------------------------------------------------------------
Condition:CONDITION_MAMMAL_DEATH
Start Time:6/17/2016 5:21:44 PM
Trials:2
ResetHitCounter;6/17/2016 5:21:44 PM;100;0
ResetHammer;6/17/2016 5:21:44 PM;(0.0, 0.0, 0.0)
BoxActivate;6/17/2016 5:21:44 PM;0
UserEntry;6/17/2016 5:21:46 PM;Space
Hit;6/17/2016 5:21:46 PM;1;(-5.9, 0.1, -0.7);(-5.8, 0.1, -0.7);0.1673197
HitPoints;6/17/2016 5:21:46 PM;-10;90
KillAnimal;6/17/2016 5:21:48 PM;KittenNPC(Clone)
HitPoints;6/17/2016 5:21:48 PM;-30;60
EnteredGoal;6/17/2016 5:21:48 PM
UserEntry;6/17/2016 5:21:51 PM;Space
----------------------------------------
Trial:2
Start Time:6/17/2016 5:21:51 PM
ResetHitCounter;6/17/2016 5:21:51 PM;100;0
ResetHammer;6/17/2016 5:21:51 PM;(0.0, 0.0, 0.0)
BoxActivate;6/17/2016 5:21:51 PM;1
UserEntry;6/17/2016 5:21:51 PM;Space
KillAnimal;6/17/2016 5:21:52 PM;KittenNPC(Clone)
HitPoints;6/17/2016 5:21:52 PM;-30;70
EnteredGoal;6/17/2016 5:21:52 PM
UserEntry;6/17/2016 5:21:56 PM;Space
End Time:6/17/2016 5:21:56 PM
--------------------------------------------------------------------------------
Condition:CONDITION_MAMMAL_KILL
Start Time:6/17/2016 5:21:56 PM
Trials:2
ResetHitCounter;6/17/2016 5:21:56 PM;100;0
ResetHammer;6/17/2016 5:21:56 PM;(0.0, 0.0, 0.0)
UserEntry;6/17/2016 5:21:58 PM;Space
Hit;6/17/2016 5:21:59 PM;1;(-6.0, 0.1, -0.8);(-5.8, 0.1, -0.7);0.2492037
HitPoints;6/17/2016 5:21:59 PM;-10;90
Hit;6/17/2016 5:22:01 PM;2;(-5.7, 0.1, -0.6);(-5.6, 0.1, -0.7);0.1459286
HitPoints;6/17/2016 5:22:01 PM;-10;80
Hit;6/17/2016 5:22:03 PM;3;(-5.5, 0.1, -0.9);(-5.5, 0.1, -0.8);0.1555255
HitPoints;6/17/2016 5:22:03 PM;-10;70
Hit;6/17/2016 5:22:04 PM;4;(-5.5, 0.1, -0.8);(-5.5, 0.1, -0.6);0.1846342
HitPoints;6/17/2016 5:22:04 PM;-10;60
OffTable;6/17/2016 5:22:04 PM;(-5.5, 0.1, -0.5)
EnteredGoal;6/17/2016 5:22:04 PM
UserEntry;6/17/2016 5:22:07 PM;Space
----------------------------------------
Trial:2
Start Time:6/17/2016 5:22:07 PM
ResetHitCounter;6/17/2016 5:22:07 PM;100;0
ResetHammer;6/17/2016 5:22:07 PM;(0.0, 0.0, 0.0)
UserEntry;6/17/2016 5:22:08 PM;Space
KillAnimal;6/17/2016 5:22:09 PM;KittenNPC(Clone)
GoalPoints;6/17/2016 5:22:09 PM;50;150
EnteredGoal;6/17/2016 5:22:09 PM
UserEntry;6/17/2016 5:22:11 PM;Space
DestroyAnimal;6/17/2016 5:22:11 PM;KittenNPC(Clone)
name;position;rotation;scale
PPTtoUnity;(0.0, 0.0, 0.0);(0.0, 0.0, 0.0);(1.0, 1.0, 1.0)
Bein3;(-5.0, -0.3, -0.5);(0.0, 0.0, 0.0);(0.1, 0.8, 0.1)
VRPN;(0.3, 0.3, -0.2);(0.0, 0.0, 0.0);(1.0, 1.0, 1.0)
Directional Light;(0.0, 3.0, 0.0);(50.0, 330.0, 0.0);(1.0, 1.0, 1.0)
HammerContainerVR;(-5.5, 0.8, -1.1);(0.0, 0.0, 0.0);(1.0, 1.0, 1.0)
Text;(606.5, 236.5, 0.0);(0.0, 0.0, 0.0);(1.0, 1.0, 1.0)
Tischplatte;(-5.8, 0.1, -0.7);(0.0, 0.0, 0.0);(1.6, 0.0, 0.5)
wall_N;(-5.1, 0.7, 5.1);(90.0, 0.0, 0.0);(8.0, 0.1, 2.8)
InputField;(606.5, 237.0, 0.0);(0.0, 0.0, 0.0);(1.0, 1.0, 1.0)
UIElements;(-5.2, 0.5, 5.0);(0.0, 0.0, 0.0);(1.0, 1.0, 1.0)
outside;(-4.7, 0.1, -0.7);(0.0, 0.0, 0.0);(0.5, 0.0, 2.0)
wall_E;(-1.2, 0.7, -0.8);(0.0, 0.0, 90.0);(2.8, 0.1, 12.0)
Placeholder;(606.5, 236.5, 0.0);(0.0, 0.0, 0.0);(1.0, 1.0, 1.0)
wall_W;(-9.0, 0.7, -0.8);(0.0, 0.0, 90.0);(2.8, 0.1, 12.0)
Bein2;(-6.5, -0.3, -0.9);(0.0, 0.0, 0.0);(0.1, 0.8, 0.1)
Hits;(-5.2, 1.7, 5.0);(0.0, 0.0, 0.0);(1.0, 1.0, 1.0)
Bein4;(-5.0, -0.3, -0.9);(0.0, 0.0, 0.0);(0.1, 0.8, 0.1)
Room;(-5.1, 0.4, -0.8);(0.0, 0.0, 0.0);(1.0, 1.0, 1.0)
Animals;(-5.8, 0.2, -0.7);(0.0, 0.0, 0.0);(1.0, 1.0, 1.0)
Floor;(-5.1, -0.7, -0.8);(0.0, 0.0, 0.0);(8.0, 0.1, 12.0)
outside;(-5.8, 0.1, -1.3);(0.0, 0.0, 0.0);(2.0, 0.0, 0.5)
EventSystem;(0.0, 0.0, 0.0);(0.0, 0.0, 0.0);(1.0, 1.0, 1.0)
Pivot;(-5.8, 0.4, -1.0);(0.0, 90.0, 90.0);(0.1, 0.1, 0.1)
bounds;(-5.8, 0.3, -0.7);(0.0, 0.0, 0.0);(1.6, 0.4, 0.5)
outside;(-6.9, 0.1, -0.7);(0.0, 0.0, 0.0);(0.5, 0.0, 2.0)
Points;(-5.2, 1.1, 5.0);(0.0, 0.0, 0.0);(1.0, 1.0, 1.0)
ViewManager;(0.0, 0.0, 0.0);(0.0, 0.0, 0.0);(1.0, 1.0, 1.0)
Setup;(-6.6, -0.9, 5.2);(0.0, 0.0, 0.0);(1.0, 1.0, 1.0)
outside;(-5.8, 0.1, -0.1);(0.0, 0.0, 0.0);(2.0, 0.0, 0.5)
CanvasVR;(-8.3, -0.7, 5.0);(0.0, 0.0, 0.0);(0.0, 0.0, 0.0)
Area Light;(-5.1, 1.9, -1.0);(56.3, 0.0, 0.0);(1.0, 1.0, 1.0)
Panel;(-5.2, 1.7, 5.0);(0.0, 0.0, 0.0);(1.0, 1.0, 1.0)
Tisch;(-5.8, 0.1, -0.7);(0.0, 0.0, 0.0);(1.0, 1.0, 1.0)
InputPanel;(606.5, 237.0, 0.0);(0.0, 0.0, 0.0);(1.0, 1.0, 1.0)
CameraVR;(-5.4, 0.2, -0.1);(2.4, 355.5, 358.8);(1.0, 1.0, 1.0)
wall_S;(-5.1, 0.7, -6.7);(90.0, 0.0, 0.0);(8.0, 0.1, 2.8)
Collider;(-5.8, 0.1, -0.7);(0.0, 0.0, 0.0);(1.0, 1.0, 1.0)
GameManager;(-5.8, 0.5, -0.8);(0.0, 0.0, 0.0);(1.0, 1.0, 1.0)
Canvas;(606.5, 237.0, 0.0);(0.0, 0.0, 0.0);(1.0, 1.0, 1.0)
Bein1;(-6.5, -0.3, -0.5);(0.0, 0.0, 0.0);(0.1, 0.8, 0.1)
PPTtoDummy;(-5.5, 0.8, -1.1);(341.1, 157.0, 255.8);(1.0, 1.0, 1.0)
SensorOffset;(0.0, 0.0, 0.0);(0.0, 0.0, 0.0);(1.0, 1.0, 1.0)
--------------------------------------------------------------------------------
Participant:200
Group:VR
End Time:6/17/2016 5:33:14 PM
--------------------------------------------------------------------------------
Condition:INIT
Start Time:6/17/2016 5:33:14 PM
Trials:1
ResetHitCounter;6/17/2016 5:33:14 PM;100;0
ResetHammer;6/17/2016 5:33:14 PM;(0.0, 0.0, 0.0)
UserEntry;6/17/2016 5:33:56 PM;Space
Hit;6/17/2016 5:34:16 PM;1;(-5.5, 0.1, -0.8);(0.0, 0.0, 0.0);5.527656
HitPoints;6/17/2016 5:34:16 PM;-10;90
Hit;6/17/2016 5:34:18 PM;2;(-5.5, 0.1, -0.8);(0.0, 0.0, 0.0);5.530041
HitPoints;6/17/2016 5:34:18 PM;-10;80
Hit;6/17/2016 5:34:19 PM;3;(-5.5, 0.1, -0.8);(0.0, 0.0, 0.0);5.527843
HitPoints;6/17/2016 5:34:19 PM;-10;70
Hit;6/17/2016 5:34:20 PM;4;(-5.5, 0.1, -0.8);(0.0, 0.0, 0.0);5.529143
HitPoints;6/17/2016 5:34:20 PM;-10;60
Hit;6/17/2016 5:34:23 PM;5;(-5.5, 0.1, -0.8);(0.0, 0.0, 0.0);5.545976
HitPoints;6/17/2016 5:34:23 PM;-10;50
Hit;6/17/2016 5:34:24 PM;6;(-5.4, 0.1, -0.8);(0.0, 0.0, 0.0);5.498892
HitPoints;6/17/2016 5:34:24 PM;-10;40
Hit;6/17/2016 5:34:26 PM;7;(-5.4, 0.1, -0.8);(0.0, 0.0, 0.0);5.473613
HitPoints;6/17/2016 5:34:26 PM;-10;30
Hit;6/17/2016 5:34:27 PM;8;(-5.4, 0.1, -0.8);(0.0, 0.0, 0.0);5.460116
HitPoints;6/17/2016 5:34:27 PM;-10;20
Hit;6/17/2016 5:34:29 PM;9;(-5.4, 0.1, -0.8);(0.0, 0.0, 0.0);5.498295
HitPoints;6/17/2016 5:34:29 PM;-10;10
Hit;6/17/2016 5:34:30 PM;10;(-5.4, 0.1, -0.8);(0.0, 0.0, 0.0);5.473765
HitPoints;6/17/2016 5:34:30 PM;-10;0
Hit;6/17/2016 5:34:32 PM;11;(-5.4, 0.1, -0.8);(0.0, 0.0, 0.0);5.4256
HitPoints;6/17/2016 5:34:32 PM;-10;-10
Hit;6/17/2016 5:34:34 PM;12;(-5.4, 0.1, -0.8);(0.0, 0.0, 0.0);5.484
HitPoints;6/17/2016 5:34:34 PM;-10;-20
Hit;6/17/2016 5:34:35 PM;13;(-5.4, 0.1, -0.8);(0.0, 0.0, 0.0);5.43034
HitPoints;6/17/2016 5:34:35 PM;-10;-30
Hit;6/17/2016 5:34:37 PM;14;(-5.4, 0.1, -0.8);(0.0, 0.0, 0.0);5.447567
HitPoints;6/17/2016 5:34:37 PM;-10;-40
Hit;6/17/2016 5:34:39 PM;15;(-5.3, 0.1, -0.8);(0.0, 0.0, 0.0);5.386719
HitPoints;6/17/2016 5:34:39 PM;-10;-50
Hit;6/17/2016 5:34:40 PM;16;(-5.3, 0.1, -0.8);(0.0, 0.0, 0.0);5.328604
HitPoints;6/17/2016 5:34:40 PM;-10;-60
Hit;6/17/2016 5:34:42 PM;17;(-5.5, 0.1, -0.8);(0.0, 0.0, 0.0);5.513284
HitPoints;6/17/2016 5:34:42 PM;-10;-70
Hit;6/17/2016 5:34:43 PM;18;(-5.3, 0.1, -0.8);(0.0, 0.0, 0.0);5.405905
HitPoints;6/17/2016 5:34:43 PM;-10;-80
Hit;6/17/2016 5:34:44 PM;19;(-5.5, 0.1, -0.8);(0.0, 0.0, 0.0);5.584992
HitPoints;6/17/2016 5:34:44 PM;-10;-90
Hit;6/17/2016 5:34:46 PM;20;(-5.3, 0.1, -0.8);(0.0, 0.0, 0.0);5.392499
HitPoints;6/17/2016 5:34:46 PM;-10;-100
Hit;6/17/2016 5:34:47 PM;21;(-5.5, 0.1, -0.8);(0.0, 0.0, 0.0);5.552659
HitPoints;6/17/2016 5:34:47 PM;-10;-110
Hit;6/17/2016 5:34:49 PM;22;(-5.4, 0.1, -0.8);(0.0, 0.0, 0.0);5.41691
HitPoints;6/17/2016 5:34:49 PM;-10;-120
Hit;6/17/2016 5:34:50 PM;23;(-5.5, 0.1, -0.8);(0.0, 0.0, 0.0);5.576023
HitPoints;6/17/2016 5:34:50 PM;-10;-130
Hit;6/17/2016 5:34:52 PM;24;(-5.4, 0.1, -0.8);(0.0, 0.0, 0.0);5.444595
HitPoints;6/17/2016 5:34:52 PM;-10;-140
Hit;6/17/2016 5:34:53 PM;25;(-5.5, 0.1, -0.8);(0.0, 0.0, 0.0);5.569731
HitPoints;6/17/2016 5:34:53 PM;-10;-150
UserEntry;6/17/2016 5:34:55 PM;Space
End Time:6/17/2016 5:34:55 PM
--------------------------------------------------------------------------------
Condition:TRAINING
Start Time:6/17/2016 5:34:55 PM
Trials:1
ResetHitCounter;6/17/2016 5:34:55 PM;100;0
ResetHammer;6/17/2016 5:34:55 PM;(0.0, 0.0, 0.0)
BoxActivate;6/17/2016 5:34:55 PM;1
UserEntry;6/17/2016 5:35:09 PM;Space
Hit;6/17/2016 5:35:17 PM;1;(-5.7, 0.1, -0.7);(-5.8, 0.2, -0.7);0.03646537
HitPoints;6/17/2016 5:35:17 PM;-10;90
Hit;6/17/2016 5:35:26 PM;2;(-5.9, 0.1, -0.6);(-5.9, 0.2, -0.5);0.03749602
HitPoints;6/17/2016 5:35:26 PM;-10;80
EnteredGoal;6/17/2016 5:35:27 PM
EnteredGoal;6/17/2016 5:35:27 PM
EnteredGoal;6/17/2016 5:35:27 PM
EnteredGoal;6/17/2016 5:35:27 PM
EnteredGoal;6/17/2016 5:35:27 PM
BoxActivate;6/17/2016 5:35:29 PM;1
ResetHitCounter;6/17/2016 5:35:29 PM;100;0
BoxActivate;6/17/2016 5:35:29 PM;1
ResetHitCounter;6/17/2016 5:35:29 PM;100;0
BoxActivate;6/17/2016 5:35:29 PM;0
ResetHitCounter;6/17/2016 5:35:29 PM;100;0
BoxActivate;6/17/2016 5:35:29 PM;1
ResetHitCounter;6/17/2016 5:35:29 PM;100;0
BoxActivate;6/17/2016 5:35:29 PM;0
ResetHitCounter;6/17/2016 5:35:29 PM;100;0
UserEntry;6/17/2016 5:35:33 PM;Space
Hit;6/17/2016 5:35:42 PM;1;(-5.8, 0.1, -0.7);(-5.8, 0.2, -0.7);0.0826361
HitPoints;6/17/2016 5:35:42 PM;-10;90
Hit;6/17/2016 5:35:43 PM;2;(-5.7, 0.1, -0.7);(-5.6, 0.2, -0.8);0.1532466
HitPoints;6/17/2016 5:35:43 PM;-10;80
Hit;6/17/2016 5:35:47 PM;3;(-5.4, 0.1, -0.9);(-5.4, 0.2, -0.9);0.01614452
HitPoints;6/17/2016 5:35:47 PM;-10;70
Hit;6/17/2016 5:35:47 PM;4;(-5.4, 0.1, -0.9);(-5.3, 0.2, -0.8);0.1259882
HitPoints;6/17/2016 5:35:47 PM;-10;60
Hit;6/17/2016 5:35:48 PM;5;(-5.4, 0.1, -0.8);(-5.2, 0.3, -0.7);0.1790428
HitPoints;6/17/2016 5:35:48 PM;-10;50
GoalPoints;6/17/2016 5:35:49 PM;30;80
EnteredGoal;6/17/2016 5:35:49 PM
EnteredGoal;6/17/2016 5:35:50 PM
BoxActivate;6/17/2016 5:35:52 PM;1
ResetHitCounter;6/17/2016 5:35:52 PM;100;0
UserEntry;6/17/2016 5:35:57 PM;Space
Hit;6/17/2016 5:35:58 PM;1;(-5.7, 0.1, -0.7);(-5.8, 0.2, -0.7);0.06273253
HitPoints;6/17/2016 5:35:58 PM;-10;90
Hit;6/17/2016 5:36:00 PM;2;(-5.9, 0.1, -0.8);(-6.0, 0.2, -0.7);0.03035086
HitPoints;6/17/2016 5:36:00 PM;-10;80
Hit;6/17/2016 5:36:04 PM;3;(-6.1, 0.1, -0.7);(-6.2, 0.2, -0.7);0.04493849
HitPoints;6/17/2016 5:36:04 PM;-10;70
Hit;6/17/2016 5:36:11 PM;4;(-6.2, 0.1, -0.7);(-6.3, 0.2, -0.6);0.1381744
HitPoints;6/17/2016 5:36:11 PM;-10;60
GoalPoints;6/17/2016 5:36:12 PM;30;90
EnteredGoal;6/17/2016 5:36:12 PM
UserEntry;6/17/2016 5:36:18 PM;Space
End Time:6/17/2016 5:36:18 PM
--------------------------------------------------------------------------------
Condition:CONDITION_INSECT
Start Time:6/17/2016 5:36:18 PM
Trials:1
ResetHitCounter;6/17/2016 5:36:18 PM;100;0
ResetHammer;6/17/2016 5:36:18 PM;(0.0, 0.0, 0.0)
BoxActivate;6/17/2016 5:36:18 PM;0
UserEntry;6/17/2016 5:36:25 PM;Space
DestroyAnimal;6/17/2016 5:36:38 PM;spider(Clone)
HitPoints;6/17/2016 5:36:38 PM;-30;70
EnteredGoal;6/17/2016 5:36:38 PM
UserEntry;6/17/2016 5:36:46 PM;Space
End Time:6/17/2016 5:36:46 PM
--------------------------------------------------------------------------------
Condition:CONDITION_INSECT_DEATH
Start Time:6/17/2016 5:36:46 PM
Trials:1
ResetHitCounter;6/17/2016 5:36:46 PM;100;0
ResetHammer;6/17/2016 5:36:46 PM;(0.0, 0.0, 0.0)
BoxActivate;6/17/2016 5:36:46 PM;1
UserEntry;6/17/2016 5:36:48 PM;Space
Hit;6/17/2016 5:36:49 PM;1;(-5.6, 0.1, -0.8);(-5.8, 0.1, -0.7);0.1833169
HitPoints;6/17/2016 5:36:49 PM;-10;90
KillAnimal;6/17/2016 5:36:52 PM;spider(Clone)
HitPoints;6/17/2016 5:36:52 PM;-30;60
EnteredGoal;6/17/2016 5:36:52 PM
UserEntry;6/17/2016 5:36:59 PM;Space
End Time:6/17/2016 5:36:59 PM
--------------------------------------------------------------------------------
Condition:CONDITION_INSECT_KILL
Start Time:6/17/2016 5:36:59 PM
Trials:1
ResetHitCounter;6/17/2016 5:36:59 PM;100;0
ResetHammer;6/17/2016 5:36:59 PM;(0.0, 0.0, 0.0)
UserEntry;6/17/2016 5:37:01 PM;Space
Hit;6/17/2016 5:37:02 PM;1;(-5.6, 0.1, -0.7);(-5.8, 0.1, -0.7);0.1434208
HitPoints;6/17/2016 5:37:02 PM;-10;90
KillAnimal;6/17/2016 5:37:08 PM;spider(Clone)
GoalPoints;6/17/2016 5:37:08 PM;50;140
EnteredGoal;6/17/2016 5:37:08 PM
UserEntry;6/17/2016 5:37:12 PM;Space
End Time:6/17/2016 5:37:12 PM
--------------------------------------------------------------------------------
Condition:CONDITION_REPTILE
Start Time:6/17/2016 5:37:12 PM
Trials:1
ResetHitCounter;6/17/2016 5:37:12 PM;100;0
ResetHammer;6/17/2016 5:37:12 PM;(0.0, 0.0, 0.0)
BoxActivate;6/17/2016 5:37:13 PM;1
UserEntry;6/17/2016 5:37:14 PM;Space
DestroyAnimal;6/17/2016 5:37:17 PM;GeckoModel(Clone)
HitPoints;6/17/2016 5:37:17 PM;-30;70
EnteredGoal;6/17/2016 5:37:17 PM
UserEntry;6/17/2016 5:37:18 PM;Space
End Time:6/17/2016 5:37:18 PM
--------------------------------------------------------------------------------
Condition:CONDITION_REPTILE_DEATH
Start Time:6/17/2016 5:37:18 PM
Trials:1
ResetHitCounter;6/17/2016 5:37:18 PM;100;0
ResetHammer;6/17/2016 5:37:18 PM;(0.0, 0.0, 0.0)
BoxActivate;6/17/2016 5:37:18 PM;1
UserEntry;6/17/2016 5:37:20 PM;Space
KillAnimal;6/17/2016 5:37:22 PM;GeckoModel(Clone)
HitPoints;6/17/2016 5:37:22 PM;-30;70
EnteredGoal;6/17/2016 5:37:22 PM
UserEntry;6/17/2016 5:37:26 PM;Space
End Time:6/17/2016 5:37:26 PM
--------------------------------------------------------------------------------
Condition:CONDITION_REPTILE_KILL
Start Time:6/17/2016 5:37:26 PM
Trials:1
ResetHitCounter;6/17/2016 5:37:26 PM;100;0
ResetHammer;6/17/2016 5:37:26 PM;(0.0, 0.0, 0.0)
UserEntry;6/17/2016 5:37:29 PM;Space
Hit;6/17/2016 5:37:30 PM;1;(-5.7, 0.1, -0.8);(-5.8, 0.1, -0.7);0.1086043
HitPoints;6/17/2016 5:37:30 PM;-10;90
Hit;6/17/2016 5:37:31 PM;2;(-5.7, 0.1, -0.7);(-5.9, 0.1, -0.7);0.1756146
HitPoints;6/17/2016 5:37:31 PM;-10;80
Hit;6/17/2016 5:37:33 PM;3;(-5.9, 0.1, -0.7);(-6.0, 0.1, -0.6);0.1987842
HitPoints;6/17/2016 5:37:33 PM;-10;70
Hit;6/17/2016 5:37:34 PM;4;(-6.0, 0.1, -0.7);(-6.1, 0.1, -0.5);0.2272321
HitPoints;6/17/2016 5:37:34 PM;-10;60
OffTable;6/17/2016 5:37:35 PM;(-6.3, 0.1, -0.4)
EnteredGoal;6/17/2016 5:37:35 PM
UserEntry;6/17/2016 5:37:43 PM;Space
End Time:6/17/2016 5:37:43 PM
--------------------------------------------------------------------------------
Condition:CONDITION_MAMMAL
Start Time:6/17/2016 5:37:43 PM
Trials:1
ResetHitCounter;6/17/2016 5:37:43 PM;100;0
ResetHammer;6/17/2016 5:37:43 PM;(0.0, 0.0, 0.0)
BoxActivate;6/17/2016 5:37:43 PM;1
UserEntry;6/17/2016 5:37:45 PM;Space
Hit;6/17/2016 5:37:46 PM;1;(-5.6, 0.1, -0.7);(-5.8, 0.1, -0.7);0.1534215
HitPoints;6/17/2016 5:37:46 PM;-10;90
Hit;6/17/2016 5:37:48 PM;2;(-5.8, 0.1, -0.7);(-5.9, 0.1, -0.7);0.1366952
HitPoints;6/17/2016 5:37:48 PM;-10;80
Hit;6/17/2016 5:37:49 PM;3;(-5.9, 0.1, -0.7);(-6.1, 0.1, -0.7);0.1281624
HitPoints;6/17/2016 5:37:49 PM;-10;70
Hit;6/17/2016 5:37:51 PM;4;(-6.1, 0.1, -0.7);(-6.2, 0.1, -0.7);0.1369698
HitPoints;6/17/2016 5:37:51 PM;-10;60
Hit;6/17/2016 5:37:52 PM;5;(-6.2, 0.1, -0.7);(-6.3, 0.1, -0.7);0.1707647
HitPoints;6/17/2016 5:37:52 PM;-10;50
GoalPoints;6/17/2016 5:37:52 PM;30;80
EnteredGoal;6/17/2016 5:37:52 PM
UserEntry;6/17/2016 5:37:54 PM;Space
End Time:6/17/2016 5:37:54 PM
--------------------------------------------------------------------------------
Condition:CONDITION_MAMMAL_DEATH
Start Time:6/17/2016 5:37:54 PM
Trials:1
ResetHitCounter;6/17/2016 5:37:54 PM;100;0
ResetHammer;6/17/2016 5:37:54 PM;(0.0, 0.0, 0.0)
BoxActivate;6/17/2016 5:37:54 PM;1
KillAnimal;6/17/2016 5:37:54 PM;KittenNPC(Clone)
HitPoints;6/17/2016 5:37:54 PM;-30;70
EnteredGoal;6/17/2016 5:37:54 PM
UserEntry;6/17/2016 5:37:58 PM;Space
End Time:6/17/2016 5:37:58 PM
--------------------------------------------------------------------------------
Condition:CONDITION_MAMMAL_KILL
Start Time:6/17/2016 5:37:58 PM
Trials:1
ResetHitCounter;6/17/2016 5:37:58 PM;100;0
ResetHammer;6/17/2016 5:37:58 PM;(0.0, 0.0, 0.0)
UserEntry;6/17/2016 5:38:00 PM;Space
Hit;6/17/2016 5:38:00 PM;1;(-5.6, 0.1, -0.8);(-5.8, 0.1, -0.7);0.184066
HitPoints;6/17/2016 5:38:00 PM;-10;90
Hit;6/17/2016 5:38:02 PM;2;(-5.7, 0.1, -0.7);(-5.9, 0.1, -0.7);0.1986724
HitPoints;6/17/2016 5:38:02 PM;-10;80
KillAnimal;6/17/2016 5:38:03 PM;KittenNPC(Clone)
GoalPoints;6/17/2016 5:38:03 PM;50;130
EnteredGoal;6/17/2016 5:38:03 PM
UserEntry;6/17/2016 5:38:10 PM;Space
DestroyAnimal;6/17/2016 5:38:10 PM;KittenNPC(Clone)
UserEntry;6/17/2016 5:38:16 PM;Space
name;position;rotation;scale
PPTtoUnity;(0.0, 0.0, 0.0);(0.0, 0.0, 0.0);(1.0, 1.0, 1.0)
Bein3;(-5.0, -0.3, -0.5);(0.0, 0.0, 0.0);(0.1, 0.8, 0.1)
VRPN;(0.2, 0.0, 0.2);(0.0, 0.0, 0.0);(1.0, 1.0, 1.0)
Directional Light;(0.0, 3.0, 0.0);(50.0, 330.0, 0.0);(1.0, 1.0, 1.0)
HammerContainerVR;(-5.6, 0.5, -0.7);(0.0, 0.0, 0.0);(1.0, 1.0, 1.0)
Text;(513.5, 236.5, 0.0);(0.0, 0.0, 0.0);(1.0, 1.0, 1.0)
Tischplatte;(-5.8, 0.1, -0.7);(0.0, 0.0, 0.0);(1.6, 0.0, 0.5)
wall_N;(-5.1, 0.7, 5.1);(90.0, 0.0, 0.0);(8.0, 0.1, 2.8)
InputField;(513.5, 237.0, 0.0);(0.0, 0.0, 0.0);(1.0, 1.0, 1.0)
UIElements;(-5.7, 0.5, 5.0);(0.0, 0.0, 0.0);(1.0, 1.0, 1.0)
outside;(-4.7, 0.1, -0.7);(0.0, 0.0, 0.0);(0.5, 0.0, 2.0)
wall_E;(-1.2, 0.7, -0.8);(0.0, 0.0, 90.0);(2.8, 0.1, 12.0)
Placeholder;(513.5, 236.5, 0.0);(0.0, 0.0, 0.0);(1.0, 1.0, 1.0)
wall_W;(-9.0, 0.7, -0.8);(0.0, 0.0, 90.0);(2.8, 0.1, 12.0)
Bein2;(-6.5, -0.3, -0.9);(0.0, 0.0, 0.0);(0.1, 0.8, 0.1)
Hits;(-5.7, 1.7, 5.0);(0.0, 0.0, 0.0);(1.0, 1.0, 1.0)
Bein4;(-5.0, -0.3, -0.9);(0.0, 0.0, 0.0);(0.1, 0.8, 0.1)
Room;(-5.1, 0.4, -0.8);(0.0, 0.0, 0.0);(1.0, 1.0, 1.0)
Animals;(-5.8, 0.2, -0.7);(0.0, 0.0, 0.0);(1.0, 1.0, 1.0)
Floor;(-5.1, -0.7, -0.8);(0.0, 0.0, 0.0);(8.0, 0.1, 12.0)
outside;(-5.8, 0.1, -1.3);(0.0, 0.0, 0.0);(2.0, 0.0, 0.5)
EventSystem;(0.0, 0.0, 0.0);(0.0, 0.0, 0.0);(1.0, 1.0, 1.0)
Pivot;(-5.8, 0.4, -1.0);(0.0, 90.0, 90.0);(0.1, 0.1, 0.1)
bounds;(-5.8, 0.3, -0.7);(0.0, 0.0, 0.0);(1.6, 0.4, 0.5)
outside;(-6.9, 0.1, -0.7);(0.0, 0.0, 0.0);(0.5, 0.0, 2.0)
Points;(-5.7, 1.1, 5.0);(0.0, 0.0, 0.0);(1.0, 1.0, 1.0)
ViewManager;(0.0, 0.0, 0.0);(0.0, 0.0, 0.0);(1.0, 1.0, 1.0)
Setup;(-6.6, -0.9, 5.2);(0.0, 0.0, 0.0);(1.0, 1.0, 1.0)
outside;(-5.8, 0.1, -0.1);(0.0, 0.0, 0.0);(2.0, 0.0, 0.5)
CanvasVR;(-8.3, -0.7, 5.0);(0.0, 0.0, 0.0);(0.0, 0.0, 0.0)
Area Light;(-5.1, 1.9, -1.0);(56.3, 0.0, 0.0);(1.0, 1.0, 1.0)
Panel;(-5.7, 1.7, 5.0);(0.0, 0.0, 0.0);(1.0, 1.0, 1.0)
Tisch;(-5.8, 0.1, -0.7);(0.0, 0.0, 0.0);(1.0, 1.0, 1.0)
InputPanel;(513.5, 237.0, 0.0);(0.0, 0.0, 0.0);(1.0, 1.0, 1.0)
CameraVR;(-5.7, 0.1, -0.1);(2.2, 355.9, 358.7);(1.0, 1.0, 1.0)
wall_S;(-5.1, 0.7, -6.7);(90.0, 0.0, 0.0);(8.0, 0.1, 2.8)
Collider;(-5.8, 0.1, -0.7);(0.0, 0.0, 0.0);(1.0, 1.0, 1.0)
GameManager;(-5.8, 0.5, -0.8);(0.0, 0.0, 0.0);(1.0, 1.0, 1.0)
Canvas;(513.5, 237.0, 0.0);(0.0, 0.0, 0.0);(1.0, 1.0, 1.0)
Bein1;(-6.5, -0.3, -0.5);(0.0, 0.0, 0.0);(0.1, 0.8, 0.1)
PPTtoDummy;(-5.6, 0.5, -0.7);(350.3, 68.6, 351.4);(1.0, 1.0, 1.0)
SensorOffset;(0.0, 0.0, 0.0);(0.0, 0.0, 0.0);(1.0, 1.0, 1.0)
--------------------------------------------------------------------------------
Participant:200
Group:VR
End Time:6/17/2016 5:42:19 PM
--------------------------------------------------------------------------------
Condition:INIT
Start Time:6/17/2016 5:42:19 PM
Trials:1
ResetHitCounter;6/17/2016 5:42:19 PM;100;0
ResetHammer;6/17/2016 5:42:19 PM;(0.0, 0.0, 0.0)
name;position;rotation;scale
PPTtoUnity;(0.0, 0.0, 0.0);(0.0, 0.0, 0.0);(1.0, 1.0, 1.0)
Bein3;(-5.0, -0.3, -0.5);(0.0, 0.0, 0.0);(0.1, 0.8, 0.1)
VRPN;(0.2, -0.1, 0.2);(0.0, 0.0, 0.0);(1.0, 1.0, 1.0)
Directional Light;(0.0, 3.0, 0.0);(50.0, 330.0, 0.0);(1.0, 1.0, 1.0)
HammerContainerVR;(-5.6, 0.4, -0.8);(0.0, 0.0, 0.0);(1.0, 1.0, 1.0)
Text;(513.5, 236.5, 0.0);(0.0, 0.0, 0.0);(1.0, 1.0, 1.0)
Tischplatte;(-5.8, 0.1, -0.7);(0.0, 0.0, 0.0);(1.6, 0.0, 0.5)
wall_N;(-5.1, 0.7, 5.1);(90.0, 0.0, 0.0);(8.0, 0.1, 2.8)
InputField;(513.5, 237.0, 0.0);(0.0, 0.0, 0.0);(1.0, 1.0, 1.0)
UIElements;(-5.7, 0.5, 5.0);(0.0, 0.0, 0.0);(1.0, 1.0, 1.0)
outside;(-4.7, 0.1, -0.7);(0.0, 0.0, 0.0);(0.5, 0.0, 2.0)
wall_E;(-1.2, 0.7, -0.8);(0.0, 0.0, 90.0);(2.8, 0.1, 12.0)
Placeholder;(513.5, 236.5, 0.0);(0.0, 0.0, 0.0);(1.0, 1.0, 1.0)
wall_W;(-9.0, 0.7, -0.8);(0.0, 0.0, 90.0);(2.8, 0.1, 12.0)
Bein2;(-6.5, -0.3, -0.9);(0.0, 0.0, 0.0);(0.1, 0.8, 0.1)
Hits;(-5.7, 1.7, 5.0);(0.0, 0.0, 0.0);(1.0, 1.0, 1.0)
Bein4;(-5.0, -0.3, -0.9);(0.0, 0.0, 0.0);(0.1, 0.8, 0.1)
Room;(-5.1, 0.4, -0.8);(0.0, 0.0, 0.0);(1.0, 1.0, 1.0)
Animals;(-5.8, 0.2, -0.7);(0.0, 0.0, 0.0);(1.0, 1.0, 1.0)
Floor;(-5.1, -0.7, -0.8);(0.0, 0.0, 0.0);(8.0, 0.1, 12.0)
outside;(-5.8, 0.1, -1.3);(0.0, 0.0, 0.0);(2.0, 0.0, 0.5)
EventSystem;(0.0, 0.0, 0.0);(0.0, 0.0, 0.0);(1.0, 1.0, 1.0)
Pivot;(-5.8, 0.4, -1.0);(0.0, 90.0, 90.0);(0.1, 0.1, 0.1)
bounds;(-5.8, 0.3, -0.7);(0.0, 0.0, 0.0);(1.6, 0.4, 0.5)
outside;(-6.9, 0.1, -0.7);(0.0, 0.0, 0.0);(0.5, 0.0, 2.0)
Points;(-5.7, 1.1, 5.0);(0.0, 0.0, 0.0);(1.0, 1.0, 1.0)
ViewManager;(0.0, 0.0, 0.0);(0.0, 0.0, 0.0);(1.0, 1.0, 1.0)
Setup;(-6.6, -0.9, 5.2);(0.0, 0.0, 0.0);(1.0, 1.0, 1.0)
outside;(-5.8, 0.1, -0.1);(0.0, 0.0, 0.0);(2.0, 0.0, 0.5)
CanvasVR;(-8.3, -0.7, 5.0);(0.0, 0.0, 0.0);(0.0, 0.0, 0.0)
Area Light;(-5.1, 1.9, -1.0);(56.3, 0.0, 0.0);(1.0, 1.0, 1.0)
Panel;(-5.7, 1.7, 5.0);(0.0, 0.0, 0.0);(1.0, 1.0, 1.0)
Tisch;(-5.8, 0.1, -0.7);(0.0, 0.0, 0.0);(1.0, 1.0, 1.0)
InputPanel;(513.5, 237.0, 0.0);(0.0, 0.0, 0.0);(1.0, 1.0, 1.0)
CameraVR;(-5.7, 0.1, -0.1);(2.1, 356.2, 358.8);(1.0, 1.0, 1.0)
wall_S;(-5.1, 0.7, -6.7);(90.0, 0.0, 0.0);(8.0, 0.1, 2.8)
Collider;(-5.8, 0.1, -0.7);(0.0, 0.0, 0.0);(1.0, 1.0, 1.0)
GameManager;(-5.8, 0.5, -0.8);(0.0, 0.0, 0.0);(1.0, 1.0, 1.0)
Canvas;(513.5, 237.0, 0.0);(0.0, 0.0, 0.0);(1.0, 1.0, 1.0)
Bein1;(-6.5, -0.3, -0.5);(0.0, 0.0, 0.0);(0.1, 0.8, 0.1)
PPTtoDummy;(-5.6, 0.4, -0.8);(352.0, 96.8, 353.8);(1.0, 1.0, 1.0)
SensorOffset;(0.0, 0.0, 0.0);(0.0, 0.0, 0.0);(1.0, 1.0, 1.0)
--------------------------------------------------------------------------------
Participant:200
Group:VR
End Time:6/17/2016 5:45:00 PM
--------------------------------------------------------------------------------
Condition:INIT
Start Time:6/17/2016 5:45:00 PM
Trials:1
ResetHitCounter;6/17/2016 5:45:00 PM;100;0
ResetHammer;6/17/2016 5:45:00 PM;(0.0, 0.0, 0.0)
UserEntry;6/17/2016 5:45:07 PM;Space
name;position;rotation;scale
PPTtoUnity;(0.0, 0.0, 0.0);(0.0, 0.0, 0.0);(1.0, 1.0, 1.0)
Bein3;(-5.0, -0.3, -0.5);(0.0, 0.0, 0.0);(0.1, 0.8, 0.1)
VRPN;(0.2, -0.1, 0.2);(0.0, 0.0, 0.0);(1.0, 1.0, 1.0)
Directional Light;(0.0, 3.0, 0.0);(50.0, 330.0, 0.0);(1.0, 1.0, 1.0)
HammerContainerVR;(-5.6, 0.4, -0.8);(0.0, 0.0, 0.0);(1.0, 1.0, 1.0)
Text;(513.5, 236.5, 0.0);(0.0, 0.0, 0.0);(1.0, 1.0, 1.0)
Tischplatte;(-5.8, 0.1, -0.7);(0.0, 0.0, 0.0);(1.6, 0.0, 0.5)
wall_N;(-5.1, 0.7, 5.1);(90.0, 0.0, 0.0);(8.0, 0.1, 2.8)
InputField;(513.5, 237.0, 0.0);(0.0, 0.0, 0.0);(1.0, 1.0, 1.0)
UIElements;(-5.7, 0.5, 5.0);(0.0, 0.0, 0.0);(1.0, 1.0, 1.0)
outside;(-4.7, 0.1, -0.7);(0.0, 0.0, 0.0);(0.5, 0.0, 2.0)
wall_E;(-1.2, 0.7, -0.8);(0.0, 0.0, 90.0);(2.8, 0.1, 12.0)
Placeholder;(513.5, 236.5, 0.0);(0.0, 0.0, 0.0);(1.0, 1.0, 1.0)
wall_W;(-9.0, 0.7, -0.8);(0.0, 0.0, 90.0);(2.8, 0.1, 12.0)
Bein2;(-6.5, -0.3, -0.9);(0.0, 0.0, 0.0);(0.1, 0.8, 0.1)
Hits;(-5.7, 1.7, 5.0);(0.0, 0.0, 0.0);(1.0, 1.0, 1.0)
Bein4;(-5.0, -0.3, -0.9);(0.0, 0.0, 0.0);(0.1, 0.8, 0.1)
Room;(-5.1, 0.4, -0.8);(0.0, 0.0, 0.0);(1.0, 1.0, 1.0)
Animals;(-5.8, 0.2, -0.7);(0.0, 0.0, 0.0);(1.0, 1.0, 1.0)
Floor;(-5.1, -0.7, -0.8);(0.0, 0.0, 0.0);(8.0, 0.1, 12.0)
outside;(-5.8, 0.1, -1.3);(0.0, 0.0, 0.0);(2.0, 0.0, 0.5)
EventSystem;(0.0, 0.0, 0.0);(0.0, 0.0, 0.0);(1.0, 1.0, 1.0)
Pivot;(-5.8, 0.4, -1.0);(0.0, 90.0, 90.0);(0.1, 0.1, 0.1)
bounds;(-5.8, 0.3, -0.7);(0.0, 0.0, 0.0);(1.6, 0.4, 0.5)
outside;(-6.9, 0.1, -0.7);(0.0, 0.0, 0.0);(0.5, 0.0, 2.0)
Points;(-5.7, 1.1, 5.0);(0.0, 0.0, 0.0);(1.0, 1.0, 1.0)
ViewManager;(0.0, 0.0, 0.0);(0.0, 0.0, 0.0);(1.0, 1.0, 1.0)
Setup;(-6.6, -0.9, 5.2);(0.0, 0.0, 0.0);(1.0, 1.0, 1.0)
outside;(-5.8, 0.1, -0.1);(0.0, 0.0, 0.0);(2.0, 0.0, 0.5)
CanvasVR;(-8.3, -0.7, 5.0);(0.0, 0.0, 0.0);(0.0, 0.0, 0.0)
Area Light;(-5.1, 1.9, -1.0);(56.3, 0.0, 0.0);(1.0, 1.0, 1.0)
Panel;(-5.7, 1.7, 5.0);(0.0, 0.0, 0.0);(1.0, 1.0, 1.0)
Tisch;(-5.8, 0.1, -0.7);(0.0, 0.0, 0.0);(1.0, 1.0, 1.0)
InputPanel;(513.5, 237.0, 0.0);(0.0, 0.0, 0.0);(1.0, 1.0, 1.0)
CameraVR;(-5.7, 0.1, -0.1);(2.1, 356.3, 358.8);(1.0, 1.0, 1.0)
wall_S;(-5.1, 0.7, -6.7);(90.0, 0.0, 0.0);(8.0, 0.1, 2.8)
Collider;(-5.8, 0.1, -0.7);(0.0, 0.0, 0.0);(1.0, 1.0, 1.0)
GameManager;(-5.8, 0.5, -0.8);(0.0, 0.0, 0.0);(1.0, 1.0, 1.0)
Canvas;(513.5, 237.0, 0.0);(0.0, 0.0, 0.0);(1.0, 1.0, 1.0)
Bein1;(-6.5, -0.3, -0.5);(0.0, 0.0, 0.0);(0.1, 0.8, 0.1)
PPTtoDummy;(-5.6, 0.4, -0.8);(352.0, 96.8, 353.8);(1.0, 1.0, 1.0)
SensorOffset;(0.0, 0.0, 0.0);(0.0, 0.0, 0.0);(1.0, 1.0, 1.0)
--------------------------------------------------------------------------------
Participant:200
Group:VR
End Time:6/17/2016 5:46:10 PM
--------------------------------------------------------------------------------
Condition:INIT
Start Time:6/17/2016 5:46:10 PM
Trials:1
ResetHitCounter;6/17/2016 5:46:10 PM;100;0
ResetHammer;6/17/2016 5:46:10 PM;(0.0, 0.0, 0.0)
UserEntry;6/17/2016 5:46:17 PM;Space
name;position;rotation;scale
PPTtoUnity;(0.0, 0.0, 0.0);(0.0, 0.0, 0.0);(1.0, 1.0, 1.0)
Bein3;(-5.0, -0.3, -0.5);(0.0, 0.0, 0.0);(0.1, 0.8, 0.1)
VRPN;(0.2, -0.1, 0.2);(0.0, 0.0, 0.0);(1.0, 1.0, 1.0)
Directional Light;(0.0, 3.0, 0.0);(50.0, 330.0, 0.0);(1.0, 1.0, 1.0)
HammerContainerVR;(-5.6, 0.4, -0.8);(0.0, 0.0, 0.0);(1.0, 1.0, 1.0)
Text;(513.5, 236.5, 0.0);(0.0, 0.0, 0.0);(1.0, 1.0, 1.0)
Tischplatte;(-5.8, 0.1, -0.7);(0.0, 0.0, 0.0);(1.6, 0.0, 0.5)
wall_N;(-5.1, 0.7, 5.1);(90.0, 0.0, 0.0);(8.0, 0.1, 2.8)
InputField;(513.5, 237.0, 0.0);(0.0, 0.0, 0.0);(1.0, 1.0, 1.0)
UIElements;(-5.7, 0.5, 5.0);(0.0, 0.0, 0.0);(1.0, 1.0, 1.0)
outside;(-4.7, 0.1, -0.7);(0.0, 0.0, 0.0);(0.5, 0.0, 2.0)
wall_E;(-1.2, 0.7, -0.8);(0.0, 0.0, 90.0);(2.8, 0.1, 12.0)
Placeholder;(513.5, 236.5, 0.0);(0.0, 0.0, 0.0);(1.0, 1.0, 1.0)
wall_W;(-9.0, 0.7, -0.8);(0.0, 0.0, 90.0);(2.8, 0.1, 12.0)
Bein2;(-6.5, -0.3, -0.9);(0.0, 0.0, 0.0);(0.1, 0.8, 0.1)
Hits;(-5.7, 1.7, 5.0);(0.0, 0.0, 0.0);(1.0, 1.0, 1.0)
Bein4;(-5.0, -0.3, -0.9);(0.0, 0.0, 0.0);(0.1, 0.8, 0.1)
Room;(-5.1, 0.4, -0.8);(0.0, 0.0, 0.0);(1.0, 1.0, 1.0)
Animals;(-5.8, 0.2, -0.7);(0.0, 0.0, 0.0);(1.0, 1.0, 1.0)
Floor;(-5.1, -0.7, -0.8);(0.0, 0.0, 0.0);(8.0, 0.1, 12.0)
outside;(-5.8, 0.1, -1.3);(0.0, 0.0, 0.0);(2.0, 0.0, 0.5)
EventSystem;(0.0, 0.0, 0.0);(0.0, 0.0, 0.0);(1.0, 1.0, 1.0)
Pivot;(-5.8, 0.4, -1.0);(0.0, 90.0, 90.0);(0.1, 0.1, 0.1)
bounds;(-5.8, 0.3, -0.7);(0.0, 0.0, 0.0);(1.6, 0.4, 0.5)
outside;(-6.9, 0.1, -0.7);(0.0, 0.0, 0.0);(0.5, 0.0, 2.0)
Points;(-5.7, 1.1, 5.0);(0.0, 0.0, 0.0);(1.0, 1.0, 1.0)
ViewManager;(0.0, 0.0, 0.0);(0.0, 0.0, 0.0);(1.0, 1.0, 1.0)
Setup;(-6.6, -0.9, 5.2);(0.0, 0.0, 0.0);(1.0, 1.0, 1.0)
outside;(-5.8, 0.1, -0.1);(0.0, 0.0, 0.0);(2.0, 0.0, 0.5)
CanvasVR;(-8.3, -0.7, 5.0);(0.0, 0.0, 0.0);(0.0, 0.0, 0.0)
Area Light;(-5.1, 1.9, -1.0);(56.3, 0.0, 0.0);(1.0, 1.0, 1.0)
Panel;(-5.7, 1.7, 5.0);(0.0, 0.0, 0.0);(1.0, 1.0, 1.0)
Tisch;(-5.8, 0.1, -0.7);(0.0, 0.0, 0.0);(1.0, 1.0, 1.0)
InputPanel;(513.5, 237.0, 0.0);(0.0, 0.0, 0.0);(1.0, 1.0, 1.0)
CameraVR;(-5.7, 0.1, -0.1);(2.1, 356.2, 358.8);(1.0, 1.0, 1.0)
wall_S;(-5.1, 0.7, -6.7);(90.0, 0.0, 0.0);(8.0, 0.1, 2.8)
Collider;(-5.8, 0.1, -0.7);(0.0, 0.0, 0.0);(1.0, 1.0, 1.0)
GameManager;(-5.8, 0.5, -0.8);(0.0, 0.0, 0.0);(1.0, 1.0, 1.0)
Canvas;(513.5, 237.0, 0.0);(0.0, 0.0, 0.0);(1.0, 1.0, 1.0)
Bein1;(-6.5, -0.3, -0.5);(0.0, 0.0, 0.0);(0.1, 0.8, 0.1)
PPTtoDummy;(-5.6, 0.4, -0.8);(351.8, 96.9, 353.8);(1.0, 1.0, 1.0)
SensorOffset;(0.0, 0.0, 0.0);(0.0, 0.0, 0.0);(1.0, 1.0, 1.0)
--------------------------------------------------------------------------------
Participant:200
Group:VR
End Time:6/17/2016 5:46:48 PM
--------------------------------------------------------------------------------
Condition:INIT
Start Time:6/17/2016 5:46:48 PM
Trials:1
ResetHitCounter;6/17/2016 5:46:48 PM;100;0
ResetHammer;6/17/2016 5:46:48 PM;(0.0, 0.0, 0.0)
UserEntry;6/17/2016 5:47:40 PM;Space
UserEntry;6/17/2016 5:49:00 PM;Space
End Time:6/17/2016 5:49:00 PM
--------------------------------------------------------------------------------
Condition:TRAINING
Start Time:6/17/2016 5:49:00 PM
Trials:1
ResetHitCounter;6/17/2016 5:49:00 PM;100;0
ResetHammer;6/17/2016 5:49:00 PM;(0.0, 0.0, 0.0)
BoxActivate;6/17/2016 5:49:00 PM;1
EnteredGoal;6/17/2016 5:49:41 PM
BoxActivate;6/17/2016 5:49:43 PM;1
ResetHitCounter;6/17/2016 5:49:43 PM;100;0
EnteredGoal;6/17/2016 5:49:47 PM
BoxActivate;6/17/2016 5:49:49 PM;0
ResetHitCounter;6/17/2016 5:49:49 PM;100;0
EnteredGoal;6/17/2016 5:49:52 PM
BoxActivate;6/17/2016 5:49:54 PM;0
ResetHitCounter;6/17/2016 5:49:54 PM;100;0
UserEntry;6/17/2016 5:50:05 PM;Space
UserEntry;6/17/2016 5:50:06 PM;Space
End Time:6/17/2016 5:50:06 PM
--------------------------------------------------------------------------------
Condition:CONDITION_INSECT
Start Time:6/17/2016 5:50:06 PM
Trials:1
ResetHitCounter;6/17/2016 5:50:06 PM;100;0
ResetHammer;6/17/2016 5:50:06 PM;(0.0, 0.0, 0.0)
BoxActivate;6/17/2016 5:50:06 PM;1
UserEntry;6/17/2016 5:50:15 PM;Space
End Time:6/17/2016 5:50:15 PM
--------------------------------------------------------------------------------
Condition:CONDITION_INSECT_DEATH
Start Time:6/17/2016 5:50:15 PM
Trials:1
ResetHitCounter;6/17/2016 5:50:15 PM;100;0
ResetHammer;6/17/2016 5:50:15 PM;(0.0, 0.0, 0.0)
BoxActivate;6/17/2016 5:50:15 PM;0
UserEntry;6/17/2016 5:50:17 PM;Space
Hit;6/17/2016 5:50:18 PM;1;(-5.6, 0.1, -0.7);(-5.8, 0.1, -0.7);0.1791885
HitPoints;6/17/2016 5:50:18 PM;-10;90
Hit;6/17/2016 5:50:20 PM;2;(-6.0, 0.1, -0.7);(-5.9, 0.1, -0.7);0.1842306
HitPoints;6/17/2016 5:50:20 PM;-10;80
Hit;6/17/2016 5:50:22 PM;3;(-5.9, 0.1, -0.7);(-5.8, 0.1, -0.7);0.1525778
HitPoints;6/17/2016 5:50:22 PM;-10;70
Hit;6/17/2016 5:50:23 PM;4;(-5.9, 0.1, -0.7);(-5.7, 0.1, -0.7);0.1977457
HitPoints;6/17/2016 5:50:23 PM;-10;60
Hit;6/17/2016 5:50:24 PM;5;(-5.8, 0.1, -0.7);(-5.6, 0.1, -0.7);0.2285644
HitPoints;6/17/2016 5:50:24 PM;-10;50
Hit;6/17/2016 5:50:25 PM;6;(-5.7, 0.1, -0.7);(-5.5, 0.2, -0.7);0.1818177
HitPoints;6/17/2016 5:50:25 PM;-10;40
Hit;6/17/2016 5:50:25 PM;7;(-5.6, 0.1, -0.7);(-5.5, 0.1, -0.7);0.1504039
HitPoints;6/17/2016 5:50:25 PM;-10;30
Hit;6/17/2016 5:50:26 PM;8;(-5.6, 0.1, -0.7);(-5.4, 0.1, -0.7);0.1801164
HitPoints;6/17/2016 5:50:26 PM;-10;20
Hit;6/17/2016 5:50:30 PM;9;(-5.5, 0.1, -0.7);(-5.3, 0.1, -0.7);0.1611921
HitPoints;6/17/2016 5:50:30 PM;-10;10
Hit;6/17/2016 5:50:31 PM;10;(-5.4, 0.1, -0.7);(-5.2, 0.1, -0.7);0.2051594
HitPoints;6/17/2016 5:50:31 PM;-10;0
GoalPoints;6/17/2016 5:50:32 PM;30;30
EnteredGoal;6/17/2016 5:50:32 PM
UserEntry;6/17/2016 5:50:43 PM;Space
End Time:6/17/2016 5:50:43 PM
--------------------------------------------------------------------------------
Condition:CONDITION_INSECT_KILL
Start Time:6/17/2016 5:50:43 PM
Trials:1
ResetHitCounter;6/17/2016 5:50:43 PM;100;0
ResetHammer;6/17/2016 5:50:43 PM;(0.0, 0.0, 0.0)
UserEntry;6/17/2016 5:50:44 PM;Space
Hit;6/17/2016 5:50:47 PM;1;(-5.6, 0.1, -0.7);(-5.8, 0.1, -0.7);0.2044925
HitPoints;6/17/2016 5:50:47 PM;-10;90
Hit;6/17/2016 5:50:48 PM;2;(-5.6, 0.1, -0.7);(-5.9, 0.1, -0.7);0.2334573
HitPoints;6/17/2016 5:50:48 PM;-10;80
Hit;6/17/2016 5:50:48 PM;3;(-5.7, 0.1, -0.7);(-5.9, 0.1, -0.7);0.2378212
HitPoints;6/17/2016 5:50:48 PM;-10;70
Hit;6/17/2016 5:50:49 PM;4;(-5.8, 0.1, -0.7);(-6.0, 0.2, -0.7);0.1963548
HitPoints;6/17/2016 5:50:49 PM;-10;60
Hit;6/17/2016 5:50:50 PM;5;(-5.9, 0.1, -0.7);(-6.0, 0.1, -0.7);0.177865
HitPoints;6/17/2016 5:50:50 PM;-10;50
Hit;6/17/2016 5:50:52 PM;6;(-6.0, 0.1, -0.7);(-6.2, 0.1, -0.7);0.2517346
HitPoints;6/17/2016 5:50:52 PM;-10;40
Hit;6/17/2016 5:50:52 PM;7;(-6.0, 0.1, -0.7);(-6.3, 0.1, -0.6);0.2847665
HitPoints;6/17/2016 5:50:52 PM;-10;30
Hit;6/17/2016 5:50:58 PM;8;(-5.7, 0.1, -0.7);(-6.4, 0.1, -0.6);0.7003083
HitPoints;6/17/2016 5:50:58 PM;-10;20
Hit;6/17/2016 5:50:59 PM;9;(-5.8, 0.1, -0.7);(-6.5, 0.1, -0.6);0.7328712
HitPoints;6/17/2016 5:50:59 PM;-10;10
Hit;6/17/2016 5:50:59 PM;10;(-5.8, 0.1, -0.7);(-6.5, 0.1, -0.6);0.7069561
HitPoints;6/17/2016 5:50:59 PM;-10;0
OffTable;6/17/2016 5:50:59 PM;(-6.6, 0.1, -0.6)
EnteredGoal;6/17/2016 5:50:59 PM
UserEntry;6/17/2016 5:51:00 PM;Space
End Time:6/17/2016 5:51:00 PM
--------------------------------------------------------------------------------
Condition:CONDITION_REPTILE
Start Time:6/17/2016 5:51:00 PM
Trials:1
ResetHitCounter;6/17/2016 5:51:00 PM;100;0
ResetHammer;6/17/2016 5:51:00 PM;(0.0, 0.0, 0.0)
BoxActivate;6/17/2016 5:51:00 PM;0
UserEntry;6/17/2016 5:51:02 PM;Space
Hit;6/17/2016 5:51:07 PM;1;(-5.6, 0.1, -0.7);(-5.8, 0.1, -0.7);0.1440981
HitPoints;6/17/2016 5:51:07 PM;-10;90
Hit;6/17/2016 5:51:08 PM;2;(-5.7, 0.1, -0.7);(-5.9, 0.1, -0.7);0.2360555
HitPoints;6/17/2016 5:51:08 PM;-10;80
Hit;6/17/2016 5:51:09 PM;3;(-5.9, 0.1, -0.7);(-6.1, 0.1, -0.7);0.1824933
HitPoints;6/17/2016 5:51:09 PM;-10;70
Hit;6/17/2016 5:51:14 PM;4;(-6.0, 0.1, -0.7);(-6.2, 0.1, -0.7);0.1407038
HitPoints;6/17/2016 5:51:14 PM;-10;60
Hit;6/17/2016 5:51:17 PM;5;(-6.1, 0.1, -0.7);(-6.3, 0.1, -0.7);0.2704161
HitPoints;6/17/2016 5:51:17 PM;-10;50
UserEntry;6/17/2016 5:51:19 PM;Space
UserEntry;6/17/2016 5:51:20 PM;Space
Hit;6/17/2016 5:51:27 PM;6;(-5.6, 0.1, -0.7);(-6.5, 0.1, -0.7);0.841437
HitPoints;6/17/2016 5:51:27 PM;-10;40
OffTable;6/17/2016 5:51:28 PM;(-6.6, 0.1, -0.8)
EnteredGoal;6/17/2016 5:51:28 PM
UserEntry;6/17/2016 5:51:28 PM;Space
End Time:6/17/2016 5:51:28 PM
--------------------------------------------------------------------------------
Condition:CONDITION_REPTILE_DEATH
Start Time:6/17/2016 5:51:28 PM
Trials:1
ResetHitCounter;6/17/2016 5:51:28 PM;100;0
ResetHammer;6/17/2016 5:51:28 PM;(0.0, 0.0, 0.0)
BoxActivate;6/17/2016 5:51:28 PM;1
UserEntry;6/17/2016 5:51:29 PM;Space
Hit;6/17/2016 5:51:30 PM;1;(-5.5, 0.1, -0.7);(-5.8, 0.1, -0.7);0.2234197
HitPoints;6/17/2016 5:51:30 PM;-10;90
Hit;6/17/2016 5:51:31 PM;2;(-5.7, 0.1, -0.7);(-5.9, 0.1, -0.7);0.2149802
HitPoints;6/17/2016 5:51:31 PM;-10;80
Hit;6/17/2016 5:51:32 PM;3;(-5.8, 0.1, -0.7);(-6.0, 0.1, -0.7);0.235132
HitPoints;6/17/2016 5:51:32 PM;-10;70
Hit;6/17/2016 5:51:33 PM;4;(-6.0, 0.1, -0.7);(-6.2, 0.1, -0.7);0.1706842
HitPoints;6/17/2016 5:51:33 PM;-10;60
Hit;6/17/2016 5:51:44 PM;5;(-6.2, 0.1, -0.7);(-6.3, 0.1, -0.7);0.1369289
HitPoints;6/17/2016 5:51:44 PM;-10;50
GoalPoints;6/17/2016 5:51:45 PM;30;80
EnteredGoal;6/17/2016 5:51:45 PM
UserEntry;6/17/2016 5:51:45 PM;Space
End Time:6/17/2016 5:51:45 PM
--------------------------------------------------------------------------------
Condition:CONDITION_REPTILE_KILL
Start Time:6/17/2016 5:51:45 PM
Trials:1
ResetHitCounter;6/17/2016 5:51:45 PM;100;0
ResetHammer;6/17/2016 5:51:45 PM;(0.0, 0.0, 0.0)
UserEntry;6/17/2016 5:51:47 PM;Space
Hit;6/17/2016 5:51:47 PM;1;(-5.5, 0.1, -0.7);(-5.8, 0.1, -0.7);0.2311643
HitPoints;6/17/2016 5:51:47 PM;-10;90
KillAnimal;6/17/2016 5:51:49 PM;GeckoModel(Clone)
GoalPoints;6/17/2016 5:51:49 PM;50;140
EnteredGoal;6/17/2016 5:51:49 PM
UserEntry;6/17/2016 5:52:01 PM;Space
End Time:6/17/2016 5:52:01 PM
--------------------------------------------------------------------------------
Condition:CONDITION_MAMMAL
Start Time:6/17/2016 5:52:01 PM
Trials:1
ResetHitCounter;6/17/2016 5:52:01 PM;100;0
ResetHammer;6/17/2016 5:52:01 PM;(0.0, 0.0, 0.0)
BoxActivate;6/17/2016 5:52:01 PM;1
UserEntry;6/17/2016 5:52:04 PM;Space
DestroyAnimal;6/17/2016 5:52:05 PM;KittenNPC(Clone)
HitPoints;6/17/2016 5:52:05 PM;-30;70
EnteredGoal;6/17/2016 5:52:05 PM
UserEntry;6/17/2016 5:52:18 PM;Space
End Time:6/17/2016 5:52:18 PM
--------------------------------------------------------------------------------
Condition:CONDITION_MAMMAL_DEATH
Start Time:6/17/2016 5:52:18 PM
Trials:1
ResetHitCounter;6/17/2016 5:52:18 PM;100;0
ResetHammer;6/17/2016 5:52:18 PM;(0.0, 0.0, 0.0)
BoxActivate;6/17/2016 5:52:18 PM;0
UserEntry;6/17/2016 5:52:19 PM;Space
Hit;6/17/2016 5:52:19 PM;1;(-5.6, 0.1, -0.7);(-5.8, 0.1, -0.7);0.2067199
HitPoints;6/17/2016 5:52:19 PM;-10;90
Hit;6/17/2016 5:52:20 PM;2;(-5.7, 0.1, -0.7);(-5.9, 0.1, -0.7);0.2346213
HitPoints;6/17/2016 5:52:20 PM;-10;80
Hit;6/17/2016 5:52:21 PM;3;(-5.8, 0.1, -0.7);(-6.1, 0.1, -0.7);0.2328142
HitPoints;6/17/2016 5:52:21 PM;-10;70
Hit;6/17/2016 5:52:22 PM;4;(-5.9, 0.1, -0.7);(-6.2, 0.1, -0.7);0.2935163
HitPoints;6/17/2016 5:52:22 PM;-10;60
KillAnimal;6/17/2016 5:52:24 PM;KittenNPC(Clone)
HitPoints;6/17/2016 5:52:24 PM;-30;30
EnteredGoal;6/17/2016 5:52:24 PM
UserEntry;6/17/2016 5:52:28 PM;Space
End Time:6/17/2016 5:52:28 PM
--------------------------------------------------------------------------------
Condition:CONDITION_MAMMAL_KILL
Start Time:6/17/2016 5:52:28 PM
Trials:1
ResetHitCounter;6/17/2016 5:52:28 PM;100;0
ResetHammer;6/17/2016 5:52:28 PM;(0.0, 0.0, 0.0)
UserEntry;6/17/2016 5:52:29 PM;Space
Hit;6/17/2016 5:52:30 PM;1;(-5.6, 0.1, -0.7);(-5.8, 0.1, -0.7);0.1658363
HitPoints;6/17/2016 5:52:30 PM;-10;90
KillAnimal;6/17/2016 5:52:33 PM;KittenNPC(Clone)
GoalPoints;6/17/2016 5:52:33 PM;50;140
EnteredGoal;6/17/2016 5:52:33 PM
UserEntry;6/17/2016 5:52:39 PM;Space
DestroyAnimal;6/17/2016 5:52:39 PM;KittenNPC(Clone)
UserEntry;6/17/2016 5:52:49 PM;Space
