name;position;rotation;scale
Bone.011;(-5.8, 0.1, -0.8);(296.8, 344.7, 5.1);(1.0, 1.0, 1.0)
Bone.010;(-5.8, 0.1, -0.8);(285.1, 180.5, 180.0);(1.0, 1.0, 1.0)
Bone.009;(-5.8, 0.1, -0.8);(270.0, 0.5, 0.0);(1.0, 1.0, 1.0)
Bone.061;(-5.8, 0.1, -0.8);(310.0, 150.2, 314.5);(1.0, 1.0, 1.0)
Bone.028;(-5.8, 0.1, -0.8);(0.0, 0.5, 180.0);(1.0, 1.0, 1.0)
Bone.057;(-5.8, 0.1, -0.8);(310.0, 150.2, 242.7);(1.0, 1.0, 1.0)
Bone.019;(-5.7, 0.1, -0.7);(272.1, 122.3, 180.2);(1.0, 1.0, 1.0)
Bone.029;(-5.8, 0.2, -0.8);(272.8, 89.3, 205.3);(1.0, 1.0, 1.0)
Bone.063;(-5.8, 0.1, -0.8);(310.0, 150.2, 356.9);(1.0, 1.0, 1.0)
Bone.046;(-5.7, 0.1, -0.8);(270.0, 292.8, 0.0);(1.0, 1.0, 1.0)
Bone.008;(-5.8, 0.1, -0.8);(282.4, 0.5, 360.0);(1.0, 1.0, 1.0)
Bone.059;(-5.8, 0.1, -0.8);(310.0, 150.2, 285.2);(1.0, 1.0, 1.0)
Bone.047;(-5.7, 0.1, -0.8);(270.0, 335.3, 0.0);(1.0, 1.0, 1.0)
Bone.048;(-5.7, 0.1, -0.8);(270.0, 15.6, 0.0);(1.0, 1.0, 1.0)
Bone.044;(-5.7, 0.1, -0.8);(270.0, 221.2, 0.0);(1.0, 1.0, 1.0)
Bone.045;(-5.7, 0.1, -0.8);(270.0, 263.6, 0.0);(1.0, 1.0, 1.0)
Bone.050;(-5.8, 0.2, -0.8);(306.9, 347.7, 76.0);(1.0, 1.0, 1.0)
Bone.055;(-5.8, 0.1, -0.8);(310.0, 150.2, 202.4);(1.0, 1.0, 1.0)
Bone.060;(-5.8, 0.1, -0.8);(310.0, 150.2, 321.2);(1.0, 1.0, 1.0)
Bone.062;(-5.8, 0.1, -0.8);(310.0, 150.2, 1.6);(1.0, 1.0, 1.0)
Bone.007;(-5.8, 0.2, -0.8);(288.5, 180.5, 180.0);(1.0, 1.0, 1.0)
Bone.024;(-5.7, 0.1, -0.8);(270.0, 331.7, 0.0);(1.0, 1.0, 1.0)
Bone.056;(-5.8, 0.1, -0.8);(310.0, 150.2, 246.3);(1.0, 1.0, 1.0)
Bone.058;(-5.8, 0.1, -0.8);(310.0, 150.2, 285.6);(1.0, 1.0, 1.0)
Bone.026;(-5.7, 0.1, -0.8);(270.0, 256.9, 0.0);(1.0, 1.0, 1.0)
Bone.054;(-5.8, 0.1, -0.8);(310.0, 150.2, 197.8);(1.0, 1.0, 1.0)
Bone.027;(-5.7, 0.1, -0.8);(270.0, 216.4, 0.0);(1.0, 1.0, 1.0)
Bone.079;(-5.8, 0.2, -0.8);(344.9, 346.8, 75.2);(1.0, 1.0, 1.0)
Bone.078;(-5.8, 0.2, -0.8);(273.6, 308.4, 339.9);(1.0, 1.0, 1.0)
Bone.023;(-5.7, 0.1, -0.8);(270.0, 20.3, 0.0);(1.0, 1.0, 1.0)
Bone.018;(-5.7, 0.1, -0.7);(270.0, 308.5, 0.0);(1.0, 1.0, 1.0)
Bone.025;(-5.7, 0.1, -0.8);(270.0, 292.4, 0.0);(1.0, 1.0, 1.0)
Bone.017;(-5.7, 0.1, -0.7);(272.8, 114.9, 180.1);(1.0, 1.0, 1.0)
Bone.053;(-5.8, 0.1, -0.8);(334.7, 26.0, 147.9);(1.0, 1.0, 1.0)
Bone.022;(-5.7, 0.1, -0.8);(0.0, 349.7, 180.0);(1.0, 1.0, 1.0)
Bone.006;(-5.8, 0.2, -0.8);(281.0, 180.4, 180.0);(1.0, 1.0, 1.0)
Bone.016;(-5.8, 0.1, -0.7);(270.5, 73.2, 180.5);(1.0, 1.0, 1.0)
Bone.039;(-5.7, 0.1, -0.7);(271.3, 298.4, 224.1);(1.0, 1.0, 1.0)
Bone.077;(-5.8, 0.1, -0.7);(270.0, 162.3, 0.0);(1.0, 1.0, 1.0)
Bone.043;(-5.7, 0.1, -0.7);(271.2, 292.4, 52.8);(1.0, 1.0, 1.0)
Bone.041;(-5.7, 0.1, -0.7);(271.3, 298.4, 316.8);(1.0, 1.0, 1.0)
Bone.052;(-5.8, 0.2, -0.8);(330.6, 201.6, 226.9);(1.0, 1.0, 1.0)
Bone.040;(-5.7, 0.1, -0.7);(271.3, 298.4, 257.7);(1.0, 1.0, 1.0)
Bone.069;(-5.8, 0.1, -0.7);(270.0, 339.6, 0.0);(1.0, 1.0, 1.0)
Bone.075;(-5.8, 0.1, -0.7);(270.0, 128.8, 0.0);(1.0, 1.0, 1.0)
Bone.021;(-5.7, 0.2, -0.8);(313.4, 136.4, 180.0);(1.0, 1.0, 1.0)
Bone.071;(-5.8, 0.1, -0.7);(270.0, 16.5, 0.0);(1.0, 1.0, 1.0)
Bone.042;(-5.7, 0.1, -0.7);(271.2, 296.9, 11.4);(1.0, 1.0, 1.0)
Bone.005;(-5.8, 0.2, -0.8);(276.3, 0.5, 360.0);(1.0, 1.0, 1.0)
Bone.073;(-5.8, 0.1, -0.7);(270.0, 69.6, 0.0);(1.0, 1.0, 1.0)
Bone.051;(-5.8, 0.1, -0.8);(285.4, 119.1, 0.0);(1.0, 1.0, 1.0)
Bone.076;(-5.8, 0.1, -0.7);(270.0, 160.7, 0.0);(1.0, 1.0, 1.0)
Bone.015;(-5.8, 0.2, -0.7);(271.1, 51.3, 180.2);(1.0, 1.0, 1.0)
Bone.036;(-5.7, 0.1, -0.7);(271.3, 298.4, 318.3);(1.0, 1.0, 1.0)
Bone.004;(-5.8, 0.2, -0.8);(271.0, 175.0, 180.1);(1.0, 1.0, 1.0)
Bone.074;(-5.8, 0.1, -0.7);(270.0, 128.7, 0.0);(1.0, 1.0, 1.0)
Bone.064;(-5.8, 0.2, -0.8);(274.6, 157.0, 0.0);(1.0, 1.0, 1.0)
Bone.038;(-5.7, 0.1, -0.7);(271.3, 298.4, 225.7);(1.0, 1.0, 1.0)
Bone.034;(-5.7, 0.1, -0.7);(271.2, 295.3, 45.8);(1.0, 1.0, 1.0)
Bone.049;(-5.8, 0.1, -0.8);(272.3, 349.7, 180.0);(1.0, 1.0, 1.0)
Bone.037;(-5.7, 0.1, -0.7);(271.3, 298.4, 257.7);(1.0, 1.0, 1.0)
Bone.072;(-5.8, 0.1, -0.7);(270.0, 68.2, 0.0);(1.0, 1.0, 1.0)
Bone.068;(-5.8, 0.1, -0.7);(270.0, 343.6, 0.0);(1.0, 1.0, 1.0)
Bone.035;(-5.7, 0.1, -0.7);(271.2, 297.6, 12.3);(1.0, 1.0, 1.0)
Bone.070;(-5.8, 0.1, -0.7);(270.0, 14.8, 0.0);(1.0, 1.0, 1.0)
Bone.030;(-5.8, 0.2, -0.8);(274.6, 182.3, 0.0);(1.0, 1.0, 1.0)
Bone.020;(-5.8, 0.1, -0.8);(285.4, 220.2, 0.0);(1.0, 1.0, 1.0)
Bone.003;(-5.8, 0.2, -0.7);(270.1, 349.7, 0.0);(1.0, 1.0, 1.0)
Bone.014;(-5.8, 0.2, -0.7);(271.9, 21.8, 180.1);(1.0, 1.0, 1.0)
Bone.067;(-5.8, 0.1, -0.7);(0.0, 0.0, 180.0);(1.0, 1.0, 1.0)
Bone.033;(-5.7, 0.1, -0.7);(1.2, 324.8, 180.6);(1.0, 1.0, 1.0)
Bone.002;(-5.8, 0.2, -0.7);(274.4, 1.0, 360.0);(1.0, 1.0, 1.0)
Bone.013;(-5.8, 0.2, -0.7);(271.3, 356.6, 180.0);(1.0, 1.0, 1.0)
Bone.066;(-5.8, 0.2, -0.7);(324.7, 320.3, 180.0);(1.0, 1.0, 1.0)
Bone.032;(-5.7, 0.1, -0.7);(305.7, 34.9, 124.3);(1.0, 1.0, 1.0)
Bone.001;(-5.8, 0.2, -0.7);(276.7, 12.3, 0.0);(1.0, 1.0, 1.0)
Bone.012;(-5.8, 0.2, -0.7);(274.5, 345.9, 180.0);(1.0, 1.0, 1.0)
Bone.031;(-5.8, 0.2, -0.7);(295.8, 118.6, 136.3);(1.0, 1.0, 1.0)
Bone.065;(-5.8, 0.2, -0.7);(278.9, 51.6, 0.0);(1.0, 1.0, 1.0)
Gecko;(-5.8, 0.1, -0.7);(270.0, 180.0, 0.0);(1.0, 1.0, 1.0)
Bone;(-5.8, 0.1, -0.7);(0.0, 180.0, 0.0);(1.0, 1.0, 1.0)
GeckoModel;(-5.8, 0.1, -0.7);(0.0, 180.0, 0.0);(0.5, 0.5, 0.5)
PPTtoUnity;(0.0, 0.0, 0.0);(0.0, 0.0, 0.0);(1.0, 1.0, 1.0)
Bein3;(-5.0, -0.3, -0.5);(0.0, 0.0, 0.0);(0.1, 0.8, 0.1)
VRPN;(0.1, 0.2, 0.2);(0.0, 0.0, 0.0);(1.0, 1.0, 1.0)
Directional Light;(0.0, 3.0, 0.0);(50.0, 330.0, 0.0);(1.0, 1.0, 1.0)
HammerContainerVR;(-5.6, 0.7, -0.7);(0.0, 0.0, 0.0);(1.0, 1.0, 1.0)
Text;(606.5, 210.5, 0.0);(0.0, 0.0, 0.0);(1.0, 1.0, 1.0)
Tischplatte;(-5.8, 0.1, -0.7);(0.0, 0.0, 0.0);(1.6, 0.0, 0.5)
wall_N;(-5.1, 0.7, 3.1);(90.0, 0.0, 0.0);(8.0, 0.1, 2.8)
InputField;(606.5, 211.0, 0.0);(0.0, 0.0, 0.0);(1.0, 1.0, 1.0)
UIElements;(-5.9, 0.2, 3.0);(0.0, 0.0, 0.0);(1.0, 1.0, 1.0)
outside;(-4.7, 0.1, -0.7);(0.0, 0.0, 0.0);(0.5, 0.0, 2.0)
wall_E;(-1.2, 0.7, -0.8);(0.0, 0.0, 90.0);(2.8, 0.1, 12.0)
Placeholder;(606.5, 210.5, 0.0);(0.0, 0.0, 0.0);(1.0, 1.0, 1.0)
wall_W;(-9.0, 0.7, -0.8);(0.0, 0.0, 90.0);(2.8, 0.1, 12.0)
Bein2;(-6.5, -0.3, -0.9);(0.0, 0.0, 0.0);(0.1, 0.8, 0.1)
Hits;(-5.9, 1.0, 3.0);(0.0, 0.0, 0.0);(1.0, 1.0, 1.0)
Bein4;(-5.0, -0.3, -0.9);(0.0, 0.0, 0.0);(0.1, 0.8, 0.1)
Room;(-5.1, 0.4, -0.8);(0.0, 0.0, 0.0);(1.0, 1.0, 1.0)
Animals;(-5.8, 0.2, -0.7);(0.0, 0.0, 0.0);(1.0, 1.0, 1.0)
Floor;(-5.1, -0.7, -0.8);(0.0, 0.0, 0.0);(8.0, 0.1, 12.0)
top;(-5.1, 2.2, -0.8);(0.0, 0.0, 0.0);(8.0, 0.1, 12.0)
outside;(-5.8, 0.1, -1.3);(0.0, 0.0, 0.0);(2.0, 0.0, 0.5)
EventSystem;(0.0, 0.0, 0.0);(0.0, 0.0, 0.0);(1.0, 1.0, 1.0)
Pivot;(-5.8, 0.4, -1.0);(0.0, 90.0, 90.0);(0.1, 0.1, 0.1)
bounds;(-5.8, 0.3, -0.7);(0.0, 0.0, 0.0);(1.6, 0.4, 0.5)
outside;(-6.9, 0.1, -0.7);(0.0, 0.0, 0.0);(0.5, 0.0, 2.0)
Points;(-5.9, 0.5, 3.0);(0.0, 0.0, 0.0);(1.0, 1.0, 1.0)
ViewManager;(0.0, 0.0, 0.0);(0.0, 0.0, 0.0);(1.0, 1.0, 1.0)
Setup;(-6.6, -0.9, 5.2);(0.0, 0.0, 0.0);(1.0, 1.0, 1.0)
outside;(-5.8, 0.1, -0.1);(0.0, 0.0, 0.0);(2.0, 0.0, 0.5)
CanvasVR;(-8.3, -0.7, 3.0);(0.0, 0.0, 0.0);(0.0, 0.0, 0.0)
Area Light;(-5.1, 1.9, -1.0);(56.3, 0.0, 0.0);(1.0, 1.0, 1.0)
Panel;(-5.9, 1.0, 3.0);(0.0, 0.0, 0.0);(1.0, 1.0, 1.0)
Tisch;(-5.8, 0.1, -0.7);(0.0, 0.0, 0.0);(1.0, 1.0, 1.0)
InputPanel;(606.5, 211.0, 0.0);(0.0, 0.0, 0.0);(1.0, 1.0, 1.0)
CameraVR;(-5.7, -0.1, -0.6);(356.6, 356.4, 358.8);(1.0, 1.0, 1.0)
wall_S;(-5.1, 0.7, -6.7);(90.0, 0.0, 0.0);(8.0, 0.1, 2.8)
Collider;(-5.8, 0.1, -0.7);(0.0, 0.0, 0.0);(1.0, 1.0, 1.0)
GameManager;(-5.8, 0.5, -0.8);(0.0, 0.0, 0.0);(1.0, 1.0, 1.0)
Canvas;(606.5, 211.0, 0.0);(0.0, 0.0, 0.0);(1.0, 1.0, 1.0)
Bein1;(-6.5, -0.3, -0.5);(0.0, 0.0, 0.0);(0.1, 0.8, 0.1)
PPTtoDummy;(-5.6, 0.7, -0.7);(0.0, 0.0, 0.0);(1.0, 1.0, 1.0)
SensorOffset;(0.0, 0.0, 0.0);(0.0, 0.0, 0.0);(1.0, 1.0, 1.0)
--------------------------------------------------------------------------------
Participant:1
Group:VR
End Time:6/20/2016 3:22:16 PM
--------------------------------------------------------------------------------
Condition:INIT
Start Time:6/20/2016 3:22:16 PM
Trials:1
ResetHammer;6/20/2016 3:22:16 PM;(0.0, 0.0, 0.0)
UserEntry;6/20/2016 3:22:29 PM;Space
ResetHitCounter;6/20/2016 3:22:29 PM;100;0
ResetHammer;6/20/2016 3:22:29 PM;(0.0, 0.0, 0.0)
Hit;6/20/2016 3:22:29 PM;1;(-5.5, 0.1, -0.7);(0.0, 0.0, 0.0);5.5007
HitPoints;6/20/2016 3:22:29 PM;-10;90
UserEntry;6/20/2016 3:22:42 PM;Space
End Time:6/20/2016 3:22:42 PM
--------------------------------------------------------------------------------
Condition:TRAINING
Start Time:6/20/2016 3:22:42 PM
Trials:1
ResetHitCounter;6/20/2016 3:22:42 PM;100;0
ResetHammer;6/20/2016 3:22:42 PM;(0.0, 0.0, 0.0)
BoxActivate;6/20/2016 3:22:42 PM;1
UserEntry;6/20/2016 3:22:44 PM;Space
ResetHitCounter;6/20/2016 3:22:44 PM;100;0
ResetHammer;6/20/2016 3:22:44 PM;(0.0, 0.0, 0.0)
UserEntry;6/20/2016 3:22:46 PM;Space
End Time:6/20/2016 3:22:46 PM
--------------------------------------------------------------------------------
Condition:CONDITION_INSECT
Start Time:6/20/2016 3:22:46 PM
Trials:1
ResetHitCounter;6/20/2016 3:22:46 PM;100;0
ResetHammer;6/20/2016 3:22:46 PM;(0.0, 0.0, 0.0)
BoxActivate;6/20/2016 3:22:46 PM;0
UserEntry;6/20/2016 3:22:48 PM;Space
Hit;6/20/2016 3:22:50 PM;1;(-5.9, 0.1, -0.8);(-5.8, 0.1, -0.7);0.1526951
HitPoints;6/20/2016 3:22:50 PM;-10;90
Hit;6/20/2016 3:22:51 PM;2;(-5.8, 0.1, -0.7);(-5.7, 0.1, -0.7);0.1232862
HitPoints;6/20/2016 3:22:51 PM;-10;80
Hit;6/20/2016 3:22:52 PM;3;(-5.7, 0.1, -0.7);(-5.6, 0.1, -0.7);0.1417892
HitPoints;6/20/2016 3:22:52 PM;-10;70
Hit;6/20/2016 3:22:53 PM;4;(-5.6, 0.1, -0.7);(-5.5, 0.1, -0.7);0.106372
HitPoints;6/20/2016 3:22:53 PM;-10;60
Hit;6/20/2016 3:22:54 PM;5;(-5.5, 0.1, -0.7);(-5.4, 0.1, -0.7);0.1136095
HitPoints;6/20/2016 3:22:54 PM;-10;50
Hit;6/20/2016 3:22:55 PM;6;(-5.4, 0.1, -0.7);(-5.3, 0.1, -0.6);0.1196659
HitPoints;6/20/2016 3:22:55 PM;-10;40
Hit;6/20/2016 3:22:56 PM;7;(-5.4, 0.1, -0.7);(-5.2, 0.1, -0.6);0.1511694
HitPoints;6/20/2016 3:22:56 PM;-10;30
GoalPoints;6/20/2016 3:22:56 PM;30;60
EnteredGoal;6/20/2016 3:22:56 PM
UserEntry;6/20/2016 3:22:57 PM;Space
End Time:6/20/2016 3:22:57 PM
--------------------------------------------------------------------------------
Condition:CONDITION_INSECT_DEATH
Start Time:6/20/2016 3:22:57 PM
Trials:1
ResetHitCounter;6/20/2016 3:22:57 PM;100;0
ResetHammer;6/20/2016 3:22:57 PM;(0.0, 0.0, 0.0)
BoxActivate;6/20/2016 3:22:57 PM;1
UserEntry;6/20/2016 3:23:09 PM;Space
Hit;6/20/2016 3:23:11 PM;1;(-5.6, 0.1, -0.7);(-5.8, 0.1, -0.7);0.1200925
HitPoints;6/20/2016 3:23:11 PM;-10;90
Hit;6/20/2016 3:23:12 PM;2;(-5.8, 0.1, -0.7);(-5.9, 0.1, -0.7);0.1042197
HitPoints;6/20/2016 3:23:12 PM;-10;80
Hit;6/20/2016 3:23:13 PM;3;(-5.9, 0.1, -0.7);(-6.0, 0.1, -0.7);0.09067263
HitPoints;6/20/2016 3:23:13 PM;-10;70
Hit;6/20/2016 3:23:15 PM;4;(-6.0, 0.1, -0.7);(-6.0, 0.1, -0.7);0.09231847
HitPoints;6/20/2016 3:23:15 PM;-10;60
Hit;6/20/2016 3:23:16 PM;5;(-6.1, 0.1, -0.7);(-6.1, 0.1, -0.7);0.08518267
HitPoints;6/20/2016 3:23:16 PM;-10;50
Hit;6/20/2016 3:23:18 PM;6;(-6.1, 0.1, -0.7);(-6.2, 0.1, -0.7);0.1098026
HitPoints;6/20/2016 3:23:18 PM;-10;40
Hit;6/20/2016 3:23:19 PM;7;(-6.2, 0.1, -0.7);(-6.3, 0.1, -0.6);0.1362161
HitPoints;6/20/2016 3:23:19 PM;-10;30
Hit;6/20/2016 3:23:20 PM;8;(-6.2, 0.1, -0.7);(-6.4, 0.1, -0.6);0.19192
HitPoints;6/20/2016 3:23:20 PM;-10;20
GoalPoints;6/20/2016 3:23:21 PM;30;50
EnteredGoal;6/20/2016 3:23:21 PM
UserEntry;6/20/2016 3:23:22 PM;Space
End Time:6/20/2016 3:23:22 PM
--------------------------------------------------------------------------------
Condition:CONDITION_INSECT_KILL
Start Time:6/20/2016 3:23:22 PM
Trials:1
ResetHitCounter;6/20/2016 3:23:22 PM;100;0
ResetHammer;6/20/2016 3:23:22 PM;(0.0, 0.0, 0.0)
UserEntry;6/20/2016 3:23:23 PM;Space
Hit;6/20/2016 3:23:24 PM;1;(-5.8, 0.1, -0.7);(-5.8, 0.1, -0.7);0.02853643
HitPoints;6/20/2016 3:23:24 PM;-10;90
KillAnimal;6/20/2016 3:23:24 PM;spider(Clone)
GoalPoints;6/20/2016 3:23:24 PM;50;140
EnteredGoal;6/20/2016 3:23:24 PM
UserEntry;6/20/2016 3:23:31 PM;Space
End Time:6/20/2016 3:23:31 PM
--------------------------------------------------------------------------------
Condition:CONDITION_REPTILE
Start Time:6/20/2016 3:23:31 PM
Trials:1
ResetHitCounter;6/20/2016 3:23:31 PM;100;0
ResetHammer;6/20/2016 3:23:31 PM;(0.0, 0.0, 0.0)
BoxActivate;6/20/2016 3:23:31 PM;0
UserEntry;6/20/2016 3:23:33 PM;Space
Hit;6/20/2016 3:23:35 PM;1;(-5.9, 0.1, -0.8);(-5.8, 0.1, -0.7);0.1782395
HitPoints;6/20/2016 3:23:35 PM;-10;90
Hit;6/20/2016 3:23:36 PM;2;(-5.9, 0.1, -0.7);(-5.6, 0.1, -0.7);0.226677
HitPoints;6/20/2016 3:23:36 PM;-10;80
Hit;6/20/2016 3:23:37 PM;3;(-5.7, 0.1, -0.7);(-5.5, 0.1, -0.7);0.2426221
HitPoints;6/20/2016 3:23:37 PM;-10;70
Hit;6/20/2016 3:23:38 PM;4;(-5.6, 0.1, -0.7);(-5.3, 0.1, -0.6);0.2766304
HitPoints;6/20/2016 3:23:38 PM;-10;60
Hit;6/20/2016 3:23:39 PM;5;(-5.5, 0.1, -0.7);(-5.2, 0.1, -0.6);0.2788805
HitPoints;6/20/2016 3:23:39 PM;-10;50
GoalPoints;6/20/2016 3:23:39 PM;30;80
EnteredGoal;6/20/2016 3:23:39 PM
UserEntry;6/20/2016 3:23:40 PM;Space
End Time:6/20/2016 3:23:40 PM
--------------------------------------------------------------------------------
Condition:CONDITION_REPTILE_DEATH
Start Time:6/20/2016 3:23:40 PM
Trials:1
ResetHitCounter;6/20/2016 3:23:40 PM;100;0
ResetHammer;6/20/2016 3:23:40 PM;(0.0, 0.0, 0.0)
BoxActivate;6/20/2016 3:23:40 PM;1
UserEntry;6/20/2016 3:23:42 PM;Space
Hit;6/20/2016 3:23:43 PM;1;(-5.6, 0.1, -0.7);(-5.8, 0.1, -0.7);0.1615744
HitPoints;6/20/2016 3:23:43 PM;-10;90
Hit;6/20/2016 3:23:44 PM;2;(-5.7, 0.1, -0.7);(-5.9, 0.1, -0.7);0.2083353
HitPoints;6/20/2016 3:23:44 PM;-10;80
Hit;6/20/2016 3:23:45 PM;3;(-5.8, 0.1, -0.7);(-6.0, 0.1, -0.7);0.2409554
HitPoints;6/20/2016 3:23:45 PM;-10;70
Hit;6/20/2016 3:23:46 PM;4;(-5.9, 0.1, -0.7);(-6.2, 0.1, -0.6);0.268092
HitPoints;6/20/2016 3:23:46 PM;-10;60
Hit;6/20/2016 3:23:47 PM;5;(-6.0, 0.1, -0.7);(-6.3, 0.1, -0.6);0.3154847
HitPoints;6/20/2016 3:23:47 PM;-10;50
GoalPoints;6/20/2016 3:23:48 PM;30;80
EnteredGoal;6/20/2016 3:23:48 PM
UserEntry;6/20/2016 3:23:49 PM;Space
End Time:6/20/2016 3:23:49 PM
--------------------------------------------------------------------------------
Condition:CONDITION_REPTILE_KILL
Start Time:6/20/2016 3:23:49 PM
Trials:1
ResetHitCounter;6/20/2016 3:23:49 PM;100;0
ResetHammer;6/20/2016 3:23:49 PM;(0.0, 0.0, 0.0)
UserEntry;6/20/2016 3:23:50 PM;Space
KillAnimal;6/20/2016 3:23:51 PM;GeckoModel(Clone)
GoalPoints;6/20/2016 3:23:51 PM;50;150
EnteredGoal;6/20/2016 3:23:51 PM
UserEntry;6/20/2016 3:23:54 PM;Space
End Time:6/20/2016 3:23:54 PM
--------------------------------------------------------------------------------
Condition:CONDITION_MAMMAL
Start Time:6/20/2016 3:23:54 PM
Trials:1
ResetHitCounter;6/20/2016 3:23:54 PM;100;0
ResetHammer;6/20/2016 3:23:54 PM;(0.0, 0.0, 0.0)
BoxActivate;6/20/2016 3:23:54 PM;0
UserEntry;6/20/2016 3:23:55 PM;Space
Hit;6/20/2016 3:23:56 PM;1;(-6.0, 0.1, -0.7);(-5.8, 0.1, -0.7);0.18881
HitPoints;6/20/2016 3:23:56 PM;-10;90
Hit;6/20/2016 3:23:57 PM;2;(-5.8, 0.1, -0.7);(-5.6, 0.1, -0.7);0.1717897
HitPoints;6/20/2016 3:23:57 PM;-10;80
Hit;6/20/2016 3:23:58 PM;3;(-5.7, 0.1, -0.8);(-5.5, 0.1, -0.7);0.2126921
HitPoints;6/20/2016 3:23:58 PM;-10;70
Hit;6/20/2016 3:23:59 PM;4;(-5.5, 0.1, -0.7);(-5.3, 0.1, -0.7);0.2158341
HitPoints;6/20/2016 3:23:59 PM;-10;60
Hit;6/20/2016 3:24:01 PM;5;(-5.4, 0.1, -0.7);(-5.2, 0.1, -0.7);0.2393948
HitPoints;6/20/2016 3:24:01 PM;-10;50
GoalPoints;6/20/2016 3:24:01 PM;30;80
EnteredGoal;6/20/2016 3:24:01 PM
UserEntry;6/20/2016 3:24:02 PM;Space
End Time:6/20/2016 3:24:02 PM
--------------------------------------------------------------------------------
Condition:CONDITION_MAMMAL_DEATH
Start Time:6/20/2016 3:24:02 PM
Trials:1
ResetHitCounter;6/20/2016 3:24:02 PM;100;0
ResetHammer;6/20/2016 3:24:02 PM;(0.0, 0.0, 0.0)
BoxActivate;6/20/2016 3:24:02 PM;0
UserEntry;6/20/2016 3:24:03 PM;Space
Hit;6/20/2016 3:24:04 PM;1;(-5.9, 0.1, -0.8);(-5.8, 0.1, -0.7);0.1768061
HitPoints;6/20/2016 3:24:04 PM;-10;90
Hit;6/20/2016 3:24:05 PM;2;(-5.8, 0.1, -0.7);(-5.6, 0.1, -0.7);0.1681271
HitPoints;6/20/2016 3:24:05 PM;-10;80
Hit;6/20/2016 3:24:06 PM;3;(-5.7, 0.1, -0.7);(-5.5, 0.1, -0.7);0.1993023
HitPoints;6/20/2016 3:24:06 PM;-10;70
Hit;6/20/2016 3:24:07 PM;4;(-5.5, 0.1, -0.7);(-5.3, 0.1, -0.7);0.2113926
HitPoints;6/20/2016 3:24:07 PM;-10;60
Hit;6/20/2016 3:24:08 PM;5;(-5.4, 0.1, -0.7);(-5.2, 0.1, -0.6);0.2686382
HitPoints;6/20/2016 3:24:08 PM;-10;50
GoalPoints;6/20/2016 3:24:08 PM;30;80
EnteredGoal;6/20/2016 3:24:08 PM
UserEntry;6/20/2016 3:24:09 PM;Space
End Time:6/20/2016 3:24:09 PM
--------------------------------------------------------------------------------
Condition:CONDITION_MAMMAL_KILL
Start Time:6/20/2016 3:24:09 PM
Trials:1
ResetHitCounter;6/20/2016 3:24:09 PM;100;0
ResetHammer;6/20/2016 3:24:09 PM;(0.0, 0.0, 0.0)
UserEntry;6/20/2016 3:24:10 PM;Space
Hit;6/20/2016 3:24:11 PM;1;(-5.9, 0.1, -0.9);(-5.8, 0.1, -0.7);0.2056152
HitPoints;6/20/2016 3:24:11 PM;-10;90
Hit;6/20/2016 3:24:14 PM;2;(-5.7, 0.1, -0.8);(-5.7, 0.1, -0.6);0.2183613
HitPoints;6/20/2016 3:24:14 PM;-10;80
OffTable;6/20/2016 3:24:15 PM;(-5.7, 0.1, -0.4)
EnteredGoal;6/20/2016 3:24:15 PM
UserEntry;6/20/2016 3:24:16 PM;Space
UserEntry;6/20/2016 3:24:26 PM;Space
UserEntry;6/20/2016 3:24:27 PM;Space
UserEntry;6/20/2016 3:24:28 PM;Space
UserEntry;6/20/2016 3:24:28 PM;Space
