name;position;rotation;scale
PPTtoUnity;(0.0, 0.0, 0.0);(0.0, 0.0, 0.0);(1.0, 1.0, 1.0)
Bein3;(-5.0, -0.3, -0.5);(0.0, 0.0, 0.0);(0.1, 0.8, 0.1)
VRPN;(0.2, -0.1, 0.1);(0.0, 0.0, 0.0);(1.0, 1.0, 1.0)
Directional Light;(0.0, 3.0, 0.0);(50.0, 330.0, 0.0);(1.0, 1.0, 1.0)
HammerContainerVR;(-5.6, 0.4, -0.8);(0.0, 0.0, 0.0);(1.0, 1.0, 1.0)
Text;(606.5, 210.5, 0.0);(0.0, 0.0, 0.0);(1.0, 1.0, 1.0)
Tischplatte;(-5.8, 0.1, -0.7);(0.0, 0.0, 0.0);(1.6, 0.0, 0.5)
wall_N;(-5.1, 0.7, 3.1);(90.0, 0.0, 0.0);(8.0, 0.1, 2.8)
InputField;(606.5, 211.0, 0.0);(0.0, 0.0, 0.0);(1.0, 1.0, 1.0)
UIElements;(-5.9, 0.2, 3.0);(0.0, 0.0, 0.0);(1.0, 1.0, 1.0)
outside;(-4.7, 0.1, -0.7);(0.0, 0.0, 0.0);(0.5, 0.0, 2.0)
wall_E;(-1.2, 0.7, -0.8);(0.0, 0.0, 90.0);(2.8, 0.1, 12.0)
Placeholder;(606.5, 210.5, 0.0);(0.0, 0.0, 0.0);(1.0, 1.0, 1.0)
wall_W;(-9.0, 0.7, -0.8);(0.0, 0.0, 90.0);(2.8, 0.1, 12.0)
Bein2;(-6.5, -0.3, -0.9);(0.0, 0.0, 0.0);(0.1, 0.8, 0.1)
Hits;(-5.9, 1.0, 3.0);(0.0, 0.0, 0.0);(1.0, 1.0, 1.0)
Bein4;(-5.0, -0.3, -0.9);(0.0, 0.0, 0.0);(0.1, 0.8, 0.1)
Room;(-5.1, 0.4, -0.8);(0.0, 0.0, 0.0);(1.0, 1.0, 1.0)
Animals;(-5.8, 0.2, -0.7);(0.0, 0.0, 0.0);(1.0, 1.0, 1.0)
Floor;(-5.1, -0.7, -0.8);(0.0, 0.0, 0.0);(8.0, 0.1, 12.0)
top;(-5.1, 2.2, -0.8);(0.0, 0.0, 0.0);(8.0, 0.1, 12.0)
outside;(-5.8, 0.1, -1.3);(0.0, 0.0, 0.0);(2.0, 0.0, 0.5)
EventSystem;(0.0, 0.0, 0.0);(0.0, 0.0, 0.0);(1.0, 1.0, 1.0)
Pivot;(-5.8, 0.4, -1.0);(0.0, 90.0, 90.0);(0.1, 0.1, 0.1)
bounds;(-5.8, 0.3, -0.7);(0.0, 0.0, 0.0);(1.6, 0.4, 0.5)
outside;(-6.9, 0.1, -0.7);(0.0, 0.0, 0.0);(0.5, 0.0, 2.0)
Points;(-5.9, 0.5, 3.0);(0.0, 0.0, 0.0);(1.0, 1.0, 1.0)
ViewManager;(0.0, 0.0, 0.0);(0.0, 0.0, 0.0);(1.0, 1.0, 1.0)
Setup;(-6.6, -0.9, 5.2);(0.0, 0.0, 0.0);(1.0, 1.0, 1.0)
outside;(-5.8, 0.1, -0.1);(0.0, 0.0, 0.0);(2.0, 0.0, 0.5)
CanvasVR;(-8.3, -0.7, 3.0);(0.0, 0.0, 0.0);(0.0, 0.0, 0.0)
Area Light;(-5.1, 1.9, -1.0);(56.3, 0.0, 0.0);(1.0, 1.0, 1.0)
Panel;(-5.9, 1.0, 3.0);(0.0, 0.0, 0.0);(1.0, 1.0, 1.0)
Tisch;(-5.8, 0.1, -0.7);(0.0, 0.0, 0.0);(1.0, 1.0, 1.0)
InputPanel;(606.5, 211.0, 0.0);(0.0, 0.0, 0.0);(1.0, 1.0, 1.0)
CameraVR;(-5.6, 0.3, -1.2);(7.4, 348.6, 354.4);(1.0, 1.0, 1.0)
wall_S;(-5.1, 0.7, -6.7);(90.0, 0.0, 0.0);(8.0, 0.1, 2.8)
Collider;(-5.8, 0.1, -0.7);(0.0, 0.0, 0.0);(1.0, 1.0, 1.0)
GameManager;(-5.8, 0.5, -0.8);(0.0, 0.0, 0.0);(1.0, 1.0, 1.0)
Canvas;(606.5, 211.0, 0.0);(0.0, 0.0, 0.0);(1.0, 1.0, 1.0)
Bein1;(-6.5, -0.3, -0.5);(0.0, 0.0, 0.0);(0.1, 0.8, 0.1)
PPTtoDummy;(-5.6, 0.4, -0.8);(0.0, 0.0, 0.0);(1.0, 1.0, 1.0)
SensorOffset;(0.0, 0.0, 0.0);(0.0, 0.0, 0.0);(1.0, 1.0, 1.0)
--------------------------------------------------------------------------------
Participant:2
Group:VR
End Time:6/20/2016 3:41:05 PM
--------------------------------------------------------------------------------
Condition:INIT
Start Time:6/20/2016 3:41:05 PM
Trials:1
ResetHammer;6/20/2016 3:41:05 PM;(0.0, 0.0, 0.0)
UserEntry;6/20/2016 3:41:56 PM;Space
ResetHitCounter;6/20/2016 3:41:56 PM;100;0
ResetHammer;6/20/2016 3:41:56 PM;(0.0, 0.0, 0.0)
UserEntry;6/20/2016 3:42:01 PM;Space
End Time:6/20/2016 3:42:01 PM
--------------------------------------------------------------------------------
Condition:TRAINING
Start Time:6/20/2016 3:42:01 PM
Trials:1
ResetHitCounter;6/20/2016 3:42:01 PM;100;0
ResetHammer;6/20/2016 3:42:01 PM;(0.0, 0.0, 0.0)
BoxActivate;6/20/2016 3:42:01 PM;1
UserEntry;6/20/2016 3:42:26 PM;Space
ResetHitCounter;6/20/2016 3:42:26 PM;100;0
ResetHammer;6/20/2016 3:42:26 PM;(0.0, 0.0, 0.0)
Hit;6/20/2016 3:42:27 PM;1;(-5.6, 0.1, -0.7);(-5.8, 0.2, -0.7);0.1217662
HitPoints;6/20/2016 3:42:27 PM;-10;90
Hit;6/20/2016 3:42:53 PM;2;(-5.8, 0.1, -0.8);(-6.0, 0.2, -0.7);0.1527307
HitPoints;6/20/2016 3:42:53 PM;-10;80
Hit;6/20/2016 3:43:01 PM;3;(-6.0, 0.1, -0.7);(-6.2, 0.2, -0.7);0.2042488
HitPoints;6/20/2016 3:43:01 PM;-10;70
Hit;6/20/2016 3:43:27 PM;4;(-5.8, 0.1, -0.6);(-6.4, 0.2, -0.7);0.6090738
HitPoints;6/20/2016 3:43:27 PM;-10;60
GoalPoints;6/20/2016 3:43:28 PM;30;90
EnteredGoal;6/20/2016 3:43:28 PM
UserEntry;6/20/2016 3:43:43 PM;Space
End Time:6/20/2016 3:43:43 PM
--------------------------------------------------------------------------------
Condition:CONDITION_INSECT
Start Time:6/20/2016 3:43:43 PM
Trials:1
ResetHitCounter;6/20/2016 3:43:43 PM;100;0
ResetHammer;6/20/2016 3:43:43 PM;(0.0, 0.0, 0.0)
BoxActivate;6/20/2016 3:43:43 PM;0
UserEntry;6/20/2016 3:43:48 PM;Space
Hit;6/20/2016 3:43:48 PM;1;(-5.9, 0.1, -0.7);(-5.8, 0.1, -0.7);0.1298136
HitPoints;6/20/2016 3:43:48 PM;-10;90
Hit;6/20/2016 3:43:50 PM;2;(-5.8, 0.1, -0.7);(-5.7, 0.1, -0.7);0.1165721
HitPoints;6/20/2016 3:43:50 PM;-10;80
Hit;6/20/2016 3:43:52 PM;3;(-5.7, 0.1, -0.7);(-5.6, 0.1, -0.7);0.1231006
HitPoints;6/20/2016 3:43:52 PM;-10;70
Hit;6/20/2016 3:43:53 PM;4;(-5.6, 0.1, -0.7);(-5.5, 0.1, -0.7);0.09546603
HitPoints;6/20/2016 3:43:53 PM;-10;60
Hit;6/20/2016 3:43:54 PM;5;(-5.5, 0.1, -0.7);(-5.4, 0.1, -0.7);0.110895
HitPoints;6/20/2016 3:43:54 PM;-10;50
DestroyAnimal;6/20/2016 3:43:55 PM;spider(Clone)
HitPoints;6/20/2016 3:43:55 PM;-30;20
EnteredGoal;6/20/2016 3:43:55 PM
UserEntry;6/20/2016 3:44:00 PM;Space
End Time:6/20/2016 3:44:00 PM
--------------------------------------------------------------------------------
Condition:CONDITION_INSECT_DEATH
Start Time:6/20/2016 3:44:00 PM
Trials:1
ResetHitCounter;6/20/2016 3:44:00 PM;100;0
ResetHammer;6/20/2016 3:44:00 PM;(0.0, 0.0, 0.0)
BoxActivate;6/20/2016 3:44:00 PM;0
UserEntry;6/20/2016 3:44:03 PM;Space
Hit;6/20/2016 3:44:17 PM;1;(-5.6, 0.1, -0.7);(-5.8, 0.1, -0.7);0.2026564
HitPoints;6/20/2016 3:44:17 PM;-10;90
Hit;6/20/2016 3:44:21 PM;2;(-6.1, 0.1, -0.8);(-5.9, 0.1, -0.7);0.2163753
HitPoints;6/20/2016 3:44:21 PM;-10;80
Hit;6/20/2016 3:44:25 PM;3;(-5.9, 0.1, -0.7);(-5.8, 0.1, -0.7);0.14965
HitPoints;6/20/2016 3:44:25 PM;-10;70
Hit;6/20/2016 3:44:27 PM;4;(-5.9, 0.1, -0.7);(-5.7, 0.1, -0.8);0.2007264
HitPoints;6/20/2016 3:44:27 PM;-10;60
Hit;6/20/2016 3:44:29 PM;5;(-5.7, 0.1, -0.9);(-5.6, 0.1, -0.8);0.1357592
HitPoints;6/20/2016 3:44:29 PM;-10;50
Hit;6/20/2016 3:44:31 PM;6;(-5.6, 0.1, -0.8);(-5.5, 0.1, -0.7);0.1159148
HitPoints;6/20/2016 3:44:31 PM;-10;40
Hit;6/20/2016 3:44:32 PM;7;(-5.6, 0.1, -0.7);(-5.4, 0.1, -0.7);0.1274335
HitPoints;6/20/2016 3:44:32 PM;-10;30
Hit;6/20/2016 3:44:34 PM;8;(-5.4, 0.1, -0.7);(-5.3, 0.1, -0.7);0.07120961
HitPoints;6/20/2016 3:44:34 PM;-10;20
Hit;6/20/2016 3:44:35 PM;9;(-5.3, 0.1, -0.7);(-5.3, 0.1, -0.7);0.09354872
HitPoints;6/20/2016 3:44:35 PM;-10;10
Hit;6/20/2016 3:44:37 PM;10;(-5.3, 0.1, -0.7);(-5.2, 0.1, -0.6);0.1150702
HitPoints;6/20/2016 3:44:37 PM;-10;0
GoalPoints;6/20/2016 3:44:37 PM;30;30
EnteredGoal;6/20/2016 3:44:37 PM
UserEntry;6/20/2016 3:44:40 PM;Space
End Time:6/20/2016 3:44:40 PM
--------------------------------------------------------------------------------
Condition:CONDITION_INSECT_KILL
Start Time:6/20/2016 3:44:40 PM
Trials:1
ResetHitCounter;6/20/2016 3:44:40 PM;100;0
ResetHammer;6/20/2016 3:44:40 PM;(0.0, 0.0, 0.0)
UserEntry;6/20/2016 3:44:47 PM;Space
Hit;6/20/2016 3:44:52 PM;1;(-5.6, 0.1, -0.7);(-5.8, 0.1, -0.7);0.2047384
HitPoints;6/20/2016 3:44:52 PM;-10;90
Hit;6/20/2016 3:44:53 PM;2;(-5.7, 0.1, -0.7);(-5.9, 0.1, -0.7);0.1588194
HitPoints;6/20/2016 3:44:53 PM;-10;80
Hit;6/20/2016 3:44:57 PM;3;(-6.1, 0.1, -0.8);(-5.9, 0.1, -0.8);0.2072369
HitPoints;6/20/2016 3:44:57 PM;-10;70
Hit;6/20/2016 3:44:58 PM;4;(-6.0, 0.1, -0.8);(-5.9, 0.1, -0.7);0.1935734
HitPoints;6/20/2016 3:44:58 PM;-10;60
Hit;6/20/2016 3:45:01 PM;5;(-5.9, 0.1, -0.7);(-5.8, 0.1, -0.7);0.1393599
HitPoints;6/20/2016 3:45:01 PM;-10;50
Hit;6/20/2016 3:45:06 PM;6;(-5.4, 0.1, -0.7);(-5.7, 0.1, -0.7);0.3003764
HitPoints;6/20/2016 3:45:06 PM;-10;40
Hit;6/20/2016 3:45:07 PM;7;(-5.4, 0.1, -0.7);(-5.8, 0.1, -0.7);0.4078353
HitPoints;6/20/2016 3:45:07 PM;-10;30
Hit;6/20/2016 3:45:08 PM;8;(-5.4, 0.1, -0.7);(-5.9, 0.1, -0.7);0.47829
HitPoints;6/20/2016 3:45:08 PM;-10;20
Hit;6/20/2016 3:45:09 PM;9;(-5.4, 0.1, -0.7);(-6.0, 0.1, -0.7);0.542217
HitPoints;6/20/2016 3:45:09 PM;-10;10
Hit;6/20/2016 3:45:11 PM;10;(-5.4, 0.1, -0.7);(-6.0, 0.1, -0.7);0.6186004
HitPoints;6/20/2016 3:45:11 PM;-10;0
Hit;6/20/2016 3:45:12 PM;11;(-5.4, 0.1, -0.7);(-6.1, 0.1, -0.7);0.7128807
HitPoints;6/20/2016 3:45:12 PM;-10;-10
Hit;6/20/2016 3:45:15 PM;12;(-5.4, 0.1, -0.7);(-6.2, 0.1, -0.7);0.8118061
HitPoints;6/20/2016 3:45:15 PM;-10;-20
Hit;6/20/2016 3:45:16 PM;13;(-5.4, 0.1, -0.7);(-6.3, 0.1, -0.7);0.9075159
HitPoints;6/20/2016 3:45:16 PM;-10;-30
Hit;6/20/2016 3:45:17 PM;14;(-5.4, 0.1, -0.7);(-6.4, 0.1, -0.7);0.9918593
HitPoints;6/20/2016 3:45:17 PM;-10;-40
Hit;6/20/2016 3:45:19 PM;15;(-5.5, 0.1, -0.7);(-6.5, 0.1, -0.8);1.065265
HitPoints;6/20/2016 3:45:19 PM;-10;-50
OffTable;6/20/2016 3:45:19 PM;(-6.7, -0.8, -0.8)
EnteredGoal;6/20/2016 3:45:19 PM
Hit;6/20/2016 3:45:20 PM;16;(-5.4, 0.1, -0.7);(0.0, 0.0, 0.0);5.468524
HitPoints;6/20/2016 3:45:20 PM;-10;-60
UserEntry;6/20/2016 3:45:22 PM;Space
End Time:6/20/2016 3:45:22 PM
--------------------------------------------------------------------------------
Condition:CONDITION_REPTILE
Start Time:6/20/2016 3:45:22 PM
Trials:1
ResetHitCounter;6/20/2016 3:45:22 PM;100;0
ResetHammer;6/20/2016 3:45:22 PM;(0.0, 0.0, 0.0)
BoxActivate;6/20/2016 3:45:22 PM;0
UserEntry;6/20/2016 3:45:27 PM;Space
Hit;6/20/2016 3:45:31 PM;1;(-6.0, 0.1, -0.7);(-5.8, 0.1, -0.7);0.1985568
HitPoints;6/20/2016 3:45:31 PM;-10;90
Hit;6/20/2016 3:45:32 PM;2;(-5.9, 0.1, -0.7);(-5.6, 0.1, -0.7);0.2958038
HitPoints;6/20/2016 3:45:32 PM;-10;80
Hit;6/20/2016 3:45:35 PM;3;(-6.0, 0.1, -0.7);(-5.5, 0.1, -0.7);0.4802594
HitPoints;6/20/2016 3:45:35 PM;-10;70
Hit;6/20/2016 3:45:36 PM;4;(-6.0, 0.1, -0.7);(-5.3, 0.1, -0.7);0.6604809
HitPoints;6/20/2016 3:45:36 PM;-10;60
Hit;6/20/2016 3:45:41 PM;5;(-5.3, 0.1, -0.8);(-5.2, 0.1, -0.7);0.1437358
HitPoints;6/20/2016 3:45:41 PM;-10;50
Hit;6/20/2016 3:45:42 PM;6;(-5.3, 0.1, -0.8);(-5.2, 0.1, -0.6);0.2935698
HitPoints;6/20/2016 3:45:42 PM;-10;40
GoalPoints;6/20/2016 3:45:42 PM;30;70
EnteredGoal;6/20/2016 3:45:42 PM
OffTable;6/20/2016 3:45:43 PM;(-5.1, -0.8, -0.5)
EnteredGoal;6/20/2016 3:45:43 PM
UserEntry;6/20/2016 3:45:47 PM;Space
End Time:6/20/2016 3:45:47 PM
--------------------------------------------------------------------------------
Condition:CONDITION_REPTILE_DEATH
Start Time:6/20/2016 3:45:47 PM
Trials:1
ResetHitCounter;6/20/2016 3:45:47 PM;100;0
ResetHammer;6/20/2016 3:45:47 PM;(0.0, 0.0, 0.0)
BoxActivate;6/20/2016 3:45:47 PM;0
UserEntry;6/20/2016 3:45:53 PM;Space
Hit;6/20/2016 3:45:54 PM;1;(-5.9, 0.1, -0.7);(-5.8, 0.1, -0.7);0.160497
HitPoints;6/20/2016 3:45:54 PM;-10;90
Hit;6/20/2016 3:45:55 PM;2;(-5.9, 0.1, -0.7);(-5.6, 0.1, -0.7);0.265832
HitPoints;6/20/2016 3:45:55 PM;-10;80
Hit;6/20/2016 3:45:57 PM;3;(-5.7, 0.1, -0.7);(-5.5, 0.1, -0.7);0.2060169
HitPoints;6/20/2016 3:45:57 PM;-10;70
Hit;6/20/2016 3:45:58 PM;4;(-5.6, 0.1, -0.7);(-5.4, 0.1, -0.6);0.1919277
HitPoints;6/20/2016 3:45:58 PM;-10;60
Hit;6/20/2016 3:45:59 PM;5;(-5.4, 0.1, -0.7);(-5.2, 0.1, -0.6);0.1911771
HitPoints;6/20/2016 3:45:59 PM;-10;50
GoalPoints;6/20/2016 3:46:00 PM;30;80
EnteredGoal;6/20/2016 3:46:00 PM
UserEntry;6/20/2016 3:46:00 PM;Space
End Time:6/20/2016 3:46:00 PM
--------------------------------------------------------------------------------
Condition:CONDITION_REPTILE_KILL
Start Time:6/20/2016 3:46:00 PM
Trials:1
ResetHitCounter;6/20/2016 3:46:00 PM;100;0
ResetHammer;6/20/2016 3:46:00 PM;(0.0, 0.0, 0.0)
UserEntry;6/20/2016 3:46:05 PM;Space
Hit;6/20/2016 3:46:06 PM;1;(-5.5, 0.1, -0.7);(-5.8, 0.1, -0.7);0.2876347
HitPoints;6/20/2016 3:46:06 PM;-10;90
Hit;6/20/2016 3:46:07 PM;2;(-5.5, 0.1, -0.7);(-5.9, 0.1, -0.7);0.3782808
HitPoints;6/20/2016 3:46:07 PM;-10;80
Hit;6/20/2016 3:46:09 PM;3;(-5.7, 0.1, -0.9);(-6.0, 0.1, -0.7);0.3631946
HitPoints;6/20/2016 3:46:09 PM;-10;70
Hit;6/20/2016 3:46:14 PM;4;(-5.3, 0.1, -0.7);(-6.2, 0.1, -0.7);0.819262
HitPoints;6/20/2016 3:46:14 PM;-10;60
Hit;6/20/2016 3:46:15 PM;5;(-5.3, 0.1, -0.7);(-6.3, 0.1, -0.7);0.9734124
HitPoints;6/20/2016 3:46:15 PM;-10;50
Hit;6/20/2016 3:46:16 PM;6;(-5.4, 0.1, -0.7);(-6.5, 0.1, -0.6);1.071421
HitPoints;6/20/2016 3:46:16 PM;-10;40
Hit;6/20/2016 3:46:17 PM;7;(-5.3, 0.1, -0.7);(-6.6, 0.1, -0.6);1.260438
HitPoints;6/20/2016 3:46:17 PM;-10;30
OffTable;6/20/2016 3:46:17 PM;(-6.6, 0.1, -0.6)
EnteredGoal;6/20/2016 3:46:17 PM
UserEntry;6/20/2016 3:46:18 PM;Space
End Time:6/20/2016 3:46:18 PM
--------------------------------------------------------------------------------
Condition:CONDITION_MAMMAL
Start Time:6/20/2016 3:46:18 PM
Trials:1
ResetHitCounter;6/20/2016 3:46:18 PM;100;0
ResetHammer;6/20/2016 3:46:18 PM;(0.0, 0.0, 0.0)
BoxActivate;6/20/2016 3:46:18 PM;0
UserEntry;6/20/2016 3:46:21 PM;Space
Hit;6/20/2016 3:46:40 PM;1;(-6.1, 0.1, -0.6);(-5.8, 0.1, -0.7);0.4030765
HitPoints;6/20/2016 3:46:40 PM;-10;90
Hit;6/20/2016 3:46:43 PM;2;(-6.1, 0.1, -0.6);(-5.6, 0.1, -0.8);0.478436
HitPoints;6/20/2016 3:46:43 PM;-10;80
Hit;6/20/2016 3:46:46 PM;3;(-5.6, 0.1, -0.8);(-5.5, 0.1, -0.8);0.106493
HitPoints;6/20/2016 3:46:46 PM;-10;70
Hit;6/20/2016 3:46:47 PM;4;(-5.5, 0.1, -0.9);(-5.4, 0.1, -0.8);0.1473255
HitPoints;6/20/2016 3:46:47 PM;-10;60
Hit;6/20/2016 3:46:48 PM;5;(-5.4, 0.1, -0.9);(-5.2, 0.1, -0.7);0.2446447
HitPoints;6/20/2016 3:46:48 PM;-10;50
GoalPoints;6/20/2016 3:46:49 PM;30;80
EnteredGoal;6/20/2016 3:46:49 PM
UserEntry;6/20/2016 3:46:50 PM;Space
End Time:6/20/2016 3:46:50 PM
--------------------------------------------------------------------------------
Condition:CONDITION_MAMMAL_DEATH
Start Time:6/20/2016 3:46:50 PM
Trials:1
ResetHitCounter;6/20/2016 3:46:50 PM;100;0
ResetHammer;6/20/2016 3:46:50 PM;(0.0, 0.0, 0.0)
BoxActivate;6/20/2016 3:46:50 PM;0
UserEntry;6/20/2016 3:46:54 PM;Space
Hit;6/20/2016 3:46:55 PM;1;(-6.0, 0.1, -0.7);(-5.8, 0.1, -0.7);0.2024304
HitPoints;6/20/2016 3:46:55 PM;-10;90
Hit;6/20/2016 3:46:57 PM;2;(-6.0, 0.1, -0.7);(-5.6, 0.1, -0.7);0.3389357
HitPoints;6/20/2016 3:46:57 PM;-10;80
Hit;6/20/2016 3:46:58 PM;3;(-5.9, 0.1, -0.7);(-5.5, 0.1, -0.7);0.4406681
HitPoints;6/20/2016 3:46:58 PM;-10;70
Hit;6/20/2016 3:46:59 PM;4;(-5.9, 0.1, -0.7);(-5.3, 0.1, -0.7);0.5600063
HitPoints;6/20/2016 3:46:59 PM;-10;60
Hit;6/20/2016 3:47:00 PM;5;(-5.9, 0.1, -0.7);(-5.2, 0.1, -0.7);0.6635267
HitPoints;6/20/2016 3:47:00 PM;-10;50
GoalPoints;6/20/2016 3:47:00 PM;30;80
EnteredGoal;6/20/2016 3:47:00 PM
UserEntry;6/20/2016 3:47:01 PM;Space
End Time:6/20/2016 3:47:01 PM
--------------------------------------------------------------------------------
Condition:CONDITION_MAMMAL_KILL
Start Time:6/20/2016 3:47:01 PM
Trials:1
ResetHitCounter;6/20/2016 3:47:01 PM;100;0
ResetHammer;6/20/2016 3:47:01 PM;(0.0, 0.0, 0.0)
UserEntry;6/20/2016 3:47:03 PM;Space
KillAnimal;6/20/2016 3:47:03 PM;KittenNPC(Clone)
GoalPoints;6/20/2016 3:47:03 PM;50;150
EnteredGoal;6/20/2016 3:47:03 PM
UserEntry;6/20/2016 3:47:09 PM;Space
DestroyAnimal;6/20/2016 3:47:09 PM;KittenNPC(Clone)
UserEntry;6/20/2016 3:47:18 PM;Space
UserEntry;6/20/2016 3:47:18 PM;Space
UserEntry;6/20/2016 3:47:19 PM;Space
