name;position;rotation;scale
PPTtoUnity;(0.0, 0.0, 0.0);(0.0, 0.0, 0.0);(1.0, 1.0, 1.0)
Bein3;(-5.0, -0.2, -0.5);(0.0, 0.0, 0.0);(0.1, 0.8, 0.1)
Directional Light;(0.0, 3.0, 0.0);(50.0, 330.0, 0.0);(1.0, 1.0, 1.0)
Text;(519.0, 251.5, 0.0);(0.0, 0.0, 0.0);(1.0, 1.0, 1.0)
Tischplatte;(-5.8, 0.2, -0.7);(0.0, 0.0, 0.0);(1.6, 0.0, 0.5)
wall_N;(-5.1, 0.7, 5.1);(90.0, 0.0, 0.0);(8.0, 0.1, 2.8)
InputField;(519.0, 252.0, 0.0);(0.0, 0.0, 0.0);(1.0, 1.0, 1.0)
CameraPC;(-5.8, 1.0, -1.5);(37.7, 0.0, 0.0);(1.0, 1.0, 1.0)
outside;(-4.7, 0.2, -0.7);(0.0, 0.0, 0.0);(0.5, 0.0, 2.0)
wall_E;(-1.2, 0.7, -0.8);(0.0, 0.0, 90.0);(2.8, 0.1, 12.0)
Placeholder;(519.0, 251.5, 0.0);(0.0, 0.0, 0.0);(1.0, 1.0, 1.0)
wall_W;(-9.0, 0.7, -0.8);(0.0, 0.0, 90.0);(2.8, 0.1, 12.0)
Bein2;(-6.5, -0.2, -0.9);(0.0, 0.0, 0.0);(0.1, 0.8, 0.1)
Hits;(1028.0, 519.0, 0.0);(0.0, 0.0, 0.0);(1.0, 1.0, 1.0)
Bein4;(-5.0, -0.2, -0.9);(0.0, 0.0, 0.0);(0.1, 0.8, 0.1)
Room;(-5.1, 0.4, -0.8);(0.0, 0.0, 0.0);(1.0, 1.0, 1.0)
Animals;(-5.8, 0.3, -0.7);(0.0, 0.0, 0.0);(1.0, 1.0, 1.0)
Floor;(-5.1, -0.7, -0.8);(0.0, 0.0, 0.0);(8.0, 0.1, 12.0)
top;(-5.1, 2.2, -0.8);(0.0, 0.0, 0.0);(8.0, 0.1, 12.0)
outside;(-5.8, 0.2, -1.3);(0.0, 0.0, 0.0);(2.0, 0.0, 0.5)
EventSystem;(0.0, 0.0, 0.0);(0.0, 0.0, 0.0);(1.0, 1.0, 1.0)
Pivot;(-5.8, 0.4, -1.0);(0.0, 90.0, 90.0);(0.1, 0.1, 0.1)
bounds;(-5.8, 0.4, -0.7);(0.0, 0.0, 0.0);(1.6, 0.4, 0.5)
outside;(-6.9, 0.2, -0.7);(0.0, 0.0, 0.0);(0.5, 0.0, 2.0)
Points;(1028.0, 539.0, 0.0);(0.0, 0.0, 0.0);(1.0, 1.0, 1.0)
ViewManager;(0.0, 0.0, 0.0);(0.0, 0.0, 0.0);(1.0, 1.0, 1.0)
Setup;(-6.6, -0.8, 5.2);(0.0, 0.0, 0.0);(1.0, 1.0, 1.0)
outside;(-5.8, 0.2, -0.1);(0.0, 0.0, 0.0);(2.0, 0.0, 0.5)
Area Light;(-5.1, 1.9, -1.0);(56.3, 0.0, 0.0);(1.0, 1.0, 1.0)
Panel;(968.0, 514.0, 0.0);(0.0, 0.0, 0.0);(1.0, 1.0, 1.0)
Tisch;(-5.8, 0.2, -0.7);(0.0, 0.0, 0.0);(1.0, 1.0, 1.0)
HammerContainerPC;(-5.8, 0.5, -1.0);(0.0, 90.0, 90.0);(1.0, 1.0, 1.0)
InputPanel;(519.0, 252.0, 0.0);(0.0, 0.0, 0.0);(1.0, 1.0, 1.0)
wall_S;(-5.1, 0.7, -6.7);(90.0, 0.0, 0.0);(8.0, 0.1, 2.8)
Collider;(-5.8, 0.2, -0.7);(0.0, 0.0, 0.0);(1.0, 1.0, 1.0)
GameManager;(-5.8, 0.5, -0.8);(0.0, 0.0, 0.0);(1.0, 1.0, 1.0)
Canvas;(519.0, 274.5, 0.0);(0.0, 0.0, 0.0);(1.0, 1.0, 1.0)
Bein1;(-6.5, -0.2, -0.5);(0.0, 0.0, 0.0);(0.1, 0.8, 0.1)
SensorOffset;(0.0, 0.0, 0.0);(0.0, 0.0, 0.0);(1.0, 1.0, 1.0)
--------------------------------------------------------------------------------
Participant:343
Group:PC
End Time:06/14/2016 11:37:29
--------------------------------------------------------------------------------
Condition:INIT
Start Time:06/14/2016 11:37:29
Trials:2
ResetHitCounter;06/14/2016 11:37:29;100;0
ResetHammer;06/14/2016 11:37:29;(-5.8, 0.5, -1.0)
UserEntry;06/14/2016 11:37:30;Space
UserEntry;06/14/2016 11:37:30;Space
End Time:06/14/2016 11:37:30
--------------------------------------------------------------------------------
Condition:TRAINING
Start Time:06/14/2016 11:37:30
Trials:2
ResetHitCounter;06/14/2016 11:37:30;100;0
ResetHammer;06/14/2016 11:37:30;(-5.8, 0.5, -1.0)
BoxActivate;06/14/2016 11:37:30;1
UserEntry;06/14/2016 11:37:31;Space
Hit;06/14/2016 11:37:32;1;(-5.7, 0.3, -0.6);(-5.8, 0.3, -0.7);0.1050117
HitPoints;06/14/2016 11:37:32;-10;90
Hit;06/14/2016 11:37:34;2;(-5.8, 0.3, -0.8);(-5.9, 0.3, -0.6);0.2428932
HitPoints;06/14/2016 11:37:34;-10;80
EnteredGoal;06/14/2016 11:37:35
EnteredGoal;06/14/2016 11:37:36
UserEntry;06/14/2016 11:37:36;Space
UserEntry;06/14/2016 11:37:36;Space
End Time:06/14/2016 11:37:36
--------------------------------------------------------------------------------
Condition:CONDITION_INSECT
Start Time:06/14/2016 11:37:36
Trials:2
ResetHitCounter;06/14/2016 11:37:36;100;0
ResetHammer;06/14/2016 11:37:36;(-5.8, 0.5, -1.0)
BoxActivate;06/14/2016 11:37:36;0
UserEntry;06/14/2016 11:37:37;Space
Hit;06/14/2016 11:37:38;1;(-6.0, 0.3, -0.8);(-5.8, 0.3, -0.7);0.2508571
HitPoints;06/14/2016 11:37:38;-10;90
Hit;06/14/2016 11:37:40;2;(-5.9, 0.3, -0.7);(-5.7, 0.3, -0.7);0.2616
HitPoints;06/14/2016 11:37:40;-10;80
UserEntry;06/14/2016 11:37:41;Space
DestroyAnimal;06/14/2016 11:37:43;spider(Clone)
HitPoints;06/14/2016 11:37:43;-30;50
EnteredGoal;06/14/2016 11:37:43
Hit;06/14/2016 11:37:43;3;(-5.5, 0.3, -0.7)
UserEntry;06/14/2016 11:37:46;Space
----------------------------------------
Trial:2
Start Time:06/14/2016 11:37:46
ResetHitCounter;06/14/2016 11:37:46;100;0
ResetHammer;06/14/2016 11:37:46;(-5.8, 0.5, -1.0)
BoxActivate;06/14/2016 11:37:46;0
UserEntry;06/14/2016 11:37:46;Space
Hit;06/14/2016 11:37:47;1;(-5.7, 0.3, -0.8);(-5.8, 0.3, -0.7);0.1262815
HitPoints;06/14/2016 11:37:47;-10;90
UserEntry;06/14/2016 11:37:51;Space
