name;position;rotation;scale
PPTtoUnity;(0.0, 0.0, 0.0);(0.0, 0.0, 0.0);(1.0, 1.0, 1.0)
Bein3;(-5.0, -0.3, -0.5);(0.0, 0.0, 0.0);(0.1, 0.8, 0.1)
Directional Light;(0.0, 3.0, 0.0);(50.0, 330.0, 0.0);(1.0, 1.0, 1.0)
Text;(840.0, 439.0, 0.0);(0.0, 0.0, 0.0);(1.0, 1.0, 1.0)
Tischplatte;(-5.8, 0.1, -0.7);(0.0, 0.0, 0.0);(1.6, 0.0, 0.5)
wall_N;(-5.1, 0.7, 3.1);(90.0, 0.0, 0.0);(8.0, 0.1, 2.8)
InputField;(840.0, 439.5, 0.0);(0.0, 0.0, 0.0);(1.0, 1.0, 1.0)
CameraPC;(-5.8, 0.8, -1.5);(37.7, 0.0, 0.0);(1.0, 1.0, 1.0)
UIElements;(840.0, 439.5, 0.0);(0.0, 0.0, 0.0);(1.0, 1.0, 1.0)
outside;(-4.7, 0.1, -0.7);(0.0, 0.0, 0.0);(0.5, 0.0, 2.0)
wall_E;(-1.2, 0.7, -0.8);(0.0, 0.0, 90.0);(2.8, 0.1, 12.0)
Placeholder;(840.0, 439.0, 0.0);(0.0, 0.0, 0.0);(1.0, 1.0, 1.0)
wall_W;(-9.0, 0.7, -0.8);(0.0, 0.0, 90.0);(2.8, 0.1, 12.0)
Bein2;(-6.5, -0.3, -0.9);(0.0, 0.0, 0.0);(0.1, 0.8, 0.1)
Hits;(840.0, 879.0, 0.0);(0.0, 0.0, 0.0);(1.0, 1.0, 1.0)
Bein4;(-5.0, -0.3, -0.9);(0.0, 0.0, 0.0);(0.1, 0.8, 0.1)
Room;(-5.1, 0.4, -0.8);(0.0, 0.0, 0.0);(1.0, 1.0, 1.0)
Animals;(-5.8, 0.2, -0.7);(0.0, 0.0, 0.0);(1.0, 1.0, 1.0)
Floor;(-5.1, -0.7, -0.8);(0.0, 0.0, 0.0);(8.0, 0.1, 12.0)
top;(-5.1, 2.2, -0.8);(0.0, 0.0, 0.0);(8.0, 0.1, 12.0)
outside;(-5.8, 0.1, -1.3);(0.0, 0.0, 0.0);(2.0, 0.0, 0.5)
EventSystem;(0.0, 0.0, 0.0);(0.0, 0.0, 0.0);(1.0, 1.0, 1.0)
Pivot;(-5.8, 0.4, -1.0);(0.0, 90.0, 90.0);(0.1, 0.1, 0.1)
bounds;(-5.8, 0.3, -0.7);(0.0, 0.0, 0.0);(1.6, 0.4, 0.5)
outside;(-6.9, 0.1, -0.7);(0.0, 0.0, 0.0);(0.5, 0.0, 2.0)
Points;(840.0, 759.0, 0.0);(0.0, 0.0, 0.0);(1.0, 1.0, 1.0)
ViewManager;(0.0, 0.0, 0.0);(0.0, 0.0, 0.0);(1.0, 1.0, 1.0)
Setup;(-6.6, -0.9, 5.2);(0.0, 0.0, 0.0);(1.0, 1.0, 1.0)
outside;(-5.8, 0.1, -0.1);(0.0, 0.0, 0.0);(2.0, 0.0, 0.5)
CanvasVR;(-8.3, -0.7, 3.0);(0.0, 0.0, 0.0);(1.0, 1.0, 1.0)
Area Light;(-5.1, 1.9, -1.0);(56.3, 0.0, 0.0);(1.0, 1.0, 1.0)
Panel;(840.0, 879.0, 0.0);(0.0, 0.0, 0.0);(1.0, 1.0, 1.0)
Tisch;(-5.8, 0.1, -0.7);(0.0, 0.0, 0.0);(1.0, 1.0, 1.0)
HammerContainerPC;(-6.0, 0.3, -0.9);(0.0, 80.8, 90.0);(1.0, 1.0, 1.0)
InputPanel;(840.0, 439.5, 0.0);(0.0, 0.0, 0.0);(1.0, 1.0, 1.0)
wall_S;(-5.1, 0.7, -6.7);(90.0, 0.0, 0.0);(8.0, 0.1, 2.8)
Collider;(-5.8, 0.1, -0.7);(0.0, 0.0, 0.0);(1.0, 1.0, 1.0)
GameManager;(-5.8, 0.5, -0.8);(0.0, 0.0, 0.0);(1.0, 1.0, 1.0)
Canvas;(840.0, 439.5, 0.0);(0.0, 0.0, 0.0);(1.0, 1.0, 1.0)
Bein1;(-6.5, -0.3, -0.5);(0.0, 0.0, 0.0);(0.1, 0.8, 0.1)
PPTtoDummy;(0.0, 0.0, 0.0);(0.0, 0.0, 0.0);(1.0, 1.0, 1.0)
SensorOffset;(0.0, 0.0, 0.0);(0.0, 0.0, 0.0);(1.0, 1.0, 1.0)
--------------------------------------------------------------------------------
Participant:999
Group:PC
End Time:6/20/2016 4:20:23 PM
--------------------------------------------------------------------------------
Condition:INIT
Start Time:6/20/2016 4:20:23 PM
Trials:1
ResetHammer;6/20/2016 4:20:23 PM;(-5.8, 0.3, -1.0)
UserEntry;6/20/2016 4:20:34 PM;Space
ResetHitCounter;6/20/2016 4:20:34 PM;100;0
ResetHammer;6/20/2016 4:20:34 PM;(-5.8, 0.3, -1.0)
Hit;6/20/2016 4:20:36 PM;1;(-5.7, 0.1, -0.8);(0.0, 0.0, 0.0);5.71421
HitPoints;6/20/2016 4:20:36 PM;-10;90
Hit;6/20/2016 4:20:38 PM;2;(-5.4, 0.1, -0.8);(0.0, 0.0, 0.0);5.492053
HitPoints;6/20/2016 4:20:38 PM;-10;80
UserEntry;6/20/2016 4:20:40 PM;Space
End Time:6/20/2016 4:20:40 PM
--------------------------------------------------------------------------------
Condition:TRAINING
Start Time:6/20/2016 4:20:40 PM
Trials:1
ResetHitCounter;6/20/2016 4:20:40 PM;100;0
ResetHammer;6/20/2016 4:20:40 PM;(-5.8, 0.3, -1.0)
BoxActivate;6/20/2016 4:20:40 PM;1
UserEntry;6/20/2016 4:20:41 PM;Space
ResetHitCounter;6/20/2016 4:20:41 PM;100;0
ResetHammer;6/20/2016 4:20:41 PM;(-5.8, 0.3, -1.0)
Hit;6/20/2016 4:20:42 PM;1;(-5.6, 0.1, -0.8);(-5.8, 0.2, -0.7);0.1633123
HitPoints;6/20/2016 4:20:42 PM;-10;90
Hit;6/20/2016 4:20:44 PM;2;(-5.8, 0.1, -0.7);(-6.0, 0.2, -0.7);0.167925
HitPoints;6/20/2016 4:20:44 PM;-10;80
Hit;6/20/2016 4:20:46 PM;3;(-5.9, 0.1, -0.8);(-6.1, 0.2, -0.8);0.1959515
HitPoints;6/20/2016 4:20:46 PM;-10;70
Hit;6/20/2016 4:20:48 PM;4;(-6.1, 0.1, -0.9);(-6.3, 0.2, -0.7);0.2683438
HitPoints;6/20/2016 4:20:48 PM;-10;60
UserEntry;6/20/2016 4:20:48 PM;Space
End Time:6/20/2016 4:20:48 PM
--------------------------------------------------------------------------------
Condition:CONDITION_INSECT
Start Time:6/20/2016 4:20:48 PM
Trials:1
ResetHitCounter;6/20/2016 4:20:48 PM;100;0
ResetHammer;6/20/2016 4:20:48 PM;(-5.8, 0.3, -1.0)
BoxActivate;6/20/2016 4:20:48 PM;1
UserEntry;6/20/2016 4:20:49 PM;Space
Hit;6/20/2016 4:20:50 PM;1;(-5.7, 0.1, -0.8);(-5.8, 0.1, -0.7);0.1375962
HitPoints;6/20/2016 4:20:50 PM;-10;90
Hit;6/20/2016 4:20:52 PM;2;(-5.7, 0.1, -0.7);(-5.9, 0.1, -0.7);0.1220148
HitPoints;6/20/2016 4:20:52 PM;-10;80
DestroyAnimal;6/20/2016 4:20:57 PM;spider(Clone)
HitPoints;6/20/2016 4:20:57 PM;-30;50
EnteredGoal;6/20/2016 4:20:57 PM
UserEntry;6/20/2016 4:21:01 PM;Space
End Time:6/20/2016 4:21:01 PM
--------------------------------------------------------------------------------
Condition:CONDITION_INSECT_DEATH
Start Time:6/20/2016 4:21:01 PM
Trials:1
ResetHitCounter;6/20/2016 4:21:01 PM;100;0
ResetHammer;6/20/2016 4:21:01 PM;(-5.8, 0.3, -1.0)
BoxActivate;6/20/2016 4:21:01 PM;0
UserEntry;6/20/2016 4:21:02 PM;Space
Hit;6/20/2016 4:21:04 PM;1;(-5.9, 0.1, -0.8);(-5.8, 0.1, -0.7);0.1902036
HitPoints;6/20/2016 4:21:04 PM;-10;90
Hit;6/20/2016 4:21:06 PM;2;(-5.9, 0.1, -0.7);(-5.7, 0.1, -0.7);0.1994297
HitPoints;6/20/2016 4:21:06 PM;-10;80
Hit;6/20/2016 4:21:08 PM;3;(-5.9, 0.1, -0.7);(-5.6, 0.1, -0.7);0.2881093
HitPoints;6/20/2016 4:21:08 PM;-10;70
