name;position;rotation;scale
UIElements;(-5.2, 0.6, 5.0);(0.0, 0.0, 0.0);(1.0, 1.0, 1.0)
CanvasVR;(-8.3, -0.7, 5.0);(0.0, 0.0, 0.0);(0.0, 0.0, 0.0)
PPTtoUnity;(0.0, 0.0, 0.0);(0.0, 0.0, 0.0);(1.0, 1.0, 1.0)
Bein3;(-5.0, -0.3, -0.5);(0.0, 0.0, 0.0);(0.1, 0.8, 0.1)
VRPN;(5.8, 0.9, 0.6);(280.0, 0.0, 0.0);(1.0, 1.0, 1.0)
Directional Light;(0.0, 3.0, 0.0);(50.0, 330.0, 0.0);(1.0, 1.0, 1.0)
HammerContainerVR;(0.0, 0.0, 0.0);(280.0, 0.0, 0.0);(1.0, 1.0, 1.0)
Text;(606.5, 260.5, 0.0);(0.0, 0.0, 0.0);(1.0, 1.0, 1.0)
Tischplatte;(-5.8, 0.1, -0.7);(0.0, 0.0, 0.0);(1.6, 0.0, 0.5)
wall_N;(-5.1, 0.7, 5.1);(90.0, 0.0, 0.0);(8.0, 0.1, 2.8)
InputField;(606.5, 261.0, 0.0);(0.0, 0.0, 0.0);(1.0, 1.0, 1.0)
outside;(-4.7, 0.1, -0.7);(0.0, 0.0, 0.0);(0.5, 0.0, 2.0)
wall_E;(-1.2, 0.7, -0.8);(0.0, 0.0, 90.0);(2.8, 0.1, 12.0)
Placeholder;(606.5, 260.5, 0.0);(0.0, 0.0, 0.0);(1.0, 1.0, 1.0)
wall_W;(-9.0, 0.7, -0.8);(0.0, 0.0, 90.0);(2.8, 0.1, 12.0)
Bein2;(-6.5, -0.3, -0.9);(0.0, 0.0, 0.0);(0.1, 0.8, 0.1)
Hits;(-2.8, 1.9, 5.0);(0.0, 0.0, 0.0);(1.0, 1.0, 1.0)
Bein4;(-5.0, -0.3, -0.9);(0.0, 0.0, 0.0);(0.1, 0.8, 0.1)
Room;(-5.1, 0.4, -0.8);(0.0, 0.0, 0.0);(1.0, 1.0, 1.0)
Animals;(-5.8, 0.2, -0.7);(0.0, 0.0, 0.0);(1.0, 1.0, 1.0)
Floor;(-5.1, -0.7, -0.8);(0.0, 0.0, 0.0);(8.0, 0.1, 12.0)
outside;(-5.8, 0.1, -1.3);(0.0, 0.0, 0.0);(2.0, 0.0, 0.5)
EventSystem;(0.0, 0.0, 0.0);(0.0, 0.0, 0.0);(1.0, 1.0, 1.0)
Pivot;(-5.8, 0.4, -1.0);(0.0, 90.0, 90.0);(0.1, 0.1, 0.1)
bounds;(-5.8, 0.3, -0.7);(0.0, 0.0, 0.0);(1.6, 0.4, 0.5)
outside;(-6.9, 0.1, -0.7);(0.0, 0.0, 0.0);(0.5, 0.0, 2.0)
Points;(-2.8, 1.6, 5.0);(0.0, 0.0, 0.0);(1.0, 1.0, 1.0)
ViewManager;(0.0, 0.0, 0.0);(0.0, 0.0, 0.0);(1.0, 1.0, 1.0)
Setup;(-6.6, -0.9, 5.2);(0.0, 0.0, 0.0);(1.0, 1.0, 1.0)
outside;(-5.8, 0.1, -0.1);(0.0, 0.0, 0.0);(2.0, 0.0, 0.5)
Area Light;(-5.1, 1.9, -1.0);(56.3, 0.0, 0.0);(1.0, 1.0, 1.0)
Panel;(-2.2, 1.9, 5.0);(0.0, 0.0, 0.0);(1.0, 1.0, 1.0)
Tisch;(-5.8, 0.1, -0.7);(0.0, 0.0, 0.0);(1.0, 1.0, 1.0)
InputPanel;(606.5, 261.0, 0.0);(0.0, 0.0, 0.0);(1.0, 1.0, 1.0)
CameraVR;(-6.4, 0.6, -1.4);(34.4, 292.0, 355.9);(1.0, 1.0, 1.0)
wall_S;(-5.1, 0.7, -6.7);(90.0, 0.0, 0.0);(8.0, 0.1, 2.8)
Collider;(-5.8, 0.1, -0.7);(0.0, 0.0, 0.0);(1.0, 1.0, 1.0)
GameManager;(-5.8, 0.5, -0.8);(0.0, 0.0, 0.0);(1.0, 1.0, 1.0)
Canvas;(606.5, 261.0, 0.0);(0.0, 0.0, 0.0);(1.0, 1.0, 1.0)
Bein1;(-6.5, -0.3, -0.5);(0.0, 0.0, 0.0);(0.1, 0.8, 0.1)
PPTtoDummy;(0.0, 0.0, 0.0);(0.0, 0.0, 0.0);(1.0, 1.0, 1.0)
SensorOffset;(0.0, 0.0, 0.0);(0.0, 0.0, 0.0);(1.0, 1.0, 1.0)
--------------------------------------------------------------------------------
Participant:12
Group:VR
End Time:6/17/2016 12:38:51 PM
--------------------------------------------------------------------------------
Condition:INIT
Start Time:6/17/2016 12:38:51 PM
Trials:2
ResetHitCounter;6/17/2016 12:38:51 PM;100;0
ResetHammer;6/17/2016 12:38:51 PM;(-5.8, 0.5, -1.0)
name;position;rotation;scale
UIElements;(606.5, 261.0, 0.0);(0.0, 0.0, 0.0);(1.0, 1.0, 1.0)
CanvasVR;(-8.3, -0.7, 5.0);(0.0, 0.0, 0.0);(1.0, 1.0, 1.0)
PPTtoUnity;(0.0, 0.0, 0.0);(0.0, 0.0, 0.0);(1.0, 1.0, 1.0)
Bein3;(-5.0, -0.3, -0.5);(0.0, 0.0, 0.0);(0.1, 0.8, 0.1)
VRPN;(5.8, 0.9, 0.6);(280.0, 0.0, 0.0);(1.0, 1.0, 1.0)
Directional Light;(0.0, 3.0, 0.0);(50.0, 330.0, 0.0);(1.0, 1.0, 1.0)
HammerContainerVR;(0.0, 0.0, 0.0);(280.0, 0.0, 0.0);(1.0, 1.0, 1.0)
Text;(606.5, 260.5, 0.0);(0.0, 0.0, 0.0);(1.0, 1.0, 1.0)
Tischplatte;(-5.8, 0.1, -0.7);(0.0, 0.0, 0.0);(1.6, 0.0, 0.5)
wall_N;(-5.1, 0.7, 5.1);(90.0, 0.0, 0.0);(8.0, 0.1, 2.8)
InputField;(606.5, 261.0, 0.0);(0.0, 0.0, 0.0);(1.0, 1.0, 1.0)
outside;(-4.7, 0.1, -0.7);(0.0, 0.0, 0.0);(0.5, 0.0, 2.0)
wall_E;(-1.2, 0.7, -0.8);(0.0, 0.0, 90.0);(2.8, 0.1, 12.0)
Placeholder;(606.5, 260.5, 0.0);(0.0, 0.0, 0.0);(1.0, 1.0, 1.0)
wall_W;(-9.0, 0.7, -0.8);(0.0, 0.0, 90.0);(2.8, 0.1, 12.0)
Bein2;(-6.5, -0.3, -0.9);(0.0, 0.0, 0.0);(0.1, 0.8, 0.1)
Hits;(1088.0, 522.0, 0.0);(0.0, 0.0, 0.0);(1.0, 1.0, 1.0)
Bein4;(-5.0, -0.3, -0.9);(0.0, 0.0, 0.0);(0.1, 0.8, 0.1)
Room;(-5.1, 0.4, -0.8);(0.0, 0.0, 0.0);(1.0, 1.0, 1.0)
Animals;(-5.8, 0.2, -0.7);(0.0, 0.0, 0.0);(1.0, 1.0, 1.0)
Floor;(-5.1, -0.7, -0.8);(0.0, 0.0, 0.0);(8.0, 0.1, 12.0)
outside;(-5.8, 0.1, -1.3);(0.0, 0.0, 0.0);(2.0, 0.0, 0.5)
EventSystem;(0.0, 0.0, 0.0);(0.0, 0.0, 0.0);(1.0, 1.0, 1.0)
Pivot;(-5.8, 0.4, -1.0);(0.0, 90.0, 90.0);(0.1, 0.1, 0.1)
bounds;(-5.8, 0.3, -0.7);(0.0, 0.0, 0.0);(1.6, 0.4, 0.5)
outside;(-6.9, 0.1, -0.7);(0.0, 0.0, 0.0);(0.5, 0.0, 2.0)
Points;(1088.0, 462.0, 0.0);(0.0, 0.0, 0.0);(1.0, 1.0, 1.0)
ViewManager;(0.0, 0.0, 0.0);(0.0, 0.0, 0.0);(1.0, 1.0, 1.0)
Setup;(-6.6, -0.9, 5.2);(0.0, 0.0, 0.0);(1.0, 1.0, 1.0)
outside;(-5.8, 0.1, -0.1);(0.0, 0.0, 0.0);(2.0, 0.0, 0.5)
Area Light;(-5.1, 1.9, -1.0);(56.3, 0.0, 0.0);(1.0, 1.0, 1.0)
Panel;(1213.0, 522.0, 0.0);(0.0, 0.0, 0.0);(1.0, 1.0, 1.0)
Tisch;(-5.8, 0.1, -0.7);(0.0, 0.0, 0.0);(1.0, 1.0, 1.0)
InputPanel;(606.5, 261.0, 0.0);(0.0, 0.0, 0.0);(1.0, 1.0, 1.0)
CameraVR;(-6.3, 0.3, -1.3);(5.0, 353.3, 5.0);(1.0, 1.0, 1.0)
wall_S;(-5.1, 0.7, -6.7);(90.0, 0.0, 0.0);(8.0, 0.1, 2.8)
Collider;(-5.8, 0.1, -0.7);(0.0, 0.0, 0.0);(1.0, 1.0, 1.0)
GameManager;(-5.8, 0.5, -0.8);(0.0, 0.0, 0.0);(1.0, 1.0, 1.0)
Canvas;(606.5, 261.0, 0.0);(0.0, 0.0, 0.0);(1.0, 1.0, 1.0)
Bein1;(-6.5, -0.3, -0.5);(0.0, 0.0, 0.0);(0.1, 0.8, 0.1)
PPTtoDummy;(0.0, 0.0, 0.0);(0.0, 0.0, 0.0);(1.0, 1.0, 1.0)
SensorOffset;(0.0, 0.0, 0.0);(0.0, 0.0, 0.0);(1.0, 1.0, 1.0)
--------------------------------------------------------------------------------
Participant:12
Group:VR
End Time:6/17/2016 12:41:23 PM
--------------------------------------------------------------------------------
Condition:INIT
Start Time:6/17/2016 12:41:23 PM
Trials:2
ResetHitCounter;6/17/2016 12:41:23 PM;100;0
ResetHammer;6/17/2016 12:41:23 PM;(-5.8, 0.5, -1.0)
name;position;rotation;scale
StartArea;(-5.8, 0.2, -0.7);(0.0, 0.0, 0.0);(0.4, 0.2, 0.4)
PPTtoUnity;(0.0, 0.0, 0.0);(0.0, 0.0, 0.0);(1.0, 1.0, 1.0)
Bein3;(-5.0, -0.3, -0.5);(0.0, 0.0, 0.0);(0.1, 0.8, 0.1)
VRPN;(-0.3, 0.0, 0.1);(0.0, 0.0, 0.0);(1.0, 1.0, 1.0)
Directional Light;(0.0, 3.0, 0.0);(50.0, 330.0, 0.0);(1.0, 1.0, 1.0)
HammerContainerVR;(-6.1, 0.5, -0.8);(0.0, 0.0, 0.0);(1.0, 1.0, 1.0)
Text;(606.5, 236.5, 0.0);(0.0, 0.0, 0.0);(1.0, 1.0, 1.0)
Tischplatte;(-5.8, 0.1, -0.7);(0.0, 0.0, 0.0);(1.6, 0.0, 0.5)
wall_N;(-5.1, 0.7, 5.1);(90.0, 0.0, 0.0);(8.0, 0.1, 2.8)
InputField;(606.5, 237.0, 0.0);(0.0, 0.0, 0.0);(1.0, 1.0, 1.0)
UIElements;(-5.2, 0.5, 5.0);(0.0, 0.0, 0.0);(1.0, 1.0, 1.0)
outside;(-4.7, 0.1, -0.7);(0.0, 0.0, 0.0);(0.5, 0.0, 2.0)
wall_E;(-1.2, 0.7, -0.8);(0.0, 0.0, 90.0);(2.8, 0.1, 12.0)
Placeholder;(606.5, 236.5, 0.0);(0.0, 0.0, 0.0);(1.0, 1.0, 1.0)
wall_W;(-9.0, 0.7, -0.8);(0.0, 0.0, 90.0);(2.8, 0.1, 12.0)
Bein2;(-6.5, -0.3, -0.9);(0.0, 0.0, 0.0);(0.1, 0.8, 0.1)
Hits;(-2.8, 1.7, 5.0);(0.0, 0.0, 0.0);(1.0, 1.0, 1.0)
Bein4;(-5.0, -0.3, -0.9);(0.0, 0.0, 0.0);(0.1, 0.8, 0.1)
Room;(-5.1, 0.4, -0.8);(0.0, 0.0, 0.0);(1.0, 1.0, 1.0)
Animals;(-5.8, 0.2, -0.7);(0.0, 0.0, 0.0);(1.0, 1.0, 1.0)
Floor;(-5.1, -0.7, -0.8);(0.0, 0.0, 0.0);(8.0, 0.1, 12.0)
outside;(-5.8, 0.1, -1.3);(0.0, 0.0, 0.0);(2.0, 0.0, 0.5)
EventSystem;(0.0, 0.0, 0.0);(0.0, 0.0, 0.0);(1.0, 1.0, 1.0)
Pivot;(-5.8, 0.4, -1.0);(0.0, 90.0, 90.0);(0.1, 0.1, 0.1)
bounds;(-5.8, 0.3, -0.7);(0.0, 0.0, 0.0);(1.6, 0.4, 0.5)
outside;(-6.9, 0.1, -0.7);(0.0, 0.0, 0.0);(0.5, 0.0, 2.0)
Points;(-2.8, 1.4, 5.0);(0.0, 0.0, 0.0);(1.0, 1.0, 1.0)
ViewManager;(0.0, 0.0, 0.0);(0.0, 0.0, 0.0);(1.0, 1.0, 1.0)
Setup;(-6.6, -0.9, 5.2);(0.0, 0.0, 0.0);(1.0, 1.0, 1.0)
outside;(-5.8, 0.1, -0.1);(0.0, 0.0, 0.0);(2.0, 0.0, 0.5)
CanvasVR;(-8.3, -0.7, 5.0);(0.0, 0.0, 0.0);(0.0, 0.0, 0.0)
Area Light;(-5.1, 1.9, -1.0);(56.3, 0.0, 0.0);(1.0, 1.0, 1.0)
Panel;(-2.2, 1.7, 5.0);(0.0, 0.0, 0.0);(1.0, 1.0, 1.0)
Tisch;(-5.8, 0.1, -0.7);(0.0, 0.0, 0.0);(1.0, 1.0, 1.0)
InputPanel;(606.5, 237.0, 0.0);(0.0, 0.0, 0.0);(1.0, 1.0, 1.0)
CameraVR;(-6.0, 0.1, -0.2);(2.0, 324.2, 358.5);(1.0, 1.0, 1.0)
wall_S;(-5.1, 0.7, -6.7);(90.0, 0.0, 0.0);(8.0, 0.1, 2.8)
Collider;(-5.8, 0.1, -0.7);(0.0, 0.0, 0.0);(1.0, 1.0, 1.0)
GameManager;(-5.8, 0.5, -0.8);(0.0, 0.0, 0.0);(1.0, 1.0, 1.0)
Canvas;(606.5, 237.0, 0.0);(0.0, 0.0, 0.0);(1.0, 1.0, 1.0)
Bein1;(-6.5, -0.3, -0.5);(0.0, 0.0, 0.0);(0.1, 0.8, 0.1)
PPTtoDummy;(-6.1, 0.5, -0.8);(291.4, 187.5, 207.0);(1.0, 1.0, 1.0)
SensorOffset;(0.0, 0.0, 0.0);(0.0, 0.0, 0.0);(1.0, 1.0, 1.0)
--------------------------------------------------------------------------------
Participant:12
Group:VR
End Time:6/17/2016 4:08:11 PM
--------------------------------------------------------------------------------
Condition:INIT
Start Time:6/17/2016 4:08:11 PM
Trials:2
ResetHitCounter;6/17/2016 4:08:11 PM;100;0
ResetHammer;6/17/2016 4:08:11 PM;(0.0, 0.0, 0.0)
UserEntry;6/17/2016 4:08:33 PM;Space
UserEntry;6/17/2016 4:08:34 PM;Space
End Time:6/17/2016 4:08:34 PM
--------------------------------------------------------------------------------
Condition:TRAINING
Start Time:6/17/2016 4:08:34 PM
Trials:2
ResetHitCounter;6/17/2016 4:08:34 PM;100;0
ResetHammer;6/17/2016 4:08:34 PM;(0.0, 0.0, 0.0)
BoxActivate;6/17/2016 4:08:34 PM;0
UserEntry;6/17/2016 4:08:35 PM;Space
UserEntry;6/17/2016 4:08:35 PM;Space
End Time:6/17/2016 4:08:35 PM
--------------------------------------------------------------------------------
Condition:CONDITION_INSECT
Start Time:6/17/2016 4:08:35 PM
Trials:2
ResetHitCounter;6/17/2016 4:08:35 PM;100;0
ResetHammer;6/17/2016 4:08:35 PM;(0.0, 0.0, 0.0)
BoxActivate;6/17/2016 4:08:35 PM;1
OffTable;6/17/2016 4:08:36 PM;(-5.8, -0.7, -0.8)
EnteredGoal;6/17/2016 4:08:36 PM
UserEntry;6/17/2016 4:08:36 PM;Space
----------------------------------------
Trial:2
Start Time:6/17/2016 4:08:36 PM
ResetHitCounter;6/17/2016 4:08:36 PM;100;0
ResetHammer;6/17/2016 4:08:36 PM;(0.0, 0.0, 0.0)
BoxActivate;6/17/2016 4:08:36 PM;0
UserEntry;6/17/2016 4:08:36 PM;Space
OffTable;6/17/2016 4:08:36 PM;(-5.8, -0.7, -0.8)
EnteredGoal;6/17/2016 4:08:36 PM
UserEntry;6/17/2016 4:08:37 PM;Space
End Time:6/17/2016 4:08:37 PM
--------------------------------------------------------------------------------
Condition:CONDITION_INSECT_DEATH
Start Time:6/17/2016 4:08:37 PM
Trials:2
ResetHitCounter;6/17/2016 4:08:37 PM;100;0
ResetHammer;6/17/2016 4:08:37 PM;(0.0, 0.0, 0.0)
BoxActivate;6/17/2016 4:08:37 PM;0
UserEntry;6/17/2016 4:08:37 PM;Space
OffTable;6/17/2016 4:08:37 PM;(-5.8, -0.7, -0.8)
EnteredGoal;6/17/2016 4:08:37 PM
UserEntry;6/17/2016 4:08:37 PM;Space
----------------------------------------
Trial:2
Start Time:6/17/2016 4:08:37 PM
ResetHitCounter;6/17/2016 4:08:37 PM;100;0
ResetHammer;6/17/2016 4:08:37 PM;(0.0, 0.0, 0.0)
BoxActivate;6/17/2016 4:08:37 PM;1
UserEntry;6/17/2016 4:08:37 PM;Space
OffTable;6/17/2016 4:08:37 PM;(-5.8, -0.7, -0.8)
EnteredGoal;6/17/2016 4:08:37 PM
UserEntry;6/17/2016 4:08:38 PM;Space
End Time:6/17/2016 4:08:38 PM
--------------------------------------------------------------------------------
Condition:CONDITION_INSECT_KILL
Start Time:6/17/2016 4:08:38 PM
Trials:2
ResetHitCounter;6/17/2016 4:08:38 PM;100;0
ResetHammer;6/17/2016 4:08:38 PM;(0.0, 0.0, 0.0)
OffTable;6/17/2016 4:08:38 PM;(-5.8, -0.7, -0.8)
EnteredGoal;6/17/2016 4:08:38 PM
UserEntry;6/17/2016 4:08:38 PM;Space
----------------------------------------
Trial:2
Start Time:6/17/2016 4:08:38 PM
ResetHitCounter;6/17/2016 4:08:38 PM;100;0
ResetHammer;6/17/2016 4:08:38 PM;(0.0, 0.0, 0.0)
OffTable;6/17/2016 4:08:38 PM;(-5.8, -0.7, -0.8)
EnteredGoal;6/17/2016 4:08:38 PM
UserEntry;6/17/2016 4:08:39 PM;Space
End Time:6/17/2016 4:08:39 PM
--------------------------------------------------------------------------------
Condition:CONDITION_REPTILE
Start Time:6/17/2016 4:08:39 PM
Trials:2
ResetHitCounter;6/17/2016 4:08:39 PM;100;0
ResetHammer;6/17/2016 4:08:39 PM;(0.0, 0.0, 0.0)
BoxActivate;6/17/2016 4:08:39 PM;0
UserEntry;6/17/2016 4:08:39 PM;Space
OffTable;6/17/2016 4:08:39 PM;(-5.8, -0.8, -0.7)
EnteredGoal;6/17/2016 4:08:39 PM
name;position;rotation;scale
Directional Light;(0.0, 3.0, 0.0);(50.0, 330.0, 0.0);(1.0, 1.0, 1.0)
EventSystem;(0.0, 0.0, 0.0);(0.0, 0.0, 0.0);(1.0, 1.0, 1.0)
ViewManager;(0.0, 0.0, 0.0);(0.0, 0.0, 0.0);(1.0, 1.0, 1.0)
PPTtoDummy;(-6.1, 0.5, -0.9);(287.6, 155.1, 214.4);(1.0, 1.0, 1.0)
SensorOffset;(0.0, 0.0, 0.0);(0.0, 0.0, 0.0);(1.0, 1.0, 1.0)
--------------------------------------------------------------------------------
Participant:12
Group:VR
End Time:6/17/2016 4:12:50 PM
--------------------------------------------------------------------------------
Condition:INIT
Start Time:6/17/2016 4:12:50 PM
Trials:2
name;position;rotation;scale
StartArea;(-5.8, 0.2, -0.7);(0.0, 0.0, 0.0);(0.4, 0.2, 0.4)
PPTtoUnity;(0.0, 0.0, 0.0);(0.0, 0.0, 0.0);(1.0, 1.0, 1.0)
Bein3;(-5.0, -0.3, -0.5);(0.0, 0.0, 0.0);(0.1, 0.8, 0.1)
VRPN;(-0.3, 0.0, 0.1);(0.0, 0.0, 0.0);(1.0, 1.0, 1.0)
Directional Light;(0.0, 3.0, 0.0);(50.0, 330.0, 0.0);(1.0, 1.0, 1.0)
HammerContainerVR;(-6.1, 0.5, -0.9);(0.0, 0.0, 0.0);(1.0, 1.0, 1.0)
Text;(606.5, 236.5, 0.0);(0.0, 0.0, 0.0);(1.0, 1.0, 1.0)
Tischplatte;(-5.8, 0.1, -0.7);(0.0, 0.0, 0.0);(1.6, 0.0, 0.5)
wall_N;(-5.1, 0.7, 5.1);(90.0, 0.0, 0.0);(8.0, 0.1, 2.8)
InputField;(606.5, 237.0, 0.0);(0.0, 0.0, 0.0);(1.0, 1.0, 1.0)
UIElements;(-5.2, 0.5, 5.0);(0.0, 0.0, 0.0);(1.0, 1.0, 1.0)
outside;(-4.7, 0.1, -0.7);(0.0, 0.0, 0.0);(0.5, 0.0, 2.0)
wall_E;(-1.2, 0.7, -0.8);(0.0, 0.0, 90.0);(2.8, 0.1, 12.0)
Placeholder;(606.5, 236.5, 0.0);(0.0, 0.0, 0.0);(1.0, 1.0, 1.0)
wall_W;(-9.0, 0.7, -0.8);(0.0, 0.0, 90.0);(2.8, 0.1, 12.0)
Bein2;(-6.5, -0.3, -0.9);(0.0, 0.0, 0.0);(0.1, 0.8, 0.1)
Hits;(-2.8, 1.7, 5.0);(0.0, 0.0, 0.0);(1.0, 1.0, 1.0)
Bein4;(-5.0, -0.3, -0.9);(0.0, 0.0, 0.0);(0.1, 0.8, 0.1)
Room;(-5.1, 0.4, -0.8);(0.0, 0.0, 0.0);(1.0, 1.0, 1.0)
Animals;(-5.8, 0.2, -0.7);(0.0, 0.0, 0.0);(1.0, 1.0, 1.0)
Floor;(-5.1, -0.7, -0.8);(0.0, 0.0, 0.0);(8.0, 0.1, 12.0)
outside;(-5.8, 0.1, -1.3);(0.0, 0.0, 0.0);(2.0, 0.0, 0.5)
EventSystem;(0.0, 0.0, 0.0);(0.0, 0.0, 0.0);(1.0, 1.0, 1.0)
Pivot;(-5.8, 0.4, -1.0);(0.0, 90.0, 90.0);(0.1, 0.1, 0.1)
bounds;(-5.8, 0.3, -0.7);(0.0, 0.0, 0.0);(1.6, 0.4, 0.5)
outside;(-6.9, 0.1, -0.7);(0.0, 0.0, 0.0);(0.5, 0.0, 2.0)
Points;(-2.8, 1.4, 5.0);(0.0, 0.0, 0.0);(1.0, 1.0, 1.0)
ViewManager;(0.0, 0.0, 0.0);(0.0, 0.0, 0.0);(1.0, 1.0, 1.0)
Setup;(-6.6, -0.9, 5.2);(0.0, 0.0, 0.0);(1.0, 1.0, 1.0)
outside;(-5.8, 0.1, -0.1);(0.0, 0.0, 0.0);(2.0, 0.0, 0.5)
CanvasVR;(-8.3, -0.7, 5.0);(0.0, 0.0, 0.0);(0.0, 0.0, 0.0)
Area Light;(-5.1, 1.9, -1.0);(56.3, 0.0, 0.0);(1.0, 1.0, 1.0)
Panel;(-2.2, 1.7, 5.0);(0.0, 0.0, 0.0);(1.0, 1.0, 1.0)
Tisch;(-5.8, 0.1, -0.7);(0.0, 0.0, 0.0);(1.0, 1.0, 1.0)
InputPanel;(606.5, 237.0, 0.0);(0.0, 0.0, 0.0);(1.0, 1.0, 1.0)
CameraVR;(-6.0, 0.1, -0.2);(2.0, 324.4, 358.5);(1.0, 1.0, 1.0)
wall_S;(-5.1, 0.7, -6.7);(90.0, 0.0, 0.0);(8.0, 0.1, 2.8)
Collider;(-5.8, 0.1, -0.7);(0.0, 0.0, 0.0);(1.0, 1.0, 1.0)
GameManager;(-5.8, 0.5, -0.8);(0.0, 0.0, 0.0);(1.0, 1.0, 1.0)
Canvas;(606.5, 237.0, 0.0);(0.0, 0.0, 0.0);(1.0, 1.0, 1.0)
Bein1;(-6.5, -0.3, -0.5);(0.0, 0.0, 0.0);(0.1, 0.8, 0.1)
PPTtoDummy;(-6.1, 0.5, -0.9);(287.3, 159.3, 216.7);(1.0, 1.0, 1.0)
SensorOffset;(0.0, 0.0, 0.0);(0.0, 0.0, 0.0);(1.0, 1.0, 1.0)
--------------------------------------------------------------------------------
Participant:12
Group:VR
End Time:6/17/2016 4:15:54 PM
--------------------------------------------------------------------------------
Condition:INIT
Start Time:6/17/2016 4:15:54 PM
Trials:2
ResetHitCounter;6/17/2016 4:15:54 PM;100;0
ResetHammer;6/17/2016 4:15:54 PM;(0.0, 0.0, 0.0)
UserEntry;6/17/2016 4:15:58 PM;Space
UserEntry;6/17/2016 4:15:58 PM;Space
End Time:6/17/2016 4:15:58 PM
--------------------------------------------------------------------------------
Condition:TRAINING
Start Time:6/17/2016 4:15:58 PM
Trials:2
ResetHitCounter;6/17/2016 4:15:58 PM;100;0
ResetHammer;6/17/2016 4:15:58 PM;(0.0, 0.0, 0.0)
BoxActivate;6/17/2016 4:15:58 PM;1
UserEntry;6/17/2016 4:16:00 PM;Space
UserEntry;6/17/2016 4:16:01 PM;Space
End Time:6/17/2016 4:16:01 PM
--------------------------------------------------------------------------------
Condition:CONDITION_INSECT
Start Time:6/17/2016 4:16:01 PM
Trials:2
ResetHitCounter;6/17/2016 4:16:01 PM;100;0
ResetHammer;6/17/2016 4:16:01 PM;(0.0, 0.0, 0.0)
BoxActivate;6/17/2016 4:16:01 PM;1
OffTable;6/17/2016 4:16:02 PM;(-5.8, -0.7, -0.8)
EnteredGoal;6/17/2016 4:16:02 PM
UserEntry;6/17/2016 4:16:02 PM;Space
----------------------------------------
Trial:2
Start Time:6/17/2016 4:16:02 PM
ResetHitCounter;6/17/2016 4:16:02 PM;100;0
ResetHammer;6/17/2016 4:16:02 PM;(0.0, 0.0, 0.0)
BoxActivate;6/17/2016 4:16:02 PM;1
OffTable;6/17/2016 4:16:02 PM;(-5.8, -0.7, -0.8)
EnteredGoal;6/17/2016 4:16:02 PM
UserEntry;6/17/2016 4:16:02 PM;Space
End Time:6/17/2016 4:16:02 PM
--------------------------------------------------------------------------------
Condition:CONDITION_INSECT_DEATH
Start Time:6/17/2016 4:16:02 PM
Trials:2
ResetHitCounter;6/17/2016 4:16:02 PM;100;0
ResetHammer;6/17/2016 4:16:02 PM;(0.0, 0.0, 0.0)
BoxActivate;6/17/2016 4:16:02 PM;0
OffTable;6/17/2016 4:16:03 PM;(-5.8, -0.7, -0.8)
EnteredGoal;6/17/2016 4:16:03 PM
name;position;rotation;scale
CanvasVRCamera;(-5.8, -60.4, 77.6);(37.7, 0.0, 0.0);(0.5, 0.5, 0.5)
PPTtoUnity;(0.0, 0.0, 0.0);(0.0, 0.0, 0.0);(1.0, 1.0, 1.0)
Bein3;(-5.0, -0.3, -0.5);(0.0, 0.0, 0.0);(0.1, 0.8, 0.1)
VRPN;(-0.2, 0.0, 0.1);(0.0, 0.0, 0.0);(1.0, 1.0, 1.0)
Directional Light;(0.0, 3.0, 0.0);(50.0, 330.0, 0.0);(1.0, 1.0, 1.0)
HammerContainerVR;(-6.0, 0.5, -0.9);(0.0, 0.0, 0.0);(1.0, 1.0, 1.0)
Text;(606.5, 236.5, 0.0);(0.0, 0.0, 0.0);(1.0, 1.0, 1.0)
Tischplatte;(-5.8, 0.1, -0.7);(0.0, 0.0, 0.0);(1.6, 0.0, 0.5)
wall_N;(-5.1, 0.7, 5.1);(90.0, 0.0, 0.0);(8.0, 0.1, 2.8)
InputField;(606.5, 237.0, 0.0);(0.0, 0.0, 0.0);(1.0, 1.0, 1.0)
UIElements;(-5.2, 0.5, 5.0);(0.0, 0.0, 0.0);(1.0, 1.0, 1.0)
outside;(-4.7, 0.1, -0.7);(0.0, 0.0, 0.0);(0.5, 0.0, 2.0)
wall_E;(-1.2, 0.7, -0.8);(0.0, 0.0, 90.0);(2.8, 0.1, 12.0)
Placeholder;(606.5, 236.5, 0.0);(0.0, 0.0, 0.0);(1.0, 1.0, 1.0)
wall_W;(-9.0, 0.7, -0.8);(0.0, 0.0, 90.0);(2.8, 0.1, 12.0)
Bein2;(-6.5, -0.3, -0.9);(0.0, 0.0, 0.0);(0.1, 0.8, 0.1)
Hits;(-2.8, 1.7, 5.0);(0.0, 0.0, 0.0);(1.0, 1.0, 1.0)
Bein4;(-5.0, -0.3, -0.9);(0.0, 0.0, 0.0);(0.1, 0.8, 0.1)
Room;(-5.1, 0.4, -0.8);(0.0, 0.0, 0.0);(1.0, 1.0, 1.0)
Animals;(-5.8, 0.2, -0.7);(0.0, 0.0, 0.0);(1.0, 1.0, 1.0)
Floor;(-5.1, -0.7, -0.8);(0.0, 0.0, 0.0);(8.0, 0.1, 12.0)
outside;(-5.8, 0.1, -1.3);(0.0, 0.0, 0.0);(2.0, 0.0, 0.5)
EventSystem;(0.0, 0.0, 0.0);(0.0, 0.0, 0.0);(1.0, 1.0, 1.0)
Pivot;(-5.8, 0.4, -1.0);(0.0, 90.0, 90.0);(0.1, 0.1, 0.1)
bounds;(-5.8, 0.3, -0.7);(0.0, 0.0, 0.0);(1.6, 0.4, 0.5)
outside;(-6.9, 0.1, -0.7);(0.0, 0.0, 0.0);(0.5, 0.0, 2.0)
Points;(-2.8, 1.4, 5.0);(0.0, 0.0, 0.0);(1.0, 1.0, 1.0)
ViewManager;(0.0, 0.0, 0.0);(0.0, 0.0, 0.0);(1.0, 1.0, 1.0)
Setup;(-6.6, -0.9, 5.2);(0.0, 0.0, 0.0);(1.0, 1.0, 1.0)
outside;(-5.8, 0.1, -0.1);(0.0, 0.0, 0.0);(2.0, 0.0, 0.5)
CanvasVR;(-8.3, -0.7, 5.0);(0.0, 0.0, 0.0);(0.0, 0.0, 0.0)
Area Light;(-5.1, 1.9, -1.0);(56.3, 0.0, 0.0);(1.0, 1.0, 1.0)
Panel;(-2.2, 1.7, 5.0);(0.0, 0.0, 0.0);(1.0, 1.0, 1.0)
Tisch;(-5.8, 0.1, -0.7);(0.0, 0.0, 0.0);(1.0, 1.0, 1.0)
InputPanel;(606.5, 237.0, 0.0);(0.0, 0.0, 0.0);(1.0, 1.0, 1.0)
CameraVR;(-6.3, 0.5, -0.9);(346.9, 334.2, 351.9);(1.0, 1.0, 1.0)
wall_S;(-5.1, 0.7, -6.7);(90.0, 0.0, 0.0);(8.0, 0.1, 2.8)
Collider;(-5.8, 0.1, -0.7);(0.0, 0.0, 0.0);(1.0, 1.0, 1.0)
GameManager;(-5.8, 0.5, -0.8);(0.0, 0.0, 0.0);(1.0, 1.0, 1.0)
Canvas;(606.5, 237.0, 0.0);(0.0, 0.0, 0.0);(1.0, 1.0, 1.0)
Bein1;(-6.5, -0.3, -0.5);(0.0, 0.0, 0.0);(0.1, 0.8, 0.1)
PPTtoDummy;(-6.0, 0.5, -0.9);(286.5, 144.8, 220.0);(1.0, 1.0, 1.0)
SensorOffset;(0.0, 0.0, 0.0);(0.0, 0.0, 0.0);(1.0, 1.0, 1.0)
--------------------------------------------------------------------------------
Participant:12
Group:VR
End Time:6/17/2016 4:28:55 PM
--------------------------------------------------------------------------------
Condition:INIT
Start Time:6/17/2016 4:28:55 PM
Trials:2
ResetHitCounter;6/17/2016 4:28:55 PM;100;0
ResetHammer;6/17/2016 4:28:55 PM;(0.0, 0.0, 0.0)
UserEntry;6/17/2016 4:29:42 PM;Space
Hit;6/17/2016 4:29:46 PM;1;(-5.6, 0.1, -0.7);(0.0, 0.0, 0.0);5.679519
HitPoints;6/17/2016 4:29:46 PM;-10;90
Hit;6/17/2016 4:29:47 PM;2;(-5.8, 0.1, -0.7);(0.0, 0.0, 0.0);5.860119
HitPoints;6/17/2016 4:29:47 PM;-10;80
Hit;6/17/2016 4:29:49 PM;3;(-5.8, 0.1, -0.7);(0.0, 0.0, 0.0);5.812926
HitPoints;6/17/2016 4:29:49 PM;-10;70
Hit;6/17/2016 4:29:52 PM;4;(-5.7, 0.1, -0.7);(0.0, 0.0, 0.0);5.747063
HitPoints;6/17/2016 4:29:52 PM;-10;60
Hit;6/17/2016 4:29:53 PM;5;(-5.7, 0.1, -0.7);(0.0, 0.0, 0.0);5.784882
HitPoints;6/17/2016 4:29:53 PM;-10;50
Hit;6/17/2016 4:30:06 PM;6;(-5.7, 0.1, -0.7);(0.0, 0.0, 0.0);5.734295
HitPoints;6/17/2016 4:30:06 PM;-10;40
Hit;6/17/2016 4:30:17 PM;7;(-5.7, 0.1, -0.7);(0.0, 0.0, 0.0);5.776156
HitPoints;6/17/2016 4:30:17 PM;-10;30
Hit;6/17/2016 4:30:19 PM;8;(-5.7, 0.1, -0.7);(0.0, 0.0, 0.0);5.775163
HitPoints;6/17/2016 4:30:19 PM;-10;20
name;position;rotation;scale
PPTtoUnity;(0.0, 0.0, 0.0);(0.0, 0.0, 0.0);(1.0, 1.0, 1.0)
Bein3;(-5.0, -0.3, -0.5);(0.0, 0.0, 0.0);(0.1, 0.8, 0.1)
VRPN;(0.2, 0.0, 0.2);(0.0, 0.0, 0.0);(1.0, 1.0, 1.0)
Directional Light;(0.0, 3.0, 0.0);(50.0, 330.0, 0.0);(1.0, 1.0, 1.0)
HammerContainerVR;(-5.6, 0.5, -0.8);(0.0, 0.0, 0.0);(1.0, 1.0, 1.0)
Text;(606.5, 236.5, 0.0);(0.0, 0.0, 0.0);(1.0, 1.0, 1.0)
Tischplatte;(-5.8, 0.1, -0.7);(0.0, 0.0, 0.0);(1.6, 0.0, 0.5)
wall_N;(-5.1, 0.7, 5.1);(90.0, 0.0, 0.0);(8.0, 0.1, 2.8)
InputField;(606.5, 237.0, 0.0);(0.0, 0.0, 0.0);(1.0, 1.0, 1.0)
UIElements;(-5.2, 0.5, 5.0);(0.0, 0.0, 0.0);(1.0, 1.0, 1.0)
outside;(-4.7, 0.1, -0.7);(0.0, 0.0, 0.0);(0.5, 0.0, 2.0)
wall_E;(-1.2, 0.7, -0.8);(0.0, 0.0, 90.0);(2.8, 0.1, 12.0)
Placeholder;(606.5, 236.5, 0.0);(0.0, 0.0, 0.0);(1.0, 1.0, 1.0)
wall_W;(-9.0, 0.7, -0.8);(0.0, 0.0, 90.0);(2.8, 0.1, 12.0)
Bein2;(-6.5, -0.3, -0.9);(0.0, 0.0, 0.0);(0.1, 0.8, 0.1)
Hits;(-5.2, 1.7, 5.0);(0.0, 0.0, 0.0);(1.0, 1.0, 1.0)
Bein4;(-5.0, -0.3, -0.9);(0.0, 0.0, 0.0);(0.1, 0.8, 0.1)
Room;(-5.1, 0.4, -0.8);(0.0, 0.0, 0.0);(1.0, 1.0, 1.0)
Animals;(-5.8, 0.2, -0.7);(0.0, 0.0, 0.0);(1.0, 1.0, 1.0)
Floor;(-5.1, -0.7, -0.8);(0.0, 0.0, 0.0);(8.0, 0.1, 12.0)
outside;(-5.8, 0.1, -1.3);(0.0, 0.0, 0.0);(2.0, 0.0, 0.5)
EventSystem;(0.0, 0.0, 0.0);(0.0, 0.0, 0.0);(1.0, 1.0, 1.0)
Pivot;(-5.8, 0.4, -1.0);(0.0, 90.0, 90.0);(0.1, 0.1, 0.1)
bounds;(-5.8, 0.3, -0.7);(0.0, 0.0, 0.0);(1.6, 0.4, 0.5)
outside;(-6.9, 0.1, -0.7);(0.0, 0.0, 0.0);(0.5, 0.0, 2.0)
Points;(-5.2, 1.1, 5.0);(0.0, 0.0, 0.0);(1.0, 1.0, 1.0)
ViewManager;(0.0, 0.0, 0.0);(0.0, 0.0, 0.0);(1.0, 1.0, 1.0)
Setup;(-6.6, -0.9, 5.2);(0.0, 0.0, 0.0);(1.0, 1.0, 1.0)
outside;(-5.8, 0.1, -0.1);(0.0, 0.0, 0.0);(2.0, 0.0, 0.5)
CanvasVR;(-8.3, -0.7, 5.0);(0.0, 0.0, 0.0);(0.0, 0.0, 0.0)
Area Light;(-5.1, 1.9, -1.0);(56.3, 0.0, 0.0);(1.0, 1.0, 1.0)
Panel;(-5.2, 1.7, 5.0);(0.0, 0.0, 0.0);(1.0, 1.0, 1.0)
Tisch;(-5.8, 0.1, -0.7);(0.0, 0.0, 0.0);(1.0, 1.0, 1.0)
InputPanel;(606.5, 237.0, 0.0);(0.0, 0.0, 0.0);(1.0, 1.0, 1.0)
CameraVR;(-6.4, 0.5, -0.8);(5.2, 333.6, 359.6);(1.0, 1.0, 1.0)
wall_S;(-5.1, 0.7, -6.7);(90.0, 0.0, 0.0);(8.0, 0.1, 2.8)
Collider;(-5.8, 0.1, -0.7);(0.0, 0.0, 0.0);(1.0, 1.0, 1.0)
GameManager;(-5.8, 0.5, -0.8);(0.0, 0.0, 0.0);(1.0, 1.0, 1.0)
Canvas;(606.5, 237.0, 0.0);(0.0, 0.0, 0.0);(1.0, 1.0, 1.0)
Bein1;(-6.5, -0.3, -0.5);(0.0, 0.0, 0.0);(0.1, 0.8, 0.1)
PPTtoDummy;(-5.6, 0.5, -0.8);(292.2, 224.8, 204.8);(1.0, 1.0, 1.0)
SensorOffset;(0.0, 0.0, 0.0);(0.0, 0.0, 0.0);(1.0, 1.0, 1.0)
--------------------------------------------------------------------------------
Participant:12
Group:VR
End Time:6/17/2016 5:25:09 PM
--------------------------------------------------------------------------------
Condition:INIT
Start Time:6/17/2016 5:25:09 PM
Trials:1
ResetHitCounter;6/17/2016 5:25:09 PM;100;0
ResetHammer;6/17/2016 5:25:09 PM;(0.0, 0.0, 0.0)
UserEntry;6/17/2016 5:25:12 PM;Space
UserEntry;6/17/2016 5:25:13 PM;Space
End Time:6/17/2016 5:25:13 PM
--------------------------------------------------------------------------------
Condition:TRAINING
Start Time:6/17/2016 5:25:13 PM
Trials:1
ResetHitCounter;6/17/2016 5:25:13 PM;100;0
ResetHammer;6/17/2016 5:25:13 PM;(0.0, 0.0, 0.0)
BoxActivate;6/17/2016 5:25:13 PM;1
UserEntry;6/17/2016 5:25:16 PM;Space
UserEntry;6/17/2016 5:25:19 PM;Space
End Time:6/17/2016 5:25:19 PM
--------------------------------------------------------------------------------
Condition:CONDITION_INSECT
Start Time:6/17/2016 5:25:19 PM
Trials:1
ResetHitCounter;6/17/2016 5:25:19 PM;100;0
ResetHammer;6/17/2016 5:25:19 PM;(0.0, 0.0, 0.0)
BoxActivate;6/17/2016 5:25:19 PM;1
UserEntry;6/17/2016 5:25:21 PM;Space
UserEntry;6/17/2016 5:25:24 PM;Space
name;position;rotation;scale
PPTtoUnity;(0.0, 0.0, 0.0);(0.0, 0.0, 0.0);(1.0, 1.0, 1.0)
Bein3;(-5.0, -0.3, -0.5);(0.0, 0.0, 0.0);(0.1, 0.8, 0.1)
VRPN;(0.2, 0.0, 0.2);(0.0, 0.0, 0.0);(1.0, 1.0, 1.0)
Directional Light;(0.0, 3.0, 0.0);(50.0, 330.0, 0.0);(1.0, 1.0, 1.0)
HammerContainerVR;(-5.6, 0.5, -0.8);(0.0, 0.0, 0.0);(1.0, 1.0, 1.0)
Text;(606.5, 236.5, 0.0);(0.0, 0.0, 0.0);(1.0, 1.0, 1.0)
Tischplatte;(-5.8, 0.1, -0.7);(0.0, 0.0, 0.0);(1.6, 0.0, 0.5)
wall_N;(-5.1, 0.7, 5.1);(90.0, 0.0, 0.0);(8.0, 0.1, 2.8)
InputField;(606.5, 237.0, 0.0);(0.0, 0.0, 0.0);(1.0, 1.0, 1.0)
UIElements;(-5.2, 0.5, 5.0);(0.0, 0.0, 0.0);(1.0, 1.0, 1.0)
outside;(-4.7, 0.1, -0.7);(0.0, 0.0, 0.0);(0.5, 0.0, 2.0)
wall_E;(-1.2, 0.7, -0.8);(0.0, 0.0, 90.0);(2.8, 0.1, 12.0)
Placeholder;(606.5, 236.5, 0.0);(0.0, 0.0, 0.0);(1.0, 1.0, 1.0)
wall_W;(-9.0, 0.7, -0.8);(0.0, 0.0, 90.0);(2.8, 0.1, 12.0)
Bein2;(-6.5, -0.3, -0.9);(0.0, 0.0, 0.0);(0.1, 0.8, 0.1)
Hits;(-5.2, 1.7, 5.0);(0.0, 0.0, 0.0);(1.0, 1.0, 1.0)
Bein4;(-5.0, -0.3, -0.9);(0.0, 0.0, 0.0);(0.1, 0.8, 0.1)
Room;(-5.1, 0.4, -0.8);(0.0, 0.0, 0.0);(1.0, 1.0, 1.0)
Animals;(-5.8, 0.2, -0.7);(0.0, 0.0, 0.0);(1.0, 1.0, 1.0)
Floor;(-5.1, -0.7, -0.8);(0.0, 0.0, 0.0);(8.0, 0.1, 12.0)
outside;(-5.8, 0.1, -1.3);(0.0, 0.0, 0.0);(2.0, 0.0, 0.5)
EventSystem;(0.0, 0.0, 0.0);(0.0, 0.0, 0.0);(1.0, 1.0, 1.0)
Pivot;(-5.8, 0.4, -1.0);(0.0, 90.0, 90.0);(0.1, 0.1, 0.1)
bounds;(-5.8, 0.3, -0.7);(0.0, 0.0, 0.0);(1.6, 0.4, 0.5)
outside;(-6.9, 0.1, -0.7);(0.0, 0.0, 0.0);(0.5, 0.0, 2.0)
Points;(-5.2, 1.1, 5.0);(0.0, 0.0, 0.0);(1.0, 1.0, 1.0)
ViewManager;(0.0, 0.0, 0.0);(0.0, 0.0, 0.0);(1.0, 1.0, 1.0)
Setup;(-6.6, -0.9, 5.2);(0.0, 0.0, 0.0);(1.0, 1.0, 1.0)
outside;(-5.8, 0.1, -0.1);(0.0, 0.0, 0.0);(2.0, 0.0, 0.5)
CanvasVR;(-8.3, -0.7, 5.0);(0.0, 0.0, 0.0);(0.0, 0.0, 0.0)
Area Light;(-5.1, 1.9, -1.0);(56.3, 0.0, 0.0);(1.0, 1.0, 1.0)
Panel;(-5.2, 1.7, 5.0);(0.0, 0.0, 0.0);(1.0, 1.0, 1.0)
Tisch;(-5.8, 0.1, -0.7);(0.0, 0.0, 0.0);(1.0, 1.0, 1.0)
InputPanel;(606.5, 237.0, 0.0);(0.0, 0.0, 0.0);(1.0, 1.0, 1.0)
CameraVR;(-6.0, 0.0, -0.3);(353.2, 2.0, 358.4);(1.0, 1.0, 1.0)
wall_S;(-5.1, 0.7, -6.7);(90.0, 0.0, 0.0);(8.0, 0.1, 2.8)
Collider;(-5.8, 0.1, -0.7);(0.0, 0.0, 0.0);(1.0, 1.0, 1.0)
GameManager;(-5.8, 0.5, -0.8);(0.0, 0.0, 0.0);(1.0, 1.0, 1.0)
Canvas;(606.5, 237.0, 0.0);(0.0, 0.0, 0.0);(1.0, 1.0, 1.0)
Bein1;(-6.5, -0.3, -0.5);(0.0, 0.0, 0.0);(0.1, 0.8, 0.1)
PPTtoDummy;(-5.6, 0.5, -0.8);(292.2, 224.8, 204.8);(1.0, 1.0, 1.0)
SensorOffset;(0.0, 0.0, 0.0);(0.0, 0.0, 0.0);(1.0, 1.0, 1.0)
--------------------------------------------------------------------------------
Participant:12
Group:VR
End Time:6/17/2016 5:28:53 PM
--------------------------------------------------------------------------------
Condition:INIT
Start Time:6/17/2016 5:28:53 PM
Trials:1
ResetHitCounter;6/17/2016 5:28:53 PM;100;0
ResetHammer;6/17/2016 5:28:53 PM;(0.0, 0.0, 0.0)
UserEntry;6/17/2016 5:28:55 PM;Space
UserEntry;6/17/2016 5:28:56 PM;Space
End Time:6/17/2016 5:28:56 PM
--------------------------------------------------------------------------------
Condition:TRAINING
Start Time:6/17/2016 5:28:56 PM
Trials:1
ResetHitCounter;6/17/2016 5:28:56 PM;100;0
ResetHammer;6/17/2016 5:28:56 PM;(0.0, 0.0, 0.0)
BoxActivate;6/17/2016 5:28:56 PM;0
UserEntry;6/17/2016 5:28:56 PM;Space
UserEntry;6/17/2016 5:28:57 PM;Space
End Time:6/17/2016 5:28:57 PM
--------------------------------------------------------------------------------
Condition:CONDITION_INSECT
Start Time:6/17/2016 5:28:57 PM
Trials:1
ResetHitCounter;6/17/2016 5:28:57 PM;100;0
ResetHammer;6/17/2016 5:28:57 PM;(0.0, 0.0, 0.0)
BoxActivate;6/17/2016 5:28:57 PM;1
UserEntry;6/17/2016 5:28:57 PM;Space
UserEntry;6/17/2016 5:28:57 PM;Space
UserEntry;6/17/2016 5:28:58 PM;Space
UserEntry;6/17/2016 5:28:59 PM;Space
