name;position;rotation;scale
PPTtoUnity;(0.0, 0.0, 0.0);(0.0, 0.0, 0.0);(1.0, 1.0, 1.0)
Bein3;(-5.0, -0.2, -0.5);(0.0, 0.0, 0.0);(0.1, 0.8, 0.1)
Directional Light;(0.0, 3.0, 0.0);(50.0, 330.0, 0.0);(1.0, 1.0, 1.0)
Text;(414.0, 251.5, 0.0);(0.0, 0.0, 0.0);(1.0, 1.0, 1.0)
Tischplatte;(-5.8, 0.2, -0.7);(0.0, 0.0, 0.0);(1.6, 0.0, 0.5)
wall_N;(-5.1, 0.7, 5.1);(90.0, 0.0, 0.0);(8.0, 0.1, 2.8)
InputField;(414.0, 252.0, 0.0);(0.0, 0.0, 0.0);(1.0, 1.0, 1.0)
CameraPC;(-5.8, 1.0, -1.5);(37.7, 0.0, 0.0);(1.0, 1.0, 1.0)
outside;(-4.7, 0.2, -0.7);(0.0, 0.0, 0.0);(0.5, 0.0, 2.0)
wall_E;(-1.2, 0.7, -0.8);(0.0, 0.0, 90.0);(2.8, 0.1, 12.0)
Placeholder;(414.0, 251.5, 0.0);(0.0, 0.0, 0.0);(1.0, 1.0, 1.0)
wall_W;(-9.0, 0.7, -0.8);(0.0, 0.0, 90.0);(2.8, 0.1, 12.0)
Bein2;(-6.5, -0.2, -0.9);(0.0, 0.0, 0.0);(0.1, 0.8, 0.1)
Hits;(818.0, 638.0, 0.0);(0.0, 0.0, 0.0);(1.0, 1.0, 1.0)
Bein4;(-5.0, -0.2, -0.9);(0.0, 0.0, 0.0);(0.1, 0.8, 0.1)
Room;(-5.1, 0.4, -0.8);(0.0, 0.0, 0.0);(1.0, 1.0, 1.0)
Animals;(-5.8, 0.3, -0.7);(0.0, 0.0, 0.0);(1.0, 1.0, 1.0)
Floor;(-5.1, -0.7, -0.8);(0.0, 0.0, 0.0);(8.0, 0.1, 12.0)
top;(-5.1, 2.2, -0.8);(0.0, 0.0, 0.0);(8.0, 0.1, 12.0)
outside;(-5.8, 0.2, -1.3);(0.0, 0.0, 0.0);(2.0, 0.0, 0.5)
EventSystem;(0.0, 0.0, 0.0);(0.0, 0.0, 0.0);(1.0, 1.0, 1.0)
Pivot;(-5.8, 0.4, -1.0);(0.0, 90.0, 90.0);(0.1, 0.1, 0.1)
bounds;(-5.8, 0.4, -0.7);(0.0, 0.0, 0.0);(1.6, 0.4, 0.5)
outside;(-6.9, 0.2, -0.7);(0.0, 0.0, 0.0);(0.5, 0.0, 2.0)
Points;(818.0, 658.0, 0.0);(0.0, 0.0, 0.0);(1.0, 1.0, 1.0)
ViewManager;(0.0, 0.0, 0.0);(0.0, 0.0, 0.0);(1.0, 1.0, 1.0)
Setup;(-6.6, -0.8, 5.2);(0.0, 0.0, 0.0);(1.0, 1.0, 1.0)
outside;(-5.8, 0.2, -0.1);(0.0, 0.0, 0.0);(2.0, 0.0, 0.5)
Area Light;(-5.1, 1.9, -1.0);(56.3, 0.0, 0.0);(1.0, 1.0, 1.0)
Panel;(758.0, 633.0, 0.0);(0.0, 0.0, 0.0);(1.0, 1.0, 1.0)
Tisch;(-5.8, 0.2, -0.7);(0.0, 0.0, 0.0);(1.0, 1.0, 1.0)
HammerContainerPC;(-3.5, 0.5, -7.8);(0.0, 133.2, 90.0);(1.0, 1.0, 1.0)
InputPanel;(414.0, 252.0, 0.0);(0.0, 0.0, 0.0);(1.0, 1.0, 1.0)
wall_S;(-5.1, 0.7, -6.7);(90.0, 0.0, 0.0);(8.0, 0.1, 2.8)
Collider;(-5.8, 0.2, -0.7);(0.0, 0.0, 0.0);(1.0, 1.0, 1.0)
GameManager;(-5.8, 0.5, -0.8);(0.0, 0.0, 0.0);(1.0, 1.0, 1.0)
Canvas;(414.0, 334.0, 0.0);(0.0, 0.0, 0.0);(1.0, 1.0, 1.0)
Bein1;(-6.5, -0.2, -0.5);(0.0, 0.0, 0.0);(0.1, 0.8, 0.1)
SensorOffset;(0.0, 0.0, 0.0);(0.0, 0.0, 0.0);(1.0, 1.0, 1.0)
--------------------------------------------------------------------------------
Participant:132
Group:PC
End Time:06/14/2016 13:55:44
--------------------------------------------------------------------------------
Condition:INIT
Start Time:06/14/2016 13:55:44
Trials:2
ResetHitCounter;06/14/2016 13:55:44;100;0
ResetHammer;06/14/2016 13:55:44;(-5.8, 0.5, -1.0)
UserEntry;06/14/2016 13:55:48;Space
Hit;06/14/2016 13:55:50;1;(-5.8, 0.3, -0.8);(0.0, 0.0, 0.0);5.813031
HitPoints;06/14/2016 13:55:50;-10;90
Hit;06/14/2016 13:55:51;2;(-5.6, 0.3, -0.8);(0.0, 0.0, 0.0);5.695783
HitPoints;06/14/2016 13:55:51;-10;80
Hit;06/14/2016 13:55:53;3;(-5.6, 0.3, -0.8);(0.0, 0.0, 0.0);5.698369
HitPoints;06/14/2016 13:55:53;-10;70
Hit;06/14/2016 13:55:54;4;(-5.7, 0.3, -0.8);(0.0, 0.0, 0.0);5.706236
HitPoints;06/14/2016 13:55:54;-10;60
Hit;06/14/2016 13:55:55;5;(-5.7, 0.3, -0.8);(0.0, 0.0, 0.0);5.706236
HitPoints;06/14/2016 13:55:55;-10;50
Hit;06/14/2016 13:55:56;6;(-5.7, 0.3, -0.8);(0.0, 0.0, 0.0);5.706232
HitPoints;06/14/2016 13:55:56;-10;40
Hit;06/14/2016 13:55:57;7;(-5.7, 0.3, -0.8);(0.0, 0.0, 0.0);5.706232
HitPoints;06/14/2016 13:55:57;-10;30
Hit;06/14/2016 13:55:58;8;(-5.7, 0.3, -0.8);(0.0, 0.0, 0.0);5.706235
HitPoints;06/14/2016 13:55:58;-10;20
Hit;06/14/2016 13:55:59;9;(-5.7, 0.3, -0.8);(0.0, 0.0, 0.0);5.706235
HitPoints;06/14/2016 13:55:59;-10;10
Hit;06/14/2016 13:56:00;10;(-5.7, 0.3, -0.8);(0.0, 0.0, 0.0);5.705222
HitPoints;06/14/2016 13:56:00;-10;0
Hit;06/14/2016 13:56:02;11;(-5.6, 0.3, -0.8);(0.0, 0.0, 0.0);5.698
HitPoints;06/14/2016 13:56:02;-10;-10
Hit;06/14/2016 13:56:03;12;(-5.6, 0.3, -0.8);(0.0, 0.0, 0.0);5.697143
HitPoints;06/14/2016 13:56:03;-10;-20
UserEntry;06/14/2016 13:56:04;Space
End Time:06/14/2016 13:56:04
--------------------------------------------------------------------------------
Condition:TRAINING
Start Time:06/14/2016 13:56:04
Trials:2
ResetHitCounter;06/14/2016 13:56:04;100;0
ResetHammer;06/14/2016 13:56:04;(-5.8, 0.5, -1.0)
BoxActivate;06/14/2016 13:56:04;0
UserEntry;06/14/2016 13:56:05;Space
Hit;06/14/2016 13:56:06;1;(-5.8, 0.3, -0.8);(-5.8, 0.3, -0.7);0.1310139
HitPoints;06/14/2016 13:56:06;-10;90
Hit;06/14/2016 13:56:09;2;(-5.8, 0.3, -0.8);(-5.8, 0.3, -0.5);0.2988877
HitPoints;06/14/2016 13:56:09;-10;80
EnteredGoal;06/14/2016 13:56:10
EnteredGoal;06/14/2016 13:56:10
EnteredGoal;06/14/2016 13:56:10
UserEntry;06/14/2016 13:56:11;Space
BoxActivate;06/14/2016 13:56:12;0
ResetHitCounter;06/14/2016 13:56:12;100;0
BoxActivate;06/14/2016 13:56:12;0
ResetHitCounter;06/14/2016 13:56:12;100;0
BoxActivate;06/14/2016 13:56:12;1
ResetHitCounter;06/14/2016 13:56:12;100;0
Hit;06/14/2016 13:56:14;1;(-5.7, 0.3, -0.8);(-5.8, 0.3, -0.7);0.08267901
HitPoints;06/14/2016 13:56:14;-10;90
Hit;06/14/2016 13:56:16;2;(-5.7, 0.3, -0.7);(-6.0, 0.3, -0.7);0.2900181
HitPoints;06/14/2016 13:56:16;-10;80
Hit;06/14/2016 13:56:17;3;(-5.7, 0.3, -0.7);(-6.2, 0.3, -0.7);0.4903566
HitPoints;06/14/2016 13:56:17;-10;70
UserEntry;06/14/2016 13:56:18;Space
UserEntry;06/14/2016 13:56:18;Space
End Time:06/14/2016 13:56:18
--------------------------------------------------------------------------------
Condition:CONDITION_INSECT
Start Time:06/14/2016 13:56:18
Trials:2
ResetHitCounter;06/14/2016 13:56:18;100;0
ResetHammer;06/14/2016 13:56:18;(-5.8, 0.5, -1.0)
BoxActivate;06/14/2016 13:56:18;1
UserEntry;06/14/2016 13:56:19;Space
DestroyAnimal;06/14/2016 13:56:20;spider(Clone)
HitPoints;06/14/2016 13:56:20;-30;70
EnteredGoal;06/14/2016 13:56:20
Hit;06/14/2016 13:56:20;1;(-5.7, 0.3, -0.8);(-5.8, 0.3, -0.7);0.08557665
UserEntry;06/14/2016 13:56:23;Space
----------------------------------------
Trial:2
Start Time:06/14/2016 13:56:23
ResetHitCounter;06/14/2016 13:56:23;100;0
ResetHammer;06/14/2016 13:56:23;(-5.8, 0.5, -1.0)
BoxActivate;06/14/2016 13:56:23;1
UserEntry;06/14/2016 13:56:23;Space
Hit;06/14/2016 13:56:25;1;(-5.7, 0.3, -0.8);(-5.8, 0.3, -0.7);0.09333885
HitPoints;06/14/2016 13:56:25;-10;90
UserEntry;06/14/2016 13:56:25;Space
DestroyAnimal;06/14/2016 13:56:27;spider(Clone)
