name;position;rotation;scale
PPTtoUnity;(0.0, 0.0, 0.0);(0.0, 0.0, 0.0);(1.0, 1.0, 1.0)
Bein3;(-5.0, -0.2, -0.5);(0.0, 0.0, 0.0);(0.1, 0.8, 0.1)
Directional Light;(0.0, 3.0, 0.0);(50.0, 330.0, 0.0);(1.0, 1.0, 1.0)
Text;(519.0, 251.5, 0.0);(0.0, 0.0, 0.0);(1.0, 1.0, 1.0)
Tischplatte;(-5.8, 0.2, -0.7);(0.0, 0.0, 0.0);(1.6, 0.0, 0.5)
wall_N;(-5.1, 0.7, 5.1);(90.0, 0.0, 0.0);(8.0, 0.1, 2.8)
InputField;(519.0, 252.0, 0.0);(0.0, 0.0, 0.0);(1.0, 1.0, 1.0)
CameraPC;(-5.8, 1.0, -1.5);(37.7, 0.0, 0.0);(1.0, 1.0, 1.0)
outside;(-4.7, 0.2, -0.7);(0.0, 0.0, 0.0);(0.5, 0.0, 2.0)
wall_E;(-1.2, 0.7, -0.8);(0.0, 0.0, 90.0);(2.8, 0.1, 12.0)
Placeholder;(519.0, 251.5, 0.0);(0.0, 0.0, 0.0);(1.0, 1.0, 1.0)
wall_W;(-9.0, 0.7, -0.8);(0.0, 0.0, 90.0);(2.8, 0.1, 12.0)
Bein2;(-6.5, -0.2, -0.9);(0.0, 0.0, 0.0);(0.1, 0.8, 0.1)
Hits;(1028.0, 519.0, 0.0);(0.0, 0.0, 0.0);(1.0, 1.0, 1.0)
Bein4;(-5.0, -0.2, -0.9);(0.0, 0.0, 0.0);(0.1, 0.8, 0.1)
Room;(-5.1, 0.4, -0.8);(0.0, 0.0, 0.0);(1.0, 1.0, 1.0)
Animals;(-5.8, 0.3, -0.7);(0.0, 0.0, 0.0);(1.0, 1.0, 1.0)
Floor;(-5.1, -0.7, -0.8);(0.0, 0.0, 0.0);(8.0, 0.1, 12.0)
top;(-5.1, 2.2, -0.8);(0.0, 0.0, 0.0);(8.0, 0.1, 12.0)
outside;(-5.8, 0.2, -1.3);(0.0, 0.0, 0.0);(2.0, 0.0, 0.5)
EventSystem;(0.0, 0.0, 0.0);(0.0, 0.0, 0.0);(1.0, 1.0, 1.0)
Pivot;(-5.8, 0.4, -1.0);(0.0, 90.0, 90.0);(0.1, 0.1, 0.1)
bounds;(-5.8, 0.4, -0.7);(0.0, 0.0, 0.0);(1.6, 0.4, 0.5)
outside;(-6.9, 0.2, -0.7);(0.0, 0.0, 0.0);(0.5, 0.0, 2.0)
Points;(1028.0, 539.0, 0.0);(0.0, 0.0, 0.0);(1.0, 1.0, 1.0)
ViewManager;(0.0, 0.0, 0.0);(0.0, 0.0, 0.0);(1.0, 1.0, 1.0)
Setup;(-6.6, -0.8, 5.2);(0.0, 0.0, 0.0);(1.0, 1.0, 1.0)
outside;(-5.8, 0.2, -0.1);(0.0, 0.0, 0.0);(2.0, 0.0, 0.5)
Area Light;(-5.1, 1.9, -1.0);(56.3, 0.0, 0.0);(1.0, 1.0, 1.0)
Panel;(968.0, 514.0, 0.0);(0.0, 0.0, 0.0);(1.0, 1.0, 1.0)
Tisch;(-5.8, 0.2, -0.7);(0.0, 0.0, 0.0);(1.0, 1.0, 1.0)
HammerContainerPC;(-6.3, 0.5, -2.7);(0.0, 57.4, 90.0);(1.0, 1.0, 1.0)
InputPanel;(519.0, 252.0, 0.0);(0.0, 0.0, 0.0);(1.0, 1.0, 1.0)
wall_S;(-5.1, 0.7, -6.7);(90.0, 0.0, 0.0);(8.0, 0.1, 2.8)
Collider;(-5.8, 0.2, -0.7);(0.0, 0.0, 0.0);(1.0, 1.0, 1.0)
GameManager;(-5.8, 0.5, -0.8);(0.0, 0.0, 0.0);(1.0, 1.0, 1.0)
Canvas;(519.0, 274.5, 0.0);(0.0, 0.0, 0.0);(1.0, 1.0, 1.0)
Bein1;(-6.5, -0.2, -0.5);(0.0, 0.0, 0.0);(0.1, 0.8, 0.1)
SensorOffset;(0.0, 0.0, 0.0);(0.0, 0.0, 0.0);(1.0, 1.0, 1.0)
--------------------------------------------------------------------------------
Participant:212
Group:PC
End Time:06/14/2016 12:05:45
--------------------------------------------------------------------------------
Condition:INIT
Start Time:06/14/2016 12:05:45
Trials:2
ResetHitCounter;06/14/2016 12:05:45;100;0
ResetHammer;06/14/2016 12:05:45;(-5.8, 0.5, -1.0)
UserEntry;06/14/2016 12:05:49;Space
UserEntry;06/14/2016 12:05:50;Space
End Time:06/14/2016 12:05:50
--------------------------------------------------------------------------------
Condition:TRAINING
Start Time:06/14/2016 12:05:50
Trials:2
ResetHitCounter;06/14/2016 12:05:50;100;0
ResetHammer;06/14/2016 12:05:50;(-5.8, 0.5, -1.0)
BoxActivate;06/14/2016 12:05:50;0
UserEntry;06/14/2016 12:05:50;Space
Hit;06/14/2016 12:05:52;1;(-5.8, 0.3, -0.7);(-5.8, 0.3, -0.7);0.03941454
HitPoints;06/14/2016 12:05:52;-10;90
UserEntry;06/14/2016 12:05:53;Space
End Time:06/14/2016 12:05:53
--------------------------------------------------------------------------------
Condition:CONDITION_INSECT
Start Time:06/14/2016 12:05:53
Trials:2
ResetHitCounter;06/14/2016 12:05:53;100;0
ResetHammer;06/14/2016 12:05:53;(-5.8, 0.5, -1.0)
BoxActivate;06/14/2016 12:05:53;1
UserEntry;06/14/2016 12:05:53;Space
DestroyAnimal;06/14/2016 12:05:54;spider(Clone)
HitPoints;06/14/2016 12:05:54;-30;70
EnteredGoal;06/14/2016 12:05:54
Hit;06/14/2016 12:05:55;1;(-5.6, 0.3, -0.7);(-5.8, 0.3, -0.7);0.1608292
UserEntry;06/14/2016 12:05:57;Space
----------------------------------------
Trial:2
Start Time:06/14/2016 12:05:57
ResetHitCounter;06/14/2016 12:05:57;100;0
ResetHammer;06/14/2016 12:05:57;(-5.8, 0.5, -1.0)
BoxActivate;06/14/2016 12:05:57;0
UserEntry;06/14/2016 12:05:57;Space
Hit;06/14/2016 12:05:59;1;(-5.9, 0.3, -0.7);(-5.8, 0.3, -0.7);0.1739197
HitPoints;06/14/2016 12:05:59;-10;90
DestroyAnimal;06/14/2016 12:06:00;spider(Clone)
HitPoints;06/14/2016 12:06:00;-30;60
EnteredGoal;06/14/2016 12:06:00
Hit;06/14/2016 12:06:00;2;(-5.6, 0.3, -0.6);(-5.7, 0.3, -0.7);0.08289088
UserEntry;06/14/2016 12:06:03;Space
End Time:06/14/2016 12:06:03
--------------------------------------------------------------------------------
Condition:CONDITION_INSECT_DEATH
Start Time:06/14/2016 12:06:03
Trials:2
ResetHitCounter;06/14/2016 12:06:03;100;0
ResetHammer;06/14/2016 12:06:03;(-5.8, 0.5, -1.0)
BoxActivate;06/14/2016 12:06:03;0
UserEntry;06/14/2016 12:06:03;Space
KillAnimal;06/14/2016 12:06:04;spider(Clone)
HitPoints;06/14/2016 12:06:04;-30;70
EnteredGoal;06/14/2016 12:06:04
Hit;06/14/2016 12:06:04;1;(-5.8, 0.3, -0.8);(-5.8, 0.3, -0.7);0.1335362
DestroyAnimal;06/14/2016 12:06:08;spider(Clone)
UserEntry;06/14/2016 12:06:11;Space
