name;position;rotation;scale
PPTtoUnity;(0.0, 0.0, 0.0);(0.0, 0.0, 0.0);(1.0, 1.0, 1.0)
Bein3;(-5.0, -0.2, -0.5);(0.0, 0.0, 0.0);(0.1, 0.8, 0.1)
Directional Light;(0.0, 3.0, 0.0);(50.0, 330.0, 0.0);(1.0, 1.0, 1.0)
Text;(519.0, 251.5, 0.0);(0.0, 0.0, 0.0);(1.0, 1.0, 1.0)
Tischplatte;(-5.8, 0.2, -0.7);(0.0, 0.0, 0.0);(1.6, 0.0, 0.5)
wall_N;(-5.1, 0.7, 5.1);(90.0, 0.0, 0.0);(8.0, 0.1, 2.8)
InputField;(519.0, 252.0, 0.0);(0.0, 0.0, 0.0);(1.0, 1.0, 1.0)
CameraPC;(-5.8, 1.0, -1.5);(37.7, 0.0, 0.0);(1.0, 1.0, 1.0)
outside;(-4.7, 0.2, -0.7);(0.0, 0.0, 0.0);(0.5, 0.0, 2.0)
wall_E;(-1.2, 0.7, -0.8);(0.0, 0.0, 90.0);(2.8, 0.1, 12.0)
Placeholder;(519.0, 251.5, 0.0);(0.0, 0.0, 0.0);(1.0, 1.0, 1.0)
wall_W;(-9.0, 0.7, -0.8);(0.0, 0.0, 90.0);(2.8, 0.1, 12.0)
Bein2;(-6.5, -0.2, -0.9);(0.0, 0.0, 0.0);(0.1, 0.8, 0.1)
Hits;(1028.0, 519.0, 0.0);(0.0, 0.0, 0.0);(1.0, 1.0, 1.0)
Bein4;(-5.0, -0.2, -0.9);(0.0, 0.0, 0.0);(0.1, 0.8, 0.1)
Room;(-5.1, 0.4, -0.8);(0.0, 0.0, 0.0);(1.0, 1.0, 1.0)
Animals;(-5.8, 0.3, -0.7);(0.0, 0.0, 0.0);(1.0, 1.0, 1.0)
Floor;(-5.1, -0.7, -0.8);(0.0, 0.0, 0.0);(8.0, 0.1, 12.0)
top;(-5.1, 2.2, -0.8);(0.0, 0.0, 0.0);(8.0, 0.1, 12.0)
outside;(-5.8, 0.2, -1.3);(0.0, 0.0, 0.0);(2.0, 0.0, 0.5)
EventSystem;(0.0, 0.0, 0.0);(0.0, 0.0, 0.0);(1.0, 1.0, 1.0)
Pivot;(-5.8, 0.4, -1.0);(0.0, 90.0, 90.0);(0.1, 0.1, 0.1)
bounds;(-5.8, 0.4, -0.7);(0.0, 0.0, 0.0);(1.6, 0.4, 0.5)
outside;(-6.9, 0.2, -0.7);(0.0, 0.0, 0.0);(0.5, 0.0, 2.0)
Points;(1028.0, 539.0, 0.0);(0.0, 0.0, 0.0);(1.0, 1.0, 1.0)
ViewManager;(0.0, 0.0, 0.0);(0.0, 0.0, 0.0);(1.0, 1.0, 1.0)
Setup;(-6.6, -0.8, 5.2);(0.0, 0.0, 0.0);(1.0, 1.0, 1.0)
outside;(-5.8, 0.2, -0.1);(0.0, 0.0, 0.0);(2.0, 0.0, 0.5)
Area Light;(-5.1, 1.9, -1.0);(56.3, 0.0, 0.0);(1.0, 1.0, 1.0)
Panel;(968.0, 514.0, 0.0);(0.0, 0.0, 0.0);(1.0, 1.0, 1.0)
Tisch;(-5.8, 0.2, -0.7);(0.0, 0.0, 0.0);(1.0, 1.0, 1.0)
HammerContainerPC;(-6.4, 0.5, -1.8);(0.0, 60.4, 90.0);(1.0, 1.0, 1.0)
InputPanel;(519.0, 252.0, 0.0);(0.0, 0.0, 0.0);(1.0, 1.0, 1.0)
wall_S;(-5.1, 0.7, -6.7);(90.0, 0.0, 0.0);(8.0, 0.1, 2.8)
Collider;(-5.8, 0.2, -0.7);(0.0, 0.0, 0.0);(1.0, 1.0, 1.0)
GameManager;(-5.8, 0.5, -0.8);(0.0, 0.0, 0.0);(1.0, 1.0, 1.0)
Canvas;(519.0, 274.5, 0.0);(0.0, 0.0, 0.0);(1.0, 1.0, 1.0)
Bein1;(-6.5, -0.2, -0.5);(0.0, 0.0, 0.0);(0.1, 0.8, 0.1)
SensorOffset;(0.0, 0.0, 0.0);(0.0, 0.0, 0.0);(1.0, 1.0, 1.0)
--------------------------------------------------------------------------------
Participant:456
Group:PC
UserEntry;06/14/2016 11:38:05;Space
End Time:06/14/2016 11:38:07
--------------------------------------------------------------------------------
Condition:INIT
Start Time:06/14/2016 11:38:07
Trials:2
ResetHitCounter;06/14/2016 11:38:07;100;0
ResetHammer;06/14/2016 11:38:07;(-5.8, 0.5, -1.0)
UserEntry;06/14/2016 11:38:08;Space
Hit;06/14/2016 11:38:09;1;(-5.8, 0.3, -0.8)
HitPoints;06/14/2016 11:38:09;-10;90
UserEntry;06/14/2016 11:38:10;Space
End Time:06/14/2016 11:38:10
--------------------------------------------------------------------------------
Condition:TRAINING
Start Time:06/14/2016 11:38:10
Trials:2
ResetHitCounter;06/14/2016 11:38:10;100;0
ResetHammer;06/14/2016 11:38:10;(-5.8, 0.5, -1.0)
BoxActivate;06/14/2016 11:38:10;1
UserEntry;06/14/2016 11:38:10;Space
Hit;06/14/2016 11:38:11;1;(-5.4, 0.3, -0.6);(-5.8, 0.3, -0.5);0.3487853
HitPoints;06/14/2016 11:38:11;-10;90
UserEntry;06/14/2016 11:38:12;Space
End Time:06/14/2016 11:38:12
--------------------------------------------------------------------------------
Condition:CONDITION_INSECT
Start Time:06/14/2016 11:38:12
Trials:2
ResetHitCounter;06/14/2016 11:38:12;100;0
ResetHammer;06/14/2016 11:38:12;(-5.8, 0.5, -1.0)
BoxActivate;06/14/2016 11:38:12;1
UserEntry;06/14/2016 11:38:12;Space
DestroyAnimal;06/14/2016 11:38:13;spider(Clone)
HitPoints;06/14/2016 11:38:13;-30;70
EnteredGoal;06/14/2016 11:38:13
Hit;06/14/2016 11:38:13;1;(-5.5, 0.3, -0.7)
UserEntry;06/14/2016 11:38:16;Space
----------------------------------------
Trial:2
Start Time:06/14/2016 11:38:16
ResetHitCounter;06/14/2016 11:38:16;100;0
ResetHammer;06/14/2016 11:38:16;(-5.8, 0.5, -1.0)
BoxActivate;06/14/2016 11:38:16;0
UserEntry;06/14/2016 11:38:16;Space
DestroyAnimal;06/14/2016 11:38:17;spider(Clone)
HitPoints;06/14/2016 11:38:17;-30;70
EnteredGoal;06/14/2016 11:38:17
Hit;06/14/2016 11:38:17;1;(-5.8, 0.3, -0.8)
UserEntry;06/14/2016 11:38:19;Space
End Time:06/14/2016 11:38:19
--------------------------------------------------------------------------------
Condition:CONDITION_INSECT_DEATH
Start Time:06/14/2016 11:38:19
Trials:2
ResetHitCounter;06/14/2016 11:38:19;100;0
ResetHammer;06/14/2016 11:38:19;(-5.8, 0.5, -1.0)
BoxActivate;06/14/2016 11:38:19;0
UserEntry;06/14/2016 11:38:20;Space
KillAnimal;06/14/2016 11:38:21;spider(Clone)
HitPoints;06/14/2016 11:38:21;-30;70
EnteredGoal;06/14/2016 11:38:21
Hit;06/14/2016 11:38:21;1;(-5.8, 0.3, -0.8);(-5.8, 0.3, -0.7);0.1331019
UserEntry;06/14/2016 11:38:23;Space
----------------------------------------
Trial:2
Start Time:06/14/2016 11:38:23
ResetHitCounter;06/14/2016 11:38:23;100;0
ResetHammer;06/14/2016 11:38:23;(-5.8, 0.5, -1.0)
BoxActivate;06/14/2016 11:38:23;1
UserEntry;06/14/2016 11:38:23;Space
KillAnimal;06/14/2016 11:38:24;spider(Clone)
HitPoints;06/14/2016 11:38:24;-30;70
EnteredGoal;06/14/2016 11:38:24
Hit;06/14/2016 11:38:25;1;(-5.8, 0.3, -0.8);(-5.8, 0.3, -0.7);0.1333114
UserEntry;06/14/2016 11:38:27;Space
End Time:06/14/2016 11:38:27
--------------------------------------------------------------------------------
Condition:CONDITION_INSECT_KILL
Start Time:06/14/2016 11:38:27
Trials:2
ResetHitCounter;06/14/2016 11:38:27;100;0
ResetHammer;06/14/2016 11:38:27;(-5.8, 0.5, -1.0)
UserEntry;06/14/2016 11:38:27;Space
KillAnimal;06/14/2016 11:38:28;spider(Clone)
GoalPoints;06/14/2016 11:38:28;50;150
EnteredGoal;06/14/2016 11:38:28
Hit;06/14/2016 11:38:28;1;(-5.8, 0.3, -0.8);(-5.8, 0.3, -0.7);0.133391
UserEntry;06/14/2016 11:38:30;Space
----------------------------------------
Trial:2
Start Time:06/14/2016 11:38:30
ResetHitCounter;06/14/2016 11:38:30;100;0
ResetHammer;06/14/2016 11:38:30;(-5.8, 0.5, -1.0)
UserEntry;06/14/2016 11:38:31;Space
KillAnimal;06/14/2016 11:38:32;spider(Clone)
GoalPoints;06/14/2016 11:38:32;50;150
EnteredGoal;06/14/2016 11:38:32
Hit;06/14/2016 11:38:32;1;(-5.8, 0.3, -0.8);(-5.8, 0.3, -0.7);0.1330562
UserEntry;06/14/2016 11:38:34;Space
End Time:06/14/2016 11:38:34
--------------------------------------------------------------------------------
Condition:CONDITION_REPTILE
Start Time:06/14/2016 11:38:34
Trials:2
ResetHitCounter;06/14/2016 11:38:34;100;0
ResetHammer;06/14/2016 11:38:34;(-5.8, 0.5, -1.0)
BoxActivate;06/14/2016 11:38:34;0
UserEntry;06/14/2016 11:38:35;Space
DestroyAnimal;06/14/2016 11:38:36;GeckoModel(Clone)
HitPoints;06/14/2016 11:38:36;-30;70
EnteredGoal;06/14/2016 11:38:36
Hit;06/14/2016 11:38:36;1;(-5.8, 0.3, -0.8)
UserEntry;06/14/2016 11:38:38;Space
----------------------------------------
Trial:2
Start Time:06/14/2016 11:38:38
ResetHitCounter;06/14/2016 11:38:38;100;0
ResetHammer;06/14/2016 11:38:38;(-5.8, 0.5, -1.0)
BoxActivate;06/14/2016 11:38:38;1
UserEntry;06/14/2016 11:38:38;Space
DestroyAnimal;06/14/2016 11:38:39;GeckoModel(Clone)
HitPoints;06/14/2016 11:38:39;-30;70
EnteredGoal;06/14/2016 11:38:39
Hit;06/14/2016 11:38:39;1;(-5.8, 0.3, -0.8)
UserEntry;06/14/2016 11:38:41;Space
End Time:06/14/2016 11:38:41
--------------------------------------------------------------------------------
Condition:CONDITION_REPTILE_DEATH
Start Time:06/14/2016 11:38:41
Trials:2
ResetHitCounter;06/14/2016 11:38:41;100;0
ResetHammer;06/14/2016 11:38:41;(-5.8, 0.5, -1.0)
BoxActivate;06/14/2016 11:38:41;1
UserEntry;06/14/2016 11:38:42;Space
KillAnimal;06/14/2016 11:38:43;GeckoModel(Clone)
HitPoints;06/14/2016 11:38:43;-30;70
EnteredGoal;06/14/2016 11:38:43
Hit;06/14/2016 11:38:43;1;(-5.8, 0.3, -0.8);(-5.8, 0.3, -0.7);0.133023
UserEntry;06/14/2016 11:38:45;Space
----------------------------------------
Trial:2
Start Time:06/14/2016 11:38:45
ResetHitCounter;06/14/2016 11:38:45;100;0
ResetHammer;06/14/2016 11:38:45;(-5.8, 0.5, -1.0)
BoxActivate;06/14/2016 11:38:45;1
UserEntry;06/14/2016 11:38:45;Space
Hit;06/14/2016 11:38:47;1;(-5.6, 0.3, -0.7);(-5.8, 0.3, -0.7);0.1463006
HitPoints;06/14/2016 11:38:47;-10;90
KillAnimal;06/14/2016 11:38:47;GeckoModel(Clone)
HitPoints;06/14/2016 11:38:47;-30;60
EnteredGoal;06/14/2016 11:38:47
UserEntry;06/14/2016 11:38:49;Space
End Time:06/14/2016 11:38:49
--------------------------------------------------------------------------------
Condition:CONDITION_REPTILE_KILL
Start Time:06/14/2016 11:38:49
Trials:2
ResetHitCounter;06/14/2016 11:38:49;100;0
ResetHammer;06/14/2016 11:38:49;(-5.8, 0.5, -1.0)
UserEntry;06/14/2016 11:38:49;Space
Hit;06/14/2016 11:38:51;1;(-5.8, 0.3, -0.8);(-5.8, 0.3, -0.7);0.1335073
HitPoints;06/14/2016 11:38:51;-10;90
KillAnimal;06/14/2016 11:38:51;GeckoModel(Clone)
GoalPoints;06/14/2016 11:38:51;50;140
EnteredGoal;06/14/2016 11:38:51
UserEntry;06/14/2016 11:38:53;Space
----------------------------------------
Trial:2
Start Time:06/14/2016 11:38:53
ResetHitCounter;06/14/2016 11:38:53;100;0
ResetHammer;06/14/2016 11:38:53;(-5.8, 0.5, -1.0)
UserEntry;06/14/2016 11:38:54;Space
Hit;06/14/2016 11:38:55;1;(-5.8, 0.3, -0.8);(-5.8, 0.3, -0.7);0.1331796
HitPoints;06/14/2016 11:38:55;-10;90
KillAnimal;06/14/2016 11:38:55;GeckoModel(Clone)
GoalPoints;06/14/2016 11:38:55;50;140
EnteredGoal;06/14/2016 11:38:55
UserEntry;06/14/2016 11:38:57;Space
End Time:06/14/2016 11:38:57
--------------------------------------------------------------------------------
Condition:CONDITION_MAMMAL
Start Time:06/14/2016 11:38:57
Trials:2
ResetHitCounter;06/14/2016 11:38:57;100;0
ResetHammer;06/14/2016 11:38:57;(-5.8, 0.5, -1.0)
BoxActivate;06/14/2016 11:38:57;1
UserEntry;06/14/2016 11:38:58;Space
Hit;06/14/2016 11:38:59;1;(-5.7, 0.3, -0.7);(-5.8, 0.3, -0.7);0.0664558
HitPoints;06/14/2016 11:38:59;-10;90
DestroyAnimal;06/14/2016 11:39:01;KittenNPC(Clone)
HitPoints;06/14/2016 11:39:01;-30;60
EnteredGoal;06/14/2016 11:39:01
Hit;06/14/2016 11:39:01;2;(-5.9, 0.3, -0.7)
UserEntry;06/14/2016 11:39:04;Space
----------------------------------------
Trial:2
Start Time:06/14/2016 11:39:04
ResetHitCounter;06/14/2016 11:39:04;100;0
ResetHammer;06/14/2016 11:39:04;(-5.8, 0.5, -1.0)
BoxActivate;06/14/2016 11:39:04;1
UserEntry;06/14/2016 11:39:04;Space
DestroyAnimal;06/14/2016 11:39:05;KittenNPC(Clone)
HitPoints;06/14/2016 11:39:05;-30;70
EnteredGoal;06/14/2016 11:39:05
Hit;06/14/2016 11:39:06;1;(-5.7, 0.3, -0.8)
UserEntry;06/14/2016 11:39:07;Space
End Time:06/14/2016 11:39:07
--------------------------------------------------------------------------------
Condition:CONDITION_MAMMAL_DEATH
Start Time:06/14/2016 11:39:07
Trials:2
ResetHitCounter;06/14/2016 11:39:07;100;0
ResetHammer;06/14/2016 11:39:07;(-5.8, 0.5, -1.0)
BoxActivate;06/14/2016 11:39:07;0
UserEntry;06/14/2016 11:39:09;Space
KillAnimal;06/14/2016 11:39:11;KittenNPC(Clone)
HitPoints;06/14/2016 11:39:11;-30;70
EnteredGoal;06/14/2016 11:39:11
Hit;06/14/2016 11:39:11;1;(-5.8, 0.3, -0.7);(-5.8, 0.2, -0.7);0.08241471
UserEntry;06/14/2016 11:39:13;Space
----------------------------------------
Trial:2
Start Time:06/14/2016 11:39:13
ResetHitCounter;06/14/2016 11:39:13;100;0
ResetHammer;06/14/2016 11:39:13;(-5.8, 0.5, -1.0)
BoxActivate;06/14/2016 11:39:13;0
UserEntry;06/14/2016 11:39:13;Space
KillAnimal;06/14/2016 11:39:14;KittenNPC(Clone)
HitPoints;06/14/2016 11:39:14;-30;70
EnteredGoal;06/14/2016 11:39:14
Hit;06/14/2016 11:39:15;1;(-5.8, 0.3, -0.8);(-5.8, 0.2, -0.7);0.133506
UserEntry;06/14/2016 11:39:17;Space
End Time:06/14/2016 11:39:17
--------------------------------------------------------------------------------
Condition:CONDITION_MAMMAL_KILL
Start Time:06/14/2016 11:39:17
Trials:2
ResetHitCounter;06/14/2016 11:39:17;100;0
ResetHammer;06/14/2016 11:39:17;(-5.8, 0.5, -1.0)
UserEntry;06/14/2016 11:39:18;Space
KillAnimal;06/14/2016 11:39:19;KittenNPC(Clone)
GoalPoints;06/14/2016 11:39:19;50;150
EnteredGoal;06/14/2016 11:39:19
Hit;06/14/2016 11:39:19;1;(-5.8, 0.3, -0.8);(-5.8, 0.2, -0.7);0.1305207
UserEntry;06/14/2016 11:39:21;Space
----------------------------------------
Trial:2
Start Time:06/14/2016 11:39:21
ResetHitCounter;06/14/2016 11:39:21;100;0
ResetHammer;06/14/2016 11:39:21;(-5.8, 0.5, -1.0)
UserEntry;06/14/2016 11:39:21;Space
KillAnimal;06/14/2016 11:39:22;KittenNPC(Clone)
GoalPoints;06/14/2016 11:39:22;50;150
EnteredGoal;06/14/2016 11:39:22
Hit;06/14/2016 11:39:23;1;(-5.8, 0.3, -0.8);(-5.8, 0.2, -0.7);0.1334266
UserEntry;06/14/2016 11:39:25;Space
DestroyAnimal;06/14/2016 11:39:25;KittenNPC(Clone)
name;position;rotation;scale
PPTtoUnity;(0.0, 0.0, 0.0);(0.0, 0.0, 0.0);(1.0, 1.0, 1.0)
Bein3;(-5.0, -0.3, -0.5);(0.0, 0.0, 0.0);(0.1, 0.8, 0.1)
VRPN;(0.2, -0.1, 0.2);(0.0, 0.0, 0.0);(1.0, 1.0, 1.0)
Directional Light;(0.0, 3.0, 0.0);(50.0, 330.0, 0.0);(1.0, 1.0, 1.0)
HammerContainerVR;(-5.6, 0.4, -0.8);(0.0, 0.0, 0.0);(1.0, 1.0, 1.0)
Text;(606.5, 328.5, 0.0);(0.0, 0.0, 0.0);(1.0, 1.0, 1.0)
Tischplatte;(-5.8, 0.1, -0.7);(0.0, 0.0, 0.0);(1.6, 0.0, 0.5)
wall_N;(-5.1, 0.7, 3.1);(90.0, 0.0, 0.0);(8.0, 0.1, 2.8)
InputField;(606.5, 329.0, 0.0);(0.0, 0.0, 0.0);(1.0, 1.0, 1.0)
UIElements;(-5.9, 0.7, 3.0);(0.0, 0.0, 0.0);(1.0, 1.0, 1.0)
outside;(-4.7, 0.1, -0.7);(0.0, 0.0, 0.0);(0.5, 0.0, 2.0)
wall_E;(-1.2, 0.7, -0.8);(0.0, 0.0, 90.0);(2.8, 0.1, 12.0)
Placeholder;(606.5, 328.5, 0.0);(0.0, 0.0, 0.0);(1.0, 1.0, 1.0)
wall_W;(-9.0, 0.7, -0.8);(0.0, 0.0, 90.0);(2.8, 0.1, 12.0)
Bein2;(-6.5, -0.3, -0.9);(0.0, 0.0, 0.0);(0.1, 0.8, 0.1)
Hits;(-5.9, 2.0, 3.0);(0.0, 0.0, 0.0);(1.0, 1.0, 1.0)
Bein4;(-5.0, -0.3, -0.9);(0.0, 0.0, 0.0);(0.1, 0.8, 0.1)
Room;(-5.1, 0.4, -0.8);(0.0, 0.0, 0.0);(1.0, 1.0, 1.0)
Animals;(-5.8, 0.2, -0.7);(0.0, 0.0, 0.0);(1.0, 1.0, 1.0)
Floor;(-5.1, -0.7, -0.8);(0.0, 0.0, 0.0);(8.0, 0.1, 12.0)
outside;(-5.8, 0.1, -1.3);(0.0, 0.0, 0.0);(2.0, 0.0, 0.5)
EventSystem;(0.0, 0.0, 0.0);(0.0, 0.0, 0.0);(1.0, 1.0, 1.0)
Pivot;(-5.8, 0.4, -1.0);(0.0, 90.0, 90.0);(0.1, 0.1, 0.1)
bounds;(-5.8, 0.3, -0.7);(0.0, 0.0, 0.0);(1.6, 0.4, 0.5)
outside;(-6.9, 0.1, -0.7);(0.0, 0.0, 0.0);(0.5, 0.0, 2.0)
Points;(-5.9, 1.5, 3.0);(0.0, 0.0, 0.0);(1.0, 1.0, 1.0)
ViewManager;(0.0, 0.0, 0.0);(0.0, 0.0, 0.0);(1.0, 1.0, 1.0)
Setup;(-6.6, -0.9, 5.2);(0.0, 0.0, 0.0);(1.0, 1.0, 1.0)
outside;(-5.8, 0.1, -0.1);(0.0, 0.0, 0.0);(2.0, 0.0, 0.5)
CanvasVR;(-8.3, -0.7, 3.0);(0.0, 0.0, 0.0);(0.0, 0.0, 0.0)
Area Light;(-5.1, 1.9, -1.0);(56.3, 0.0, 0.0);(1.0, 1.0, 1.0)
Panel;(-5.9, 2.0, 3.0);(0.0, 0.0, 0.0);(1.0, 1.0, 1.0)
Tisch;(-5.8, 0.1, -0.7);(0.0, 0.0, 0.0);(1.0, 1.0, 1.0)
InputPanel;(606.5, 329.0, 0.0);(0.0, 0.0, 0.0);(1.0, 1.0, 1.0)
CameraVR;(-5.4, 0.4, -0.7);(357.6, 356.2, 358.0);(1.0, 1.0, 1.0)
wall_S;(-5.1, 0.7, -6.7);(90.0, 0.0, 0.0);(8.0, 0.1, 2.8)
Collider;(-5.8, 0.1, -0.7);(0.0, 0.0, 0.0);(1.0, 1.0, 1.0)
GameManager;(-5.8, 0.5, -0.8);(0.0, 0.0, 0.0);(1.0, 1.0, 1.0)
Canvas;(606.5, 329.0, 0.0);(0.0, 0.0, 0.0);(1.0, 1.0, 1.0)
Bein1;(-6.5, -0.3, -0.5);(0.0, 0.0, 0.0);(0.1, 0.8, 0.1)
PPTtoDummy;(-5.6, 0.4, -0.8);(351.5, 85.0, 350.8);(1.0, 1.0, 1.0)
SensorOffset;(0.0, 0.0, 0.0);(0.0, 0.0, 0.0);(1.0, 1.0, 1.0)
--------------------------------------------------------------------------------
Participant:456
Group:VR
End Time:6/17/2016 6:04:48 PM
--------------------------------------------------------------------------------
Condition:INIT
Start Time:6/17/2016 6:04:48 PM
Trials:1
ResetHitCounter;6/17/2016 6:04:48 PM;100;0
ResetHammer;6/17/2016 6:04:48 PM;(0.0, 0.0, 0.0)
