name;position;rotation;scale
CanvasVRCamera;(-82.9, -6.6, 63.1);(3.7, 309.8, 10.4);(0.5, 0.5, 0.5)
PPTtoUnity;(0.0, 0.0, 0.0);(0.0, 0.0, 0.0);(1.0, 1.0, 1.0)
Bein3;(-5.0, -0.3, -0.5);(0.0, 0.0, 0.0);(0.1, 0.8, 0.1)
VRPN;(-0.4, 0.0, 0.1);(0.0, 0.0, 0.0);(1.0, 1.0, 1.0)
Directional Light;(0.0, 3.0, 0.0);(50.0, 330.0, 0.0);(1.0, 1.0, 1.0)
HammerContainerVR;(-6.2, 0.5, -0.9);(0.0, 0.0, 0.0);(1.0, 1.0, 1.0)
Text;(606.5, 236.5, 0.0);(0.0, 0.0, 0.0);(1.0, 1.0, 1.0)
Tischplatte;(-5.8, 0.1, -0.7);(0.0, 0.0, 0.0);(1.6, 0.0, 0.5)
wall_N;(-5.1, 0.7, 5.1);(90.0, 0.0, 0.0);(8.0, 0.1, 2.8)
InputField;(606.5, 237.0, 0.0);(0.0, 0.0, 0.0);(1.0, 1.0, 1.0)
UIElements;(-5.2, 0.5, 5.0);(0.0, 0.0, 0.0);(1.0, 1.0, 1.0)
outside;(-4.7, 0.1, -0.7);(0.0, 0.0, 0.0);(0.5, 0.0, 2.0)
wall_E;(-1.2, 0.7, -0.8);(0.0, 0.0, 90.0);(2.8, 0.1, 12.0)
Placeholder;(606.5, 236.5, 0.0);(0.0, 0.0, 0.0);(1.0, 1.0, 1.0)
wall_W;(-9.0, 0.7, -0.8);(0.0, 0.0, 90.0);(2.8, 0.1, 12.0)
Bein2;(-6.5, -0.3, -0.9);(0.0, 0.0, 0.0);(0.1, 0.8, 0.1)
Hits;(-2.8, 1.7, 5.0);(0.0, 0.0, 0.0);(1.0, 1.0, 1.0)
Bein4;(-5.0, -0.3, -0.9);(0.0, 0.0, 0.0);(0.1, 0.8, 0.1)
Room;(-5.1, 0.4, -0.8);(0.0, 0.0, 0.0);(1.0, 1.0, 1.0)
Animals;(-5.8, 0.2, -0.7);(0.0, 0.0, 0.0);(1.0, 1.0, 1.0)
Floor;(-5.1, -0.7, -0.8);(0.0, 0.0, 0.0);(8.0, 0.1, 12.0)
outside;(-5.8, 0.1, -1.3);(0.0, 0.0, 0.0);(2.0, 0.0, 0.5)
EventSystem;(0.0, 0.0, 0.0);(0.0, 0.0, 0.0);(1.0, 1.0, 1.0)
Pivot;(-5.8, 0.4, -1.0);(0.0, 90.0, 90.0);(0.1, 0.1, 0.1)
bounds;(-5.8, 0.3, -0.7);(0.0, 0.0, 0.0);(1.6, 0.4, 0.5)
outside;(-6.9, 0.1, -0.7);(0.0, 0.0, 0.0);(0.5, 0.0, 2.0)
Points;(-2.8, 1.4, 5.0);(0.0, 0.0, 0.0);(1.0, 1.0, 1.0)
ViewManager;(0.0, 0.0, 0.0);(0.0, 0.0, 0.0);(1.0, 1.0, 1.0)
Setup;(-6.6, -0.9, 5.2);(0.0, 0.0, 0.0);(1.0, 1.0, 1.0)
outside;(-5.8, 0.1, -0.1);(0.0, 0.0, 0.0);(2.0, 0.0, 0.5)
CanvasVR;(-8.3, -0.7, 5.0);(0.0, 0.0, 0.0);(0.0, 0.0, 0.0)
Area Light;(-5.1, 1.9, -1.0);(56.3, 0.0, 0.0);(1.0, 1.0, 1.0)
Panel;(-2.2, 1.7, 5.0);(0.0, 0.0, 0.0);(1.0, 1.0, 1.0)
Tisch;(-5.8, 0.1, -0.7);(0.0, 0.0, 0.0);(1.0, 1.0, 1.0)
InputPanel;(606.5, 237.0, 0.0);(0.0, 0.0, 0.0);(1.0, 1.0, 1.0)
CameraVR;(-6.2, -0.1, -0.7);(3.7, 309.8, 10.4);(1.0, 1.0, 1.0)
wall_S;(-5.1, 0.7, -6.7);(90.0, 0.0, 0.0);(8.0, 0.1, 2.8)
Collider;(-5.8, 0.1, -0.7);(0.0, 0.0, 0.0);(1.0, 1.0, 1.0)
GameManager;(-5.8, 0.5, -0.8);(0.0, 0.0, 0.0);(1.0, 1.0, 1.0)
Canvas;(606.5, 237.0, 0.0);(0.0, 0.0, 0.0);(1.0, 1.0, 1.0)
Bein1;(-6.5, -0.3, -0.5);(0.0, 0.0, 0.0);(0.1, 0.8, 0.1)
PPTtoDummy;(-6.2, 0.5, -0.9);(294.7, 96.7, 201.6);(1.0, 1.0, 1.0)
SensorOffset;(0.0, 0.0, 0.0);(0.0, 0.0, 0.0);(1.0, 1.0, 1.0)
--------------------------------------------------------------------------------
Participant:46546
Group:VR
End Time:6/17/2016 4:42:36 PM
--------------------------------------------------------------------------------
Condition:INIT
Start Time:6/17/2016 4:42:36 PM
Trials:2
ResetHitCounter;6/17/2016 4:42:36 PM;100;0
ResetHammer;6/17/2016 4:42:36 PM;(0.0, 0.0, 0.0)
UserEntry;6/17/2016 4:42:43 PM;Space
Hit;6/17/2016 4:42:44 PM;1;(-6.1, 0.1, -0.8);(0.0, 0.0, 0.0);6.193451
HitPoints;6/17/2016 4:42:44 PM;-10;90
Hit;6/17/2016 4:42:46 PM;2;(-6.2, 0.1, -0.8);(0.0, 0.0, 0.0);6.217215
HitPoints;6/17/2016 4:42:46 PM;-10;80
Hit;6/17/2016 4:42:48 PM;3;(-6.2, 0.1, -0.8);(0.0, 0.0, 0.0);6.222977
HitPoints;6/17/2016 4:42:48 PM;-10;70
Hit;6/17/2016 4:42:50 PM;4;(-6.2, 0.1, -0.8);(0.0, 0.0, 0.0);6.232624
HitPoints;6/17/2016 4:42:50 PM;-10;60
Hit;6/17/2016 4:42:54 PM;5;(-6.2, 0.1, -0.8);(0.0, 0.0, 0.0);6.243353
HitPoints;6/17/2016 4:42:54 PM;-10;50
Hit;6/17/2016 4:43:01 PM;6;(-6.2, 0.1, -0.8);(0.0, 0.0, 0.0);6.241666
HitPoints;6/17/2016 4:43:01 PM;-10;40
Hit;6/17/2016 4:43:05 PM;7;(-6.2, 0.1, -0.8);(0.0, 0.0, 0.0);6.245874
HitPoints;6/17/2016 4:43:05 PM;-10;30
