name;position;rotation;scale
PPTtoUnity;(0.0, 0.0, 0.0);(0.0, 0.0, 0.0);(1.0, 1.0, 1.0)
Bein3;(-5.0, -0.2, -0.5);(0.0, 0.0, 0.0);(0.1, 0.8, 0.1)
Directional Light;(0.0, 3.0, 0.0);(50.0, 330.0, 0.0);(1.0, 1.0, 1.0)
Text;(519.0, 251.5, 0.0);(0.0, 0.0, 0.0);(1.0, 1.0, 1.0)
Tischplatte;(-5.8, 0.2, -0.7);(0.0, 0.0, 0.0);(1.6, 0.0, 0.5)
wall_N;(-5.1, 0.7, 5.1);(90.0, 0.0, 0.0);(8.0, 0.1, 2.8)
InputField;(519.0, 252.0, 0.0);(0.0, 0.0, 0.0);(1.0, 1.0, 1.0)
CameraPC;(-5.8, 1.0, -1.5);(37.7, 0.0, 0.0);(1.0, 1.0, 1.0)
outside;(-4.7, 0.2, -0.7);(0.0, 0.0, 0.0);(0.5, 0.0, 2.0)
wall_E;(-1.2, 0.7, -0.8);(0.0, 0.0, 90.0);(2.8, 0.1, 12.0)
Placeholder;(519.0, 251.5, 0.0);(0.0, 0.0, 0.0);(1.0, 1.0, 1.0)
wall_W;(-9.0, 0.7, -0.8);(0.0, 0.0, 90.0);(2.8, 0.1, 12.0)
Bein2;(-6.5, -0.2, -0.9);(0.0, 0.0, 0.0);(0.1, 0.8, 0.1)
Hits;(1028.0, 519.0, 0.0);(0.0, 0.0, 0.0);(1.0, 1.0, 1.0)
Bein4;(-5.0, -0.2, -0.9);(0.0, 0.0, 0.0);(0.1, 0.8, 0.1)
Room;(-5.1, 0.4, -0.8);(0.0, 0.0, 0.0);(1.0, 1.0, 1.0)
Animals;(-5.8, 0.3, -0.7);(0.0, 0.0, 0.0);(1.0, 1.0, 1.0)
Floor;(-5.1, -0.7, -0.8);(0.0, 0.0, 0.0);(8.0, 0.1, 12.0)
top;(-5.1, 2.2, -0.8);(0.0, 0.0, 0.0);(8.0, 0.1, 12.0)
outside;(-5.8, 0.2, -1.3);(0.0, 0.0, 0.0);(2.0, 0.0, 0.5)
EventSystem;(0.0, 0.0, 0.0);(0.0, 0.0, 0.0);(1.0, 1.0, 1.0)
Pivot;(-5.8, 0.4, -1.0);(0.0, 90.0, 90.0);(0.1, 0.1, 0.1)
bounds;(-5.8, 0.4, -0.7);(0.0, 0.0, 0.0);(1.6, 0.4, 0.5)
outside;(-6.9, 0.2, -0.7);(0.0, 0.0, 0.0);(0.5, 0.0, 2.0)
Points;(1028.0, 539.0, 0.0);(0.0, 0.0, 0.0);(1.0, 1.0, 1.0)
ViewManager;(0.0, 0.0, 0.0);(0.0, 0.0, 0.0);(1.0, 1.0, 1.0)
Setup;(-6.6, -0.8, 5.2);(0.0, 0.0, 0.0);(1.0, 1.0, 1.0)
outside;(-5.8, 0.2, -0.1);(0.0, 0.0, 0.0);(2.0, 0.0, 0.5)
Area Light;(-5.1, 1.9, -1.0);(56.3, 0.0, 0.0);(1.0, 1.0, 1.0)
Panel;(968.0, 514.0, 0.0);(0.0, 0.0, 0.0);(1.0, 1.0, 1.0)
Tisch;(-5.8, 0.2, -0.7);(0.0, 0.0, 0.0);(1.0, 1.0, 1.0)
HammerContainerPC;(-7.3, 0.5, -7.1);(0.0, 98.1, 90.0);(1.0, 1.0, 1.0)
InputPanel;(519.0, 252.0, 0.0);(0.0, 0.0, 0.0);(1.0, 1.0, 1.0)
wall_S;(-5.1, 0.7, -6.7);(90.0, 0.0, 0.0);(8.0, 0.1, 2.8)
Collider;(-5.8, 0.2, -0.7);(0.0, 0.0, 0.0);(1.0, 1.0, 1.0)
GameManager;(-5.8, 0.5, -0.8);(0.0, 0.0, 0.0);(1.0, 1.0, 1.0)
Canvas;(519.0, 274.5, 0.0);(0.0, 0.0, 0.0);(1.0, 1.0, 1.0)
Bein1;(-6.5, -0.2, -0.5);(0.0, 0.0, 0.0);(0.1, 0.8, 0.1)
SensorOffset;(0.0, 0.0, 0.0);(0.0, 0.0, 0.0);(1.0, 1.0, 1.0)
--------------------------------------------------------------------------------
Participant:456
Group:PC
End Time:06/14/2016 11:27:39
--------------------------------------------------------------------------------
Condition:INIT
Start Time:06/14/2016 11:27:39
Trials:2
ResetHitCounter;06/14/2016 11:27:39;100;0
ResetHammer;06/14/2016 11:27:39;(-5.8, 0.5, -1.0)
UserEntry;06/14/2016 11:27:39;Space
Hit;06/14/2016 11:27:41;1;(-6.0, 0.3, -0.8)
HitPoints;06/14/2016 11:27:41;-10;90
Hit;06/14/2016 11:27:42;2;(-5.7, 0.3, -0.7)
HitPoints;06/14/2016 11:27:42;-10;80
UserEntry;06/14/2016 11:27:43;Space
End Time:06/14/2016 11:27:43
--------------------------------------------------------------------------------
Condition:TRAINING
Start Time:06/14/2016 11:27:43
Trials:2
ResetHitCounter;06/14/2016 11:27:43;100;0
ResetHammer;06/14/2016 11:27:43;(-5.8, 0.5, -1.0)
BoxActivate;06/14/2016 11:27:43;0
UserEntry;06/14/2016 11:27:44;Space
Hit;06/14/2016 11:27:45;1;(-5.9, 0.3, -0.8);(-5.8, 0.3, -0.7);0.1290769
HitPoints;06/14/2016 11:27:45;-10;90
Hit;06/14/2016 11:27:47;2;(-5.8, 0.3, -0.8);(-5.6, 0.3, -0.8);0.2490891
HitPoints;06/14/2016 11:27:47;-10;80
Hit;06/14/2016 11:27:49;3;(-5.7, 0.3, -0.9);(-5.4, 0.3, -0.8);0.2871489
HitPoints;06/14/2016 11:27:49;-10;70
Hit;06/14/2016 11:27:51;4;(-5.3, 0.3, -0.9);(-5.2, 0.3, -0.7);0.1966037
HitPoints;06/14/2016 11:27:51;-10;60
Hit;06/14/2016 11:27:55;5;(-5.6, 0.3, -0.8);(-5.1, 0.3, -0.7);0.531541
HitPoints;06/14/2016 11:27:55;-10;50
GoalPoints;06/14/2016 11:27:55;30;80
EnteredGoal;06/14/2016 11:27:55
UserEntry;06/14/2016 11:27:58;Space
End Time:06/14/2016 11:27:58
--------------------------------------------------------------------------------
Condition:CONDITION_INSECT
Start Time:06/14/2016 11:27:58
Trials:2
ResetHitCounter;06/14/2016 11:27:58;100;0
ResetHammer;06/14/2016 11:27:58;(-5.8, 0.5, -1.0)
BoxActivate;06/14/2016 11:27:58;0
UserEntry;06/14/2016 11:27:59;Space
Hit;06/14/2016 11:28:01;1;(-5.9, 0.3, -0.7);(-5.8, 0.3, -0.7);0.1806812
HitPoints;06/14/2016 11:28:01;-10;90
Hit;06/14/2016 11:28:03;2;(-5.6, 0.3, -0.8);(-5.7, 0.3, -0.7);0.1116137
HitPoints;06/14/2016 11:28:03;-10;80
Hit;06/14/2016 11:28:04;3;(-5.7, 0.3, -0.8);(-5.7, 0.3, -0.7);0.1134011
HitPoints;06/14/2016 11:28:04;-10;70
Hit;06/14/2016 11:28:05;4;(-5.8, 0.3, -0.7);(-5.7, 0.3, -0.6);0.1030265
HitPoints;06/14/2016 11:28:05;-10;60
Hit;06/14/2016 11:28:06;5;(-5.8, 0.3, -0.7);(-5.7, 0.3, -0.5);0.193312
HitPoints;06/14/2016 11:28:06;-10;50
OffTable;06/14/2016 11:28:06;(-5.7, 0.2, -0.4)
EnteredGoal;06/14/2016 11:28:06
UserEntry;06/14/2016 11:28:08;Space
----------------------------------------
Trial:2
Start Time:06/14/2016 11:28:08
ResetHitCounter;06/14/2016 11:28:08;100;0
ResetHammer;06/14/2016 11:28:08;(-5.8, 0.5, -1.0)
BoxActivate;06/14/2016 11:28:08;1
UserEntry;06/14/2016 11:28:08;Space
Hit;06/14/2016 11:28:08;1;(-5.8, 0.3, -0.7);(-5.8, 0.3, -0.7);0.04889653
HitPoints;06/14/2016 11:28:08;-10;90
DestroyAnimal;06/14/2016 11:28:10;spider(Clone)
HitPoints;06/14/2016 11:28:10;-30;60
EnteredGoal;06/14/2016 11:28:10
Hit;06/14/2016 11:28:11;2;(-5.8, 0.3, -0.8)
UserEntry;06/14/2016 11:28:12;Space
End Time:06/14/2016 11:28:12
--------------------------------------------------------------------------------
Condition:CONDITION_INSECT_DEATH
Start Time:06/14/2016 11:28:12
Trials:2
ResetHitCounter;06/14/2016 11:28:12;100;0
ResetHammer;06/14/2016 11:28:12;(-5.8, 0.5, -1.0)
BoxActivate;06/14/2016 11:28:12;1
UserEntry;06/14/2016 11:28:13;Space
Hit;06/14/2016 11:28:14;1;(-5.7, 0.3, -0.8);(-5.8, 0.3, -0.7);0.1131586
HitPoints;06/14/2016 11:28:14;-10;90
Hit;06/14/2016 11:28:16;2;(-5.6, 0.3, -0.7);(-5.9, 0.3, -0.7);0.2739041
HitPoints;06/14/2016 11:28:16;-10;80
KillAnimal;06/14/2016 11:28:17;spider(Clone)
HitPoints;06/14/2016 11:28:17;-30;50
EnteredGoal;06/14/2016 11:28:17
Hit;06/14/2016 11:28:18;3;(-6.0, 0.3, -0.7);(-5.9, 0.3, -0.7);0.03495656
UserEntry;06/14/2016 11:28:20;Space
----------------------------------------
Trial:2
Start Time:06/14/2016 11:28:20
ResetHitCounter;06/14/2016 11:28:20;100;0
ResetHammer;06/14/2016 11:28:20;(-5.8, 0.5, -1.0)
BoxActivate;06/14/2016 11:28:20;1
UserEntry;06/14/2016 11:28:20;Space
Hit;06/14/2016 11:28:22;1;(-5.8, 0.3, -0.8);(-5.8, 0.3, -0.7);0.1106969
HitPoints;06/14/2016 11:28:22;-10;90
Hit;06/14/2016 11:28:23;2;(-5.6, 0.3, -0.7);(-5.9, 0.3, -0.7);0.275793
HitPoints;06/14/2016 11:28:23;-10;80
KillAnimal;06/14/2016 11:28:25;spider(Clone)
HitPoints;06/14/2016 11:28:25;-30;50
EnteredGoal;06/14/2016 11:28:25
Hit;06/14/2016 11:28:25;3;(-5.7, 0.3, -0.7);(-5.9, 0.3, -0.7);0.2125537
UserEntry;06/14/2016 11:28:27;Space
End Time:06/14/2016 11:28:27
--------------------------------------------------------------------------------
Condition:CONDITION_INSECT_KILL
Start Time:06/14/2016 11:28:27
Trials:2
ResetHitCounter;06/14/2016 11:28:27;100;0
ResetHammer;06/14/2016 11:28:27;(-5.8, 0.5, -1.0)
UserEntry;06/14/2016 11:28:28;Space
KillAnimal;06/14/2016 11:28:29;spider(Clone)
GoalPoints;06/14/2016 11:28:29;50;150
EnteredGoal;06/14/2016 11:28:29
Hit;06/14/2016 11:28:29;1;(-5.8, 0.3, -0.8);(-5.8, 0.3, -0.7);0.1330074
UserEntry;06/14/2016 11:28:32;Space
----------------------------------------
Trial:2
Start Time:06/14/2016 11:28:32
ResetHitCounter;06/14/2016 11:28:32;100;0
ResetHammer;06/14/2016 11:28:32;(-5.8, 0.5, -1.0)
UserEntry;06/14/2016 11:28:32;Space
Hit;06/14/2016 11:28:34;1;(-5.9, 0.3, -0.7);(-5.8, 0.3, -0.7);0.1047264
HitPoints;06/14/2016 11:28:34;-10;90
KillAnimal;06/14/2016 11:28:35;spider(Clone)
GoalPoints;06/14/2016 11:28:35;50;140
EnteredGoal;06/14/2016 11:28:35
Hit;06/14/2016 11:28:35;2;(-5.6, 0.3, -0.7);(-5.7, 0.3, -0.7);0.05618191
UserEntry;06/14/2016 11:28:38;Space
End Time:06/14/2016 11:28:38
--------------------------------------------------------------------------------
Condition:CONDITION_REPTILE
Start Time:06/14/2016 11:28:38
Trials:2
ResetHitCounter;06/14/2016 11:28:38;100;0
ResetHammer;06/14/2016 11:28:38;(-5.8, 0.5, -1.0)
BoxActivate;06/14/2016 11:28:38;1
UserEntry;06/14/2016 11:28:38;Space
Hit;06/14/2016 11:28:40;1;(-5.6, 0.3, -0.8);(-5.8, 0.3, -0.7);0.1459073
HitPoints;06/14/2016 11:28:40;-10;90
Hit;06/14/2016 11:28:42;2;(-5.6, 0.3, -0.7);(-5.9, 0.3, -0.7);0.3162091
HitPoints;06/14/2016 11:28:42;-10;80
Hit;06/14/2016 11:28:43;3;(-5.6, 0.3, -0.6);(-6.0, 0.3, -0.7);0.4767284
HitPoints;06/14/2016 11:28:43;-10;70
Hit;06/14/2016 11:28:45;4;(-5.6, 0.3, -0.7);(-6.2, 0.3, -0.7);0.5817388
HitPoints;06/14/2016 11:28:45;-10;60
Hit;06/14/2016 11:28:47;5;(-5.7, 0.3, -0.8);(-6.3, 0.3, -0.7);0.6627961
HitPoints;06/14/2016 11:28:47;-10;50
GoalPoints;06/14/2016 11:28:48;30;80
EnteredGoal;06/14/2016 11:28:48
UserEntry;06/14/2016 11:28:49;Space
----------------------------------------
Trial:2
Start Time:06/14/2016 11:28:49
ResetHitCounter;06/14/2016 11:28:49;100;0
ResetHammer;06/14/2016 11:28:49;(-5.8, 0.5, -1.0)
BoxActivate;06/14/2016 11:28:49;1
UserEntry;06/14/2016 11:28:49;Space
DestroyAnimal;06/14/2016 11:28:52;GeckoModel(Clone)
HitPoints;06/14/2016 11:28:52;-30;70
EnteredGoal;06/14/2016 11:28:52
Hit;06/14/2016 11:28:52;1;(-5.7, 0.3, -0.7)
UserEntry;06/14/2016 11:28:54;Space
End Time:06/14/2016 11:28:54
--------------------------------------------------------------------------------
Condition:CONDITION_REPTILE_DEATH
Start Time:06/14/2016 11:28:54
Trials:2
ResetHitCounter;06/14/2016 11:28:54;100;0
ResetHammer;06/14/2016 11:28:54;(-5.8, 0.5, -1.0)
BoxActivate;06/14/2016 11:28:54;0
UserEntry;06/14/2016 11:28:55;Space
Hit;06/14/2016 11:28:56;1;(-5.9, 0.3, -0.8);(-5.8, 0.3, -0.7);0.1510609
HitPoints;06/14/2016 11:28:56;-10;90
KillAnimal;06/14/2016 11:28:56;GeckoModel(Clone)
HitPoints;06/14/2016 11:28:56;-30;60
EnteredGoal;06/14/2016 11:28:56
UserEntry;06/14/2016 11:28:59;Space
----------------------------------------
Trial:2
Start Time:06/14/2016 11:28:59
ResetHitCounter;06/14/2016 11:28:59;100;0
ResetHammer;06/14/2016 11:28:59;(-5.8, 0.5, -1.0)
BoxActivate;06/14/2016 11:28:59;1
UserEntry;06/14/2016 11:28:59;Space
Hit;06/14/2016 11:29:00;1;(-5.6, 0.3, -0.8);(-5.8, 0.3, -0.7);0.2060582
HitPoints;06/14/2016 11:29:00;-10;90
KillAnimal;06/14/2016 11:29:00;GeckoModel(Clone)
HitPoints;06/14/2016 11:29:00;-30;60
EnteredGoal;06/14/2016 11:29:00
UserEntry;06/14/2016 11:29:03;Space
End Time:06/14/2016 11:29:03
--------------------------------------------------------------------------------
Condition:CONDITION_REPTILE_KILL
Start Time:06/14/2016 11:29:03
Trials:2
ResetHitCounter;06/14/2016 11:29:03;100;0
ResetHammer;06/14/2016 11:29:03;(-5.8, 0.5, -1.0)
UserEntry;06/14/2016 11:29:03;Space
Hit;06/14/2016 11:29:05;1;(-5.6, 0.3, -0.8);(-5.8, 0.3, -0.7);0.1462597
HitPoints;06/14/2016 11:29:05;-10;90
KillAnimal;06/14/2016 11:29:05;GeckoModel(Clone)
GoalPoints;06/14/2016 11:29:05;50;140
EnteredGoal;06/14/2016 11:29:05
UserEntry;06/14/2016 11:29:08;Space
----------------------------------------
Trial:2
Start Time:06/14/2016 11:29:08
ResetHitCounter;06/14/2016 11:29:08;100;0
ResetHammer;06/14/2016 11:29:08;(-5.8, 0.5, -1.0)
UserEntry;06/14/2016 11:29:08;Space
Hit;06/14/2016 11:29:10;1;(-6.0, 0.3, -0.8);(-5.8, 0.3, -0.7);0.2390386
HitPoints;06/14/2016 11:29:10;-10;90
KillAnimal;06/14/2016 11:29:12;GeckoModel(Clone)
GoalPoints;06/14/2016 11:29:12;50;140
EnteredGoal;06/14/2016 11:29:12
Hit;06/14/2016 11:29:12;2;(-5.9, 0.3, -0.7);(-5.6, 0.3, -0.7);0.3185393
UserEntry;06/14/2016 11:29:14;Space
End Time:06/14/2016 11:29:14
--------------------------------------------------------------------------------
Condition:CONDITION_MAMMAL
Start Time:06/14/2016 11:29:14
Trials:2
ResetHitCounter;06/14/2016 11:29:14;100;0
ResetHammer;06/14/2016 11:29:14;(-5.8, 0.5, -1.0)
BoxActivate;06/14/2016 11:29:14;1
UserEntry;06/14/2016 11:29:14;Space
Hit;06/14/2016 11:29:16;1;(-5.6, 0.3, -0.8);(-5.8, 0.3, -0.7);0.1601627
HitPoints;06/14/2016 11:29:16;-10;90
DestroyAnimal;06/14/2016 11:29:18;KittenNPC(Clone)
HitPoints;06/14/2016 11:29:18;-30;60
EnteredGoal;06/14/2016 11:29:18
Hit;06/14/2016 11:29:18;2;(-6.1, 0.3, -0.7)
UserEntry;06/14/2016 11:29:20;Space
----------------------------------------
Trial:2
Start Time:06/14/2016 11:29:20
ResetHitCounter;06/14/2016 11:29:20;100;0
ResetHammer;06/14/2016 11:29:20;(-5.8, 0.5, -1.0)
BoxActivate;06/14/2016 11:29:20;0
UserEntry;06/14/2016 11:29:21;Space
Hit;06/14/2016 11:29:22;1;(-5.9, 0.3, -0.8);(-5.8, 0.3, -0.7);0.1769734
HitPoints;06/14/2016 11:29:22;-10;90
Hit;06/14/2016 11:29:24;2;(-5.6, 0.3, -0.7);(-5.6, 0.3, -0.8);0.1088922
HitPoints;06/14/2016 11:29:24;-10;80
Hit;06/14/2016 11:29:27;3;(-5.7, 0.3, -0.8);(-5.7, 0.3, -0.9);0.1104197
HitPoints;06/14/2016 11:29:27;-10;70
OffTable;06/14/2016 11:29:27;(-5.6, 0.3, -1.0)
EnteredGoal;06/14/2016 11:29:27
UserEntry;06/14/2016 11:29:29;Space
End Time:06/14/2016 11:29:29
--------------------------------------------------------------------------------
Condition:CONDITION_MAMMAL_DEATH
Start Time:06/14/2016 11:29:29
Trials:2
ResetHitCounter;06/14/2016 11:29:29;100;0
ResetHammer;06/14/2016 11:29:29;(-5.8, 0.5, -1.0)
BoxActivate;06/14/2016 11:29:29;1
UserEntry;06/14/2016 11:29:29;Space
Hit;06/14/2016 11:29:31;1;(-5.6, 0.3, -0.8);(-5.8, 0.3, -0.7);0.1689581
HitPoints;06/14/2016 11:29:31;-10;90
Hit;06/14/2016 11:29:32;2;(-5.5, 0.3, -0.6);(-5.9, 0.3, -0.8);0.3779165
HitPoints;06/14/2016 11:29:32;-10;80
Hit;06/14/2016 11:29:34;3;(-5.7, 0.3, -0.8);(-6.0, 0.3, -0.8);0.3292314
HitPoints;06/14/2016 11:29:34;-10;70
Hit;06/14/2016 11:29:35;4;(-5.7, 0.3, -0.8);(-6.2, 0.3, -0.8);0.4724269
HitPoints;06/14/2016 11:29:35;-10;60
Hit;06/14/2016 11:29:37;5;(-5.9, 0.3, -0.8);(-6.3, 0.3, -0.7);0.4291474
HitPoints;06/14/2016 11:29:37;-10;50
GoalPoints;06/14/2016 11:29:38;30;80
EnteredGoal;06/14/2016 11:29:38
UserEntry;06/14/2016 11:29:38;Space
----------------------------------------
Trial:2
Start Time:06/14/2016 11:29:38
ResetHitCounter;06/14/2016 11:29:38;100;0
ResetHammer;06/14/2016 11:29:38;(-5.8, 0.5, -1.0)
BoxActivate;06/14/2016 11:29:38;1
UserEntry;06/14/2016 11:29:38;Space
Hit;06/14/2016 11:29:40;1;(-5.9, 0.3, -0.7);(-5.8, 0.3, -0.7);0.1262984
HitPoints;06/14/2016 11:29:40;-10;90
Hit;06/14/2016 11:29:42;2;(-6.0, 0.3, -0.6);(-5.6, 0.3, -0.8);0.3595726
HitPoints;06/14/2016 11:29:42;-10;80
KillAnimal;06/14/2016 11:29:43;KittenNPC(Clone)
HitPoints;06/14/2016 11:29:43;-30;50
EnteredGoal;06/14/2016 11:29:43
Hit;06/14/2016 11:29:43;3;(-5.5, 0.3, -0.6);(-5.5, 0.2, -0.8);0.1737063
UserEntry;06/14/2016 11:29:45;Space
End Time:06/14/2016 11:29:45
--------------------------------------------------------------------------------
Condition:CONDITION_MAMMAL_KILL
Start Time:06/14/2016 11:29:45
Trials:2
ResetHitCounter;06/14/2016 11:29:45;100;0
ResetHammer;06/14/2016 11:29:45;(-5.8, 0.5, -1.0)
UserEntry;06/14/2016 11:29:46;Space
KillAnimal;06/14/2016 11:29:47;KittenNPC(Clone)
GoalPoints;06/14/2016 11:29:47;50;150
EnteredGoal;06/14/2016 11:29:47
Hit;06/14/2016 11:29:47;1;(-5.7, 0.3, -0.7);(-5.8, 0.2, -0.7);0.06786619
UserEntry;06/14/2016 11:29:49;Space
----------------------------------------
Trial:2
Start Time:06/14/2016 11:29:49
ResetHitCounter;06/14/2016 11:29:49;100;0
ResetHammer;06/14/2016 11:29:49;(-5.8, 0.5, -1.0)
UserEntry;06/14/2016 11:29:50;Space
Hit;06/14/2016 11:29:52;1;(-5.5, 0.3, -0.8);(-5.8, 0.3, -0.7);0.2551066
HitPoints;06/14/2016 11:29:52;-10;90
KillAnimal;06/14/2016 11:29:54;KittenNPC(Clone)
GoalPoints;06/14/2016 11:29:54;50;140
EnteredGoal;06/14/2016 11:29:54
Hit;06/14/2016 11:29:54;2;(-5.9, 0.3, -0.7);(-5.9, 0.2, -0.7);0.013841
UserEntry;06/14/2016 11:29:59;Space
DestroyAnimal;06/14/2016 11:29:59;KittenNPC(Clone)
UserEntry;06/14/2016 11:30:01;Space
