Participant:222
Mode:PC
----------------------------------------
Trial:1
Start Time:06/07/2016 13:41:18
name;position;rotation;scale
Collider;(-5.8, 0.2, -0.7);(0.0, 0.0, 0.0);(1.0, 1.0, 1.0)
outside;(-6.9, 0.2, -0.7);(0.0, 0.0, 0.0);(0.5, 0.0, 2.0)
outside;(-4.7, 0.2, -0.7);(0.0, 0.0, 0.0);(0.5, 0.0, 2.0)
outside;(-5.8, 0.2, -1.3);(0.0, 0.0, 0.0);(2.0, 0.0, 0.5)
outside;(-5.8, 0.2, -0.1);(0.0, 0.0, 0.0);(2.0, 0.0, 0.5)
PPTtoUnity;(0.0, 0.0, 0.0);(0.0, 0.0, 0.0);(1.0, 1.0, 1.0)
Bein3;(-5.0, -0.2, -0.5);(0.0, 0.0, 0.0);(0.1, 0.8, 0.1)
Directional Light;(0.0, 3.0, 0.0);(50.0, 330.0, 0.0);(1.0, 1.0, 1.0)
Text;(414.0, 251.5, 0.0);(0.0, 0.0, 0.0);(1.0, 1.0, 1.0)
Tischplatte;(-5.8, 0.2, -0.7);(0.0, 0.0, 0.0);(1.6, 0.0, 0.5)
wall_N;(-5.1, 0.7, 5.1);(90.0, 0.0, 0.0);(8.0, 0.1, 2.8)
InputField;(414.0, 252.0, 0.0);(0.0, 0.0, 0.0);(1.0, 1.0, 1.0)
CameraPC;(-5.8, 1.0, -1.5);(37.7, 0.0, 0.0);(1.0, 1.0, 1.0)
wall_E;(-1.2, 0.7, -0.8);(0.0, 0.0, 90.0);(2.8, 0.1, 12.0)
Placeholder;(414.0, 251.5, 0.0);(0.0, 0.0, 0.0);(1.0, 1.0, 1.0)
wall_W;(-9.0, 0.7, -0.8);(0.0, 0.0, 90.0);(2.8, 0.1, 12.0)
Bein2;(-6.5, -0.2, -0.9);(0.0, 0.0, 0.0);(0.1, 0.8, 0.1)
Hits;(818.0, 447.0, 0.0);(0.0, 0.0, 0.0);(1.0, 1.0, 1.0)
Bein4;(-5.0, -0.2, -0.9);(0.0, 0.0, 0.0);(0.1, 0.8, 0.1)
Room;(-5.1, 0.4, -0.8);(0.0, 0.0, 0.0);(1.0, 1.0, 1.0)
Animals;(-5.8, 0.3, -0.7);(0.0, 0.0, 0.0);(1.0, 1.0, 1.0)
Floor;(-5.1, -0.7, -0.8);(0.0, 0.0, 0.0);(8.0, 0.1, 12.0)
top;(-5.1, 2.2, -0.8);(0.0, 0.0, 0.0);(8.0, 0.1, 12.0)
EventSystem;(0.0, 0.0, 0.0);(0.0, 0.0, 0.0);(1.0, 1.0, 1.0)
Pivot;(-5.8, 0.4, -1.0);(0.0, 90.0, 90.0);(0.1, 0.1, 0.1)
bounds;(-5.8, 0.4, -0.7);(0.0, 0.0, 0.0);(1.6, 0.4, 0.5)
Points;(818.0, 467.0, 0.0);(0.0, 0.0, 0.0);(1.0, 1.0, 1.0)
ViewManager;(0.0, 0.0, 0.0);(0.0, 0.0, 0.0);(1.0, 1.0, 1.0)
Setup;(-6.6, -0.8, 5.2);(0.0, 0.0, 0.0);(1.0, 1.0, 1.0)
Area Light;(-5.1, 1.9, -1.0);(56.3, 0.0, 0.0);(1.0, 1.0, 1.0)
Panel;(758.0, 442.0, 0.0);(0.0, 0.0, 0.0);(1.0, 1.0, 1.0)
Tisch;(-5.8, 0.2, -0.7);(0.0, 0.0, 0.0);(1.0, 1.0, 1.0)
HammerContainerPC;(-5.8, 0.5, -1.0);(0.0, 90.0, 90.0);(1.0, 1.0, 1.0)
InputPanel;(414.0, 252.0, 0.0);(0.0, 0.0, 0.0);(1.0, 1.0, 1.0)
wall_S;(-5.1, 0.7, -6.7);(90.0, 0.0, 0.0);(8.0, 0.1, 2.8)
GameManager;(-5.8, 0.5, -0.8);(0.0, 0.0, 0.0);(1.0, 1.0, 1.0)
Canvas;(414.0, 238.5, 0.0);(0.0, 0.0, 0.0);(1.0, 1.0, 1.0)
Bein1;(-6.5, -0.2, -0.5);(0.0, 0.0, 0.0);(0.1, 0.8, 0.1)
SensorOffset;(0.0, 0.0, 0.0);(0.0, 0.0, 0.0);(1.0, 1.0, 1.0)
End Time:06/07/2016 13:41:20
--------------------------------------------------------------------------------
Condition:INIT
Start Time:06/07/2016 13:41:20
Trials:1
ResetHitCounter;06/07/2016 13:41:20;100;0
ResetHammer;06/07/2016 13:41:20;(-5.8, 0.5, -1.0)
