name;position;rotation;scale
UIElements;(282.5, 134.0, 0.0);(0.0, 0.0, 0.0);(1.0, 1.0, 1.0)
CanvasVR;(-329.1, 0.7, 5.1);(0.0, 0.0, 0.0);(0.1, 0.4, 10.0)
VRPN;(5.8, 0.9, 0.6);(280.0, 0.0, 0.0);(1.0, 1.0, 1.0)
HammerContainerVR;(0.0, 0.0, 0.0);(280.0, 0.0, 0.0);(1.0, 1.0, 1.0)
Text;(606.5, 251.5, 0.0);(0.0, 0.0, 0.0);(1.0, 1.0, 1.0)
wall_N;(-5.1, 0.7, 5.1);(90.0, 0.0, 0.0);(8.0, 0.1, 2.8)
InputField;(606.5, 252.0, 0.0);(0.0, 0.0, 0.0);(1.0, 1.0, 1.0)
wall_E;(-1.2, 0.7, -0.8);(0.0, 0.0, 90.0);(2.8, 0.1, 12.0)
Placeholder;(606.5, 251.5, 0.0);(0.0, 0.0, 0.0);(1.0, 1.0, 1.0)
wall_W;(-9.0, 0.7, -0.8);(0.0, 0.0, 90.0);(2.8, 0.1, 12.0)
Hits;(879.0, 238.0, 0.0);(0.0, 0.0, 0.0);(1.0, 1.0, 1.0)
Room;(-5.1, 0.4, -0.8);(0.0, 0.0, 0.0);(1.0, 1.0, 1.0)
Floor;(-5.1, -0.7, -0.8);(0.0, 0.0, 0.0);(8.0, 0.1, 12.0)
Points;(879.0, 258.0, 0.0);(0.0, 0.0, 0.0);(1.0, 1.0, 1.0)
ViewManager;(0.0, 0.0, 0.0);(0.0, 0.0, 0.0);(1.0, 1.0, 1.0)
Area Light;(-5.1, 1.9, -1.0);(56.3, 0.0, 0.0);(1.0, 1.0, 1.0)
Panel;(819.0, 233.0, 0.0);(0.0, 0.0, 0.0);(1.0, 1.0, 1.0)
InputPanel;(606.5, 252.0, 0.0);(0.0, 0.0, 0.0);(1.0, 1.0, 1.0)
wall_S;(-5.1, 0.7, -6.7);(90.0, 0.0, 0.0);(8.0, 0.1, 2.8)
Canvas;(606.5, 225.5, 0.0);(0.0, 0.0, 0.0);(1.0, 1.0, 1.0)
PPTtoDummy;(0.0, 0.0, 0.0);(0.0, 0.0, 0.0);(1.0, 1.0, 1.0)
--------------------------------------------------------------------------------
Participant:
Group:VR
End Time:6/17/2016 11:51:18 AM
--------------------------------------------------------------------------------
Condition:INIT
Start Time:6/17/2016 11:51:18 AM
Trials:2
