Participant:steffen
Mode:PC
----------------------------------------
Trial:1
Start Time:06/07/2016 12:35:24
End Time:06/07/2016 12:35:28
--------------------------------------------------------------------------------
Condition:INIT
Start Time:06/07/2016 12:35:28
Trials:1
ResetHitCounter;06/07/2016 12:35:28;100;0
ResetHammer;06/07/2016 12:35:28;(-5.8, 0.5, -1.0)
UserEntry;06/07/2016 12:35:29;Space
UserEntry;06/07/2016 12:35:31;Space
End Time:06/07/2016 12:35:31
--------------------------------------------------------------------------------
Condition:TRAINING
Start Time:06/07/2016 12:35:31
Trials:1
ResetHitCounter;06/07/2016 12:35:31;100;0
ResetHammer;06/07/2016 12:35:31;(-5.8, 0.5, -1.0)
BoxActivate;06/07/2016 12:35:31;0
UserEntry;06/07/2016 12:35:32;Space
Hit;06/07/2016 12:35:34;1;(-5.8, 0.3, -0.7);(-5.8, 0.3, -0.7);0.07759306
HitPoints;06/07/2016 12:35:34;-10;90
Hit;06/07/2016 12:35:36;2;(-5.7, 0.3, -0.7);(-5.6, 0.3, -0.8);0.1954875
HitPoints;06/07/2016 12:35:36;-10;80
Hit;06/07/2016 12:35:38;3;(-5.6, 0.3, -0.9);(-5.4, 0.3, -0.7);0.2673255
HitPoints;06/07/2016 12:35:38;-10;70
Hit;06/07/2016 12:35:40;4;(-5.6, 0.3, -0.6);(-5.2, 0.3, -0.7);0.3266001
HitPoints;06/07/2016 12:35:40;-10;60
EnteredGoal;06/07/2016 12:35:41
GoalPoints;06/07/2016 12:35:41;30;90
UserEntry;06/07/2016 12:35:45;Space
End Time:06/07/2016 12:35:45
--------------------------------------------------------------------------------
Condition:CONDITION_INSECT
Start Time:06/07/2016 12:35:45
Trials:1
